[10-12-2018 15:29:40]: Matstruck - Kabo - Mafia
[10-12-2018 16:05:01]: Museumraub - laNo- - Mafia
[10-12-2018 17:34:57]: Matstruck - Kabo - Mafia
[10-12-2018 18:39:06]: Museumraub - Slowman - Ballas
[11-12-2018 18:11:43]: Museumraub - Slowman - Ballas
[11-12-2018 18:31:32]: Matstruck - Slowman - Ballas
[11-12-2018 20:00:54]: Matstruck - Slowman - Ballas
[11-12-2018 20:22:44]: Museumraub - Slowman - Ballas
[11-12-2018 21:05:07]: Matstruck - Slowman - Ballas
[11-12-2018 22:34:26]: Museumraub - Slowman - Ballas
[11-12-2018 22:48:11]: Matstruck - Slowman - Ballas
[12-12-2018 13:29:04]: Präsi-Konvoi - U.S Army
[12-12-2018 13:40:17]: Atomtruck - LargePeach - U.S Army
[12-12-2018 13:52:24]: Geldtruck - LargePeach - U.S Army
[12-12-2018 14:08:09]: Matstruck - Blu3Xo - Mafia
[12-12-2018 14:29:33]: Museumraub - zeref - Angels Of Death
[12-12-2018 14:50:10]: Drogentruck - Kabo - Mafia
[12-12-2018 14:50:46]: KoksTruck - Blu3Xo - Mafia
[12-12-2018 18:05:35]: Museumraub - Slowman - Ballas
[12-12-2018 18:28:59]: Carrob - Exo_Ghost - Angels Of Death
[12-12-2018 19:31:59]: Matstruck - Slowman - Ballas
[13-12-2018 14:54:46]: Carrob - Blu3Xo - Mafia
[13-12-2018 18:43:11]: KoksTruck - Fore - Mafia
[13-12-2018 19:08:27]: Carrob - RudeL - Grove Street
[13-12-2018 20:41:47]: Carrob - RudeL - Grove Street
[13-12-2018 21:38:46]: Geldtruck - Nordmann - S.F.P.D.
[13-12-2018 21:46:43]: Präsi-Konvoi - S.F.P.D.
[13-12-2018 22:38:17]: Carrob - xHiraShisuix - Mafia
[13-12-2018 22:53:24]: Geldtruck - Kabo - S.F.P.D.
[14-12-2018 15:43:08]: Carrob - RudeL - Grove Street
[14-12-2018 17:44:38]: Geldtruck - Nordmann - S.F.P.D.
[14-12-2018 17:52:49]: Präsi-Konvoi - U.S Army
[14-12-2018 18:01:24]: Atomtruck - Nordmann - S.F.P.D.
[14-12-2018 18:53:17]: Carrob - RudeL - Grove Street
[14-12-2018 23:17:33]: Carrob - laNo- - Los Aztecas
[15-12-2018 02:07:43]: Drogentruck - Exo_Ghost - Ballas
[15-12-2018 04:25:58]: Matstruck - Solid_Snake - Los Aztecas
[15-12-2018 04:54:08]: Carrob - Solid_Snake - Los Aztecas
[15-12-2018 04:58:07]: Carrob - Solid_Snake - Los Aztecas
[15-12-2018 12:04:29]: Carrob - RudeL - Grove Street
[15-12-2018 14:45:56]: Carrob - zeref - Italian Mafia
[15-12-2018 15:31:23]: Matstruck - Solid_Snake - Triaden
[15-12-2018 17:52:10]: Geldtruck - Pr1nceXo - S.F.P.D.
[15-12-2018 17:59:58]: Präsi-Konvoi - S.F.P.D.
[15-12-2018 21:07:12]: Carrob - RudeL - Grove Street
[15-12-2018 21:24:01]: Matstruck - RudeL - Grove Street
[15-12-2018 22:48:39]: Matstruck - Blu3Xo - Triaden
[15-12-2018 23:23:18]: Carrob - RudeL - Mafia
[16-12-2018 10:04:15]: Carrob - RudeL - Mafia
[16-12-2018 12:00:06]: Geldtruck - Solid_Snake - S.F.P.D.
[16-12-2018 12:08:36]: Matstruck - Kabo - Los Aztecas
[16-12-2018 12:20:15]: Carrob - Kabo - Los Aztecas
[16-12-2018 12:31:06]: Matstruck - EdMean - Mafia
[16-12-2018 14:35:04]: Matstruck - RudeL - Mafia
[16-12-2018 14:43:44]: Carrob - RudeL - Mafia
[16-12-2018 16:59:24]: Matstruck - Blu3Xo - Los Aztecas
[16-12-2018 19:19:29]: Matstruck - Undergrinder - Los Aztecas
[16-12-2018 19:26:52]: Carrob - RudeL - Mafia
[16-12-2018 21:20:37]: Carrob - Undergrinder - Los Aztecas
[17-12-2018 16:45:38]: Carrob - Undergrinder - Los Aztecas
[18-12-2018 16:31:03]: Carrob - Undergrinder - Los Aztecas
[20-12-2018 14:33:29]: Bankraub - Jakob_Platz - Ballas
[20-12-2018 19:30:10]: Bankraub - Undergrinder - Los Aztecas
[20-12-2018 21:40:38]: Bankraub - Pinyin - Triaden
[20-12-2018 21:50:12]: Matstruck - Pinyin - Triaden
[20-12-2018 21:51:52]: KoksTruck - Undergrinder - Los Aztecas
[20-12-2018 22:11:04]: Carrob - Pinyin - Triaden
[25-02-2019 20:40:03]: Matstruck - vinzblack - Aryan Brotherhood
[26-02-2019 20:20:15]: Matstruck - vinzblack - Aryan Brotherhood
[26-02-2019 20:54:29]: Bankraub - LastAttacker71 - Ballas
[26-02-2019 22:14:21]: Matstruck - vinzblack - Aryan Brotherhood
[26-02-2019 23:01:20]: Bankraub - ButterBrot - Ballas
[27-02-2019 00:16:04]: Matstruck - vinzblack - Aryan Brotherhood
[27-02-2019 01:01:21]: KoksTruck - vinzblack - Aryan Brotherhood
[27-02-2019 11:54:23]: Matstruck - rvty - Triaden
[27-02-2019 12:03:45]: Bankraub - rvty - Triaden
[27-02-2019 13:47:02]: Matstruck - Sammy - Triaden
[27-02-2019 14:05:26]: Bankraub - Keno - Triaden
[27-02-2019 15:05:38]: Matstruck - luca - Triaden
[27-02-2019 17:12:53]: Bankraub - Redbull_Klauer_Rewe - Angels Of Death
[27-02-2019 17:48:13]: Matstruck - Sammy - Triaden
[27-02-2019 18:20:22]: Carrob - Redbull_Klauer_Rewe - Angels Of Death
[27-02-2019 18:53:05]: Matstruck - Redbull_Klauer_Rewe - Angels Of Death
[27-02-2019 20:24:20]: Matstruck - vinzblack - Aryan Brotherhood
[27-02-2019 21:33:22]: Bankraub - Keno - Triaden
[27-02-2019 21:42:13]: Matstruck - NyquFX - Triaden
[27-02-2019 22:29:37]: KoksTruck - vinzblack - Aryan Brotherhood
[27-02-2019 23:34:52]: Bankraub - Keno - Triaden
[28-02-2019 00:34:44]: Matstruck - ButterBrot - Ballas
[28-02-2019 02:40:16]: Drogentruck - Solid_Snake - Grove Street
[28-02-2019 10:58:22]: Bankraub - Keno - Triaden
[28-02-2019 11:07:05]: Matstruck - Keno - Triaden
[28-02-2019 12:02:42]: Geldtruck - EzWiN - F.B.I.
[28-02-2019 12:18:60]: KoksTruck - Keno - Triaden
[28-02-2019 12:25:21]: Atomtruck - EzWiN - F.B.I.
[28-02-2019 13:07:05]: Matstruck - vinzblack - Aryan Brotherhood
[28-02-2019 13:28:53]: Bankraub - Keno - Triaden
[28-02-2019 13:29:52]: KoksTruck - vinzblack - Aryan Brotherhood
[28-02-2019 13:36:32]: KoksTruck - Keno - Triaden
[28-02-2019 13:51:57]: KoksTruck - luca - Triaden
[28-02-2019 13:59:46]: KoksTruck - vinzblack - Aryan Brotherhood
[28-02-2019 16:27:23]: KoksTruck - vinzblack - Aryan Brotherhood
[28-02-2019 16:31:17]: KoksTruck - Keno - Triaden
[28-02-2019 16:40:31]: KoksTruck - vinzblack - Aryan Brotherhood
[28-02-2019 16:57:40]: Bankraub - Keno - Triaden
[28-02-2019 17:19:05]: KoksTruck - vinzblack - Aryan Brotherhood
[28-02-2019 19:07:43]: Bankraub - Keno - Triaden
[28-02-2019 20:02:07]: KoksTruck - Keno - Triaden
[28-02-2019 23:31:47]: Bankraub - Keno - Triaden
[28-02-2019 23:43:25]: Präsi-Konvoi - U.S Army
[01-03-2019 00:09:07]: KoksTruck - Redbull_Klauer_Rewe - Angels Of Death
[01-03-2019 00:09:39]: KoksTruck - Keno - Triaden
[01-03-2019 00:10:38]: KoksTruck - Redbull_Klauer_Rewe - Angels Of Death
[01-03-2019 01:58:60]: KoksTruck - Solid_Snake - Triaden
[01-03-2019 02:01:38]: KoksTruck - LargePeach - Triaden
[01-03-2019 02:07:19]: KoksTruck - Solid_Snake - Triaden
[01-03-2019 02:16:26]: KoksTruck - Solid_Snake - Triaden
[01-03-2019 02:19:56]: KoksTruck - Solid_Snake - Triaden
[01-03-2019 02:23:30]: KoksTruck - Solid_Snake - Triaden
[01-03-2019 02:27:26]: KoksTruck - Solid_Snake - Triaden
[01-03-2019 02:29:57]: KoksTruck - Solid_Snake - Triaden
[01-03-2019 02:32:41]: KoksTruck - LargePeach - Triaden
[01-03-2019 02:34:55]: KoksTruck - Solid_Snake - Triaden
[01-03-2019 02:43:47]: KoksTruck - Solid_Snake - Triaden
[01-03-2019 02:55:15]: KoksTruck - Solid_Snake - Triaden
[01-03-2019 03:01:37]: KoksTruck - Solid_Snake - Triaden
[01-03-2019 03:06:29]: KoksTruck - Solid_Snake - Triaden
[01-03-2019 03:11:38]: KoksTruck - Solid_Snake - Triaden
[01-03-2019 03:21:04]: KoksTruck - Solid_Snake - Triaden
[01-03-2019 03:26:12]: KoksTruck - Solid_Snake - Triaden
[01-03-2019 03:33:49]: KoksTruck - Solid_Snake - Triaden
[01-03-2019 03:38:24]: KoksTruck - Solid_Snake - Triaden
[01-03-2019 03:39:46]: KoksTruck - Solid_Snake - Triaden
[01-03-2019 03:42:44]: KoksTruck - Solid_Snake - Triaden
[01-03-2019 03:46:09]: KoksTruck - Solid_Snake - Triaden
[01-03-2019 03:48:50]: KoksTruck - Solid_Snake - Triaden
[01-03-2019 03:57:52]: KoksTruck - Solid_Snake - Triaden
[01-03-2019 03:58:40]: KoksTruck - Solid_Snake - Triaden
[01-03-2019 04:32:33]: KoksTruck - Solid_Snake - Triaden
[01-03-2019 04:54:46]: KoksTruck - Solid_Snake - Triaden
[01-03-2019 05:01:56]: KoksTruck - Solid_Snake - Triaden
[01-03-2019 05:42:06]: Museumraub - Solid_Snake - Triaden
[01-03-2019 05:53:46]: KoksTruck - Solid_Snake - Triaden
[01-03-2019 10:54:36]: Bankraub - Keno - Triaden
[01-03-2019 11:02:10]: Drogentruck - Keno - Triaden
[01-03-2019 11:13:56]: KoksTruck - Keno - Triaden
[01-03-2019 11:22:45]: Museumraub - Keno - Triaden
[01-03-2019 12:32:27]: Geldtruck - EzWiN - F.B.I.
[01-03-2019 13:45:41]: Bankraub - Keno - Triaden
[01-03-2019 14:07:51]: KoksTruck - luca - Triaden
[01-03-2019 15:45:60]: Bankraub - rvty - Triaden
[01-03-2019 15:54:29]: Matstruck - rvty - Triaden
[01-03-2019 16:53:05]: Geldtruck - Chapo - S.F.P.D.
[01-03-2019 18:17:21]: Matstruck - Felix123 - Aryan Brotherhood
[01-03-2019 22:51:54]: KoksTruck - Redbull_Klauer_Rewe - Angels Of Death
[01-03-2019 23:54:13]: Bankraub - rvty - Triaden
[02-03-2019 00:03:16]: Matstruck - NyquFX - Triaden
[02-03-2019 00:17:45]: Drogentruck - rvty - Triaden
[02-03-2019 10:40:43]: Matstruck - Deltafrost - Grove Street
[02-03-2019 13:34:39]: Carrob - Chapo - Ballas
[02-03-2019 13:45:28]: Bankraub - Deltafrost - Grove Street
[02-03-2019 14:51:21]: Bankraub - rvty - Triaden
[02-03-2019 15:33:48]: Matstruck - Felix123 - Aryan Brotherhood
[02-03-2019 15:59:44]: KoksTruck - rvty - Triaden
[02-03-2019 16:41:20]: Geldtruck - EzWiN - F.B.I.
[02-03-2019 18:17:09]: Bankraub - Sky. - Angels Of Death
[02-03-2019 18:54:29]: Matstruck - Chapo - Italian Mafia
[03-03-2019 00:53:54]: Bankraub - rvty - Triaden
[03-03-2019 12:13:05]: Matstruck - Chapo - Italian Mafia
[03-03-2019 13:18:38]: Matstruck - Chapo - Italian Mafia
[03-03-2019 13:41:13]: Carrob - Chapo - Italian Mafia
[03-03-2019 13:50:11]: Bankraub - Russ_Daniel74 - Italian Mafia
[03-03-2019 14:19:26]: Geldtruck - EzWiN - F.B.I.
[03-03-2019 14:46:17]: Matstruck - Chapo - Italian Mafia
[03-03-2019 15:46:38]: Carrob - Habernoxx - Italian Mafia
[03-03-2019 16:13:17]: Matstruck - Felix123 - Angels Of Death
[03-03-2019 19:00:04]: Bankraub - BelesciSaban - Aryan Brotherhood
[03-03-2019 20:35:21]: Geldtruck - Blu3Xo - U.S Army
[03-03-2019 20:42:28]: Präsi-Konvoi - U.S Army
[03-03-2019 20:57:56]: Matstruck - Deltafrost - Grove Street
[04-03-2019 00:05:27]: KoksTruck - vinzblack - Aryan Brotherhood
[04-03-2019 03:24:09]: KoksTruck - rvty - Triaden
[04-03-2019 12:07:57]: Geldtruck - EzWiN - F.B.I.
[04-03-2019 12:26:17]: Carrob - Russ_Daniel74 - Italian Mafia
[04-03-2019 14:44:57]: Matstruck - Felix123 - Angels Of Death
[04-03-2019 15:12:28]: KoksTruck - vinzblack - Aryan Brotherhood
[04-03-2019 15:50:07]: Matstruck - Habernoxx - Italian Mafia
[04-03-2019 19:21:53]: Geldtruck - Blu3Xo - U.S Army
[04-03-2019 19:31:44]: Präsi-Konvoi - U.S Army
[04-03-2019 22:01:37]: Bankraub - Deltafrost - Grove Street
[04-03-2019 22:11:41]: Matstruck - skin - Aryan Brotherhood
[04-03-2019 22:20:08]: KoksTruck - vinzblack - Aryan Brotherhood
[05-03-2019 00:57:58]: Bankraub - Keno - Triaden
[05-03-2019 01:10:51]: KoksTruck - Sammy - Triaden
[05-03-2019 03:49:36]: Bankraub - Sammy - Triaden
[05-03-2019 04:32:31]: Bankraub - Sammy - Triaden
[05-03-2019 04:42:23]: Bankraub - Sammy - Triaden
[05-03-2019 12:00:32]: Geldtruck - Bansimus - S.F.P.D.
[05-03-2019 12:39:27]: KoksTruck - vinzblack - Aryan Brotherhood
[05-03-2019 13:42:06]: Bankraub - Keno - Triaden
[05-03-2019 15:38:30]: Geldtruck - Bansimus - S.F.P.D.
[05-03-2019 15:49:06]: Präsi-Konvoi - S.F.P.D.
[05-03-2019 16:08:42]: Carrob - LastAttacker71 - Aryan Brotherhood
[05-03-2019 17:33:26]: Geldtruck - Bansimus - S.F.P.D.
[05-03-2019 20:34:38]: Geldtruck - Bansimus - S.F.P.D.
[05-03-2019 20:46:14]: Präsi-Konvoi - S.F.P.D.
[06-03-2019 01:54:40]: Bankraub - Keno - Triaden
[06-03-2019 02:12:22]: KoksTruck - rvty - Triaden
[06-03-2019 02:20:43]: Museumraub - rvty - Triaden
[06-03-2019 03:55:57]: Bankraub - Keno - Triaden
[06-03-2019 04:01:12]: Bankraub - Keno - Triaden
[06-03-2019 04:31:34]: KoksTruck - rvty - Triaden
[06-03-2019 05:29:16]: Museumraub - Sammy - Triaden
[06-03-2019 06:01:51]: Bankraub - Sammy - Triaden
[06-03-2019 11:38:14]: Museumraub - LastAttacker71 - Aryan Brotherhood
[06-03-2019 11:55:36]: KoksTruck - LastAttacker71 - Aryan Brotherhood
[06-03-2019 12:28:17]: Bankraub - LastAttacker71 - Aryan Brotherhood
[06-03-2019 13:56:16]: Matstruck - LastAttacker71 - Aryan Brotherhood
[06-03-2019 14:09:51]: KoksTruck - LastAttacker71 - Aryan Brotherhood
[06-03-2019 14:36:18]: Bankraub - LastAttacker71 - Aryan Brotherhood
[06-03-2019 15:13:22]: Matstruck - LastAttacker71 - Aryan Brotherhood
[06-03-2019 16:30:55]: Bankraub - Sammy - Triaden
[06-03-2019 17:38:54]: KoksTruck - Sammy - Triaden
[06-03-2019 18:52:05]: Matstruck - Savage.Gamer - Aryan Brotherhood
[06-03-2019 19:11:02]: Bankraub - LastAttacker71 - Aryan Brotherhood
[06-03-2019 19:33:09]: KoksTruck - Sammy - Triaden
[06-03-2019 20:23:28]: Matstruck - LastAttacker71 - Aryan Brotherhood
[06-03-2019 21:11:52]: Bankraub - BlxckPxnthxr - Grove Street
[06-03-2019 21:30:04]: Matstruck - skin - Aryan Brotherhood
[07-03-2019 00:11:41]: Matstruck - skin - Aryan Brotherhood
[07-03-2019 00:21:23]: Bankraub - PAiiiN - Aryan Brotherhood
[07-03-2019 00:36:28]: Museumraub - PAiiiN - Aryan Brotherhood
[07-03-2019 00:56:19]: KoksTruck - Sammy - Triaden
[07-03-2019 01:29:38]: Matstruck - Relax - Angels Of Death
[07-03-2019 02:31:15]: Bankraub - Sammy - Triaden
[07-03-2019 02:38:38]: Matstruck - skin - Ballas
[07-03-2019 02:49:37]: Drogentruck - skin - Ballas
[07-03-2019 03:01:23]: Museumraub - skin - Ballas
[07-03-2019 15:46:22]: Matstruck - vinzblack - Aryan Brotherhood
[07-03-2019 16:11:07]: Geldtruck - EinsSchoki - S.F.P.D.
[07-03-2019 16:22:10]: Bankraub - Sammy - Triaden
[07-03-2019 17:42:50]: Matstruck - skin - Ballas
[07-03-2019 19:40:56]: Bankraub - PAiiiN - Ballas
[07-03-2019 20:45:56]: Matstruck - PAiiiN - Ballas
[07-03-2019 21:01:12]: KoksTruck - PAiiiN - Ballas
[07-03-2019 21:12:29]: Carrob - PAiiiN - Ballas
[07-03-2019 21:41:32]: Bankraub - PAiiiN - Ballas
[07-03-2019 21:52:51]: Matstruck - PAiiiN - Ballas
[07-03-2019 23:19:15]: Matstruck - skin - Ballas
[07-03-2019 23:30:40]: KoksTruck - PAiiiN - Ballas
[07-03-2019 23:43:58]: Bankraub - PAiiiN - Ballas
[08-03-2019 00:02:16]: Museumraub - skin - Ballas
[08-03-2019 00:32:21]: Matstruck - skin - Ballas
[08-03-2019 00:50:24]: Drogentruck - PAiiiN - Ballas
[08-03-2019 01:56:22]: Matstruck - PAiiiN - Ballas
[08-03-2019 10:27:26]: Matstruck - LastAttacker71 - Aryan Brotherhood
[08-03-2019 11:01:16]: Bankraub - LastAttacker71 - Aryan Brotherhood
[08-03-2019 14:20:07]: Bankraub - rvty - Triaden
[08-03-2019 14:34:58]: Geldtruck - Kabo - S.F.P.D.
[08-03-2019 16:25:58]: Matstruck - LastAttacker71 - Aryan Brotherhood
[08-03-2019 16:46:42]: Bankraub - R32 - Aryan Brotherhood
[08-03-2019 17:30:13]: Matstruck - LastAttacker71 - Aryan Brotherhood
[08-03-2019 18:39:56]: Matstruck - Kucuk_Efendi - Los Aztecas
[08-03-2019 19:24:05]: Carrob - Kabo - Ballas
[08-03-2019 20:02:20]: Matstruck - skin - Ballas
[08-03-2019 20:42:14]: Bankraub - PAiiiN - Ballas
[08-03-2019 21:11:19]: Matstruck - Savage.Gamer - Aryan Brotherhood
[09-03-2019 01:39:36]: Matstruck - Kucuk_Efendi - Los Aztecas
[09-03-2019 02:04:14]: KoksTruck - vinzblack - Aryan Brotherhood
[09-03-2019 02:13:11]: Matstruck - crusher - Ballas
[09-03-2019 02:29:07]: Bankraub - Lelek - Ballas
[09-03-2019 02:38:11]: Drogentruck - Dark - Ballas
[09-03-2019 02:52:45]: Carrob - Dark - Ballas
[09-03-2019 07:33:31]: Asservatenkammer - Solid_Snake - U.S Army
[09-03-2019 07:35:13]: Asservatenkammer - Solid_Snake - U.S Army
[09-03-2019 07:36:50]: [ASSERVATENTRUCK]: Der Asservatentruck ist explodiert!
[09-03-2019 07:49:36]: Asservatenkammer - Solid_Snake - U.S Army
[09-03-2019 07:49:60]: [ASSERVATENTRUCK]: Der Asservatentruck ist explodiert!
[09-03-2019 08:14:04]: Asservatenkammer - Solid_Snake - U.S Army
[09-03-2019 08:14:23]: [ASSERVATENTRUCK]: Der Asservatentruck ist explodiert!
[09-03-2019 08:17:23]: Asservatenkammer - Solid_Snake - U.S Army
[09-03-2019 08:17:40]: [ASSERVATENTRUCK]: Der Asservatentruck ist explodiert!
[09-03-2019 08:26:16]: Asservatenkammer - Solid_Snake - U.S Army
[09-03-2019 08:26:40]: [ASSERVATENTRUCK]: Der Asservatentruck ist explodiert!
[09-03-2019 08:29:29]: Asservatenkammer - Solid_Snake - U.S Army
[09-03-2019 08:30:05]: [ASSERVATENTRUCK]: Der Asservatentruck ist explodiert!
[09-03-2019 08:45:08]: Asservatenkammer - Solid_Snake - U.S Army
[09-03-2019 08:51:22]: [ASSERVATENTRUCK]: Der Asservatentruck ist abgegeben worden!
[09-03-2019 09:07:33]: Asservatenkammer - Solid_Snake - U.S Army
[09-03-2019 09:30:26]: Asservatenkammer - Solid_Snake - U.S Army
[09-03-2019 11:18:49]: Matstruck - LastAttacker71 - Aryan Brotherhood
[09-03-2019 11:58:50]: Bankraub - iTzSaske - Los Aztecas
[09-03-2019 12:39:31]: Matstruck - SonGoku - Los Aztecas
[09-03-2019 16:14:22]: Matstruck - crusher - Ballas
[09-03-2019 16:21:44]: KoksTruck - SonGoku - Los Aztecas
[09-03-2019 17:18:34]: Matstruck - crusher - Ballas
[09-03-2019 18:56:19]: Matstruck - Dark - Ballas
[09-03-2019 19:05:57]: Bankraub - KushHunter - Ballas
[09-03-2019 19:21:40]: KoksTruck - Sammy - Triaden
[09-03-2019 19:45:52]: Carrob - Keno - Triaden
[09-03-2019 20:00:55]: Matstruck - Lelek - Grove Street
[09-03-2019 20:35:26]: KoksTruck - Sammy - Triaden
[09-03-2019 21:33:06]: Matstruck - Dark - Ballas
[09-03-2019 21:33:21]: Bankraub - rvty - Triaden
[09-03-2019 22:18:21]: KoksTruck - crusher - Ballas
[09-03-2019 22:46:48]: Carrob - Sammy - Triaden
[09-03-2019 22:59:39]: Matstruck - crusher - Ballas
[09-03-2019 23:25:36]: KoksTruck - Sammy - Triaden
[09-03-2019 23:37:02]: Bankraub - Lelek - Grove Street
[10-03-2019 00:03:42]: Matstruck - crusher - Ballas
[10-03-2019 01:08:12]: Matstruck - crusher - Ballas
[10-03-2019 01:15:10]: KoksTruck - SonGoku - Los Aztecas
[10-03-2019 02:11:49]: Bankraub - Capo - Grove Street
[10-03-2019 02:19:06]: Matstruck - crusher - Ballas
[10-03-2019 03:23:06]: Matstruck - Capo - Grove Street
[10-03-2019 04:49:02]: Matstruck - crusher - Italian Mafia
[10-03-2019 05:02:36]: KoksTruck - Dark - Italian Mafia
[10-03-2019 05:18:06]: Bankraub - Dark - Italian Mafia
[10-03-2019 05:28:11]: Drogentruck - Dark - Italian Mafia
[10-03-2019 05:57:42]: Matstruck - Dark - Italian Mafia
[10-03-2019 06:41:07]: KoksTruck - Dark - Italian Mafia
[10-03-2019 07:03:17]: Matstruck - Dark - Italian Mafia
[10-03-2019 07:21:36]: Bankraub - Dark - Italian Mafia
[10-03-2019 07:37:36]: Drogentruck - Dark - Italian Mafia
[10-03-2019 07:47:03]: KoksTruck - Dark - Italian Mafia
[10-03-2019 08:08:45]: Matstruck - Dark - Italian Mafia
[10-03-2019 09:16:38]: Matstruck - GiletteRasierer - Grove Street
[10-03-2019 10:55:02]: Asservatenkammer - Solid_Snake - U.S Army
[10-03-2019 11:01:23]: [ASSERVATENTRUCK]: Der Asservatentruck ist abgegeben worden!
[10-03-2019 12:33:32]: Museumraub - R32 - Aryan Brotherhood
[10-03-2019 13:38:60]: Asservatenkammer - Layesd_tv - S.F.P.D.
[10-03-2019 13:45:52]: [ASSERVATENTRUCK]: Der Asservatentruck ist abgegeben worden!
[10-03-2019 15:08:48]: Matstruck - Blu3Xo - Los Aztecas
[10-03-2019 15:15:49]: Bankraub - Blu3Xo - Los Aztecas
[10-03-2019 16:41:58]: Matstruck - crusher - Italian Mafia
[10-03-2019 17:00:19]: Museumraub - Lelek - Grove Street
[10-03-2019 17:24:29]: Bankraub - Sammy - Triaden
[10-03-2019 17:34:16]: KoksTruck - Sammy - Triaden
[10-03-2019 17:49:02]: Carrob - uRAGE - Aryan Brotherhood
[10-03-2019 18:37:32]: KoksTruck - Sammy - Triaden
[10-03-2019 18:48:25]: Matstruck - Lelek - Grove Street
[10-03-2019 19:24:53]: Bankraub - Capo - Grove Street
[10-03-2019 19:41:48]: KoksTruck - Sammy - Triaden
[10-03-2019 20:02:42]: Museumraub - Sammy - Triaden
[10-03-2019 20:41:19]: Bankraub - Sammy - Triaden
[10-03-2019 20:49:34]: KoksTruck - Sammy - Triaden
[10-03-2019 21:20:21]: Carrob - Sammy - Triaden
[10-03-2019 22:53:37]: KoksTruck - Dark - Italian Mafia
[11-03-2019 01:40:11]: KoksTruck - Dark - Italian Mafia
[11-03-2019 05:28:44]: Bankraub - Keno - Triaden
[11-03-2019 05:36:59]: KoksTruck - Keno - Triaden
[11-03-2019 06:08:23]: Carrob - Keno - Triaden
[11-03-2019 07:29:14]: Bankraub - Capo - Grove Street
[11-03-2019 08:26:57]: Drogentruck - Capo - Grove Street
[11-03-2019 09:01:50]: Carrob - Capo - Grove Street
[11-03-2019 09:30:08]: Bankraub - Capo - Grove Street
[11-03-2019 10:33:54]: Bankraub - LastAttacker71 - Grove Street
[11-03-2019 11:14:15]: KoksTruck - LastAttacker71 - Grove Street
[11-03-2019 12:18:31]: Carrob - iLimix - Grove Street
[11-03-2019 14:01:05]: Carrob - Blu3Xo - Los Aztecas
[11-03-2019 14:09:44]: Matstruck - Blu3Xo - Los Aztecas
[11-03-2019 14:17:31]: Bankraub - Blu3Xo - Los Aztecas
[11-03-2019 15:35:12]: Matstruck - Dark - Italian Mafia
[11-03-2019 16:16:52]: Museumraub - Vedetto - Triaden
[11-03-2019 16:39:51]: Matstruck - NyquFX - Triaden
[11-03-2019 17:00:36]: Matstruck - NyquFX - Triaden
[11-03-2019 17:27:57]: Bankraub - KushHunter - Italian Mafia
[11-03-2019 17:50:56]: KoksTruck - Sammy - Triaden
[11-03-2019 18:12:47]: Asservatenkammer - Solid_Snake - F.B.I.
[11-03-2019 18:16:35]: [ASSERVATENTRUCK]: Der Asservatentruck ist abgegeben worden!
[11-03-2019 18:25:33]: Matstruck - Sammy - Triaden
[11-03-2019 18:53:33]: Museumraub - Sammy - Triaden
[11-03-2019 19:06:27]: KoksTruck - Sammy - Triaden
[11-03-2019 19:30:16]: Matstruck - Sammy - Triaden
[11-03-2019 19:38:52]: Bankraub - Sammy - Triaden
[11-03-2019 20:10:12]: KoksTruck - Sammy - Triaden
[11-03-2019 20:54:12]: Carrob - Blu3Xo - Los Aztecas
[11-03-2019 21:39:19]: Bankraub - Capo - Grove Street
[11-03-2019 22:09:06]: Matstruck - Keno - Triaden
[11-03-2019 22:31:35]: KoksTruck - Sammy - Triaden
[11-03-2019 23:39:47]: Bankraub - Capo - Grove Street
[11-03-2019 23:56:30]: KoksTruck - Capo - Grove Street
[12-03-2019 01:40:16]: Bankraub - Keno - Triaden
[12-03-2019 02:53:37]: KoksTruck - Capo - Grove Street
[12-03-2019 03:40:47]: Bankraub - Capo - Grove Street
[12-03-2019 08:28:09]: Bankraub - Capo - Grove Street
[12-03-2019 08:36:39]: KoksTruck - Capo - Grove Street
[12-03-2019 11:11:45]: Bankraub - LastAttacker71 - Grove Street
[12-03-2019 11:23:21]: KoksTruck - LastAttacker71 - Grove Street
[12-03-2019 13:27:49]: Bankraub - Sammy - Triaden
[12-03-2019 13:37:13]: Matstruck - Keno - Triaden
[12-03-2019 13:45:23]: KoksTruck - Keno - Triaden
[12-03-2019 14:01:23]: Carrob - Keno - Triaden
[12-03-2019 14:50:40]: KoksTruck - Sammy - Triaden
[12-03-2019 15:31:42]: Bankraub - Sammy - Triaden
[12-03-2019 17:00:49]: Matstruck - Dark - Italian Mafia
[12-03-2019 17:23:27]: Carrob - Kabo - Angels Of Death
[12-03-2019 17:48:03]: Bankraub - KushHunter - Italian Mafia
[12-03-2019 18:05:17]: Matstruck - Sammy - Triaden
[12-03-2019 18:17:35]: KoksTruck - Sammy - Triaden
[12-03-2019 19:12:34]: Matstruck - XioN. - Los Aztecas
[12-03-2019 19:48:36]: Bankraub - Sammy - Triaden
[12-03-2019 19:56:09]: KoksTruck - Sammy - Triaden
[12-03-2019 20:20:31]: Matstruck - Sammy - Triaden
[12-03-2019 20:33:48]: Museumraub - Sammy - Triaden
[12-03-2019 21:28:19]: KoksTruck - Sammy - Triaden
[12-03-2019 23:26:58]: Matstruck - Dark - Italian Mafia
[12-03-2019 23:45:40]: Bankraub - crusher - Italian Mafia
[12-03-2019 23:54:07]: KoksTruck - Dark - Italian Mafia
[13-03-2019 00:03:45]: Drogentruck - Dark - Italian Mafia
[13-03-2019 02:07:16]: Bankraub - Capo - Grove Street
[13-03-2019 02:34:31]: Bankraub - Keno - Triaden
[13-03-2019 02:46:42]: KoksTruck - Keno - Triaden
[13-03-2019 07:12:12]: Bankraub - Capo - Los Aztecas
[13-03-2019 08:56:07]: KoksTruck - Capo - Grove Street
[13-03-2019 11:04:18]: Drogentruck - Capo - Grove Street
[13-03-2019 13:19:32]: Bankraub - Kabo - Angels Of Death
[13-03-2019 17:06:14]: Bankraub - Sammy - Triaden
[13-03-2019 17:16:52]: KoksTruck - Sammy - Triaden
[13-03-2019 17:27:45]: Matstruck - Sammy - Triaden
[13-03-2019 20:25:20]: Bankraub - KushHunter - Italian Mafia
[14-03-2019 00:24:24]: Bankraub - DraqZ - Grove Street
[14-03-2019 00:39:13]: KoksTruck - DraqZ - Grove Street
[14-03-2019 08:59:41]: Bankraub - Capo - Grove Street
[14-03-2019 09:11:24]: Drogentruck - Capo - Grove Street
[14-03-2019 13:59:57]: Bankraub - Keno - Triaden
[14-03-2019 14:18:56]: Matstruck - Keno - Triaden
[14-03-2019 18:23:03]: Bankraub - Capo - Grove Street
[14-03-2019 18:48:31]: KoksTruck - vinzblack - Aryan Brotherhood
[14-03-2019 18:57:05]: Matstruck - XioN. - Los Aztecas
[14-03-2019 19:03:54]: Carrob - XioN. - Los Aztecas
[14-03-2019 19:18:60]: Museumraub - Meliodas_Sin - Los Aztecas
[15-03-2019 10:34:56]: Bankraub - asoziaL - Grove Street
[15-03-2019 11:57:33]: Matstruck - vinzblack - Aryan Brotherhood
[15-03-2019 16:44:16]: Geldtruck - iLimix - S.F.P.D.
[15-03-2019 16:53:47]: Matstruck - XioN. - Los Aztecas
[15-03-2019 17:02:53]: Bankraub - XioN. - Los Aztecas
[16-03-2019 13:42:07]: Bankraub - Keno - Triaden
[16-03-2019 13:58:24]: Matstruck - Keno - Triaden
[16-03-2019 15:43:39]: Matstruck - Dark - Italian Mafia
[16-03-2019 15:53:34]: Bankraub - Dark - Italian Mafia
[16-03-2019 16:39:04]: KoksTruck - Keno - Triaden
[18-03-2019 21:56:42]: Bankraub - R32 - Aryan Brotherhood
[18-03-2019 22:04:29]: Museumraub - iTzSaske - Grove Street
