[10-12-2018 18:51:38]: Fahrzeug von Halbglatze ( 2 ) wurde von Solid_Snake gelöscht. | Modell: 475 |
[20-12-2018 02:40:48]: Fahrzeug von Halbglatze ( 1 ) wurde von Solid_Snake gelöscht. | Modell: 581 |
[20-12-2018 02:40:59]: Fahrzeug von TuningKitty ( 1 ) wurde von Solid_Snake gelöscht. | Modell: 581 |
[20-12-2018 02:41:40]: Fahrzeug von Solid_Snake ( 3 ) wurde von Solid_Snake gelöscht. | Modell: 581 |
[17-02-2019 13:49:58]: Fahrzeug von Halbglatze ( 1 ) wurde von Solid_Snake gelöscht. | Modell: 581 |
[27-02-2019 14:40:28]: Fahrzeug von xEvoliX ( 1 ) wurde von Solid_Snake gelöscht. | Modell: 550 |
[27-02-2019 14:40:55]: Fahrzeug von LastAttacker71 ( 1 ) wurde von Solid_Snake gelöscht. | Modell: 581 |
[01-03-2019 06:23:19]: Fahrzeug von CrazyGamerCG ( 2 ) wurde von Solid_Snake gelöscht. | Modell: 581 |
[01-03-2019 06:23:25]: Fahrzeug von D4rkPlayZ ( 1 ) wurde von Solid_Snake gelöscht. | Modell: 581 |
[03-03-2019 14:48:32]: Fahrzeug von Sikici58 ( 1 ) wurde von LargePeach gelöscht. | Modell: 415 |
[03-03-2019 14:48:52]: Fahrzeug von Knacki ( 1 ) wurde von LargePeach gelöscht. | Modell: 415 |
[03-03-2019 14:48:59]: Fahrzeug von AlPacino ( 1 ) wurde von LargePeach gelöscht. | Modell: 522 |
[03-03-2019 14:49:07]: Fahrzeug von NumerousJunk0 ( 1 ) wurde von LargePeach gelöscht. | Modell: 559 |
[03-03-2019 14:49:12]: Fahrzeug von DreamZ ( 1 ) wurde von LargePeach gelöscht. | Modell: 522 |
[05-03-2019 08:39:13]: Fahrzeug von PAiiiN ( 1 ) wurde von Solid_Snake gelöscht. | Modell: 522 |
[05-03-2019 08:39:17]: Fahrzeug von Dion ( 1 ) wurde von Solid_Snake gelöscht. | Modell: 522 |
[06-03-2019 19:17:41]: Fahrzeug von SonGoku ( 1 ) wurde von Solid_Snake gelöscht. | Modell: 581 |
[07-03-2019 18:36:17]: Fahrzeug von BlxckPxnthxr ( 1 ) wurde von Solid_Snake gelöscht. | Modell: 507 |
[07-03-2019 18:36:21]: Fahrzeug von Pascal1234530 ( 1 ) wurde von Solid_Snake gelöscht. | Modell: 474 |
[07-03-2019 18:36:23]: Fahrzeug von BonezMCderEchte ( 2 ) wurde von Solid_Snake gelöscht. | Modell: 507 |
[07-03-2019 18:36:34]: Fahrzeug von vinzblack ( 4 ) wurde von Solid_Snake gelöscht. | Modell: 587 |
[07-03-2019 20:02:52]: Fahrzeug von HackZ ( 1 ) wurde von Solid_Snake gelöscht. | Modell: 587 |
[07-03-2019 20:02:58]: Fahrzeug von Retraix ( 1 ) wurde von Solid_Snake gelöscht. | Modell: 522 |
[07-03-2019 20:03:03]: Fahrzeug von AlumiX ( 3 ) wurde von Solid_Snake gelöscht. | Modell: 522 |
[08-03-2019 07:47:30]: Fahrzeug von Kelox ( 1 ) wurde von Solid_Snake gelöscht. | Modell: 550 |
[08-03-2019 07:47:36]: Fahrzeug von Woschi123 ( 3 ) wurde von Solid_Snake gelöscht. | Modell: 581 |
[08-03-2019 07:47:53]: Fahrzeug von Maqic.exe ( 5 ) wurde von Solid_Snake gelöscht. | Modell: 581 |
[09-03-2019 18:17:24]: Fahrzeug von ZyklonB ( 1 ) wurde von LargePeach gelöscht. | Modell: 522 |
[10-03-2019 00:30:19]: Fahrzeug von Solid_Snake ( 1 ) wurde von Solid_Snake gelöscht. | Modell: 475 |
[10-03-2019 00:32:27]: Fahrzeug von Solid_Snake ( 3 ) wurde von Solid_Snake gelöscht. | Modell: 602 |
[11-03-2019 17:53:33]: Fahrzeug von Dark ( 1 ) wurde von Solid_Snake gelöscht. | Modell: 468 |
