[12-12-2018 14:50:46]: [KOKAINTRUCK]: Blu3Xo hat einen Kokaintruck gestartet!
[12-12-2018 15:08:01]: [KOKAINTRUCK]: Der Kokaintruck ist abgegeben worden!
[12-12-2018 15:10:46]: [KOKAINTRUCK]: Der Kokaintruck ist explodiert!
[13-12-2018 18:43:11]: [KOKAINTRUCK]: Fore hat einen Kokaintruck gestartet!
[13-12-2018 18:46:50]: [KOKAINTRUCK]: Der Kokaintruck ist abgegeben worden!
[13-12-2018 18:51:06]: [CASINO]: Verbrecher Viper.exe hat das Casino betreten!
[13-12-2018 18:51:06]: [CASINO]: Verbrecher laNo- hat das Casino betreten!
[13-12-2018 18:51:07]: [CASINO]: Verbrecher Fore hat das Casino betreten!
[13-12-2018 19:03:11]: [KOKAINTRUCK]: Der Kokaintruck ist explodiert!
[20-12-2018 21:51:52]: [KOKAINTRUCK]: Undergrinder hat einen Kokaintruck gestartet!
[20-12-2018 21:55:15]: [KOKAINTRUCK]: Der Kokaintruck ist abgegeben worden!
[20-12-2018 22:11:52]: [KOKAINTRUCK]: Der Kokaintruck ist explodiert!
[27-02-2019 01:01:21]: [KOKAINTRUCK]: vinzblack hat einen Kokaintruck gestartet!
[27-02-2019 01:07:60]: [KOKAINTRUCK]: Der Kokaintruck ist abgegeben worden!
[27-02-2019 01:21:21]: [KOKAINTRUCK]: Der Kokaintruck ist explodiert!
[27-02-2019 22:29:37]: [KOKAINTRUCK]: vinzblack hat einen Kokaintruck gestartet!
[27-02-2019 22:33:42]: [KOKAINTRUCK]: Der Kokaintruck ist abgegeben worden!
[27-02-2019 22:49:37]: [KOKAINTRUCK]: Der Kokaintruck ist explodiert!
[28-02-2019 12:18:60]: [KOKAINTRUCK]: Keno hat einen Kokaintruck gestartet!
[28-02-2019 12:23:37]: [KOKAINTRUCK]: Der Kokaintruck ist abgegeben worden!
[28-02-2019 12:38:60]: [KOKAINTRUCK]: Der Kokaintruck ist explodiert!
[28-02-2019 13:29:52]: [KOKAINTRUCK]: vinzblack hat einen Kokaintruck gestartet!
[28-02-2019 13:35:58]: [KOKAINTRUCK]: Der Kokaintruck ist abgegeben worden!
[28-02-2019 13:36:32]: [KOKAINTRUCK]: Keno hat einen Kokaintruck gestartet!
[28-02-2019 13:40:34]: [KOKAINTRUCK]: Der Kokaintruck ist abgegeben worden!
[28-02-2019 13:49:52]: [KOKAINTRUCK]: Der Kokaintruck ist explodiert!
[28-02-2019 13:51:57]: [KOKAINTRUCK]: luca hat einen Kokaintruck gestartet!
[28-02-2019 13:56:33]: [KOKAINTRUCK]: Der Kokaintruck ist explodiert!
[28-02-2019 13:59:46]: [KOKAINTRUCK]: vinzblack hat einen Kokaintruck gestartet!
[28-02-2019 14:03:47]: [KOKAINTRUCK]: Der Kokaintruck ist abgegeben worden!
[28-02-2019 14:11:57]: [KOKAINTRUCK]: Der Kokaintruck ist explodiert!
[28-02-2019 14:19:46]: [KOKAINTRUCK]: Der Kokaintruck ist explodiert!
[28-02-2019 16:27:23]: [KOKAINTRUCK]: vinzblack hat einen Kokaintruck gestartet!
[28-02-2019 16:30:43]: [KOKAINTRUCK]: Der Kokaintruck ist abgegeben worden!
[28-02-2019 16:31:17]: [KOKAINTRUCK]: Keno hat einen Kokaintruck gestartet!
[28-02-2019 16:35:36]: [KOKAINTRUCK]: Der Kokaintruck ist abgegeben worden!
[28-02-2019 16:40:31]: [KOKAINTRUCK]: vinzblack hat einen Kokaintruck gestartet!
[28-02-2019 16:43:57]: [KOKAINTRUCK]: Der Kokaintruck ist abgegeben worden!
[28-02-2019 16:47:23]: [KOKAINTRUCK]: Der Kokaintruck ist explodiert!
[28-02-2019 16:51:18]: [KOKAINTRUCK]: Der Kokaintruck ist explodiert!
[28-02-2019 17:00:31]: [KOKAINTRUCK]: Der Kokaintruck ist explodiert!
[28-02-2019 17:19:05]: [KOKAINTRUCK]: vinzblack hat einen Kokaintruck gestartet!
[28-02-2019 17:22:34]: [KOKAINTRUCK]: Der Kokaintruck ist abgegeben worden!
[28-02-2019 17:39:05]: [KOKAINTRUCK]: Der Kokaintruck ist explodiert!
[28-02-2019 20:02:07]: [KOKAINTRUCK]: Keno hat einen Kokaintruck gestartet!
[28-02-2019 20:07:16]: [KOKAINTRUCK]: Der Kokaintruck ist abgegeben worden!
[28-02-2019 20:22:07]: [KOKAINTRUCK]: Der Kokaintruck ist explodiert!
[01-03-2019 00:09:07]: [KOKAINTRUCK]: Redbull_Klauer_Rewe hat einen Kokaintruck gestartet!
[01-03-2019 00:09:39]: [KOKAINTRUCK]: Keno hat einen Kokaintruck gestartet!
[01-03-2019 00:10:38]: [KOKAINTRUCK]: Redbull_Klauer_Rewe hat einen Kokaintruck gestartet!
[01-03-2019 00:14:45]: [KOKAINTRUCK]: Der Kokaintruck ist abgegeben worden!
[01-03-2019 00:29:07]: [KOKAINTRUCK]: Der Kokaintruck ist explodiert!
[01-03-2019 00:29:39]: [KOKAINTRUCK]: Der Kokaintruck ist explodiert!
[01-03-2019 00:30:38]: [KOKAINTRUCK]: Der Kokaintruck ist explodiert!
[01-03-2019 01:58:60]: [KOKAINTRUCK]: Solid_Snake hat einen Kokaintruck gestartet!
[01-03-2019 02:01:38]: [KOKAINTRUCK]: LargePeach hat einen Kokaintruck gestartet!
[01-03-2019 02:07:19]: [KOKAINTRUCK]: Solid_Snake hat einen Kokaintruck gestartet!
[01-03-2019 02:16:26]: [KOKAINTRUCK]: Solid_Snake hat einen Kokaintruck gestartet!
[01-03-2019 02:16:58]: [KOKAINTRUCK]: Der Kokaintruck ist explodiert!
[01-03-2019 02:19:56]: [KOKAINTRUCK]: Solid_Snake hat einen Kokaintruck gestartet!
[01-03-2019 02:20:33]: [KOKAINTRUCK]: Der Kokaintruck ist explodiert!
[01-03-2019 02:23:30]: [KOKAINTRUCK]: Solid_Snake hat einen Kokaintruck gestartet!
[01-03-2019 02:24:05]: [KOKAINTRUCK]: Der Kokaintruck ist explodiert!
[01-03-2019 02:27:26]: [KOKAINTRUCK]: Solid_Snake hat einen Kokaintruck gestartet!
[01-03-2019 02:27:50]: [KOKAINTRUCK]: Der Kokaintruck ist explodiert!
[01-03-2019 02:29:57]: [KOKAINTRUCK]: Solid_Snake hat einen Kokaintruck gestartet!
[01-03-2019 02:30:32]: [KOKAINTRUCK]: Der Kokaintruck ist explodiert!
[01-03-2019 02:32:41]: [KOKAINTRUCK]: LargePeach hat einen Kokaintruck gestartet!
[01-03-2019 02:33:06]: [KOKAINTRUCK]: Der Kokaintruck ist explodiert!
[01-03-2019 02:34:55]: [KOKAINTRUCK]: Solid_Snake hat einen Kokaintruck gestartet!
[01-03-2019 02:35:27]: [KOKAINTRUCK]: Der Kokaintruck ist explodiert!
[01-03-2019 02:43:47]: [KOKAINTRUCK]: Solid_Snake hat einen Kokaintruck gestartet!
[01-03-2019 02:44:36]: [KOKAINTRUCK]: Der Kokaintruck ist explodiert!
[01-03-2019 02:55:15]: [KOKAINTRUCK]: Solid_Snake hat einen Kokaintruck gestartet!
[01-03-2019 02:55:45]: [KOKAINTRUCK]: Der Kokaintruck ist explodiert!
[01-03-2019 03:01:37]: [KOKAINTRUCK]: Solid_Snake hat einen Kokaintruck gestartet!
[01-03-2019 03:02:02]: [KOKAINTRUCK]: Der Kokaintruck ist explodiert!
[01-03-2019 03:06:29]: [KOKAINTRUCK]: Solid_Snake hat einen Kokaintruck gestartet!
[01-03-2019 03:06:52]: [KOKAINTRUCK]: Der Kokaintruck ist explodiert!
[01-03-2019 03:11:38]: [KOKAINTRUCK]: Solid_Snake hat einen Kokaintruck gestartet!
[01-03-2019 03:12:01]: [KOKAINTRUCK]: Der Kokaintruck ist explodiert!
[01-03-2019 03:21:04]: [KOKAINTRUCK]: Solid_Snake hat einen Kokaintruck gestartet!
[01-03-2019 03:21:44]: [KOKAINTRUCK]: Der Kokaintruck ist explodiert!
[01-03-2019 03:26:12]: [KOKAINTRUCK]: Solid_Snake hat einen Kokaintruck gestartet!
[01-03-2019 03:27:06]: [KOKAINTRUCK]: Der Kokaintruck ist explodiert!
[01-03-2019 03:33:49]: [KOKAINTRUCK]: Solid_Snake hat einen Kokaintruck gestartet!
[01-03-2019 03:34:11]: [KOKAINTRUCK]: Der Kokaintruck ist explodiert!
[01-03-2019 03:38:24]: [KOKAINTRUCK]: Solid_Snake hat einen Kokaintruck gestartet!
[01-03-2019 03:38:40]: [KOKAINTRUCK]: Der Kokaintruck ist explodiert!
[01-03-2019 03:39:46]: [KOKAINTRUCK]: Solid_Snake hat einen Kokaintruck gestartet!
[01-03-2019 03:42:44]: [KOKAINTRUCK]: Solid_Snake hat einen Kokaintruck gestartet!
[01-03-2019 03:46:09]: [KOKAINTRUCK]: Solid_Snake hat einen Kokaintruck gestartet!
[01-03-2019 03:48:50]: [KOKAINTRUCK]: Solid_Snake hat einen Kokaintruck gestartet!
[01-03-2019 03:52:39]: [KOKAINTRUCK]: Der Kokaintruck ist abgegeben worden!
[01-03-2019 03:57:52]: [KOKAINTRUCK]: Solid_Snake hat einen Kokaintruck gestartet!
[01-03-2019 03:58:40]: [KOKAINTRUCK]: Solid_Snake hat einen Kokaintruck gestartet!
[01-03-2019 04:32:33]: [KOKAINTRUCK]: Solid_Snake hat einen Kokaintruck gestartet!
[01-03-2019 04:38:47]: [KOKAINTRUCK]: Der Kokaintruck ist abgegeben worden!
[01-03-2019 04:54:46]: [KOKAINTRUCK]: Solid_Snake hat einen Kokaintruck gestartet!
[01-03-2019 04:59:37]: [KOKAINTRUCK]: Der Kokaintruck ist abgegeben worden!
[01-03-2019 05:01:56]: [KOKAINTRUCK]: Solid_Snake hat einen Kokaintruck gestartet!
[01-03-2019 05:53:46]: [KOKAINTRUCK]: Solid_Snake hat einen Kokaintruck gestartet!
[01-03-2019 05:58:21]: [KOKAINTRUCK]: Der Kokaintruck ist abgegeben worden!
[01-03-2019 11:13:56]: [KOKAINTRUCK]: Keno hat einen Kokaintruck gestartet!
[01-03-2019 11:17:44]: [KOKAINTRUCK]: Der Kokaintruck ist abgegeben worden!
[01-03-2019 14:07:51]: [KOKAINTRUCK]: luca hat einen Kokaintruck gestartet!
[01-03-2019 14:11:53]: [KOKAINTRUCK]: Der Kokaintruck ist abgegeben worden!
[01-03-2019 22:51:54]: [KOKAINTRUCK]: Redbull_Klauer_Rewe hat einen Kokaintruck gestartet!
[01-03-2019 22:56:14]: [KOKAINTRUCK]: Der Kokaintruck ist abgegeben worden!
[02-03-2019 15:59:44]: [KOKAINTRUCK]: rvty hat einen Kokaintruck gestartet!
[02-03-2019 16:03:44]: [KOKAINTRUCK]: Der Kokaintruck ist abgegeben worden!
[04-03-2019 00:05:27]: [KOKAINTRUCK]: vinzblack hat einen Kokaintruck gestartet!
[04-03-2019 00:08:50]: [KOKAINTRUCK]: Der Kokaintruck ist abgegeben worden!
[04-03-2019 03:24:09]: [KOKAINTRUCK]: rvty hat einen Kokaintruck gestartet!
[04-03-2019 03:28:28]: [KOKAINTRUCK]: Der Kokaintruck ist abgegeben worden!
[04-03-2019 15:12:28]: [KOKAINTRUCK]: vinzblack hat einen Kokaintruck gestartet!
[04-03-2019 15:15:35]: [KOKAINTRUCK]: Der Kokaintruck ist abgegeben worden!
[04-03-2019 22:20:08]: [KOKAINTRUCK]: vinzblack hat einen Kokaintruck gestartet!
[04-03-2019 22:27:24]: [KOKAINTRUCK]: Der Kokaintruck ist abgegeben worden!
[05-03-2019 01:10:51]: [KOKAINTRUCK]: Sammy hat einen Kokaintruck gestartet!
[05-03-2019 01:15:11]: [KOKAINTRUCK]: Der Kokaintruck ist abgegeben worden!
[05-03-2019 12:39:27]: [KOKAINTRUCK]: vinzblack hat einen Kokaintruck gestartet!
[05-03-2019 12:42:49]: [KOKAINTRUCK]: Der Kokaintruck ist abgegeben worden!
[06-03-2019 02:12:22]: [KOKAINTRUCK]: rvty hat einen Kokaintruck gestartet!
[06-03-2019 02:15:37]: [KOKAINTRUCK]: Der Kokaintruck ist abgegeben worden!
[06-03-2019 04:31:34]: [KOKAINTRUCK]: rvty hat einen Kokaintruck gestartet!
[06-03-2019 04:35:35]: [KOKAINTRUCK]: Der Kokaintruck ist abgegeben worden!
[06-03-2019 11:55:36]: [KOKAINTRUCK]: LastAttacker71 hat einen Kokaintruck gestartet!
[06-03-2019 12:01:17]: [KOKAINTRUCK]: Der Kokaintruck ist abgegeben worden!
[06-03-2019 14:09:51]: [KOKAINTRUCK]: LastAttacker71 hat einen Kokaintruck gestartet!
[06-03-2019 14:13:31]: [KOKAINTRUCK]: Der Kokaintruck ist abgegeben worden!
[06-03-2019 17:38:54]: [KOKAINTRUCK]: Sammy hat einen Kokaintruck gestartet!
[06-03-2019 17:42:55]: [KOKAINTRUCK]: Der Kokaintruck ist abgegeben worden!
[06-03-2019 19:33:09]: [KOKAINTRUCK]: Sammy hat einen Kokaintruck gestartet!
[06-03-2019 19:36:43]: [KOKAINTRUCK]: Der Kokaintruck ist abgegeben worden!
[06-03-2019 21:31:15]: [CASINO]: Verbrecher Keno hat das Casino betreten!
[07-03-2019 00:56:19]: [KOKAINTRUCK]: Sammy hat einen Kokaintruck gestartet!
[07-03-2019 01:00:03]: [KOKAINTRUCK]: Der Kokaintruck ist abgegeben worden!
[07-03-2019 21:01:12]: [KOKAINTRUCK]: PAiiiN hat einen Kokaintruck gestartet!
[07-03-2019 21:04:52]: [KOKAINTRUCK]: Der Kokaintruck ist abgegeben worden!
[07-03-2019 23:30:40]: [KOKAINTRUCK]: PAiiiN hat einen Kokaintruck gestartet!
[07-03-2019 23:33:60]: [KOKAINTRUCK]: Der Kokaintruck ist abgegeben worden!
[09-03-2019 02:04:14]: [KOKAINTRUCK]: vinzblack hat einen Kokaintruck gestartet!
[09-03-2019 02:08:01]: [KOKAINTRUCK]: Der Kokaintruck ist abgegeben worden!
[09-03-2019 16:21:44]: [KOKAINTRUCK]: SonGoku hat einen Kokaintruck gestartet!
[09-03-2019 16:27:25]: [KOKAINTRUCK]: Der Kokaintruck ist abgegeben worden!
[09-03-2019 19:21:40]: [KOKAINTRUCK]: Sammy hat einen Kokaintruck gestartet!
[09-03-2019 19:24:60]: [KOKAINTRUCK]: Der Kokaintruck ist abgegeben worden!
[09-03-2019 20:32:44]: [CASINO]: Verbrecher Dark hat das Casino betreten!
[09-03-2019 20:35:26]: [KOKAINTRUCK]: Sammy hat einen Kokaintruck gestartet!
[09-03-2019 20:39:31]: [KOKAINTRUCK]: Der Kokaintruck ist abgegeben worden!
[09-03-2019 22:18:21]: [KOKAINTRUCK]: crusher hat einen Kokaintruck gestartet!
[09-03-2019 22:22:43]: [KOKAINTRUCK]: Der Kokaintruck ist abgegeben worden!
[09-03-2019 23:25:36]: [KOKAINTRUCK]: Sammy hat einen Kokaintruck gestartet!
[09-03-2019 23:29:51]: [KOKAINTRUCK]: Der Kokaintruck ist abgegeben worden!
[10-03-2019 01:15:10]: [KOKAINTRUCK]: SonGoku hat einen Kokaintruck gestartet!
[10-03-2019 01:19:20]: [KOKAINTRUCK]: Der Kokaintruck ist abgegeben worden!
[10-03-2019 05:02:36]: [KOKAINTRUCK]: Dark hat einen Kokaintruck gestartet!
[10-03-2019 05:06:34]: [KOKAINTRUCK]: Der Kokaintruck ist abgegeben worden!
[10-03-2019 06:41:07]: [KOKAINTRUCK]: Dark hat einen Kokaintruck gestartet!
[10-03-2019 06:44:53]: [KOKAINTRUCK]: Der Kokaintruck ist abgegeben worden!
[10-03-2019 07:47:03]: [KOKAINTRUCK]: Dark hat einen Kokaintruck gestartet!
[10-03-2019 07:50:07]: [KOKAINTRUCK]: Der Kokaintruck ist abgegeben worden!
[10-03-2019 17:34:16]: [KOKAINTRUCK]: Sammy hat einen Kokaintruck gestartet!
[10-03-2019 17:37:26]: [KOKAINTRUCK]: Der Kokaintruck ist abgegeben worden!
[10-03-2019 18:37:32]: [KOKAINTRUCK]: Sammy hat einen Kokaintruck gestartet!
[10-03-2019 18:41:15]: [KOKAINTRUCK]: Der Kokaintruck ist abgegeben worden!
[10-03-2019 19:41:48]: [KOKAINTRUCK]: Sammy hat einen Kokaintruck gestartet!
[10-03-2019 19:45:16]: [KOKAINTRUCK]: Der Kokaintruck ist abgegeben worden!
[10-03-2019 20:49:34]: [KOKAINTRUCK]: Sammy hat einen Kokaintruck gestartet!
[10-03-2019 20:52:60]: [KOKAINTRUCK]: Der Kokaintruck ist abgegeben worden!
[10-03-2019 22:53:37]: [KOKAINTRUCK]: Dark hat einen Kokaintruck gestartet!
[10-03-2019 22:56:57]: [KOKAINTRUCK]: Der Kokaintruck ist abgegeben worden!
[11-03-2019 01:40:11]: [KOKAINTRUCK]: Dark hat einen Kokaintruck gestartet!
[11-03-2019 01:44:30]: [KOKAINTRUCK]: Der Kokaintruck ist abgegeben worden!
[11-03-2019 05:36:59]: [KOKAINTRUCK]: Keno hat einen Kokaintruck gestartet!
[11-03-2019 05:40:30]: [KOKAINTRUCK]: Der Kokaintruck ist abgegeben worden!
[11-03-2019 11:14:15]: [KOKAINTRUCK]: LastAttacker71 hat einen Kokaintruck gestartet!
[11-03-2019 11:20:13]: [KOKAINTRUCK]: Der Kokaintruck ist abgegeben worden!
[11-03-2019 17:50:56]: [KOKAINTRUCK]: Sammy hat einen Kokaintruck gestartet!
[11-03-2019 19:06:27]: [KOKAINTRUCK]: Sammy hat einen Kokaintruck gestartet!
[11-03-2019 19:10:06]: [KOKAINTRUCK]: Der Kokaintruck ist abgegeben worden!
[11-03-2019 20:10:12]: [KOKAINTRUCK]: Sammy hat einen Kokaintruck gestartet!
[11-03-2019 20:13:20]: [KOKAINTRUCK]: Der Kokaintruck ist abgegeben worden!
[11-03-2019 22:31:35]: [KOKAINTRUCK]: Sammy hat einen Kokaintruck gestartet!
[11-03-2019 22:35:38]: [KOKAINTRUCK]: Der Kokaintruck ist abgegeben worden!
[11-03-2019 23:56:30]: [KOKAINTRUCK]: Capo hat einen Kokaintruck gestartet!
[12-03-2019 00:03:48]: [KOKAINTRUCK]: Der Kokaintruck ist abgegeben worden!
[12-03-2019 02:53:37]: [KOKAINTRUCK]: Capo hat einen Kokaintruck gestartet!
[12-03-2019 02:58:49]: [KOKAINTRUCK]: Der Kokaintruck ist abgegeben worden!
[12-03-2019 08:36:39]: [KOKAINTRUCK]: Capo hat einen Kokaintruck gestartet!
[12-03-2019 08:40:58]: [KOKAINTRUCK]: Der Kokaintruck ist abgegeben worden!
[12-03-2019 11:23:21]: [KOKAINTRUCK]: LastAttacker71 hat einen Kokaintruck gestartet!
[12-03-2019 11:29:43]: [KOKAINTRUCK]: Der Kokaintruck ist abgegeben worden!
[12-03-2019 13:45:23]: [KOKAINTRUCK]: Keno hat einen Kokaintruck gestartet!
[12-03-2019 13:50:08]: [KOKAINTRUCK]: Der Kokaintruck ist abgegeben worden!
[12-03-2019 14:50:40]: [KOKAINTRUCK]: Sammy hat einen Kokaintruck gestartet!
[12-03-2019 14:55:31]: [KOKAINTRUCK]: Der Kokaintruck ist abgegeben worden!
[12-03-2019 18:17:35]: [KOKAINTRUCK]: Sammy hat einen Kokaintruck gestartet!
[12-03-2019 18:20:52]: [KOKAINTRUCK]: Der Kokaintruck ist abgegeben worden!
[12-03-2019 19:56:09]: [KOKAINTRUCK]: Sammy hat einen Kokaintruck gestartet!
[12-03-2019 19:59:38]: [KOKAINTRUCK]: Der Kokaintruck ist abgegeben worden!
[12-03-2019 21:28:19]: [KOKAINTRUCK]: Sammy hat einen Kokaintruck gestartet!
[12-03-2019 21:33:59]: [KOKAINTRUCK]: Der Kokaintruck ist abgegeben worden!
[12-03-2019 23:54:07]: [KOKAINTRUCK]: Dark hat einen Kokaintruck gestartet!
[12-03-2019 23:57:15]: [KOKAINTRUCK]: Der Kokaintruck ist abgegeben worden!
[13-03-2019 02:46:42]: [KOKAINTRUCK]: Keno hat einen Kokaintruck gestartet!
[13-03-2019 02:49:56]: [KOKAINTRUCK]: Der Kokaintruck ist abgegeben worden!
[13-03-2019 08:56:07]: [KOKAINTRUCK]: Capo hat einen Kokaintruck gestartet!
[13-03-2019 09:01:14]: [KOKAINTRUCK]: Der Kokaintruck ist abgegeben worden!
[13-03-2019 17:16:52]: [KOKAINTRUCK]: Sammy hat einen Kokaintruck gestartet!
[13-03-2019 17:21:41]: [KOKAINTRUCK]: Der Kokaintruck ist abgegeben worden!
[14-03-2019 00:39:13]: [KOKAINTRUCK]: DraqZ hat einen Kokaintruck gestartet!
[14-03-2019 00:42:35]: [KOKAINTRUCK]: Der Kokaintruck ist abgegeben worden!
[14-03-2019 18:48:31]: [KOKAINTRUCK]: vinzblack hat einen Kokaintruck gestartet!
[14-03-2019 18:51:38]: [KOKAINTRUCK]: Der Kokaintruck ist abgegeben worden!
[16-03-2019 16:39:04]: [KOKAINTRUCK]: Keno hat einen Kokaintruck gestartet!
[16-03-2019 16:42:29]: [KOKAINTRUCK]: Der Kokaintruck ist abgegeben worden!
