[10-12-2018 18:18:08]: Slowman ist gestorben.
[10-12-2018 18:50:53]: Exo_Ghost ist gestorben. Grund: 54
[10-12-2018 20:34:23]: matej ist gestorben. Grund: 54
[10-12-2018 21:54:45]: Kabo ist gestorben. Grund: 54
[10-12-2018 22:09:10]: Kabo ist gestorben.
[10-12-2018 22:24:18]: Kabo ist gestorben. Grund: 54
[11-12-2018 01:19:43]: Exo_Ghost ist gestorben.
[11-12-2018 01:29:41]: Exo_Ghost ist gestorben.
[11-12-2018 18:03:56]: LargePeach ist gestorben.
[11-12-2018 19:07:01]: Nordmann ist gestorben.
[11-12-2018 20:32:43]: Nordmann ist gestorben.
[11-12-2018 22:18:36]: zeref ist gestorben. Grund: 51
[11-12-2018 22:40:29]: Dublin ist gestorben.
[11-12-2018 22:43:35]: Exo_Ghost ist gestorben. Grund: 37
[12-12-2018 09:35:33]: zeref ist gestorben. Grund: 37
[12-12-2018 11:56:41]: Allaa ist gestorben.
[12-12-2018 12:13:19]: Solid_Snake ist gestorben. Grund: 51
[12-12-2018 12:15:35]: zeref ist gestorben. Grund: 51
[12-12-2018 12:46:14]: serpan06 ist gestorben. Grund: 37
[12-12-2018 14:13:26]: zeref ist gestorben.
[12-12-2018 14:31:31]: Blu3Xo ist gestorben. Grund: 54
[12-12-2018 20:18:01]: FELIX ist gestorben. Grund: 54
[13-12-2018 11:22:32]: Solid_Snake ist gestorben.
[13-12-2018 11:25:05]: Solid_Snake ist gestorben.
[13-12-2018 11:34:44]: Solid_Snake ist gestorben.
[13-12-2018 11:38:51]: Solid_Snake ist gestorben.
[13-12-2018 12:30:23]: serpan06 ist gestorben.
[13-12-2018 16:46:32]: Allaa ist gestorben. Grund: 37
[13-12-2018 16:46:38]: LargePeach ist gestorben.
[13-12-2018 17:08:46]: zNaashii ist gestorben.
[13-12-2018 17:39:16]: serpan06 ist gestorben.
[13-12-2018 17:42:60]: serpan06 ist gestorben.
[13-12-2018 18:15:37]: n0pe ist gestorben.
[13-12-2018 18:53:35]: LargePeach ist gestorben.
[13-12-2018 18:53:36]: Solid_Snake ist gestorben.
[13-12-2018 18:59:39]: RudeL ist gestorben. Grund: 54
[13-12-2018 19:03:21]: LargePeach ist gestorben.
[13-12-2018 20:28:51]: serpan06 ist gestorben.
[14-12-2018 16:47:09]: laNo- ist gestorben. Grund: 54
[14-12-2018 17:12:24]: serpan06 ist gestorben.
[14-12-2018 17:13:54]: serpan06 ist gestorben. Grund: 37
[14-12-2018 17:14:45]: Solid_Snake ist gestorben.
[14-12-2018 17:28:25]: Dublin ist gestorben.
[14-12-2018 18:26:10]: Wesley7651 ist gestorben. Grund: 54
[14-12-2018 21:43:10]: Dope ist gestorben.
[14-12-2018 22:36:20]: Slowman ist gestorben. Grund: 54
[14-12-2018 23:24:23]: Slicer ist gestorben.
[15-12-2018 00:17:07]: DerFishHD ist gestorben. Grund: 54
[15-12-2018 00:22:13]: Pr1nceXo ist gestorben.
[15-12-2018 00:43:56]: Fore ist gestorben.
[15-12-2018 01:07:45]: Fore ist gestorben.
[15-12-2018 01:34:08]: Hamudi_Zalami ist gestorben.
[15-12-2018 14:08:41]: BerserkVegetables46 ist gestorben.
[15-12-2018 15:01:10]: LargePeach ist gestorben.
[15-12-2018 15:01:10]: zeref ist gestorben.
[15-12-2018 16:39:02]: Haftbefehl. ist gestorben.
[15-12-2018 18:07:27]: Kabo ist gestorben. Grund: 54
[15-12-2018 21:38:29]: dvniel838 ist gestorben.
[15-12-2018 22:26:42]: Nordmann ist gestorben. Grund: 54
[15-12-2018 22:28:14]: Pr1nceXo ist gestorben.
[15-12-2018 22:33:57]: Dope ist gestorben. Grund: 54
[15-12-2018 23:24:43]: LargePeach ist gestorben.
[15-12-2018 23:54:33]: Dope ist gestorben. Grund: 54
[16-12-2018 04:55:17]: laNo- ist gestorben.
[16-12-2018 05:07:29]: laNo- ist gestorben.
[16-12-2018 11:46:56]: DragonTuchel ist gestorben.
[16-12-2018 11:53:35]: DragonTuchel ist gestorben.
[16-12-2018 12:01:04]: DragonTuchel ist gestorben.
[16-12-2018 12:06:44]: DragonTuchel ist gestorben.
[16-12-2018 12:18:50]: DragonTuchel ist gestorben.
[16-12-2018 13:19:03]: RudeL ist gestorben. Grund: 54
[16-12-2018 13:56:44]: Haftbefehl. ist gestorben.
[16-12-2018 14:27:21]: RudeL ist gestorben.
[16-12-2018 19:40:56]: LargePeach ist gestorben.
[16-12-2018 21:48:03]: Nordmann ist gestorben. Grund: 54
[17-12-2018 02:51:58]: Kabo ist gestorben.
[20-12-2018 16:10:44]: cihan_99 ist gestorben.
[21-12-2018 00:18:01]: Solid_Snake ist gestorben. Grund: 54
[21-12-2018 00:19:31]: Solid_Snake ist gestorben. Grund: 54
[17-02-2019 23:27:21]: Solid_Snake ist gestorben.
[17-02-2019 23:36:15]: xEvoliX ist gestorben.
[26-02-2019 03:15:27]: LargePeach ist gestorben.
[26-02-2019 03:17:21]: Solid_Snake ist gestorben. Grund: 54
[26-02-2019 03:20:51]: LargePeach ist gestorben. Grund: 54
[26-02-2019 20:35:15]: xEvoliX ist gestorben.
[26-02-2019 20:57:35]: xEvoliX ist gestorben. Grund: 54
[26-02-2019 22:41:58]: xEvoliX ist gestorben.
[26-02-2019 22:42:35]: LucaDerBOss ist gestorben. Grund: 54
[26-02-2019 22:52:14]: Solid_Snake ist gestorben.
[26-02-2019 22:52:14]: xEvoliX ist gestorben.
[26-02-2019 22:53:34]: LucaDerBOss ist gestorben.
[26-02-2019 22:56:46]: xEvoliX ist gestorben.
[26-02-2019 23:36:02]: vinzblack ist gestorben. Grund: 54
[26-02-2019 23:46:09]: Mr.Potato ist gestorben.
[26-02-2019 23:52:50]: Mr.Potato ist gestorben.
[27-02-2019 00:44:60]: LargePeach ist gestorben.
[27-02-2019 00:45:38]: xEvoliX ist gestorben.
[27-02-2019 01:13:24]: xEvoliX ist gestorben.
[27-02-2019 13:38:53]: luca ist gestorben.
[27-02-2019 15:33:24]: xEvoliX ist gestorben.
[27-02-2019 15:53:04]: Keno ist gestorben. Grund: 54
[27-02-2019 15:58:04]: luca ist gestorben.
[27-02-2019 15:58:05]: Keno ist gestorben.
[27-02-2019 16:53:44]: Keno ist gestorben.
[27-02-2019 16:54:35]: rvty ist gestorben.
[27-02-2019 17:00:21]: Sammy ist gestorben.
[27-02-2019 17:01:53]: Keno ist gestorben.
[27-02-2019 17:06:06]: Keno ist gestorben.
[27-02-2019 17:07:31]: Sammy ist gestorben.
[27-02-2019 17:09:60]: luca ist gestorben.
[27-02-2019 17:35:08]: vinzblack ist gestorben.
[27-02-2019 17:53:03]: Sammy ist gestorben.
[27-02-2019 17:53:06]: Keno ist gestorben.
[27-02-2019 17:53:07]: luca ist gestorben.
[27-02-2019 18:12:33]: Lano ist gestorben. Grund: 54
[27-02-2019 19:41:49]: rufen, ist gestorben. Grund: 54
[27-02-2019 20:48:27]: CrazyGamerCG ist gestorben.
[27-02-2019 21:01:36]: EzWiN ist gestorben.
[27-02-2019 21:21:37]: NyquFX ist gestorben.
[27-02-2019 21:21:57]: luca ist gestorben.
[27-02-2019 21:22:05]: D4rkPlayZ ist gestorben.
[27-02-2019 21:22:20]: NutellaBrot ist gestorben.
[27-02-2019 21:22:35]: Keno ist gestorben.
[27-02-2019 21:22:56]: CrazyGamerCG ist gestorben.
[27-02-2019 21:26:51]: STOCK ist gestorben.
[27-02-2019 21:26:60]: luca ist gestorben. Grund: 54
[27-02-2019 21:27:16]: EzWiN ist gestorben.
[27-02-2019 23:53:29]: vinzblack ist gestorben. Grund: 54
[28-02-2019 00:06:31]: vinzblack ist gestorben. Grund: 54
[28-02-2019 00:10:07]: SchimmelBrot ist gestorben. Grund: 54
[28-02-2019 00:55:45]: LargePeach ist gestorben. Grund: 54
[28-02-2019 01:12:41]: LargePeach ist gestorben.
[28-02-2019 15:35:34]: LargePeach ist gestorben.
[28-02-2019 17:51:37]: LargePeach ist gestorben.
[28-02-2019 18:46:17]: LastAttacker71 ist gestorben. Grund: 54
[28-02-2019 19:27:24]: CrazyGamerCG ist gestorben. Grund: 54
[28-02-2019 21:16:24]: D4rkPlayZ ist gestorben.
[28-02-2019 21:48:28]: CreepyDave ist gestorben. Grund: 54
[01-03-2019 05:35:01]: Alla ist gestorben.
[01-03-2019 14:09:40]: CrazyGamerCG ist gestorben. Grund: 54
[01-03-2019 15:23:56]: CrazyGamerCG ist gestorben.
[01-03-2019 16:58:27]: Habernoxx ist gestorben.
[01-03-2019 17:58:07]: Felix123 ist gestorben.
[01-03-2019 18:37:60]: Felix123 ist gestorben.
[01-03-2019 18:47:03]: Chapo ist gestorben.
[01-03-2019 19:19:13]: CrazyGamerCG ist gestorben.
[01-03-2019 19:36:28]: xEvoliX ist gestorben.
[01-03-2019 20:23:51]: LastAttacker71 ist gestorben. Grund: 54
[01-03-2019 20:31:20]: Solid_Snake ist gestorben.
[01-03-2019 20:53:51]: xEvoliX ist gestorben. Grund: 54
[02-03-2019 01:19:01]: LargePeach ist gestorben.
[02-03-2019 15:00:46]: lameHacker73 ist gestorben. Grund: 54
[02-03-2019 16:50:22]: lameHacker73 ist gestorben.
[02-03-2019 17:42:13]: R32 ist gestorben.
[02-03-2019 20:53:53]: Dennis.Air ist gestorben.
[02-03-2019 23:38:02]: rvty ist gestorben. Grund: 54
[03-03-2019 01:02:20]: Solid_Snake ist gestorben. Grund: 54
[03-03-2019 12:24:14]: vinzblack ist gestorben.
[03-03-2019 13:54:51]: LateSpot ist gestorben.
[03-03-2019 14:38:36]: Andi97 ist gestorben.
[03-03-2019 15:19:31]: rvty ist gestorben.
[03-03-2019 17:49:48]: LastAttacker71 ist gestorben.
[03-03-2019 17:55:41]: Felix321 ist gestorben. Grund: 54
[03-03-2019 18:01:60]: BelesciSaban ist gestorben. Grund: 54
[03-03-2019 18:47:04]: Blu3Xo ist gestorben.
[03-03-2019 18:49:36]: Fore ist gestorben.
[03-03-2019 18:49:36]: Blu3Xo ist gestorben.
[03-03-2019 18:56:26]: Fore ist gestorben.
[03-03-2019 18:56:26]: Blu3Xo ist gestorben.
[03-03-2019 19:22:25]: Chapo ist gestorben.
[03-03-2019 20:01:39]: LastAttacker71 ist gestorben. Grund: 54
[03-03-2019 20:13:45]: Habernoxx ist gestorben. Grund: 54
[03-03-2019 20:21:27]: Blu3Xo ist gestorben.
[03-03-2019 21:30:52]: Fore ist gestorben. Grund: 54
[03-03-2019 22:08:03]: Lano ist gestorben. Grund: 54
[03-03-2019 23:10:35]: vinzblack ist gestorben. Grund: 54
[04-03-2019 03:06:60]: NyquFX ist gestorben.
[04-03-2019 03:19:44]: rvty ist gestorben. Grund: 54
[04-03-2019 03:55:03]: Sammy ist gestorben. Grund: 54
[04-03-2019 14:39:58]: hurN. ist gestorben.
[04-03-2019 16:38:38]: ferhatboy38 ist gestorben.
[04-03-2019 19:53:47]: Felix123 ist gestorben.
[04-03-2019 19:59:41]: Deltafrost ist gestorben.
[04-03-2019 20:44:56]: Felix123 ist gestorben.
[04-03-2019 21:05:31]: EzWiN ist gestorben.
[04-03-2019 21:05:35]: Eye ist gestorben.
[04-03-2019 21:05:36]: Felix321 ist gestorben.
[04-03-2019 21:32:29]: Habernoxx ist gestorben. Grund: 54
[04-03-2019 22:32:23]: Meliodas_Sin ist gestorben.
[05-03-2019 01:45:57]: LargePeach ist gestorben. Grund: 54
[05-03-2019 01:54:30]: LargePeach ist gestorben.
[05-03-2019 01:57:17]: LargePeach ist gestorben.
[05-03-2019 02:26:35]: vinzblack ist gestorben. Grund: 54
[05-03-2019 02:29:17]: vinzblack ist gestorben.
[05-03-2019 02:35:55]: LargePeach ist gestorben.
[05-03-2019 03:58:57]: Keno ist gestorben. Grund: 54
[05-03-2019 05:10:22]: Keno ist gestorben. Grund: 54
[05-03-2019 13:12:08]: vinzblack ist gestorben.
[05-03-2019 14:17:11]: R32 ist gestorben.
[05-03-2019 14:53:60]: R32 ist gestorben.
[05-03-2019 16:23:42]: Sikici58 ist gestorben.
[05-03-2019 16:29:52]: Ryder58 ist gestorben.
[05-03-2019 16:33:56]: Sikici58 ist gestorben.
[05-03-2019 19:33:31]: R32 ist gestorben.
[05-03-2019 20:09:37]: Sikici58 ist gestorben.
[05-03-2019 20:54:53]: Solid_Snake ist gestorben.
[05-03-2019 21:32:33]: Savage.Gamer ist gestorben.
[05-03-2019 22:01:47]: Felix123 ist gestorben.
[06-03-2019 04:57:28]: NyquFX ist gestorben. Grund: 54
[06-03-2019 14:48:20]: Luca_Jordan ist gestorben.
[06-03-2019 16:32:45]: Luca_Jordan ist gestorben. Grund: 54
[06-03-2019 16:35:54]: Kaltrin ist gestorben. Grund: 54
[06-03-2019 16:38:07]: Kaltrin ist gestorben. Grund: 54
[06-03-2019 16:38:14]: SchimmelBrot ist gestorben. Grund: 54
[06-03-2019 17:52:56]: PAiiiN ist gestorben.
[06-03-2019 17:58:10]: Fore ist gestorben.
[06-03-2019 18:17:15]: ITZbrotLP ist gestorben. Grund: 54
[06-03-2019 18:22:19]: EinsSchoki ist gestorben. Grund: 54
[06-03-2019 18:53:50]: ITZbrotLP ist gestorben. Grund: 54
[06-03-2019 18:55:27]: Savage.Gamer ist gestorben.
[06-03-2019 21:41:09]: uRAGE ist gestorben. Grund: 54
[06-03-2019 21:41:17]: Keno ist gestorben. Grund: 54
[06-03-2019 21:53:26]: Keno ist gestorben.
[06-03-2019 23:09:02]: BonezMCderEchte ist gestorben. Grund: 54
[07-03-2019 01:42:47]: LargePeach ist gestorben.
[07-03-2019 02:01:55]: Maqic.exe ist gestorben. Grund: 54
[07-03-2019 02:12:22]: LargePeach ist gestorben.
[07-03-2019 02:15:37]: SonGoku ist gestorben.
[07-03-2019 02:16:24]: Solid_Snake ist gestorben.
[07-03-2019 02:23:01]: LargePeach ist gestorben.
[07-03-2019 02:27:52]: Maqic.exe ist gestorben. Grund: 54
[07-03-2019 02:38:60]: LargePeach ist gestorben.
[07-03-2019 03:21:30]: Keno ist gestorben. Grund: 54
[07-03-2019 07:30:19]: skin ist gestorben.
[07-03-2019 15:05:51]: SchimmelBrot ist gestorben.
[07-03-2019 16:21:56]: Kelox ist gestorben. Grund: 54
[07-03-2019 16:40:38]: Keno ist gestorben.
[07-03-2019 16:41:04]: Mortza04 ist gestorben. Grund: 54
[07-03-2019 16:51:29]: SchimmelBrot ist gestorben.
[07-03-2019 17:29:57]: SchimmelBrot ist gestorben.
[07-03-2019 17:52:26]: EinsSchoki ist gestorben.
[07-03-2019 18:55:35]: vinzblack ist gestorben.
[07-03-2019 18:55:38]: Maqic.exe ist gestorben.
[07-03-2019 19:38:27]: Solid_Snake ist gestorben. Grund: 54
[07-03-2019 20:01:46]: LastAttacker71 ist gestorben.
[07-03-2019 20:01:46]: Savage.Gamer ist gestorben.
[07-03-2019 20:02:45]: Aresshio25 ist gestorben.
[07-03-2019 21:03:19]: vinzblack ist gestorben. Grund: 54
[07-03-2019 21:09:03]: SchimmelBrot ist gestorben.
[07-03-2019 21:54:55]: Flowe ist gestorben.
[07-03-2019 21:57:60]: PAiiiN ist gestorben.
[08-03-2019 02:05:60]: NyquFX ist gestorben. Grund: 54
[08-03-2019 07:49:58]: Jan1308 ist gestorben.
[08-03-2019 07:54:08]: Jan1308 ist gestorben.
[08-03-2019 07:59:57]: Jan1308 ist gestorben. Grund: 54
[08-03-2019 11:13:14]: Jan1308 ist gestorben. Grund: 54
[08-03-2019 15:21:17]: EinsSchoki ist gestorben. Grund: 54
[08-03-2019 15:22:41]: Kabo ist gestorben.
[08-03-2019 16:26:41]: Niemanden ist gestorben. Grund: 54
[08-03-2019 18:54:12]: Solid_Snake ist gestorben.
[08-03-2019 19:02:06]: Active ist gestorben.
[08-03-2019 19:09:35]: Mortza04 ist gestorben.
[08-03-2019 19:50:55]: SchimmelBrot ist gestorben.
[08-03-2019 19:54:14]: SchimmelBrot ist gestorben.
[08-03-2019 20:15:16]: vinzblack ist gestorben. Grund: 54
[08-03-2019 22:33:05]: Solid_Snake ist gestorben. Grund: 50
[09-03-2019 02:04:02]: Maqic.exe ist gestorben. Grund: 54
[09-03-2019 03:28:17]: Meliodas_Sin ist gestorben.
[09-03-2019 04:18:12]: Capo ist gestorben.
[09-03-2019 04:27:16]: Capo ist gestorben.
[09-03-2019 04:31:22]: Lelek ist gestorben.
[09-03-2019 04:35:47]: Lelek ist gestorben.
[09-03-2019 05:59:03]: Keno ist gestorben.
[09-03-2019 06:32:38]: Capo ist gestorben.
[09-03-2019 06:32:41]: Maqic.exe ist gestorben.
[09-03-2019 06:34:24]: Maqic.exe ist gestorben.
[09-03-2019 09:41:37]: Solid_Snake ist gestorben. Grund: 54
[09-03-2019 11:24:39]: LastAttacker71 ist gestorben.
[09-03-2019 12:18:51]: vinzblack ist gestorben.
[09-03-2019 12:27:43]: vinzblack ist gestorben.
[09-03-2019 14:20:25]: ITZbrotLP ist gestorben.
[09-03-2019 14:39:34]: LargePeach ist gestorben.
[09-03-2019 14:41:42]: LargePeach ist gestorben.
[09-03-2019 16:04:60]: LastAttacker71 ist gestorben.
[09-03-2019 16:05:09]: Jan1308 ist gestorben.
[09-03-2019 17:10:01]: crusher ist gestorben. Grund: 54
[09-03-2019 17:24:55]: crusher ist gestorben. Grund: 54
[09-03-2019 17:56:53]: luca ist gestorben.
[09-03-2019 17:56:53]: Sammy ist gestorben.
[09-03-2019 18:00:48]: Habernoxx ist gestorben.
[09-03-2019 19:11:03]: Meliodas_Sin ist gestorben.
[09-03-2019 19:48:46]: Aresshio25 ist gestorben.
[09-03-2019 20:04:42]: Keno ist gestorben.
[09-03-2019 20:04:42]: Sammy ist gestorben.
[09-03-2019 20:04:42]: luca ist gestorben.
[09-03-2019 21:29:14]: Sammy ist gestorben. Grund: 54
[09-03-2019 21:48:06]: Blu3Xo ist gestorben.
[09-03-2019 22:09:05]: Katox ist gestorben.
[09-03-2019 22:36:50]: uRAGE ist gestorben.
[09-03-2019 22:56:09]: Keno ist gestorben.
[10-03-2019 00:23:01]: SchimmelBrot ist gestorben.
[10-03-2019 00:36:22]: Solid_Snake ist gestorben. Grund: 54
[10-03-2019 00:54:16]: SchimmelBrot ist gestorben.
[10-03-2019 01:26:23]: LargePeach ist gestorben. Grund: 54
[10-03-2019 01:34:20]: KushHunter ist gestorben.
[10-03-2019 01:34:20]: luca ist gestorben.
[10-03-2019 01:37:48]: Lelek ist gestorben.
[10-03-2019 01:40:18]: Sammy ist gestorben.
[10-03-2019 01:40:18]: Keno ist gestorben.
[10-03-2019 01:40:18]: luca ist gestorben.
[10-03-2019 01:43:41]: luca ist gestorben.
[10-03-2019 01:47:45]: SchimmelBrot ist gestorben.
[10-03-2019 01:47:45]: luca ist gestorben.
[10-03-2019 01:51:05]: Capo ist gestorben. Grund: 54
[10-03-2019 02:04:33]: Blu3Xo ist gestorben.
[10-03-2019 02:05:54]: Keno ist gestorben. Grund: 54
[10-03-2019 02:14:29]: Sammy ist gestorben.
[10-03-2019 02:18:31]: KushHunter ist gestorben.
[10-03-2019 12:14:25]: HitmanStyleZ ist gestorben.
[10-03-2019 13:36:51]: Habernoxx ist gestorben.
[10-03-2019 13:37:06]: Active ist gestorben.
[10-03-2019 14:08:48]: Solid_Snake ist gestorben. Grund: 54
[10-03-2019 14:17:47]: Layesd_tv ist gestorben. Grund: 54
[10-03-2019 14:42:22]: Active ist gestorben.
[10-03-2019 14:42:22]: R32 ist gestorben.
[10-03-2019 14:43:54]: Layesd_tv ist gestorben.
[10-03-2019 14:48:24]: Solid_Snake ist gestorben.
[10-03-2019 15:59:50]: LargePeach ist gestorben.
[10-03-2019 16:35:28]: Lelek ist gestorben.
[10-03-2019 17:59:29]: uRAGE ist gestorben. Grund: 54
[10-03-2019 18:39:38]: Keno ist gestorben.
[10-03-2019 18:46:39]: Blu3Xo ist gestorben. Grund: 54
[10-03-2019 18:53:50]: crusher ist gestorben. Grund: 54
[10-03-2019 19:35:03]: Luca_Jordan ist gestorben. Grund: 54
[10-03-2019 19:38:15]: SchimmelBrot ist gestorben. Grund: 54
[10-03-2019 19:38:15]: Jan1308 ist gestorben. Grund: 54
[10-03-2019 19:38:20]: KushHunter ist gestorben. Grund: 54
[10-03-2019 19:45:58]: Jan1308 ist gestorben.
[10-03-2019 19:54:07]: Jan1308 ist gestorben.
[10-03-2019 20:14:46]: uRAGE ist gestorben. Grund: 54
[10-03-2019 20:26:40]: uRAGE ist gestorben.
[10-03-2019 21:24:26]: Blu3Xo ist gestorben. Grund: 54
[10-03-2019 22:51:06]: MightyTrucker23 ist gestorben. Grund: 54
[10-03-2019 23:07:49]: Lelek ist gestorben.
[10-03-2019 23:07:50]: crusher ist gestorben.
[10-03-2019 23:45:58]: Lelek ist gestorben. Grund: 54
[10-03-2019 23:45:58]: crusher ist gestorben. Grund: 54
[10-03-2019 23:45:60]: Dark ist gestorben.
[10-03-2019 23:53:02]: crusher ist gestorben. Grund: 54
[10-03-2019 23:57:08]: Lelek ist gestorben.
[11-03-2019 00:33:28]: Triguano ist gestorben.
[11-03-2019 00:33:34]: Woschi123 ist gestorben.
[11-03-2019 00:54:14]: Triguano ist gestorben.
[11-03-2019 02:40:52]: KushHunter ist gestorben.
[11-03-2019 12:18:27]: LastAttacker71 ist gestorben.
[11-03-2019 12:54:29]: iLimix ist gestorben.
[11-03-2019 13:01:07]: iLimix ist gestorben.
[11-03-2019 13:44:46]: Triguano ist gestorben.
[11-03-2019 14:27:11]: n0pe ist gestorben.
[11-03-2019 14:44:40]: n0pe ist gestorben.
[11-03-2019 14:44:44]: LastAttacker71 ist gestorben.
[11-03-2019 15:25:45]: Vedetto ist gestorben. Grund: 54
[11-03-2019 15:55:38]: KushHunter ist gestorben.
[11-03-2019 15:55:38]: crusher ist gestorben.
[11-03-2019 15:55:38]: Dark ist gestorben.
[11-03-2019 16:05:01]: Vedetto ist gestorben.
[11-03-2019 16:46:19]: SchimmelBrot ist gestorben.
[11-03-2019 16:52:33]: Kabo ist gestorben. Grund: 54
[11-03-2019 17:16:47]: Sammy ist gestorben.
[11-03-2019 17:37:38]: NyquFX ist gestorben.
[11-03-2019 17:54:48]: NyquFX ist gestorben.
[11-03-2019 18:56:04]: iLimix ist gestorben.
[11-03-2019 19:13:56]: iLimix ist gestorben.
[11-03-2019 19:33:15]: FELIX ist gestorben.
[11-03-2019 19:33:15]: Zorro ist gestorben.
[11-03-2019 19:33:15]: Blu3Xo ist gestorben.
[11-03-2019 19:37:21]: Andi97 ist gestorben.
[11-03-2019 20:59:21]: Katox ist gestorben.
[11-03-2019 22:24:32]: Nora ist gestorben.
[11-03-2019 23:12:49]: Capo ist gestorben. Grund: 54
[11-03-2019 23:26:36]: Woschi123 ist gestorben. Grund: 54
[12-03-2019 01:37:29]: XioN. ist gestorben.
[12-03-2019 13:41:55]: luca ist gestorben. Grund: 54
[12-03-2019 14:11:51]: LastAttacker71 ist gestorben. Grund: 54
[12-03-2019 14:35:33]: vinzblack ist gestorben.
[12-03-2019 14:47:06]: Luca_Jordan ist gestorben. Grund: 54
[12-03-2019 14:47:16]: vinzblack ist gestorben. Grund: 54
[12-03-2019 15:49:54]: Luca_Jordan ist gestorben. Grund: 54
[12-03-2019 17:13:27]: Keno ist gestorben.
[12-03-2019 17:28:10]: luca ist gestorben. Grund: 54
[12-03-2019 17:40:28]: Jan1308 ist gestorben.
[12-03-2019 17:51:51]: Solid_Snake ist gestorben.
[12-03-2019 20:15:28]: luca ist gestorben. Grund: 54
[12-03-2019 21:28:25]: luca ist gestorben. Grund: 54
[12-03-2019 22:33:60]: Keno ist gestorben. Grund: 54
[12-03-2019 22:34:21]: LastAttacker71 ist gestorben.
[12-03-2019 22:49:49]: NyquFX ist gestorben.
[12-03-2019 23:06:59]: Sammy ist gestorben. Grund: 54
[12-03-2019 23:58:11]: KushHunter ist gestorben. Grund: 54
[13-03-2019 00:02:15]: KushHunter ist gestorben. Grund: 54
[13-03-2019 00:25:36]: KushHunter ist gestorben.
[13-03-2019 03:05:40]: Capo ist gestorben.
[13-03-2019 03:51:11]: Keno ist gestorben.
[13-03-2019 04:37:58]: Capo ist gestorben.
[13-03-2019 04:41:58]: Capo ist gestorben. Grund: 54
[13-03-2019 05:53:35]: Keno ist gestorben.
[13-03-2019 07:12:25]: Capo ist gestorben.
[13-03-2019 11:26:18]: Solid_Snake ist gestorben.
[13-03-2019 11:29:38]: Solid_Snake ist gestorben.
[13-03-2019 11:39:56]: Capo ist gestorben.
[13-03-2019 15:41:38]: LastAttacker71 ist gestorben. Grund: 54
[13-03-2019 19:32:42]: Chapo ist gestorben.
[14-03-2019 07:02:25]: Bilal.Agabey ist gestorben.
[14-03-2019 18:06:59]: NooFunk ist gestorben.
[14-03-2019 18:33:45]: Capo ist gestorben.
[14-03-2019 19:06:45]: Bilal.Agabey ist gestorben. Grund: 54
[14-03-2019 20:17:53]: XioN. ist gestorben. Grund: 54
[15-03-2019 12:10:06]: vinzblack ist gestorben.
[15-03-2019 12:10:19]: Maqic.exe ist gestorben.
[15-03-2019 16:23:17]: Russ_Daniel74 ist gestorben.
[15-03-2019 18:02:02]: Meliodas_Sin ist gestorben. Grund: 54
[15-03-2019 18:02:02]: XioN. ist gestorben. Grund: 54
[15-03-2019 22:14:42]: LastAttacker71 ist gestorben.
[15-03-2019 22:19:09]: R32 ist gestorben.
[15-03-2019 22:19:12]: Solid_Snake ist gestorben.
[15-03-2019 22:35:12]: R32 ist gestorben.
[15-03-2019 22:42:43]: Solid_Snake ist gestorben.
[15-03-2019 22:46:47]: R32 ist gestorben.
[15-03-2019 22:46:50]: Solid_Snake ist gestorben.
[15-03-2019 23:38:56]: Layesd_tv ist gestorben.
[15-03-2019 23:39:18]: Solid_Snake ist gestorben.
[15-03-2019 23:41:04]: Layesd_tv ist gestorben.
[15-03-2019 23:41:07]: Solid_Snake ist gestorben.
[16-03-2019 01:00:05]: Solid_Snake ist gestorben.
[16-03-2019 15:21:19]: vinzblack ist gestorben.
[16-03-2019 15:21:22]: LargePeach ist gestorben.
[16-03-2019 15:21:27]: Layesd_tv ist gestorben.
[16-03-2019 15:21:30]: Solid_Snake ist gestorben.
[16-03-2019 15:27:13]: LargePeach ist gestorben.
[16-03-2019 15:27:18]: Layesd_tv ist gestorben.
[16-03-2019 16:58:06]: LargePeach ist gestorben.
[16-03-2019 21:02:29]: LargePeach ist gestorben.
[16-03-2019 21:02:31]: vinzblack ist gestorben.
[16-03-2019 21:29:49]: vinzblack ist gestorben.
[16-03-2019 21:35:05]: Jan1308 ist gestorben. Grund: 54
[16-03-2019 21:35:08]: iLimix ist gestorben. Grund: 54
[16-03-2019 21:35:08]: LargePeach ist gestorben. Grund: 54
[17-03-2019 15:07:16]: Solid_Snake ist gestorben.
[17-03-2019 18:12:49]: uRAGE ist gestorben.
[17-03-2019 18:22:43]: Solid_Snake ist gestorben.
[18-03-2019 22:27:54]: vinzblack ist gestorben.
[19-03-2019 23:15:15]: xEvoliX ist gestorben. Grund: 54
