[13-12-2018 20:28:51]: Fahrzeug von serpan06 ( 1 ) wurde zerstoert. | Modell: 402 |
[15-12-2018 23:01:59]: Fahrzeug von Fore ( 1 ) wurde zerstoert. | Modell: 581 |
[19-02-2019 23:12:11]: Fahrzeug von xEvoliX ( 4 ) wurde zerstoert. | Modell: 451 |
[27-02-2019 16:20:03]: Fahrzeug von Kontra143 ( 2 ) wurde zerstoert. | Modell: 415 |
[27-02-2019 20:48:27]: Fahrzeug von CrazyGamerCG ( 3 ) wurde zerstoert. | Modell: 411 |
[28-02-2019 19:27:30]: Fahrzeug von Jerusalem ( 1 ) wurde zerstoert. | Modell: 522 |
[01-03-2019 13:07:19]: Fahrzeug von Habernoxx ( 1 ) wurde zerstoert. | Modell: 415 |
[01-03-2019 21:24:58]: Fahrzeug von R32 ( 1 ) wurde zerstoert. | Modell: 507 |
[02-03-2019 13:53:15]: Fahrzeug von Chapo ( 1 ) wurde zerstoert. | Modell: 411 |
[03-03-2019 13:46:22]: Fahrzeug von Andi97 ( 1 ) wurde zerstoert. | Modell: 507 |
[03-03-2019 13:54:51]: Fahrzeug von LateSpot ( 1 ) wurde zerstoert. | Modell: 587 |
[03-03-2019 14:38:36]: Fahrzeug von Andi97 ( 1 ) wurde zerstoert. | Modell: 587 |
[03-03-2019 21:15:36]: Fahrzeug von Cyb3rClown ( 1 ) wurde zerstoert. | Modell: 559 |
[04-03-2019 14:39:57]: Fahrzeug von hurN. ( 1 ) wurde zerstoert. | Modell: 550 |
[04-03-2019 19:41:41]: Fahrzeug von Solid_Snake ( 1 ) wurde zerstoert. | Modell: 411 |
[05-03-2019 13:12:08]: Fahrzeug von vinzblack ( 4 ) wurde zerstoert. | Modell: 469 |
[05-03-2019 16:45:21]: Fahrzeug von Sikici58 ( 1 ) wurde zerstoert. | Modell: 507 |
[05-03-2019 21:32:32]: Fahrzeug von Savage.Gamer ( 1 ) wurde zerstoert. | Modell: 507 |
[05-03-2019 22:04:12]: Fahrzeug von Savage.Gamer ( 1 ) wurde zerstoert. | Modell: 541 |
[06-03-2019 14:29:30]: Fahrzeug von L1B3R0_ASR ( 1 ) wurde zerstoert. | Modell: 475 |
[06-03-2019 20:38:31]: Fahrzeug von Aresshio25 ( 3 ) wurde zerstoert. | Modell: 411 |
[07-03-2019 15:05:51]: Fahrzeug von SchimmelBrot ( 2 ) wurde zerstoert. | Modell: 522 |
[07-03-2019 22:15:53]: Fahrzeug von Solid_Snake ( 4 ) wurde zerstoert. | Modell: 559 |
[09-03-2019 22:09:05]: Fahrzeug von Katox ( 1 ) wurde zerstoert. | Modell: 522 |
[09-03-2019 23:36:41]: Fahrzeug von Decus. ( 1 ) wurde zerstoert. | Modell: 411 |
[10-03-2019 13:36:51]: Fahrzeug von Habernoxx ( 1 ) wurde zerstoert. | Modell: 415 |
[10-03-2019 14:42:22]: Fahrzeug von Active ( 2 ) wurde zerstoert. | Modell: 593 |
[10-03-2019 14:42:22]: Fahrzeug von R32 ( 3 ) wurde zerstoert. | Modell: 519 |
[10-03-2019 14:43:54]: Fahrzeug von Layesd_tv ( 3 ) wurde zerstoert. | Modell: 593 |
[10-03-2019 14:48:24]: Fahrzeug von Solid_Snake ( 3 ) wurde zerstoert. | Modell: 593 |
[11-03-2019 00:33:28]: Fahrzeug von Triguano ( 3 ) wurde zerstoert. | Modell: 469 |
[11-03-2019 12:18:27]: Fahrzeug von LastAttacker71 ( 3 ) wurde zerstoert. | Modell: 487 |
[11-03-2019 15:20:35]: Fahrzeug von Vedetto ( 1 ) wurde zerstoert. | Modell: 415 |
[12-03-2019 14:35:33]: Fahrzeug von vinzblack ( 4 ) wurde zerstoert. | Modell: 593 |
[14-03-2019 07:02:25]: Fahrzeug von Bilal.Agabey ( 1 ) wurde zerstoert. | Modell: 560 |
[15-03-2019 16:23:17]: Fahrzeug von Russ_Daniel74 ( 3 ) wurde zerstoert. | Modell: 467 |
[16-03-2019 21:02:07]: Fahrzeug von Solid_Snake ( 2 ) wurde zerstoert. | Modell: 560 |
[18-03-2019 22:27:54]: Fahrzeug von xEvoliX ( 2 ) wurde zerstoert. | Modell: 560 |
