[10-12-2018 17:58:44]: Slowman hat 15000 $, 0 Gramm Drogen und 0 Materialien aus dem Depot genommen.
[10-12-2018 18:20:02]: Slowman hat 500 $, 0 Gramm Drogen und 0 Materialien aus dem Depot genommen.
[11-12-2018 15:10:03]: FELIX hat 65000 $, 0 Gramm Drogen und 0 Materialien aus dem Depot genommen.
[11-12-2018 20:52:28]: Slowman hat 30000 $, 0 Gramm Drogen und 0 Materialien aus dem Depot genommen.
[11-12-2018 20:52:40]: Slowman hat 50000 $, 0 Gramm Drogen und 0 Materialien aus dem Depot genommen.
[11-12-2018 21:27:32]: Slowman hat 5000 $, 0 Gramm Drogen und 0 Materialien aus dem Depot genommen.
[11-12-2018 21:27:51]: Slowman hat 4000 $, 0 Gramm Drogen, 0 Materialien und 0 Kokain in das Depot gelegt.
[11-12-2018 22:31:28]: Slowman hat 50000 $, 0 Gramm Drogen und 0 Materialien aus dem Depot genommen.
[12-12-2018 13:38:40]: LargePeach hat 12000 $ aus der Staatskasse genommen.
[12-12-2018 13:58:60]: LargePeach hat 80000 $ aus der Staatskasse genommen.
[12-12-2018 14:45:46]: Blu3Xo hat 10000 $, 0 Gramm Drogen, 0 Materialien und 0 Kokain in das Depot gelegt.
[12-12-2018 14:45:55]: Kabo hat 25000 $, 0 Gramm Drogen, 0 Materialien und 0 Kokain in das Depot gelegt.
[12-12-2018 14:59:13]: Kabo hat 0 $, 1500 Gramm Drogen, 0 Materialien und 0 Kokain in das Depot gelegt.
[12-12-2018 15:11:04]: Exo_Ghost hat 0 $, 0 Gramm Drogen, 0 Materialien und 1000 Kokain in das Depot gelegt.
[12-12-2018 15:32:53]: Nordmann hat 1000 $, 0 Gramm Drogen und 0 Materialien aus dem Depot genommen.
[12-12-2018 18:43:27]: Haftbefehl. hat 64000 $, 0 Gramm Drogen und 0 Materialien aus dem Depot genommen.
[12-12-2018 18:51:53]: Slowman hat 81200 $, 0 Gramm Drogen und 0 Materialien aus dem Depot genommen.
[12-12-2018 21:16:37]: Nordmann hat 40000 $, 0 Gramm Drogen und 0 Materialien aus dem Depot genommen.
[13-12-2018 18:10:48]: dvniel838 hat 6000 $, 0 Gramm Drogen und 0 Materialien aus dem Depot genommen.
[13-12-2018 18:11:01]: dvniel838 hat 6000 $, 0 Gramm Drogen, 0 Materialien und 0 Kokain in das Depot gelegt.
[13-12-2018 18:11:17]: dvniel838 hat 1967 $, 0 Gramm Drogen, 0 Materialien und 0 Kokain in das Depot gelegt.
[13-12-2018 19:23:10]: Slowman hat 80000 $, 0 Gramm Drogen und 0 Materialien aus dem Depot genommen.
[14-12-2018 15:29:59]: RudeL hat 27000 $, 0 Gramm Drogen und 0 Materialien aus dem Depot genommen.
[14-12-2018 16:48:19]: RudeL hat 3000 $, 0 Gramm Drogen und 0 Materialien aus dem Depot genommen.
[14-12-2018 16:49:42]: Dublin hat 30000 $ aus der Staatskasse genommen.
[14-12-2018 16:49:47]: Dublin hat 1755 $ aus der Staatskasse genommen.
[14-12-2018 16:50:35]: RudeL hat 3000 $, 0 Gramm Drogen, 0 Materialien und 0 Kokain in das Depot gelegt.
[14-12-2018 16:59:30]: laNo- hat 0 $, 1650 Gramm Drogen und 0 Materialien aus dem Depot genommen.
[14-12-2018 18:44:28]: RudeL hat 1000 $, 0 Gramm Drogen und 0 Materialien aus dem Depot genommen.
[14-12-2018 19:00:12]: RudeL hat 10000 $, 0 Gramm Drogen, 0 Materialien und 0 Kokain in das Depot gelegt.
[14-12-2018 19:00:21]: RudeL hat 3900 $, 0 Gramm Drogen, 0 Materialien und 0 Kokain in das Depot gelegt.
[14-12-2018 20:50:16]: Nordmann hat 45000 $, 0 Gramm Drogen und 0 Materialien aus dem Depot genommen.
[15-12-2018 00:00:34]: laNo- hat 15820 $, 0 Gramm Drogen und 0 Materialien aus dem Depot genommen.
[15-12-2018 00:00:38]: laNo- hat 0 $, 300 Gramm Drogen und 0 Materialien aus dem Depot genommen.
[15-12-2018 01:27:09]: xHiraShisuix hat 5000 $, 0 Gramm Drogen und 0 Materialien aus dem Depot genommen.
[15-12-2018 01:27:35]: xHiraShisuix hat 10000 $, 0 Gramm Drogen und 0 Materialien aus dem Depot genommen.
[15-12-2018 01:27:39]: xHiraShisuix hat 50000 $, 0 Gramm Drogen und 0 Materialien aus dem Depot genommen.
[15-12-2018 01:42:41]: Exo_Ghost hat 0 $, 45 Gramm Drogen, 0 Materialien und 0 Kokain in das Depot gelegt.
[15-12-2018 02:26:30]: Exo_Ghost hat 995 $, 0 Gramm Drogen und 0 Materialien aus dem Depot genommen.
[15-12-2018 12:13:06]: RudeL hat 9000 $, 0 Gramm Drogen, 0 Materialien und 0 Kokain in das Depot gelegt.
[15-12-2018 14:24:25]: RudeL hat 4500 $, 0 Gramm Drogen, 0 Materialien und 0 Kokain in das Depot gelegt.
[15-12-2018 14:43:11]: RudeL hat 4000 $, 0 Gramm Drogen, 0 Materialien und 0 Kokain in das Depot gelegt.
[15-12-2018 16:14:11]: Blu3Xo hat 90000 $, 0 Gramm Drogen und 0 Materialien aus dem Depot genommen.
[15-12-2018 16:14:16]: Blu3Xo hat 0 $, 0 Gramm Drogen und 21000 Materialien aus dem Depot genommen.
[15-12-2018 16:14:22]: Blu3Xo hat 0 $, 3300 Gramm Drogen und 0 Materialien aus dem Depot genommen.
[15-12-2018 16:21:15]: Blu3Xo hat 0 $, 0 Gramm Drogen, 21000 Materialien und 0 Kokain in das Depot gelegt.
[15-12-2018 16:21:21]: Blu3Xo hat 0 $, 3300 Gramm Drogen, 0 Materialien und 0 Kokain in das Depot gelegt.
[15-12-2018 16:22:52]: Nordmann hat 20000 $, 0 Gramm Drogen und 0 Materialien aus dem Depot genommen.
[15-12-2018 16:25:52]: laNo- hat 1500 $, 0 Gramm Drogen und 0 Materialien aus dem Depot genommen.
[15-12-2018 16:41:23]: laNo- hat 5000 $, 0 Gramm Drogen und 0 Materialien aus dem Depot genommen.
[15-12-2018 16:51:50]: laNo- hat 9000 $, 0 Gramm Drogen und 0 Materialien aus dem Depot genommen.
[15-12-2018 19:26:04]: Nordmann hat 15000 $, 0 Gramm Drogen und 0 Materialien aus dem Depot genommen.
[15-12-2018 19:56:04]: Viper.exe hat 20000 $, 4250 Gramm Drogen und 0 Materialien aus dem Depot genommen.
[15-12-2018 20:11:19]: laNo- hat 5000 $, 0 Gramm Drogen und 0 Materialien aus dem Depot genommen.
[15-12-2018 21:15:38]: RudeL hat 9900 $, 0 Gramm Drogen, 0 Materialien und 0 Kokain in das Depot gelegt.
[15-12-2018 21:17:06]: Kabo hat 1 $, 0 Gramm Drogen und 0 Materialien aus dem Depot genommen.
[15-12-2018 21:17:12]: Undergrinder hat 1 $, 0 Gramm Drogen, 0 Materialien und 0 Kokain in das Depot gelegt.
[15-12-2018 21:17:15]: Undergrinder hat 1 $, 0 Gramm Drogen, 0 Materialien und 0 Kokain in das Depot gelegt.
[15-12-2018 21:17:26]: FELIX hat 1 $, 0 Gramm Drogen und 0 Materialien aus dem Depot genommen.
[15-12-2018 21:17:27]: Kabo hat 1 $, 0 Gramm Drogen und 0 Materialien aus dem Depot genommen.
[15-12-2018 21:17:36]: Kabo hat 94 $, 0 Gramm Drogen und 0 Materialien aus dem Depot genommen.
[15-12-2018 21:17:41]: Kabo hat 0 $, 100 Gramm Drogen und 50 Materialien aus dem Depot genommen.
[15-12-2018 21:18:03]: Kabo hat 1900 $, 0 Gramm Drogen, 0 Materialien und 0 Kokain in das Depot gelegt.
[15-12-2018 21:18:11]: Kabo hat 0 $, 100 Gramm Drogen, 50 Materialien und 0 Kokain in das Depot gelegt.
[15-12-2018 21:37:11]: RudeL hat 3000 $, 0 Gramm Drogen, 0 Materialien und 0 Kokain in das Depot gelegt.
[15-12-2018 21:45:30]: Exo_Ghost hat 1500 $, 0 Gramm Drogen und 0 Materialien aus dem Depot genommen.
[15-12-2018 21:51:31]: Exo_Ghost hat 3000 $, 0 Gramm Drogen und 0 Materialien aus dem Depot genommen.
[15-12-2018 22:08:29]: RudeL hat 8000 $, 0 Gramm Drogen und 0 Materialien aus dem Depot genommen.
[15-12-2018 22:12:33]: RudeL hat 5000 $, 0 Gramm Drogen und 0 Materialien aus dem Depot genommen.
[15-12-2018 22:12:56]: laNo- hat 5000 $, 0 Gramm Drogen und 0 Materialien aus dem Depot genommen.
[15-12-2018 22:13:08]: RudeL hat 65000 $, 0 Gramm Drogen und 0 Materialien aus dem Depot genommen.
[15-12-2018 22:21:28]: Kabo hat 17000 $, 0 Gramm Drogen, 0 Materialien und 0 Kokain in das Depot gelegt.
[15-12-2018 22:58:43]: Nordmann hat 15000 $, 0 Gramm Drogen, 0 Materialien und 0 Kokain in das Depot gelegt.
[15-12-2018 23:04:51]: EdMean hat 0 $, 0 Gramm Drogen, 20 Materialien und 0 Kokain in das Depot gelegt.
[15-12-2018 23:59:19]: Viper.exe hat 5000 $, 0 Gramm Drogen und 0 Materialien aus dem Depot genommen.
[15-12-2018 23:59:25]: Viper.exe hat 2500 $, 0 Gramm Drogen, 0 Materialien und 0 Kokain in das Depot gelegt.
[16-12-2018 00:28:53]: laNo- hat 5000 $, 0 Gramm Drogen und 0 Materialien aus dem Depot genommen.
[16-12-2018 04:22:41]: laNo- hat 15000 $, 0 Gramm Drogen und 0 Materialien aus dem Depot genommen.
[16-12-2018 04:22:47]: laNo- hat 0 $, 1000 Gramm Drogen und 0 Materialien aus dem Depot genommen.
[16-12-2018 12:09:24]: Haftbefehl. hat 1000 $, 0 Gramm Drogen und 0 Materialien aus dem Depot genommen.
[16-12-2018 12:35:23]: Haftbefehl. hat 200 $, 0 Gramm Drogen und 0 Materialien aus dem Depot genommen.
[16-12-2018 12:35:29]: Haftbefehl. hat 100 $, 0 Gramm Drogen und 0 Materialien aus dem Depot genommen.
[16-12-2018 14:00:24]: Haftbefehl. hat 1000 $, 0 Gramm Drogen und 0 Materialien aus dem Depot genommen.
[16-12-2018 14:24:06]: FELIX hat 5000 $, 0 Gramm Drogen und 0 Materialien aus dem Depot genommen.
[16-12-2018 16:07:59]: laNo- hat 5000 $, 0 Gramm Drogen und 0 Materialien aus dem Depot genommen.
[16-12-2018 16:29:20]: laNo- hat 10000 $, 0 Gramm Drogen und 0 Materialien aus dem Depot genommen.
[16-12-2018 19:18:01]: RudeL hat 0 $, 65 Gramm Drogen, 0 Materialien und 0 Kokain in das Depot gelegt.
[16-12-2018 19:56:05]: laNo- hat 43000 $, 0 Gramm Drogen und 0 Materialien aus dem Depot genommen.
[16-12-2018 20:01:44]: Nordmann hat 60000 $, 0 Gramm Drogen und 0 Materialien aus dem Depot genommen.
[16-12-2018 20:10:60]: FELIX hat 0 $, 2000 Gramm Drogen und 0 Materialien aus dem Depot genommen.
[16-12-2018 20:32:08]: FELIX hat 5000 $, 0 Gramm Drogen, 0 Materialien und 0 Kokain in das Depot gelegt.
[16-12-2018 20:32:14]: Undergrinder hat 5000 $, 0 Gramm Drogen, 0 Materialien und 0 Kokain in das Depot gelegt.
[16-12-2018 20:33:47]: FELIX hat 7000 $, 0 Gramm Drogen, 0 Materialien und 0 Kokain in das Depot gelegt.
[16-12-2018 21:25:53]: Undergrinder hat 10000 $, 0 Gramm Drogen, 0 Materialien und 0 Kokain in das Depot gelegt.
[17-12-2018 03:12:35]: Kabo hat 10000 $, 0 Gramm Drogen, 0 Materialien und 0 Kokain in das Depot gelegt.
[17-12-2018 16:53:05]: Undergrinder hat 10000 $, 0 Gramm Drogen, 0 Materialien und 0 Kokain in das Depot gelegt.
[18-12-2018 14:34:19]: Kabo hat 1000 $, 0 Gramm Drogen und 0 Materialien aus dem Depot genommen.
[18-12-2018 14:34:38]: Kabo hat 45000 $, 0 Gramm Drogen und 0 Materialien aus dem Depot genommen.
[18-12-2018 17:46:22]: Nordmann hat 3000 $, 0 Gramm Drogen, 0 Materialien und 0 Kokain in das Depot gelegt.
[18-12-2018 18:07:30]: Nordmann hat 20000 $, 0 Gramm Drogen und 0 Materialien aus dem Depot genommen.
[18-12-2018 19:12:24]: FELIX hat 15500 $, 0 Gramm Drogen und 0 Materialien aus dem Depot genommen.
[18-12-2018 19:12:29]: FELIX hat 15000 $, 0 Gramm Drogen und 0 Materialien aus dem Depot genommen.
[18-12-2018 19:12:37]: FELIX hat 30000 $, 0 Gramm Drogen, 0 Materialien und 0 Kokain in das Depot gelegt.
[19-12-2018 19:21:42]: Undergrinder hat 0 $, 1449 Gramm Drogen, 0 Materialien und 0 Kokain in das Depot gelegt.
[20-12-2018 14:39:45]: Jakob_Platz hat 37000 $, 0 Gramm Drogen und 0 Materialien aus dem Depot genommen.
[20-12-2018 22:13:17]: Undergrinder hat 0 $, 0 Gramm Drogen, 0 Materialien und 1000 Kokain in das Depot gelegt.
[20-12-2018 22:13:28]: Undergrinder hat 0 $, 538 Gramm Drogen, 0 Materialien und 0 Kokain in das Depot gelegt.
[19-02-2019 23:54:60]: vinzblack hat 66300 $, 0 Gramm Drogen und 0 Materialien aus dem Depot genommen.
[22-02-2019 03:03:37]: vinzblack hat 10037656 $, 0 Gramm Drogen, 0 Materialien und 0 Kokain in das Depot gelegt.
[25-02-2019 04:35:57]: vinzblack hat 1000000 $, 0 Gramm Drogen, 0 Materialien und 0 Kokain in das Depot gelegt.
[25-02-2019 04:36:17]: vinzblack hat 10000000 $, 0 Gramm Drogen, 0 Materialien und 0 Kokain in das Depot gelegt.
[25-02-2019 21:58:11]: Solid_Snake hat 0 $, 0 Gramm Drogen und 100 Materialien aus dem Depot genommen.
[26-02-2019 20:30:10]: LastAttacker71 hat 0 $, 0 Gramm Drogen und 0 Materialien aus dem Depot genommen.
[26-02-2019 20:30:13]: LastAttacker71 hat 0 $, 100 Gramm Drogen und 0 Materialien aus dem Depot genommen.
[26-02-2019 21:05:04]: LastAttacker71 hat 0 $, 0 Gramm Drogen und 0 Materialien aus dem Depot genommen.
[26-02-2019 21:05:08]: LastAttacker71 hat 0 $, 100 Gramm Drogen und 0 Materialien aus dem Depot genommen.
[26-02-2019 21:44:03]: vinzblack hat 2000 $, 0 Gramm Drogen und 0 Materialien aus dem Depot genommen.
[26-02-2019 23:10:44]: ButterBrot hat 3500 $, 0 Gramm Drogen und 0 Materialien aus dem Depot genommen.
[26-02-2019 23:10:47]: ButterBrot hat 35000 $, 0 Gramm Drogen, 0 Materialien und 0 Kokain in das Depot gelegt.
[26-02-2019 23:10:50]: ButterBrot hat 3000 $, 0 Gramm Drogen, 0 Materialien und 0 Kokain in das Depot gelegt.
[27-02-2019 01:12:01]: vinzblack hat 0 $, 0 Gramm Drogen, 0 Materialien und 1000 Kokain in das Depot gelegt.
[27-02-2019 01:12:15]: vinzblack hat 0 $, 3 Gramm Drogen, 0 Materialien und 0 Kokain in das Depot gelegt.
[27-02-2019 01:12:43]: vinzblack hat 295 $, 0 Gramm Drogen und 0 Materialien aus dem Depot genommen.
[27-02-2019 01:12:51]: vinzblack hat 2000 $, 0 Gramm Drogen, 0 Materialien und 0 Kokain in das Depot gelegt.
[27-02-2019 01:12:57]: vinzblack hat 5000 $, 0 Gramm Drogen, 0 Materialien und 0 Kokain in das Depot gelegt.
[27-02-2019 01:18:12]: vinzblack hat 0 $, 3 Gramm Drogen und 0 Materialien aus dem Depot genommen.
[27-02-2019 01:18:28]: vinzblack hat 0 $, 3 Gramm Drogen, 0 Materialien und 0 Kokain in das Depot gelegt.
[27-02-2019 01:18:49]: Solid_Snake hat 0 $, 10 Gramm Drogen und 10 Materialien aus dem Depot genommen.
[27-02-2019 01:19:24]: Solid_Snake hat 0 $, 10 Gramm Drogen, 10 Materialien und 10 Kokain in das Depot gelegt.
[27-02-2019 01:35:36]: vinzblack hat 0 $, 0 Gramm Drogen und 0 Materialien aus dem Depot genommen.
[27-02-2019 01:35:47]: vinzblack hat 0 $, 0 Gramm Drogen, 0 Materialien und 1000 Kokain in das Depot gelegt.
[27-02-2019 01:35:52]: vinzblack hat 0 $, 0 Gramm Drogen und 0 Materialien aus dem Depot genommen.
[27-02-2019 01:41:06]: vinzblack hat 0 $, 0 Gramm Drogen und 0 Materialien aus dem Depot genommen.
[27-02-2019 01:44:24]: vinzblack hat 30000 $, 0 Gramm Drogen, 0 Materialien und 0 Kokain in das Depot gelegt.
[27-02-2019 01:54:42]: vinzblack hat 0 $, 253 Gramm Drogen und 0 Materialien aus dem Depot genommen.
[27-02-2019 04:13:28]: Solid_Snake hat 1 $ in die Staatskasse gezahlt.
[27-02-2019 04:19:20]: Solid_Snake hat 0 $, 0 Gramm Drogen und 11 Materialien aus dem Depot genommen.
[27-02-2019 04:19:39]: Solid_Snake hat 0 $, 0 Gramm Drogen und 1 Materialien aus dem Depot genommen.
[27-02-2019 04:19:52]: LargePeach hat 45000 $, 0 Gramm Drogen und 0 Materialien aus dem Depot genommen.
[27-02-2019 04:21:57]: Solid_Snake hat 0 $, 0 Gramm Drogen, 11 Materialien und 0 Kokain in das Depot gelegt.
[27-02-2019 04:22:25]: Solid_Snake hat 0 $, 0 Gramm Drogen, 1 Materialien und 0 Kokain in das Depot gelegt.
[27-02-2019 11:59:31]: rvty hat 77 $, 0 Gramm Drogen, 0 Materialien und 0 Kokain in das Depot gelegt.
[27-02-2019 16:07:06]: luca hat 0 $, 0 Gramm Drogen und 0 Materialien aus dem Depot genommen.
[27-02-2019 16:09:13]: luca hat 1000 $, 0 Gramm Drogen, 0 Materialien und 0 Kokain in das Depot gelegt.
[27-02-2019 18:44:46]: Keno hat 5555 $, 0 Gramm Drogen und 0 Materialien aus dem Depot genommen.
[27-02-2019 20:46:43]: vinzblack hat 0 $, 33 Gramm Drogen, 0 Materialien und 0 Kokain in das Depot gelegt.
[27-02-2019 21:47:18]: rvty hat 129 $, 0 Gramm Drogen, 0 Materialien und 0 Kokain in das Depot gelegt.
[27-02-2019 21:47:33]: luca hat 5000 $, 0 Gramm Drogen, 0 Materialien und 0 Kokain in das Depot gelegt.
[27-02-2019 21:48:02]: rvty hat 5000 $, 0 Gramm Drogen, 0 Materialien und 0 Kokain in das Depot gelegt.
[27-02-2019 21:48:33]: Keno hat 5000 $, 0 Gramm Drogen und 0 Materialien aus dem Depot genommen.
[27-02-2019 21:48:33]: Keno hat 5000 $, 0 Gramm Drogen, 0 Materialien und 0 Kokain in das Depot gelegt.
[27-02-2019 21:48:45]: Keno hat 5000 $, 0 Gramm Drogen, 0 Materialien und 0 Kokain in das Depot gelegt.
[27-02-2019 23:45:34]: rvty hat 5000 $, 0 Gramm Drogen, 0 Materialien und 0 Kokain in das Depot gelegt.
[28-02-2019 00:15:16]: Keno hat 0 $, 2111 Gramm Drogen, 0 Materialien und 0 Kokain in das Depot gelegt.
[28-02-2019 00:15:27]: Keno hat 0 $, 308 Gramm Drogen, 0 Materialien und 0 Kokain in das Depot gelegt.
[28-02-2019 01:09:09]: vinzblack hat 0 $, 71 Gramm Drogen, 0 Materialien und 0 Kokain in das Depot gelegt.
[28-02-2019 01:26:02]: LargePeach hat 10000 $, 0 Gramm Drogen, 0 Materialien und 0 Kokain in das Depot gelegt.
[28-02-2019 03:55:44]: Solid_Snake hat 0 $, 1 Gramm Drogen und 1 Materialien aus dem Depot genommen.
[28-02-2019 03:55:48]: Solid_Snake hat 0 $, 1 Gramm Drogen und 1 Materialien aus dem Depot genommen.
[28-02-2019 03:55:50]: Solid_Snake hat 0 $, 0 Gramm Drogen und 1 Materialien aus dem Depot genommen.
[28-02-2019 03:55:53]: Solid_Snake hat 0 $, 0 Gramm Drogen und 1 Materialien aus dem Depot genommen.
[28-02-2019 03:56:02]: Solid_Snake hat 0 $, 0 Gramm Drogen, 2 Materialien und 0 Kokain in das Depot gelegt.
[28-02-2019 03:57:22]: Solid_Snake hat 1000 $, 0 Gramm Drogen und 0 Materialien aus dem Depot genommen.
[28-02-2019 03:57:42]: LargePeach hat 100 $, 0 Gramm Drogen, 0 Materialien und 0 Kokain in das Depot gelegt.
[28-02-2019 03:57:42]: Solid_Snake hat 1 $, 0 Gramm Drogen und 0 Materialien aus dem Depot genommen.
[28-02-2019 03:57:49]: LargePeach hat 100 $, 0 Gramm Drogen, 0 Materialien und 0 Kokain in das Depot gelegt.
[28-02-2019 11:14:23]: EzWiN hat 3000 $, 0 Gramm Drogen und 0 Materialien aus dem Depot genommen.
[28-02-2019 11:14:31]: EzWiN hat 28665 $, 0 Gramm Drogen und 0 Materialien aus dem Depot genommen.
[28-02-2019 11:32:42]: Keno hat 2853 $, 0 Gramm Drogen, 0 Materialien und 0 Kokain in das Depot gelegt.
[28-02-2019 12:31:28]: EzWiN hat 42212 $, 0 Gramm Drogen und 0 Materialien aus dem Depot genommen.
[28-02-2019 13:13:46]: vinzblack hat 0 $, 36 Gramm Drogen und 0 Materialien aus dem Depot genommen.
[28-02-2019 13:13:46]: vinzblack hat 0 $, 36 Gramm Drogen, 0 Materialien und 0 Kokain in das Depot gelegt.
[28-02-2019 13:13:51]: vinzblack hat 0 $, 36 Gramm Drogen, 0 Materialien und 0 Kokain in das Depot gelegt.
[28-02-2019 14:48:40]: cihan_99 hat 0 $, 0 Gramm Drogen und 2000 Materialien aus dem Depot genommen.
[28-02-2019 14:48:49]: cihan_99 hat 0 $, 100 Gramm Drogen und 0 Materialien aus dem Depot genommen.
[28-02-2019 15:12:58]: cihan_99 hat 0 $, 378 Gramm Drogen, 0 Materialien und 0 Kokain in das Depot gelegt.
[28-02-2019 15:18:40]: Cyb3rClown hat 0 $, 0 Gramm Drogen und 2 Materialien aus dem Depot genommen.
[28-02-2019 15:18:44]: Cyb3rClown hat 2 $, 0 Gramm Drogen und 0 Materialien aus dem Depot genommen.
[28-02-2019 15:18:48]: Cyb3rClown hat 2 $, 0 Gramm Drogen, 0 Materialien und 0 Kokain in das Depot gelegt.
[28-02-2019 15:33:01]: EzWiN hat 3803 $, 0 Gramm Drogen und 0 Materialien aus dem Depot genommen.
[28-02-2019 16:36:47]: vinzblack hat 15332 $, 0 Gramm Drogen und 0 Materialien aus dem Depot genommen.
[28-02-2019 16:48:53]: Cyb3rClown hat 15000 $, 0 Gramm Drogen, 0 Materialien und 0 Kokain in das Depot gelegt.
[28-02-2019 17:16:17]: vinzblack hat 15000 $, 0 Gramm Drogen und 0 Materialien aus dem Depot genommen.
[28-02-2019 17:30:35]: EzWiN hat 100000 $, 0 Gramm Drogen, 0 Materialien und 0 Kokain in das Depot gelegt.
[28-02-2019 19:01:12]: Keno hat 1111 $, 0 Gramm Drogen und 0 Materialien aus dem Depot genommen.
[28-02-2019 19:21:10]: rvty hat 0 $, 48 Gramm Drogen, 0 Materialien und 0 Kokain in das Depot gelegt.
[01-03-2019 06:08:59]: Solid_Snake hat 0 $, 1 Gramm Drogen und 0 Materialien aus dem Depot genommen.
[01-03-2019 06:14:18]: Solid_Snake hat 0 $, 0 Gramm Drogen und 60 Materialien aus dem Depot genommen.
[01-03-2019 11:33:27]: Keno hat 0 $, 1111 Gramm Drogen, 0 Materialien und 0 Kokain in das Depot gelegt.
[01-03-2019 11:33:43]: Keno hat 0 $, 397 Gramm Drogen, 0 Materialien und 0 Kokain in das Depot gelegt.
[01-03-2019 12:52:19]: Keno hat 0 $, 1421 Gramm Drogen, 0 Materialien und 0 Kokain in das Depot gelegt.
[01-03-2019 13:10:46]: rvty hat 0 $, 64 Gramm Drogen, 0 Materialien und 0 Kokain in das Depot gelegt.
[01-03-2019 16:00:11]: rvty hat 5000 $, 0 Gramm Drogen, 0 Materialien und 0 Kokain in das Depot gelegt.
[01-03-2019 17:56:57]: Felix123 hat 49000 $, 0 Gramm Drogen und 0 Materialien aus dem Depot genommen.
[01-03-2019 17:57:21]: Felix123 hat 44000 $, 0 Gramm Drogen, 0 Materialien und 0 Kokain in das Depot gelegt.
[02-03-2019 00:11:58]: rvty hat 9000 $, 0 Gramm Drogen, 0 Materialien und 0 Kokain in das Depot gelegt.
[02-03-2019 00:28:06]: rvty hat 0 $, 1502 Gramm Drogen, 0 Materialien und 0 Kokain in das Depot gelegt.
[02-03-2019 00:35:57]: Deltafrost hat 0 $, 0 Gramm Drogen und 0 Materialien aus dem Depot genommen.
[02-03-2019 15:49:09]: rvty hat 3000 $, 0 Gramm Drogen, 0 Materialien und 0 Kokain in das Depot gelegt.
[02-03-2019 23:07:03]: rvty hat 0 $, 0 Gramm Drogen, 0 Materialien und 1000 Kokain in das Depot gelegt.
[03-03-2019 00:09:07]: Deltafrost hat 1000 $, 0 Gramm Drogen und 0 Materialien aus dem Depot genommen.
[03-03-2019 14:04:07]: Russ_Daniel74 hat 35000 $, 0 Gramm Drogen, 0 Materialien und 0 Kokain in das Depot gelegt.
[03-03-2019 14:04:56]: Chapo hat 56000 $, 0 Gramm Drogen und 0 Materialien aus dem Depot genommen.
[03-03-2019 14:05:05]: Chapo hat 56000 $, 0 Gramm Drogen, 0 Materialien und 0 Kokain in das Depot gelegt.
[03-03-2019 14:41:38]: Russ_Daniel74 hat 1 $, 0 Gramm Drogen und 0 Materialien aus dem Depot genommen.
[03-03-2019 14:41:49]: Russ_Daniel74 hat 400 $, 0 Gramm Drogen und 0 Materialien aus dem Depot genommen.
[03-03-2019 18:39:58]: BelesciSaban hat 1 $, 0 Gramm Drogen, 0 Materialien und 0 Kokain in das Depot gelegt.
[03-03-2019 19:32:55]: Sky. hat 40500 $, 0 Gramm Drogen und 0 Materialien aus dem Depot genommen.
[03-03-2019 19:32:58]: Sky. hat 0 $, 0 Gramm Drogen und 4440 Materialien aus dem Depot genommen.
[03-03-2019 19:33:01]: Sky. hat 0 $, 100 Gramm Drogen und 0 Materialien aus dem Depot genommen.
[03-03-2019 19:33:03]: Sky. hat 0 $, 0 Gramm Drogen und 0 Materialien aus dem Depot genommen.
[03-03-2019 19:39:29]: banger99 hat 300 $, 0 Gramm Drogen und 0 Materialien aus dem Depot genommen.
[03-03-2019 20:09:38]: Deltafrost hat 2000 $, 0 Gramm Drogen und 0 Materialien aus dem Depot genommen.
[03-03-2019 21:33:08]: Russ_Daniel74 hat 1000 $, 0 Gramm Drogen und 0 Materialien aus dem Depot genommen.
[03-03-2019 22:20:04]: Russ_Daniel74 hat 100000 $, 0 Gramm Drogen und 0 Materialien aus dem Depot genommen.
[04-03-2019 00:31:51]: ferhatboy38 hat 5000 $, 0 Gramm Drogen, 0 Materialien und 0 Kokain in das Depot gelegt.
[04-03-2019 00:32:12]: vinzblack hat 7817 $, 0 Gramm Drogen und 0 Materialien aus dem Depot genommen.
[04-03-2019 03:12:01]: NyquFX hat 15000 $, 0 Gramm Drogen, 0 Materialien und 0 Kokain in das Depot gelegt.
[04-03-2019 03:18:34]: rvty hat 855 $, 0 Gramm Drogen, 0 Materialien und 0 Kokain in das Depot gelegt.
[04-03-2019 03:31:58]: rvty hat 0 $, 0 Gramm Drogen und 0 Materialien aus dem Depot genommen.
[04-03-2019 03:33:45]: rvty hat 20000 $, 0 Gramm Drogen, 0 Materialien und 0 Kokain in das Depot gelegt.
[04-03-2019 12:19:08]: Russ_Daniel74 hat 45000 $, 0 Gramm Drogen und 0 Materialien aus dem Depot genommen.
[04-03-2019 14:42:17]: Habernoxx hat 1000 $, 0 Gramm Drogen und 0 Materialien aus dem Depot genommen.
[04-03-2019 14:42:32]: Habernoxx hat 1000 $, 0 Gramm Drogen, 0 Materialien und 0 Kokain in das Depot gelegt.
[04-03-2019 15:25:29]: vinzblack hat 30000 $, 0 Gramm Drogen, 0 Materialien und 0 Kokain in das Depot gelegt.
[04-03-2019 15:25:33]: NooFunk hat 10020 $, 0 Gramm Drogen und 0 Materialien aus dem Depot genommen.
[04-03-2019 15:25:37]: vinzblack hat 15000 $, 0 Gramm Drogen und 0 Materialien aus dem Depot genommen.
[04-03-2019 15:25:42]: vinzblack hat 300 $, 0 Gramm Drogen und 0 Materialien aus dem Depot genommen.
[04-03-2019 15:25:44]: NooFunk hat 0 $, 0 Gramm Drogen und 0 Materialien aus dem Depot genommen.
[04-03-2019 15:26:58]: Habernoxx hat 1000 $, 0 Gramm Drogen und 0 Materialien aus dem Depot genommen.
[04-03-2019 15:27:23]: Habernoxx hat 200 $, 0 Gramm Drogen, 0 Materialien und 0 Kokain in das Depot gelegt.
[04-03-2019 15:37:22]: NooFunk hat 0 $, 378 Gramm Drogen und 0 Materialien aus dem Depot genommen.
[04-03-2019 16:05:40]: vinzblack hat 0 $, 0 Gramm Drogen, 0 Materialien und 100 Kokain in das Depot gelegt.
[05-03-2019 04:03:29]: Sammy hat 5000 $, 0 Gramm Drogen, 0 Materialien und 0 Kokain in das Depot gelegt.
[05-03-2019 05:12:04]: Keno hat 5823 $, 0 Gramm Drogen, 0 Materialien und 0 Kokain in das Depot gelegt.
[05-03-2019 12:32:46]: vinzblack hat 30000 $, 0 Gramm Drogen und 0 Materialien aus dem Depot genommen.
[05-03-2019 12:32:56]: vinzblack hat 1950 $, 0 Gramm Drogen und 0 Materialien aus dem Depot genommen.
[05-03-2019 15:55:58]: Bansimus hat 7500 $, 0 Gramm Drogen und 0 Materialien aus dem Depot genommen.
[05-03-2019 17:44:08]: Felix321 hat 34000 $, 0 Gramm Drogen und 0 Materialien aus dem Depot genommen.
[05-03-2019 19:16:38]: Bansimus hat 212624 $, 0 Gramm Drogen und 0 Materialien aus dem Depot genommen.
[05-03-2019 20:10:19]: Bansimus hat 20000 $, 0 Gramm Drogen, 0 Materialien und 0 Kokain in das Depot gelegt.
[05-03-2019 20:10:27]: Bansimus hat 180000 $, 0 Gramm Drogen, 0 Materialien und 0 Kokain in das Depot gelegt.
[06-03-2019 02:32:10]: rvty hat 5000 $, 0 Gramm Drogen und 0 Materialien aus dem Depot genommen.
[06-03-2019 02:32:13]: rvty hat 1 $, 0 Gramm Drogen und 0 Materialien aus dem Depot genommen.
[06-03-2019 02:32:24]: Keno hat 5000 $, 0 Gramm Drogen, 0 Materialien und 0 Kokain in das Depot gelegt.
[06-03-2019 05:29:41]: NyquFX hat 5000 $, 0 Gramm Drogen, 0 Materialien und 0 Kokain in das Depot gelegt.
[06-03-2019 11:50:57]: LastAttacker71 hat 10000 $, 0 Gramm Drogen, 0 Materialien und 0 Kokain in das Depot gelegt.
[06-03-2019 12:23:23]: LastAttacker71 hat 0 $, 0 Gramm Drogen, 0 Materialien und 1000 Kokain in das Depot gelegt.
[06-03-2019 12:23:36]: LastAttacker71 hat 0 $, 4 Gramm Drogen, 0 Materialien und 0 Kokain in das Depot gelegt.
[06-03-2019 12:38:21]: LastAttacker71 hat 35000 $, 0 Gramm Drogen, 0 Materialien und 0 Kokain in das Depot gelegt.
[06-03-2019 13:53:32]: vinzblack hat 0 $, 0 Gramm Drogen und 0 Materialien aus dem Depot genommen.
[06-03-2019 13:53:40]: vinzblack hat 0 $, 0 Gramm Drogen, 0 Materialien und 50 Kokain in das Depot gelegt.
[06-03-2019 13:53:53]: vinzblack hat 0 $, 144 Gramm Drogen und 0 Materialien aus dem Depot genommen.
[06-03-2019 13:59:04]: vinzblack hat 30000 $, 0 Gramm Drogen, 0 Materialien und 0 Kokain in das Depot gelegt.
[06-03-2019 13:59:15]: vinzblack hat 1350 $, 0 Gramm Drogen und 0 Materialien aus dem Depot genommen.
[06-03-2019 14:20:25]: LastAttacker71 hat 15000 $, 0 Gramm Drogen, 0 Materialien und 0 Kokain in das Depot gelegt.
[06-03-2019 14:20:32]: LastAttacker71 hat 16000 $, 0 Gramm Drogen, 0 Materialien und 0 Kokain in das Depot gelegt.
[06-03-2019 15:38:04]: LastAttacker71 hat 35000 $, 0 Gramm Drogen, 0 Materialien und 0 Kokain in das Depot gelegt.
[06-03-2019 15:38:36]: vinzblack hat 2900 $, 0 Gramm Drogen und 0 Materialien aus dem Depot genommen.
[06-03-2019 15:44:33]: Sammy hat 5000 $, 0 Gramm Drogen, 0 Materialien und 0 Kokain in das Depot gelegt.
[06-03-2019 15:44:44]: luca hat 5000 $, 0 Gramm Drogen, 0 Materialien und 0 Kokain in das Depot gelegt.
[06-03-2019 19:00:53]: LastAttacker71 hat 20000 $, 0 Gramm Drogen und 0 Materialien aus dem Depot genommen.
[06-03-2019 20:00:31]: LastAttacker71 hat 30000 $, 0 Gramm Drogen, 0 Materialien und 0 Kokain in das Depot gelegt.
[07-03-2019 01:13:16]: Maqic.exe hat 35000 $, 0 Gramm Drogen und 0 Materialien aus dem Depot genommen.
[07-03-2019 01:15:32]: Maqic.exe hat 44000 $, 0 Gramm Drogen und 0 Materialien aus dem Depot genommen.
[07-03-2019 02:29:10]: SonGoku hat 200000 $, 0 Gramm Drogen und 0 Materialien aus dem Depot genommen.
[07-03-2019 02:29:13]: SonGoku hat 30000 $, 0 Gramm Drogen und 0 Materialien aus dem Depot genommen.
[07-03-2019 02:37:09]: Maqic.exe hat 6000 $, 0 Gramm Drogen und 0 Materialien aus dem Depot genommen.
[07-03-2019 02:40:52]: Maqic.exe hat 6000 $, 0 Gramm Drogen und 0 Materialien aus dem Depot genommen.
[07-03-2019 02:42:40]: rvty hat 0 $, 36 Gramm Drogen, 0 Materialien und 0 Kokain in das Depot gelegt.
[07-03-2019 07:21:40]: skin hat 0 $, 1200 Gramm Drogen, 0 Materialien und 0 Kokain in das Depot gelegt.
[07-03-2019 08:12:21]: LastAttacker71 hat 0 $, 1 Gramm Drogen und 0 Materialien aus dem Depot genommen.
[07-03-2019 16:04:03]: vinzblack hat 35000 $, 0 Gramm Drogen und 0 Materialien aus dem Depot genommen.
[07-03-2019 16:04:07]: vinzblack hat 650 $, 0 Gramm Drogen und 0 Materialien aus dem Depot genommen.
[07-03-2019 16:04:12]: vinzblack hat 800 $, 0 Gramm Drogen und 0 Materialien aus dem Depot genommen.
[07-03-2019 16:04:26]: vinzblack hat 1400 $, 0 Gramm Drogen und 0 Materialien aus dem Depot genommen.
[07-03-2019 16:04:32]: vinzblack hat 400 $, 0 Gramm Drogen und 0 Materialien aus dem Depot genommen.
[07-03-2019 16:34:25]: Maqic.exe hat 5000 $, 0 Gramm Drogen und 0 Materialien aus dem Depot genommen.
[07-03-2019 16:36:09]: Keno hat 5555 $, 0 Gramm Drogen, 0 Materialien und 0 Kokain in das Depot gelegt.
[07-03-2019 17:50:11]: Maqic.exe hat 5000 $, 0 Gramm Drogen und 0 Materialien aus dem Depot genommen.
[07-03-2019 17:59:28]: vinzblack hat 900 $, 0 Gramm Drogen und 0 Materialien aus dem Depot genommen.
[07-03-2019 18:57:14]: Maqic.exe hat 3100 $, 0 Gramm Drogen und 0 Materialien aus dem Depot genommen.
[07-03-2019 22:54:42]: Maqic.exe hat 15000 $, 0 Gramm Drogen und 0 Materialien aus dem Depot genommen.
[08-03-2019 01:23:46]: skin hat 0 $, 1900 Gramm Drogen und 0 Materialien aus dem Depot genommen.
[08-03-2019 02:31:42]: Keno hat 5000 $, 0 Gramm Drogen, 0 Materialien und 0 Kokain in das Depot gelegt.
[08-03-2019 12:47:05]: Kabo hat 22000 $, 0 Gramm Drogen und 0 Materialien aus dem Depot genommen.
[08-03-2019 12:47:05]: Kabo hat 22000 $, 0 Gramm Drogen, 0 Materialien und 0 Kokain in das Depot gelegt.
[08-03-2019 12:47:13]: Kabo hat 22000 $, 0 Gramm Drogen und 0 Materialien aus dem Depot genommen.
[08-03-2019 16:08:45]: Luca_Jordan hat 100 $ aus der Reporterkasse genommen.
[08-03-2019 16:08:49]: Luca_Jordan hat 100 $ aus der Reporterkasse genommen.
[08-03-2019 16:09:16]: Luca_Jordan hat 100 $ aus der Reporterkasse genommen.
[08-03-2019 16:09:21]: Luca_Jordan hat 100 $ aus der Reporterkasse genommen.
[08-03-2019 16:10:18]: Kabo hat 100 $, 0 Gramm Drogen und 0 Materialien aus dem Depot genommen.
[08-03-2019 16:10:30]: Kabo hat 400 $, 0 Gramm Drogen und 0 Materialien aus dem Depot genommen.
[08-03-2019 16:27:35]: Luca_Jordan hat 0 $, 0 Gramm Drogen und 0 Materialien aus dem Depot genommen.
[08-03-2019 16:35:60]: Luca_Jordan hat 0 $, 100 Gramm Drogen und 0 Materialien aus dem Depot genommen.
[08-03-2019 18:18:03]: Kucuk_Efendi hat 30000 $, 0 Gramm Drogen, 0 Materialien und 0 Kokain in das Depot gelegt.
[08-03-2019 20:07:14]: vinzblack hat 3450 $, 0 Gramm Drogen und 0 Materialien aus dem Depot genommen.
[08-03-2019 21:36:33]: Maqic.exe hat 4000 $, 0 Gramm Drogen und 0 Materialien aus dem Depot genommen.
[09-03-2019 00:38:58]: Kucuk_Efendi hat 32129 $, 0 Gramm Drogen und 0 Materialien aus dem Depot genommen.
[09-03-2019 00:47:06]: vinzblack hat 4150 $, 0 Gramm Drogen und 0 Materialien aus dem Depot genommen.
[09-03-2019 01:56:05]: Maqic.exe hat 5000 $, 0 Gramm Drogen und 0 Materialien aus dem Depot genommen.
[09-03-2019 02:02:33]: Maqic.exe hat 5999 $, 0 Gramm Drogen und 0 Materialien aus dem Depot genommen.
[09-03-2019 02:05:31]: Maqic.exe hat 5000 $, 0 Gramm Drogen und 0 Materialien aus dem Depot genommen.
[09-03-2019 02:17:26]: Maqic.exe hat 2500 $, 0 Gramm Drogen und 0 Materialien aus dem Depot genommen.
[09-03-2019 02:18:16]: vinzblack hat 149 $, 0 Gramm Drogen, 0 Materialien und 0 Kokain in das Depot gelegt.
[09-03-2019 02:46:12]: Lelek hat 38000 $, 0 Gramm Drogen, 0 Materialien und 0 Kokain in das Depot gelegt.
[09-03-2019 06:15:59]: Capo hat 1 $, 0 Gramm Drogen, 0 Materialien und 0 Kokain in das Depot gelegt.
[09-03-2019 06:16:18]: Capo hat 0 $, 1 Gramm Drogen, 0 Materialien und 0 Kokain in das Depot gelegt.
[09-03-2019 06:28:47]: Maqic.exe hat 5350 $, 0 Gramm Drogen und 0 Materialien aus dem Depot genommen.
[09-03-2019 06:28:54]: Solid_Snake hat 0 $, 1 Gramm Drogen, 0 Materialien und 0 Kokain in das Depot gelegt.
[09-03-2019 06:29:02]: Solid_Snake hat 0 $, 1 Gramm Drogen und 0 Materialien aus dem Depot genommen.
[09-03-2019 06:29:10]: Solid_Snake hat 0 $, 11 Gramm Drogen, 0 Materialien und 0 Kokain in das Depot gelegt.
[09-03-2019 06:29:42]: Solid_Snake hat 0 $, 35 Gramm Drogen, 0 Materialien und 0 Kokain in das Depot gelegt.
[09-03-2019 06:34:05]: Maqic.exe hat 1499 $, 0 Gramm Drogen und 0 Materialien aus dem Depot genommen.
[09-03-2019 06:39:35]: Maqic.exe hat 0 $, 0 Gramm Drogen und 0 Materialien aus dem Depot genommen.
[09-03-2019 06:39:37]: Maqic.exe hat 0 $, 1 Gramm Drogen und 0 Materialien aus dem Depot genommen.
[09-03-2019 06:42:48]: Maqic.exe hat 0 $, 0 Gramm Drogen und 1 Materialien aus dem Depot genommen.
[09-03-2019 15:55:11]: SonGoku hat 0 $, 47 Gramm Drogen, 0 Materialien und 0 Kokain in das Depot gelegt.
[09-03-2019 17:26:17]: crusher hat 0 $, 0 Gramm Drogen und 40000 Materialien aus dem Depot genommen.
[09-03-2019 17:26:21]: crusher hat 0 $, 0 Gramm Drogen, 40000 Materialien und 0 Kokain in das Depot gelegt.
[09-03-2019 19:09:10]: Maqic.exe hat 4000 $, 0 Gramm Drogen und 0 Materialien aus dem Depot genommen.
[09-03-2019 21:54:36]: crusher hat 0 $, 0 Gramm Drogen und 49270 Materialien aus dem Depot genommen.
[09-03-2019 21:54:43]: crusher hat 75850 $, 0 Gramm Drogen und 0 Materialien aus dem Depot genommen.
[09-03-2019 21:54:46]: Dark hat 0 $, 151 Gramm Drogen und 0 Materialien aus dem Depot genommen.
[09-03-2019 22:04:20]: Keno hat 0 $, 8496 Gramm Drogen und 0 Materialien aus dem Depot genommen.
[09-03-2019 22:27:30]: crusher hat 5000 $, 0 Gramm Drogen, 0 Materialien und 0 Kokain in das Depot gelegt.
[09-03-2019 22:27:35]: crusher hat 5000 $, 0 Gramm Drogen und 0 Materialien aus dem Depot genommen.
[09-03-2019 22:27:39]: crusher hat 0 $, 0 Gramm Drogen, 5000 Materialien und 0 Kokain in das Depot gelegt.
[09-03-2019 23:48:05]: Lelek hat 40000 $, 0 Gramm Drogen, 0 Materialien und 0 Kokain in das Depot gelegt.
[10-03-2019 00:12:28]: crusher hat 0 $, 0 Gramm Drogen, 41270 Materialien und 0 Kokain in das Depot gelegt.
[10-03-2019 00:12:40]: Capo hat 0 $, 0 Gramm Drogen, 3000 Materialien und 0 Kokain in das Depot gelegt.
[10-03-2019 00:15:44]: crusher hat 0 $, 0 Gramm Drogen und 50000 Materialien aus dem Depot genommen.
[10-03-2019 00:15:52]: crusher hat 5151 $, 0 Gramm Drogen, 0 Materialien und 0 Kokain in das Depot gelegt.
[10-03-2019 00:18:50]: crusher hat 20000 $, 0 Gramm Drogen, 0 Materialien und 0 Kokain in das Depot gelegt.
[10-03-2019 01:21:36]: Capo hat 0 $, 0 Gramm Drogen, 0 Materialien und 1000 Kokain in das Depot gelegt.
[10-03-2019 02:15:09]: Maqic.exe hat 5831 $, 0 Gramm Drogen und 0 Materialien aus dem Depot genommen.
[10-03-2019 02:41:07]: crusher hat 0 $, 0 Gramm Drogen, 50000 Materialien und 0 Kokain in das Depot gelegt.
[10-03-2019 02:41:13]: crusher hat 0 $, 108 Gramm Drogen, 0 Materialien und 0 Kokain in das Depot gelegt.
[10-03-2019 02:41:16]: crusher hat 0 $, 0 Gramm Drogen, 0 Materialien und 1000 Kokain in das Depot gelegt.
[10-03-2019 02:41:40]: crusher hat 50000 $, 0 Gramm Drogen, 0 Materialien und 0 Kokain in das Depot gelegt.
[10-03-2019 02:46:51]: Capo hat 20000 $, 0 Gramm Drogen, 0 Materialien und 0 Kokain in das Depot gelegt.
[10-03-2019 02:54:21]: Meliodas_Sin hat 1000 $, 0 Gramm Drogen und 0 Materialien aus dem Depot genommen.
[10-03-2019 03:05:59]: Zorro hat 3000 $, 0 Gramm Drogen, 0 Materialien und 0 Kokain in das Depot gelegt.
[10-03-2019 03:05:60]: Meliodas_Sin hat 900 $, 0 Gramm Drogen, 0 Materialien und 0 Kokain in das Depot gelegt.
[10-03-2019 03:09:21]: Maqic.exe hat 5116 $, 0 Gramm Drogen und 0 Materialien aus dem Depot genommen.
[10-03-2019 03:09:46]: Maqic.exe hat 3300 $, 0 Gramm Drogen und 0 Materialien aus dem Depot genommen.
[10-03-2019 03:33:52]: Meliodas_Sin hat 400 $, 0 Gramm Drogen und 0 Materialien aus dem Depot genommen.
[10-03-2019 05:38:07]: Dark hat 0 $, 0 Gramm Drogen und 20000 Materialien aus dem Depot genommen.
[10-03-2019 05:38:58]: Dark hat 20000 $, 0 Gramm Drogen, 0 Materialien und 0 Kokain in das Depot gelegt.
[10-03-2019 05:39:56]: Capo hat 0 $, 0 Gramm Drogen, 20000 Materialien und 0 Kokain in das Depot gelegt.
[10-03-2019 14:15:28]: Meliodas_Sin hat 7000 $, 0 Gramm Drogen und 0 Materialien aus dem Depot genommen.
[10-03-2019 15:54:20]: Meliodas_Sin hat 1000 $, 0 Gramm Drogen und 0 Materialien aus dem Depot genommen.
[10-03-2019 18:01:52]: Meliodas_Sin hat 1500 $, 0 Gramm Drogen und 0 Materialien aus dem Depot genommen.
[10-03-2019 19:03:51]: XinLei hat 5000 $, 0 Gramm Drogen, 0 Materialien und 0 Kokain in das Depot gelegt.
[10-03-2019 19:25:21]: LateSpot hat 9600 $, 0 Gramm Drogen und 0 Materialien aus dem Depot genommen.
[10-03-2019 19:25:29]: LateSpot hat 9500 $, 0 Gramm Drogen, 0 Materialien und 0 Kokain in das Depot gelegt.
[10-03-2019 19:33:37]: Capo hat 34000 $, 0 Gramm Drogen, 0 Materialien und 0 Kokain in das Depot gelegt.
[10-03-2019 20:13:05]: Lelek hat 0 $, 0 Gramm Drogen und 0 Materialien aus dem Depot genommen.
[10-03-2019 20:15:05]: Lelek hat 30000 $, 0 Gramm Drogen, 0 Materialien und 0 Kokain in das Depot gelegt.
[10-03-2019 21:27:15]: Meliodas_Sin hat 4000 $, 0 Gramm Drogen, 0 Materialien und 0 Kokain in das Depot gelegt.
[10-03-2019 21:33:50]: Lelek hat 0 $, 0 Gramm Drogen und 20000 Materialien aus dem Depot genommen.
[10-03-2019 21:41:17]: Lelek hat 0 $, 0 Gramm Drogen, 20000 Materialien und 0 Kokain in das Depot gelegt.
[10-03-2019 21:41:27]: crusher hat 0 $, 0 Gramm Drogen, 3 Materialien und 0 Kokain in das Depot gelegt.
[10-03-2019 21:41:33]: crusher hat 0 $, 16 Gramm Drogen, 0 Materialien und 0 Kokain in das Depot gelegt.
[10-03-2019 21:41:36]: Lelek hat 0 $, 0 Gramm Drogen, 4 Materialien und 0 Kokain in das Depot gelegt.
[10-03-2019 22:01:07]: BenLaxer hat 5000 $, 0 Gramm Drogen, 0 Materialien und 0 Kokain in das Depot gelegt.
[10-03-2019 23:24:53]: Keno hat 0 $, 241 Gramm Drogen, 0 Materialien und 0 Kokain in das Depot gelegt.
[10-03-2019 23:32:06]: Keno hat 0 $, 13 Gramm Drogen, 0 Materialien und 0 Kokain in das Depot gelegt.
[11-03-2019 03:59:19]: KushHunter hat 0 $, 0 Gramm Drogen und 30000 Materialien aus dem Depot genommen.
[11-03-2019 04:05:59]: Capo hat 0 $, 0 Gramm Drogen, 30000 Materialien und 0 Kokain in das Depot gelegt.
[11-03-2019 08:38:39]: Capo hat 0 $, 1600 Gramm Drogen, 0 Materialien und 0 Kokain in das Depot gelegt.
[11-03-2019 10:01:54]: LateSpot hat 9500 $, 0 Gramm Drogen und 0 Materialien aus dem Depot genommen.
[11-03-2019 10:48:17]: LastAttacker71 hat 35000 $, 0 Gramm Drogen, 0 Materialien und 0 Kokain in das Depot gelegt.
[11-03-2019 11:26:58]: LastAttacker71 hat 0 $, 0 Gramm Drogen, 0 Materialien und 1000 Kokain in das Depot gelegt.
[11-03-2019 14:16:35]: SchimmelBrot hat 34 $, 0 Gramm Drogen und 0 Materialien aus dem Depot genommen.
[11-03-2019 14:54:33]: Meliodas_Sin hat 1500 $, 0 Gramm Drogen, 0 Materialien und 0 Kokain in das Depot gelegt.
[11-03-2019 15:18:44]: Meliodas_Sin hat 0 $, 19 Gramm Drogen, 0 Materialien und 0 Kokain in das Depot gelegt.
[11-03-2019 15:50:18]: iLimix hat 19016 $, 0 Gramm Drogen und 0 Materialien aus dem Depot genommen.
[11-03-2019 17:10:24]: Meliodas_Sin hat 30000 $, 0 Gramm Drogen und 0 Materialien aus dem Depot genommen.
[11-03-2019 17:30:10]: Sammy hat 0 $, 0 Gramm Drogen, 128 Materialien und 0 Kokain in das Depot gelegt.
[11-03-2019 17:30:19]: Sammy hat 0 $, 254 Gramm Drogen und 0 Materialien aus dem Depot genommen.
[11-03-2019 17:30:36]: Sammy hat 0 $, 431 Gramm Drogen, 0 Materialien und 0 Kokain in das Depot gelegt.
[11-03-2019 17:47:34]: Solid_Snake hat 0 $, 0 Gramm Drogen, 1000 Materialien und 0 Kokain in das Depot gelegt.
[11-03-2019 17:47:35]: Solid_Snake hat 0 $, 1000 Gramm Drogen, 0 Materialien und 0 Kokain in das Depot gelegt.
[11-03-2019 17:47:37]: Solid_Snake hat 0 $, 0 Gramm Drogen, 0 Materialien und 1000 Kokain in das Depot gelegt.
[11-03-2019 18:09:59]: Solid_Snake hat 0 $, 0 Gramm Drogen und 1000 Materialien aus dem Depot genommen.
[11-03-2019 18:10:01]: Solid_Snake hat 0 $, 1000 Gramm Drogen und 0 Materialien aus dem Depot genommen.
[11-03-2019 18:10:03]: Solid_Snake hat 0 $, 0 Gramm Drogen und 0 Materialien aus dem Depot genommen.
[11-03-2019 18:10:10]: Solid_Snake hat 0 $, 0 Gramm Drogen und 0 Materialien aus dem Depot genommen.
[11-03-2019 18:53:48]: uRAGE hat 0 $, 82 Gramm Drogen, 0 Materialien und 0 Kokain in das Depot gelegt.
[11-03-2019 18:53:60]: uRAGE hat 0 $, 1 Gramm Drogen, 0 Materialien und 0 Kokain in das Depot gelegt.
[11-03-2019 19:20:56]: Sammy hat 15000 $, 0 Gramm Drogen und 0 Materialien aus dem Depot genommen.
[11-03-2019 20:23:54]: Capo hat 0 $, 0 Gramm Drogen und 0 Materialien aus dem Depot genommen.
[11-03-2019 21:01:40]: Capo hat 68000 $, 0 Gramm Drogen und 0 Materialien aus dem Depot genommen.
[11-03-2019 22:29:60]: SonGoku hat 0 $, 36 Gramm Drogen und 0 Materialien aus dem Depot genommen.
[11-03-2019 22:30:03]: SonGoku hat 0 $, 10 Gramm Drogen und 0 Materialien aus dem Depot genommen.
[11-03-2019 22:30:07]: SonGoku hat 28394 $, 0 Gramm Drogen und 0 Materialien aus dem Depot genommen.
[12-03-2019 13:10:31]: LastAttacker71 hat 20000 $, 0 Gramm Drogen, 0 Materialien und 0 Kokain in das Depot gelegt.
[12-03-2019 16:21:44]: Keno hat 250000 $, 0 Gramm Drogen und 0 Materialien aus dem Depot genommen.
[12-03-2019 16:26:51]: Keno hat 0 $, 2 Gramm Drogen, 0 Materialien und 0 Kokain in das Depot gelegt.
[12-03-2019 16:26:52]: Keno hat 0 $, 2 Gramm Drogen, 0 Materialien und 0 Kokain in das Depot gelegt.
[12-03-2019 16:26:54]: Keno hat 0 $, 5 Gramm Drogen, 0 Materialien und 0 Kokain in das Depot gelegt.
[12-03-2019 16:26:55]: Keno hat 0 $, 5 Gramm Drogen, 0 Materialien und 0 Kokain in das Depot gelegt.
[12-03-2019 16:26:56]: Keno hat 0 $, 5 Gramm Drogen, 0 Materialien und 0 Kokain in das Depot gelegt.
[12-03-2019 16:27:01]: Keno hat 0 $, 2 Gramm Drogen, 0 Materialien und 0 Kokain in das Depot gelegt.
[12-03-2019 16:27:09]: Keno hat 0 $, 0 Gramm Drogen, 4 Materialien und 0 Kokain in das Depot gelegt.
[12-03-2019 16:27:10]: Keno hat 0 $, 0 Gramm Drogen, 4 Materialien und 0 Kokain in das Depot gelegt.
[12-03-2019 16:27:11]: Keno hat 0 $, 0 Gramm Drogen, 4 Materialien und 0 Kokain in das Depot gelegt.
[12-03-2019 16:27:13]: Keno hat 0 $, 0 Gramm Drogen, 4 Materialien und 0 Kokain in das Depot gelegt.
[12-03-2019 16:27:14]: Keno hat 0 $, 0 Gramm Drogen, 4 Materialien und 0 Kokain in das Depot gelegt.
[12-03-2019 16:27:15]: Keno hat 0 $, 0 Gramm Drogen, 4 Materialien und 0 Kokain in das Depot gelegt.
[12-03-2019 16:27:16]: Keno hat 0 $, 0 Gramm Drogen, 4 Materialien und 0 Kokain in das Depot gelegt.
[12-03-2019 16:27:17]: Keno hat 0 $, 0 Gramm Drogen, 4 Materialien und 0 Kokain in das Depot gelegt.
[12-03-2019 17:16:38]: crusher hat 0 $, 0 Gramm Drogen, 0 Materialien und 1000 Kokain in das Depot gelegt.
[12-03-2019 17:16:45]: crusher hat 0 $, 98 Gramm Drogen, 0 Materialien und 0 Kokain in das Depot gelegt.
[12-03-2019 17:16:51]: crusher hat 0 $, 0 Gramm Drogen, 5 Materialien und 0 Kokain in das Depot gelegt.
[12-03-2019 18:42:20]: Solid_Snake hat 0 $, 10 Gramm Drogen, 0 Materialien und 0 Kokain in das Depot gelegt.
[12-03-2019 18:42:23]: Solid_Snake hat 0 $, 0 Gramm Drogen, 13 Materialien und 0 Kokain in das Depot gelegt.
[12-03-2019 18:51:53]: Meliodas_Sin hat 0 $, 259 Gramm Drogen, 0 Materialien und 0 Kokain in das Depot gelegt.
[12-03-2019 18:51:60]: Meliodas_Sin hat 0 $, 0 Gramm Drogen, 20 Materialien und 0 Kokain in das Depot gelegt.
[12-03-2019 18:52:09]: XioN. hat 0 $, 210 Gramm Drogen, 0 Materialien und 0 Kokain in das Depot gelegt.
[12-03-2019 19:21:53]: Sammy hat 0 $, 13 Gramm Drogen und 0 Materialien aus dem Depot genommen.
[12-03-2019 19:22:05]: Sammy hat 0 $, 14 Gramm Drogen, 0 Materialien und 0 Kokain in das Depot gelegt.
[12-03-2019 19:22:25]: Sammy hat 0 $, 0 Gramm Drogen, 13 Materialien und 0 Kokain in das Depot gelegt.
[12-03-2019 20:01:19]: Keno hat 250000 $, 0 Gramm Drogen, 0 Materialien und 0 Kokain in das Depot gelegt.
[12-03-2019 20:02:26]: Sammy hat 5000 $, 0 Gramm Drogen, 0 Materialien und 0 Kokain in das Depot gelegt.
[12-03-2019 20:27:01]: Sammy hat 5000 $, 0 Gramm Drogen und 0 Materialien aus dem Depot genommen.
[12-03-2019 21:05:60]: Keno hat 0 $, 12 Gramm Drogen, 0 Materialien und 0 Kokain in das Depot gelegt.
[12-03-2019 22:06:30]: Sammy hat 0 $, 1123 Gramm Drogen, 0 Materialien und 0 Kokain in das Depot gelegt.
[12-03-2019 22:06:46]: Keno hat 0 $, 680 Gramm Drogen, 0 Materialien und 0 Kokain in das Depot gelegt.
[12-03-2019 22:06:49]: Keno hat 0 $, 11 Gramm Drogen, 0 Materialien und 0 Kokain in das Depot gelegt.
[12-03-2019 22:06:50]: Keno hat 0 $, 1 Gramm Drogen, 0 Materialien und 0 Kokain in das Depot gelegt.
[12-03-2019 22:06:53]: Keno hat 0 $, 1 Gramm Drogen, 0 Materialien und 0 Kokain in das Depot gelegt.
[12-03-2019 22:07:45]: NetSkyII hat 0 $, 200 Gramm Drogen, 0 Materialien und 0 Kokain in das Depot gelegt.
[12-03-2019 22:07:58]: NetSkyII hat 0 $, 73 Gramm Drogen, 0 Materialien und 0 Kokain in das Depot gelegt.
[12-03-2019 22:12:58]: NetSkyII hat 0 $, 10 Gramm Drogen, 0 Materialien und 0 Kokain in das Depot gelegt.
[12-03-2019 22:23:12]: Keno hat 0 $, 64 Gramm Drogen, 0 Materialien und 0 Kokain in das Depot gelegt.
[13-03-2019 00:22:49]: Capo hat 0 $, 2099 Gramm Drogen und 0 Materialien aus dem Depot genommen.
[13-03-2019 07:09:37]: Keno hat 0 $, 4000 Gramm Drogen und 0 Materialien aus dem Depot genommen.
[13-03-2019 07:09:51]: Keno hat 0 $, 4000 Gramm Drogen, 0 Materialien und 0 Kokain in das Depot gelegt.
[13-03-2019 11:00:58]: Capo hat 0 $, 289 Gramm Drogen, 0 Materialien und 0 Kokain in das Depot gelegt.
[13-03-2019 11:21:07]: LastAttacker71 hat 0 $, 800 Gramm Drogen, 0 Materialien und 0 Kokain in das Depot gelegt.
[13-03-2019 11:21:13]: LastAttacker71 hat 0 $, 57 Gramm Drogen, 0 Materialien und 0 Kokain in das Depot gelegt.
[13-03-2019 12:36:24]: Capo hat 0 $, 1006 Gramm Drogen, 0 Materialien und 0 Kokain in das Depot gelegt.
[13-03-2019 13:19:55]: Capo hat 0 $, 3300 Gramm Drogen, 0 Materialien und 0 Kokain in das Depot gelegt.
[13-03-2019 13:22:12]: Capo hat 0 $, 5452 Gramm Drogen und 0 Materialien aus dem Depot genommen.
[13-03-2019 13:54:41]: crusher hat 0 $, 0 Gramm Drogen und 0 Materialien aus dem Depot genommen.
[13-03-2019 15:09:44]: SonGoku hat 0 $, 135 Gramm Drogen, 0 Materialien und 0 Kokain in das Depot gelegt.
[13-03-2019 15:09:50]: SonGoku hat 0 $, 150 Gramm Drogen, 0 Materialien und 0 Kokain in das Depot gelegt.
[13-03-2019 15:09:52]: SonGoku hat 0 $, 15 Gramm Drogen, 0 Materialien und 0 Kokain in das Depot gelegt.
[13-03-2019 15:09:53]: SonGoku hat 0 $, 15 Gramm Drogen, 0 Materialien und 0 Kokain in das Depot gelegt.
[13-03-2019 15:09:60]: SonGoku hat 0 $, 0 Gramm Drogen, 20 Materialien und 0 Kokain in das Depot gelegt.
[13-03-2019 15:10:01]: Capo hat 0 $, 200 Gramm Drogen, 0 Materialien und 0 Kokain in das Depot gelegt.
[13-03-2019 16:44:36]: Meliodas_Sin hat 5000 $, 0 Gramm Drogen, 0 Materialien und 0 Kokain in das Depot gelegt.
[13-03-2019 16:58:42]: Keno hat 0 $, 2678 Gramm Drogen und 0 Materialien aus dem Depot genommen.
[13-03-2019 17:02:47]: Keno hat 32208 $, 0 Gramm Drogen, 0 Materialien und 0 Kokain in das Depot gelegt.
[13-03-2019 17:34:07]: Keno hat 370000 $, 0 Gramm Drogen und 0 Materialien aus dem Depot genommen.
[13-03-2019 18:45:57]: Solid_Snake hat 0 $, 400 Gramm Drogen, 0 Materialien und 0 Kokain in das Depot gelegt.
[13-03-2019 18:46:30]: Solid_Snake hat 0 $, 164 Gramm Drogen, 0 Materialien und 0 Kokain in das Depot gelegt.
[13-03-2019 19:03:22]: Chapo hat 0 $, 200 Gramm Drogen, 0 Materialien und 0 Kokain in das Depot gelegt.
[14-03-2019 09:56:11]: Capo hat 0 $, 1500 Gramm Drogen, 0 Materialien und 0 Kokain in das Depot gelegt.
[14-03-2019 09:56:18]: Capo hat 0 $, 400 Gramm Drogen, 0 Materialien und 0 Kokain in das Depot gelegt.
[14-03-2019 12:34:01]: iLimix hat 0 $, 774 Gramm Drogen und 0 Materialien aus dem Depot genommen.
[14-03-2019 14:36:48]: vinzblack hat 20000 $, 0 Gramm Drogen und 0 Materialien aus dem Depot genommen.
[14-03-2019 14:36:56]: vinzblack hat 433 $, 0 Gramm Drogen und 0 Materialien aus dem Depot genommen.
[14-03-2019 15:14:24]: iLimix hat 0 $, 787 Gramm Drogen, 0 Materialien und 0 Kokain in das Depot gelegt.
[14-03-2019 18:39:13]: vinzblack hat 20100 $, 0 Gramm Drogen und 0 Materialien aus dem Depot genommen.
[14-03-2019 18:40:19]: NooFunk hat 0 $, 20 Gramm Drogen, 0 Materialien und 0 Kokain in das Depot gelegt.
[14-03-2019 18:40:24]: Solid_Snake hat 0 $, 96 Gramm Drogen, 0 Materialien und 0 Kokain in das Depot gelegt.
[14-03-2019 18:40:31]: NooFunk hat 0 $, 0 Gramm Drogen, 4 Materialien und 0 Kokain in das Depot gelegt.
[14-03-2019 18:40:45]: Solid_Snake hat 0 $, 0 Gramm Drogen, 16 Materialien und 0 Kokain in das Depot gelegt.
[15-03-2019 10:30:51]: Solid_Snake hat 0 $, 79 Gramm Drogen, 0 Materialien und 0 Kokain in das Depot gelegt.
[15-03-2019 11:49:20]: Maqic.exe hat 5000 $, 0 Gramm Drogen und 0 Materialien aus dem Depot genommen.
[15-03-2019 11:53:21]: vinzblack hat 6450 $, 0 Gramm Drogen und 0 Materialien aus dem Depot genommen.
[15-03-2019 11:53:31]: vinzblack hat 1200 $, 0 Gramm Drogen und 0 Materialien aus dem Depot genommen.
[15-03-2019 16:05:47]: Solid_Snake hat 0 $, 982 Gramm Drogen und 0 Materialien aus dem Depot genommen.
[15-03-2019 16:05:50]: Solid_Snake hat 0 $, 0 Gramm Drogen und 33 Materialien aus dem Depot genommen.
[15-03-2019 16:08:38]: Solid_Snake hat 0 $, 1286 Gramm Drogen, 0 Materialien und 0 Kokain in das Depot gelegt.
[15-03-2019 16:08:45]: Solid_Snake hat 0 $, 0 Gramm Drogen, 219 Materialien und 0 Kokain in das Depot gelegt.
[15-03-2019 16:12:55]: Solid_Snake hat 0 $, 7 Gramm Drogen, 0 Materialien und 0 Kokain in das Depot gelegt.
[15-03-2019 16:13:01]: Solid_Snake hat 0 $, 1 Gramm Drogen, 0 Materialien und 0 Kokain in das Depot gelegt.
[15-03-2019 17:11:20]: Meliodas_Sin hat 38000 $, 0 Gramm Drogen und 0 Materialien aus dem Depot genommen.
[16-03-2019 13:50:04]: Solid_Snake hat 0 $, 0 Gramm Drogen, 0 Materialien und 941 Kokain in das Depot gelegt.
[16-03-2019 13:50:12]: Solid_Snake hat 0 $, 514 Gramm Drogen, 0 Materialien und 0 Kokain in das Depot gelegt.
[16-03-2019 13:50:28]: Solid_Snake hat 0 $, 0 Gramm Drogen, 413 Materialien und 0 Kokain in das Depot gelegt.
[16-03-2019 13:50:47]: Layesd_tv hat 0 $, 0 Gramm Drogen und 100 Materialien aus dem Depot genommen.
[16-03-2019 13:51:40]: Solid_Snake hat 0 $, 0 Gramm Drogen, 100 Materialien und 0 Kokain in das Depot gelegt.
[16-03-2019 16:03:03]: Solid_Snake hat 0 $, 1258 Gramm Drogen, 0 Materialien und 0 Kokain in das Depot gelegt.
[16-03-2019 16:10:56]: Solid_Snake hat 0 $, 0 Gramm Drogen und 632 Materialien aus dem Depot genommen.
[16-03-2019 16:11:01]: Solid_Snake hat 0 $, 3066 Gramm Drogen und 0 Materialien aus dem Depot genommen.
[16-03-2019 16:11:05]: Solid_Snake hat 0 $, 0 Gramm Drogen und 0 Materialien aus dem Depot genommen.
[16-03-2019 16:12:48]: Solid_Snake hat 0 $, 3066 Gramm Drogen, 0 Materialien und 0 Kokain in das Depot gelegt.
[16-03-2019 16:12:53]: Solid_Snake hat 0 $, 0 Gramm Drogen, 632 Materialien und 0 Kokain in das Depot gelegt.
[16-03-2019 16:13:05]: Solid_Snake hat 0 $, 3066 Gramm Drogen und 0 Materialien aus dem Depot genommen.
[16-03-2019 16:13:05]: Solid_Snake hat 0 $, 3066 Gramm Drogen, 0 Materialien und 0 Kokain in das Depot gelegt.
[16-03-2019 16:13:13]: Solid_Snake hat 0 $, 0 Gramm Drogen, 0 Materialien und 941 Kokain in das Depot gelegt.
[16-03-2019 16:13:22]: Solid_Snake hat 0 $, 0 Gramm Drogen und 0 Materialien aus dem Depot genommen.
[17-03-2019 18:01:09]: Keno hat 38000 $, 0 Gramm Drogen und 0 Materialien aus dem Depot genommen.
[17-03-2019 23:59:05]: xEvoliX hat 30000 $, 0 Gramm Drogen und 0 Materialien aus dem Depot genommen.
[17-03-2019 23:59:12]: xEvoliX hat 70000 $, 0 Gramm Drogen und 0 Materialien aus dem Depot genommen.
[17-03-2019 23:59:19]: xEvoliX hat 50000 $, 0 Gramm Drogen, 0 Materialien und 0 Kokain in das Depot gelegt.
[18-03-2019 17:02:53]: LateSpot hat 0 $, 0 Gramm Drogen und 2000 Materialien aus dem Depot genommen.
[19-03-2019 08:47:15]: xEvoliX hat 100000 $, 0 Gramm Drogen und 0 Materialien aus dem Depot genommen.
[19-03-2019 23:13:52]: NightMareJersyy hat 29000 $, 0 Gramm Drogen und 0 Materialien aus dem Depot genommen.
[26-03-2019 21:51:09]: Keno hat 10000 $, 0 Gramm Drogen und 0 Materialien aus dem Depot genommen.
