[11-12-2018 15:06:09]: Mafia vs Italian Mafia
[11-12-2018 15:06:09]: Blu3Xo macht beim GW mit - true
[11-12-2018 15:06:09]: Fore macht beim GW mit - true
[11-12-2018 15:12:31]: raptoRz macht beim GW mit - false
[11-12-2018 15:12:43]: FELIX macht beim GW mit - false
[11-12-2018 15:15:01]: Gebiet erfolgreich gegen die Mafia verteidigt!
[12-12-2018 18:42:01]: Angels Of Death vs Los Aztecas
[12-12-2018 18:42:01]: Exo_Ghost macht beim GW mit - true
[12-12-2018 18:42:01]: zeref macht beim GW mit - true
[12-12-2018 18:48:02]: Viper.exe macht beim GW mit - false
[12-12-2018 18:48:02]: laNo- macht beim GW mit - false
[12-12-2018 18:51:26]: Gebiet erfolgreich gegen die Angels Of Death verteidigt!
[12-12-2018 19:15:40]: Los Aztecas vs Ballas
[12-12-2018 19:15:40]: Haftbefehl. macht beim GW mit - true
[12-12-2018 19:15:40]: Viper.exe macht beim GW mit - true
[12-12-2018 19:15:40]: laNo- macht beim GW mit - true
[12-12-2018 19:21:55]: Slowman macht beim GW mit - false
[12-12-2018 19:21:55]: Exo_Ghost macht beim GW mit - false
[12-12-2018 19:21:57]: EdMean macht beim GW mit - false
[12-12-2018 19:25:45]: Gebiet gegen die Los Aztecas verloren!
[12-12-2018 19:42:27]: Ballas vs Los Aztecas
[12-12-2018 19:42:27]: Kabo macht beim GW mit - true
[12-12-2018 19:42:27]: Slowman macht beim GW mit - true
[12-12-2018 19:42:27]: Exo_Ghost macht beim GW mit - true
[12-12-2018 19:45:43]: Haftbefehl. macht beim GW mit - false
[12-12-2018 19:45:43]: laNo- macht beim GW mit - false
[12-12-2018 19:45:43]: Viper.exe macht beim GW mit - false
[12-12-2018 19:56:13]: Gebiet erfolgreich gegen die Ballas verteidigt!
[12-12-2018 20:06:09]: Italian Mafia vs Ballas
[12-12-2018 20:06:09]: zeref macht beim GW mit - true
[12-12-2018 20:31:22]: Los Aztecas vs Ballas
[12-12-2018 20:31:22]: laNo- macht beim GW mit - true
[12-12-2018 20:31:22]: Haftbefehl. macht beim GW mit - true
[12-12-2018 20:31:22]: Viper.exe macht beim GW mit - true
[12-12-2018 20:31:22]: Solid_Snake macht beim GW mit - true
[12-12-2018 20:39:26]: Los Aztecas vs Ballas
[12-12-2018 20:39:26]: Haftbefehl. macht beim GW mit - true
[12-12-2018 20:39:26]: Viper.exe macht beim GW mit - true
[12-12-2018 20:39:26]: laNo- macht beim GW mit - true
[12-12-2018 20:42:29]: Kabo macht beim GW mit - false
[12-12-2018 20:42:43]: EdMean macht beim GW mit - false
[12-12-2018 20:44:29]: Exo_Ghost macht beim GW mit - false
[12-12-2018 20:49:60]: Gebiet gegen die Los Aztecas verloren!
[12-12-2018 21:00:15]: Los Aztecas vs Ballas
[12-12-2018 21:00:15]: laNo- macht beim GW mit - true
[12-12-2018 21:00:15]: Haftbefehl. macht beim GW mit - true
[12-12-2018 21:00:15]: Viper.exe macht beim GW mit - true
[12-12-2018 21:03:28]: Exo_Ghost macht beim GW mit - false
[12-12-2018 21:03:28]: Kabo macht beim GW mit - false
[12-12-2018 21:03:32]: EdMean macht beim GW mit - false
[12-12-2018 21:14:27]: Gebiet gegen die Los Aztecas verloren!
[13-12-2018 17:03:56]: Los Aztecas vs Grove Street
[13-12-2018 17:03:56]: Viper.exe macht beim GW mit - true
[13-12-2018 17:03:56]: laNo- macht beim GW mit - true
[13-12-2018 17:21:56]: Gebiet gegen die Los Aztecas verloren!
[13-12-2018 17:43:41]: Los Aztecas vs Grove Street
[13-12-2018 17:43:41]: Viper.exe macht beim GW mit - true
[13-12-2018 17:43:41]: laNo- macht beim GW mit - true
[13-12-2018 18:01:41]: Gebiet gegen die Los Aztecas verloren!
[13-12-2018 20:04:49]: Los Aztecas vs Ballas
[13-12-2018 20:04:49]: Viper.exe macht beim GW mit - true
[13-12-2018 20:04:49]: laNo- macht beim GW mit - true
[13-12-2018 20:04:49]: Fore macht beim GW mit - true
[13-12-2018 20:14:39]: Los Aztecas vs Grove Street
[13-12-2018 20:14:39]: Viper.exe macht beim GW mit - true
[13-12-2018 20:14:39]: laNo- macht beim GW mit - true
[13-12-2018 20:14:39]: Fore macht beim GW mit - true
[13-12-2018 20:32:39]: Gebiet gegen die Los Aztecas verloren!
[13-12-2018 20:55:02]: Los Aztecas vs Italian Mafia
[13-12-2018 20:55:02]: Viper.exe macht beim GW mit - true
[13-12-2018 20:55:02]: laNo- macht beim GW mit - true
[13-12-2018 20:55:02]: Fore macht beim GW mit - true
[13-12-2018 20:59:09]: Android. macht beim GW mit - false
[13-12-2018 21:00:30]: FELIX macht beim GW mit - false
[13-12-2018 21:09:54]: Gebiet erfolgreich gegen die Los Aztecas verteidigt!
[14-12-2018 20:13:58]: Mafia vs Los Aztecas
[14-12-2018 20:13:58]: Kabo macht beim GW mit - true
[14-12-2018 20:17:45]: laNo- macht beim GW mit - false
[14-12-2018 20:17:50]: Fore macht beim GW mit - true
[14-12-2018 20:17:55]: Viper.exe macht beim GW mit - false
[14-12-2018 20:25:49]: Gebiet erfolgreich gegen die Mafia verteidigt!
[14-12-2018 20:30:29]: Mafia vs Ballas
[14-12-2018 20:30:29]: Fore macht beim GW mit - true
[14-12-2018 20:30:29]: Kabo macht beim GW mit - true
[14-12-2018 20:38:04]: Slowman macht beim GW mit - false
[14-12-2018 20:40:10]: Gebiet gegen die Mafia verloren!
[14-12-2018 20:45:40]: Los Aztecas vs Mafia
[14-12-2018 20:45:40]: Viper.exe macht beim GW mit - true
[14-12-2018 20:45:40]: laNo- macht beim GW mit - true
[14-12-2018 20:49:06]: Kabo macht beim GW mit - false
[14-12-2018 20:50:24]: Gebiet gegen die Los Aztecas verloren!
[14-12-2018 21:59:44]: Los Aztecas vs Ballas
[14-12-2018 21:59:44]: Viper.exe macht beim GW mit - true
[14-12-2018 21:59:44]: laNo- macht beim GW mit - true
[14-12-2018 22:05:20]: Slowman macht beim GW mit - false
[14-12-2018 22:05:24]: EdMean macht beim GW mit - false
[14-12-2018 22:10:07]: Gebiet gegen die Los Aztecas verloren!
[14-12-2018 22:13:43]: Los Aztecas vs Ballas
[14-12-2018 22:13:43]: laNo- macht beim GW mit - true
[14-12-2018 22:13:43]: Viper.exe macht beim GW mit - true
[14-12-2018 22:17:09]: Slowman macht beim GW mit - false
[14-12-2018 22:17:51]: Slicer macht beim GW mit - false
[14-12-2018 22:21:42]: Gebiet erfolgreich gegen die Los Aztecas verteidigt!
[14-12-2018 22:26:37]: Ballas vs Los Aztecas
[14-12-2018 22:26:37]: Slicer macht beim GW mit - true
[14-12-2018 22:26:37]: Slowman macht beim GW mit - true
[14-12-2018 22:31:01]: laNo- macht beim GW mit - false
[14-12-2018 22:31:01]: Viper.exe macht beim GW mit - false
[14-12-2018 22:33:42]: Gebiet erfolgreich gegen die Ballas verteidigt!
[14-12-2018 22:57:26]: Ballas vs Los Aztecas
[14-12-2018 22:57:26]: Slicer macht beim GW mit - true
[14-12-2018 22:57:26]: Slowman macht beim GW mit - true
[14-12-2018 23:00:41]: laNo- macht beim GW mit - false
[14-12-2018 23:00:41]: Viper.exe macht beim GW mit - false
[14-12-2018 23:05:05]: Gebiet gegen die Ballas verloren!
[15-12-2018 00:38:20]: Mafia vs Triaden
[15-12-2018 00:38:20]: Kabo macht beim GW mit - true
[15-12-2018 00:38:20]: FELIX macht beim GW mit - true
[15-12-2018 00:38:20]: Blu3Xo macht beim GW mit - true
[15-12-2018 00:41:26]: Fore macht beim GW mit - false
[15-12-2018 00:41:26]: Viper.exe macht beim GW mit - false
[15-12-2018 00:41:28]: laNo- macht beim GW mit - false
[15-12-2018 00:47:32]: Gebiet erfolgreich gegen die Mafia verteidigt!
[15-12-2018 00:55:39]: Triaden vs Mafia
[15-12-2018 00:55:39]: laNo- macht beim GW mit - true
[15-12-2018 00:55:39]: Fore macht beim GW mit - true
[15-12-2018 00:55:39]: Viper.exe macht beim GW mit - true
[15-12-2018 00:58:50]: Kabo macht beim GW mit - false
[15-12-2018 00:58:51]: FELIX macht beim GW mit - false
[15-12-2018 00:58:53]: Blu3Xo macht beim GW mit - false
[15-12-2018 01:07:52]: Gebiet erfolgreich gegen die Triaden verteidigt!
[15-12-2018 01:09:56]: Ballas vs Mafia
[15-12-2018 01:09:56]: xHiraShisuix macht beim GW mit - true
[15-12-2018 01:09:56]: Exo_Ghost macht beim GW mit - true
[15-12-2018 01:12:60]: Kabo macht beim GW mit - false
[15-12-2018 01:13:11]: FELIX macht beim GW mit - false
[15-12-2018 01:13:14]: Slicer macht beim GW mit - true
[15-12-2018 01:13:27]: Blu3Xo macht beim GW mit - false
[15-12-2018 01:18:07]: Gebiet erfolgreich gegen die Ballas verteidigt!
[15-12-2018 01:24:30]: Mafia vs Triaden
[15-12-2018 01:24:30]: Blu3Xo macht beim GW mit - true
[15-12-2018 01:24:30]: Kabo macht beim GW mit - true
[15-12-2018 01:24:30]: FELIX macht beim GW mit - true
[15-12-2018 01:27:56]: Viper.exe macht beim GW mit - false
[15-12-2018 01:27:56]: Fore macht beim GW mit - false
[15-12-2018 01:28:01]: laNo- macht beim GW mit - false
[15-12-2018 01:31:11]: Gebiet gegen die Mafia verloren!
[15-12-2018 01:43:07]: Triaden vs Mafia
[15-12-2018 01:43:07]: Fore macht beim GW mit - true
[15-12-2018 01:43:07]: laNo- macht beim GW mit - true
[15-12-2018 01:43:07]: Viper.exe macht beim GW mit - true
[15-12-2018 01:46:13]: Kabo macht beim GW mit - false
[15-12-2018 01:46:16]: Blu3Xo macht beim GW mit - false
[15-12-2018 01:46:16]: FELIX macht beim GW mit - false
[15-12-2018 01:51:06]: Gebiet gegen die Triaden verloren!
[15-12-2018 02:00:11]: Triaden vs Mafia
[15-12-2018 02:00:11]: Fore macht beim GW mit - true
[15-12-2018 02:00:11]: Viper.exe macht beim GW mit - true
[15-12-2018 02:00:11]: laNo- macht beim GW mit - true
[15-12-2018 02:03:22]: FELIX macht beim GW mit - false
[15-12-2018 02:03:22]: Kabo macht beim GW mit - false
[15-12-2018 02:03:27]: Blu3Xo macht beim GW mit - false
[15-12-2018 02:10:12]: Gebiet erfolgreich gegen die Triaden verteidigt!
[15-12-2018 14:28:51]: Grove Street vs Mafia
[15-12-2018 14:28:51]: RudeL macht beim GW mit - true
[15-12-2018 14:28:51]: EdMean macht beim GW mit - true
[15-12-2018 14:35:57]: Undergrinder macht beim GW mit - false
[15-12-2018 14:35:57]: Kabo macht beim GW mit - false
[15-12-2018 14:40:57]: Gebiet gegen die Grove Street verloren!
[15-12-2018 14:56:54]: Mafia vs Angels Of Death
[15-12-2018 14:56:54]: Kabo macht beim GW mit - true
[15-12-2018 15:00:45]: Wesley7651 macht beim GW mit - false
[15-12-2018 15:01:01]: Gebiet gegen die Mafia verloren!
[15-12-2018 15:03:47]: Mafia vs Angels Of Death
[15-12-2018 15:03:47]: Kabo macht beim GW mit - true
[15-12-2018 15:21:47]: Gebiet gegen die Mafia verloren!
[15-12-2018 15:48:40]: Mafia vs Triaden
[15-12-2018 15:48:40]: Kabo macht beim GW mit - true
[15-12-2018 15:48:40]: Undergrinder macht beim GW mit - true
[15-12-2018 15:51:47]: Viper.exe macht beim GW mit - false
[15-12-2018 15:51:48]: laNo- macht beim GW mit - false
[15-12-2018 15:52:05]: Gebiet erfolgreich gegen die Mafia verteidigt!
[15-12-2018 16:13:29]: Los Aztecas vs Triaden
[15-12-2018 16:13:29]: Kabo macht beim GW mit - true
[15-12-2018 16:13:29]: Haftbefehl. macht beim GW mit - true
[15-12-2018 16:13:29]: FELIX macht beim GW mit - true
[15-12-2018 16:16:42]: Fore macht beim GW mit - false
[15-12-2018 16:16:43]: laNo- macht beim GW mit - false
[15-12-2018 16:18:45]: Viper.exe macht beim GW mit - false
[15-12-2018 16:25:27]: Gebiet gegen die Los Aztecas verloren!
[15-12-2018 16:30:04]: Los Aztecas vs Triaden
[15-12-2018 16:30:04]: Haftbefehl. macht beim GW mit - true
[15-12-2018 16:30:04]: Kabo macht beim GW mit - true
[15-12-2018 16:30:04]: FELIX macht beim GW mit - true
[15-12-2018 16:34:46]: Fore macht beim GW mit - false
[15-12-2018 16:35:08]: Blu3Xo macht beim GW mit - false
[15-12-2018 16:35:24]: Viper.exe macht beim GW mit - false
[15-12-2018 16:35:34]: Undergrinder macht beim GW mit - true
[15-12-2018 16:35:59]: laNo- macht beim GW mit - false
[15-12-2018 16:40:19]: Gebiet gegen die Los Aztecas verloren!
[15-12-2018 16:44:43]: Los Aztecas vs Triaden
[15-12-2018 16:44:43]: Kabo macht beim GW mit - true
[15-12-2018 16:44:43]: Undergrinder macht beim GW mit - true
[15-12-2018 16:44:43]: FELIX macht beim GW mit - true
[15-12-2018 16:44:43]: Haftbefehl. macht beim GW mit - true
[15-12-2018 16:47:50]: laNo- macht beim GW mit - false
[15-12-2018 16:47:50]: Viper.exe macht beim GW mit - false
[15-12-2018 16:47:54]: Blu3Xo macht beim GW mit - false
[15-12-2018 16:53:18]: Gebiet erfolgreich gegen die Los Aztecas verteidigt!
[15-12-2018 19:45:49]: Los Aztecas vs Triaden
[15-12-2018 19:45:49]: Fore macht beim GW mit - true
[15-12-2018 19:45:49]: FELIX macht beim GW mit - true
[15-12-2018 19:48:55]: laNo- macht beim GW mit - false
[15-12-2018 19:48:57]: Blu3Xo macht beim GW mit - false
[15-12-2018 19:49:32]: Kabo macht beim GW mit - true
[15-12-2018 19:49:34]: Viper.exe macht beim GW mit - false
[15-12-2018 19:52:57]: Gebiet gegen die Los Aztecas verloren!
[15-12-2018 19:58:39]: Los Aztecas vs Triaden
[15-12-2018 19:58:39]: FELIX macht beim GW mit - true
[15-12-2018 19:58:39]: Kabo macht beim GW mit - true
[15-12-2018 19:58:39]: Fore macht beim GW mit - true
[15-12-2018 20:03:23]: Viper.exe macht beim GW mit - false
[15-12-2018 20:03:23]: laNo- macht beim GW mit - false
[15-12-2018 20:03:23]: Blu3Xo macht beim GW mit - false
[15-12-2018 20:09:27]: Gebiet gegen die Los Aztecas verloren!
[15-12-2018 20:18:15]: Los Aztecas vs Triaden
[15-12-2018 20:18:15]: Kabo macht beim GW mit - true
[15-12-2018 20:18:15]: FELIX macht beim GW mit - true
[15-12-2018 20:18:15]: Haftbefehl. macht beim GW mit - true
[15-12-2018 20:18:15]: Undergrinder macht beim GW mit - true
[15-12-2018 20:21:19]: Blu3Xo macht beim GW mit - false
[15-12-2018 20:21:19]: laNo- macht beim GW mit - false
[15-12-2018 20:21:19]: Fore macht beim GW mit - false
[15-12-2018 20:21:31]: Viper.exe macht beim GW mit - false
[15-12-2018 20:32:20]: Gebiet gegen die Los Aztecas verloren!
[15-12-2018 20:37:19]: Los Aztecas vs Triaden
[15-12-2018 20:37:19]: Undergrinder macht beim GW mit - true
[15-12-2018 20:37:19]: FELIX macht beim GW mit - true
[15-12-2018 20:37:19]: Haftbefehl. macht beim GW mit - true
[15-12-2018 20:40:32]: Viper.exe macht beim GW mit - false
[15-12-2018 20:40:32]: Blu3Xo macht beim GW mit - false
[15-12-2018 20:46:38]: Fore macht beim GW mit - false
[15-12-2018 20:46:47]: Kabo macht beim GW mit - true
[15-12-2018 20:49:03]: Gebiet erfolgreich gegen die Los Aztecas verteidigt!
[15-12-2018 20:58:16]: Los Aztecas vs Triaden
[15-12-2018 20:58:16]: Undergrinder macht beim GW mit - true
[15-12-2018 20:58:16]: FELIX macht beim GW mit - true
[15-12-2018 20:58:16]: Haftbefehl. macht beim GW mit - true
[15-12-2018 20:58:16]: Kabo macht beim GW mit - true
[15-12-2018 21:02:28]: Viper.exe macht beim GW mit - false
[15-12-2018 21:02:39]: Fore macht beim GW mit - false
[15-12-2018 21:02:52]: Blu3Xo macht beim GW mit - false
[15-12-2018 21:08:49]: Gebiet gegen die Los Aztecas verloren!
[16-12-2018 02:41:54]: Triaden vs Los Aztecas
[16-12-2018 02:41:54]: laNo- macht beim GW mit - true
[16-12-2018 02:47:10]: Solid_Snake macht beim GW mit - false
[16-12-2018 02:52:19]: Gebiet erfolgreich gegen die Triaden verteidigt!
[16-12-2018 02:59:60]: Triaden vs Los Aztecas
[16-12-2018 02:59:60]: laNo- macht beim GW mit - true
[16-12-2018 02:59:60]: LargePeach macht beim GW mit - true
[16-12-2018 03:00:16]: Solid_Snake macht beim GW mit - false
[16-12-2018 03:00:52]: Gebiet gegen die Triaden verloren!
[16-12-2018 03:07:19]: Triaden vs Los Aztecas
[16-12-2018 03:07:19]: laNo- macht beim GW mit - true
[16-12-2018 03:07:33]: Solid_Snake macht beim GW mit - false
[16-12-2018 03:07:36]: LargePeach macht beim GW mit - true
[16-12-2018 03:11:22]: Triaden vs Los Aztecas
[16-12-2018 03:11:22]: laNo- macht beim GW mit - true
[16-12-2018 03:11:22]: LargePeach macht beim GW mit - true
[16-12-2018 03:11:35]: Solid_Snake macht beim GW mit - false
[16-12-2018 03:21:52]: Triaden vs Los Aztecas
[16-12-2018 03:21:52]: laNo- macht beim GW mit - true
[16-12-2018 03:21:59]: Solid_Snake macht beim GW mit - false
[16-12-2018 03:22:23]: LargePeach macht beim GW mit - true
[16-12-2018 03:25:05]: Triaden vs Los Aztecas
[16-12-2018 03:25:05]: laNo- macht beim GW mit - true
[16-12-2018 03:25:06]: Solid_Snake macht beim GW mit - false
[16-12-2018 03:26:36]: LargePeach macht beim GW mit - true
[16-12-2018 03:28:25]: Gebiet gegen die Triaden verloren!
[16-12-2018 03:33:49]: Los Aztecas vs Triaden
[16-12-2018 03:33:49]: Solid_Snake macht beim GW mit - true
[16-12-2018 03:33:55]: laNo- macht beim GW mit - false
[16-12-2018 03:35:05]: Gebiet gegen die Los Aztecas verloren!
[16-12-2018 03:45:32]: Triaden vs Los Aztecas
[16-12-2018 03:45:32]: laNo- macht beim GW mit - true
[16-12-2018 03:45:32]: LargePeach macht beim GW mit - true
[16-12-2018 03:45:42]: Solid_Snake macht beim GW mit - false
[16-12-2018 03:46:23]: Gebiet erfolgreich gegen die Triaden verteidigt!
[16-12-2018 03:48:23]: Triaden vs Los Aztecas
[16-12-2018 03:48:23]: laNo- macht beim GW mit - true
[16-12-2018 03:48:23]: LargePeach macht beim GW mit - true
[16-12-2018 03:48:37]: Solid_Snake macht beim GW mit - false
[16-12-2018 03:51:04]: Triaden vs Los Aztecas
[16-12-2018 03:51:04]: LargePeach macht beim GW mit - true
[16-12-2018 03:51:04]: laNo- macht beim GW mit - true
[16-12-2018 03:51:11]: Solid_Snake macht beim GW mit - false
[16-12-2018 03:51:32]: Gebiet gegen die Triaden verloren!
[16-12-2018 03:52:59]: Triaden vs Los Aztecas
[16-12-2018 03:52:59]: LargePeach macht beim GW mit - true
[16-12-2018 03:53:03]: Solid_Snake macht beim GW mit - false
[16-12-2018 03:53:33]: laNo- macht beim GW mit - true
[16-12-2018 04:02:60]: Triaden vs Los Aztecas
[16-12-2018 04:02:60]: LargePeach macht beim GW mit - true
[16-12-2018 04:02:60]: laNo- macht beim GW mit - true
[16-12-2018 04:03:03]: Solid_Snake macht beim GW mit - false
[16-12-2018 04:16:57]: Triaden vs Los Aztecas
[16-12-2018 04:16:57]: laNo- macht beim GW mit - true
[16-12-2018 04:16:57]: LargePeach macht beim GW mit - true
[16-12-2018 04:16:60]: Solid_Snake macht beim GW mit - false
[16-12-2018 04:18:37]: Gebiet erfolgreich gegen die Triaden verteidigt!
[16-12-2018 04:27:48]: Triaden vs Los Aztecas
[16-12-2018 04:27:48]: LargePeach macht beim GW mit - true
[16-12-2018 04:27:57]: Solid_Snake macht beim GW mit - false
[16-12-2018 04:28:11]: Gebiet erfolgreich gegen die Triaden verteidigt!
[16-12-2018 04:39:43]: Triaden vs Los Aztecas
[16-12-2018 04:39:43]: LargePeach macht beim GW mit - true
[16-12-2018 04:39:51]: Solid_Snake macht beim GW mit - false
[16-12-2018 04:40:25]: laNo- macht beim GW mit - true
[16-12-2018 04:40:28]: Allaa macht beim GW mit - false
[16-12-2018 04:42:20]: Gebiet erfolgreich gegen die Triaden verteidigt!
[16-12-2018 04:42:38]: Gebiet erfolgreich gegen die Triaden verteidigt!
[16-12-2018 04:45:35]: Triaden vs Los Aztecas
[16-12-2018 04:45:35]: LargePeach macht beim GW mit - true
[16-12-2018 04:45:45]: Solid_Snake macht beim GW mit - false
[16-12-2018 04:45:49]: laNo- macht beim GW mit - true
[16-12-2018 04:46:41]: Allaa macht beim GW mit - false
[16-12-2018 04:48:01]: Gebiet erfolgreich gegen die Triaden verteidigt!
[16-12-2018 04:54:39]: Triaden vs Los Aztecas
[16-12-2018 04:54:39]: LargePeach macht beim GW mit - true
[16-12-2018 04:54:50]: Solid_Snake macht beim GW mit - false
[16-12-2018 04:54:53]: laNo- macht beim GW mit - true
[16-12-2018 04:55:19]: Gebiet erfolgreich gegen die Triaden verteidigt!
[16-12-2018 04:59:33]: Triaden vs Los Aztecas
[16-12-2018 04:59:33]: LargePeach macht beim GW mit - true
[16-12-2018 04:59:36]: Solid_Snake macht beim GW mit - false
[16-12-2018 04:59:55]: Gebiet erfolgreich gegen die Triaden verteidigt!
[16-12-2018 05:06:60]: Triaden vs Los Aztecas
[16-12-2018 05:06:60]: LargePeach macht beim GW mit - true
[16-12-2018 05:07:03]: Solid_Snake macht beim GW mit - false
[16-12-2018 05:07:05]: laNo- macht beim GW mit - true
[16-12-2018 05:07:30]: Gebiet erfolgreich gegen die Triaden verteidigt!
[16-12-2018 05:14:20]: Triaden vs Los Aztecas
[16-12-2018 05:14:20]: LargePeach macht beim GW mit - true
[16-12-2018 05:14:20]: laNo- macht beim GW mit - true
[16-12-2018 05:14:23]: Solid_Snake macht beim GW mit - false
[16-12-2018 05:14:41]: Gebiet erfolgreich gegen die Triaden verteidigt!
[16-12-2018 05:19:55]: Triaden vs Los Aztecas
[16-12-2018 05:19:55]: LargePeach macht beim GW mit - true
[16-12-2018 05:19:55]: laNo- macht beim GW mit - true
[16-12-2018 05:20:19]: Solid_Snake macht beim GW mit - false
[16-12-2018 05:21:02]: Gebiet erfolgreich gegen die Triaden verteidigt!
[16-12-2018 05:29:09]: Triaden vs Los Aztecas
[16-12-2018 05:29:09]: LargePeach macht beim GW mit - true
[16-12-2018 05:29:09]: laNo- macht beim GW mit - true
[16-12-2018 05:29:16]: Solid_Snake macht beim GW mit - false
[16-12-2018 05:29:42]: Gebiet gegen die Triaden verloren!
[16-12-2018 05:35:05]: Triaden vs Los Aztecas
[16-12-2018 05:35:05]: LargePeach macht beim GW mit - true
[16-12-2018 05:35:05]: laNo- macht beim GW mit - true
[16-12-2018 05:35:07]: Solid_Snake macht beim GW mit - false
[16-12-2018 05:35:31]: Gebiet erfolgreich gegen die Triaden verteidigt!
[16-12-2018 05:41:53]: Triaden vs Los Aztecas
[16-12-2018 05:41:53]: LargePeach macht beim GW mit - true
[16-12-2018 05:43:21]: Solid_Snake macht beim GW mit - false
[16-12-2018 05:43:48]: Gebiet erfolgreich gegen die Triaden verteidigt!
[16-12-2018 12:34:03]: Los Aztecas vs Mafia
[16-12-2018 12:34:03]: Kabo macht beim GW mit - true
[16-12-2018 12:42:39]: EdMean macht beim GW mit - false
[16-12-2018 12:42:43]: Haftbefehl. macht beim GW mit - true
[16-12-2018 12:42:48]: RudeL macht beim GW mit - false
[16-12-2018 12:49:03]: Gebiet gegen die Los Aztecas verloren!
[16-12-2018 13:02:39]: Mafia vs Los Aztecas
[16-12-2018 13:02:39]: EdMean macht beim GW mit - true
[16-12-2018 13:05:50]: Kabo macht beim GW mit - false
[16-12-2018 13:06:29]: RudeL macht beim GW mit - true
[16-12-2018 13:06:32]: Haftbefehl. macht beim GW mit - false
[16-12-2018 13:08:20]: Gebiet erfolgreich gegen die Mafia verteidigt!
[16-12-2018 13:10:35]: Los Aztecas vs Mafia
[16-12-2018 13:10:35]: Kabo macht beim GW mit - true
[16-12-2018 13:10:35]: Haftbefehl. macht beim GW mit - true
[16-12-2018 13:15:01]: EdMean macht beim GW mit - false
[16-12-2018 13:18:22]: Gebiet gegen die Los Aztecas verloren!
[16-12-2018 13:26:14]: Los Aztecas vs Triaden
[16-12-2018 13:26:14]: Haftbefehl. macht beim GW mit - true
[16-12-2018 13:26:14]: Kabo macht beim GW mit - true
[16-12-2018 13:29:59]: Gebiet erfolgreich gegen die Los Aztecas verteidigt!
[16-12-2018 14:29:04]: Los Aztecas vs Triaden
[16-12-2018 14:29:04]: FELIX macht beim GW mit - true
[16-12-2018 14:29:04]: Haftbefehl. macht beim GW mit - true
[16-12-2018 14:29:04]: Kabo macht beim GW mit - true
[16-12-2018 14:33:33]: Blu3Xo macht beim GW mit - false
[16-12-2018 14:33:33]: Fore macht beim GW mit - false
[16-12-2018 14:33:58]: Kabo macht beim GW mit - true
[16-12-2018 14:34:02]: 4To_20 macht beim GW mit - false
[16-12-2018 14:41:04]: Gebiet gegen die Los Aztecas verloren!
[16-12-2018 15:31:18]: Los Aztecas vs Triaden
[16-12-2018 15:31:18]: FELIX macht beim GW mit - true
[16-12-2018 15:31:18]: Haftbefehl. macht beim GW mit - true
[16-12-2018 15:31:18]: Exo_Ghost macht beim GW mit - true
[16-12-2018 15:36:53]: Fore macht beim GW mit - false
[16-12-2018 15:36:53]: Blu3Xo macht beim GW mit - false
[16-12-2018 15:43:48]: Gebiet gegen die Los Aztecas verloren!
[16-12-2018 15:47:46]: Angels Of Death vs Los Aztecas
[16-12-2018 15:47:46]: zeref macht beim GW mit - true
[16-12-2018 15:47:46]: Wesley7651 macht beim GW mit - true
[16-12-2018 15:52:37]: FELIX macht beim GW mit - false
[16-12-2018 15:52:37]: Haftbefehl. macht beim GW mit - false
[16-12-2018 15:56:11]: Gebiet erfolgreich gegen die Angels Of Death verteidigt!
[16-12-2018 16:05:58]: Los Aztecas vs Triaden
[16-12-2018 16:05:58]: Haftbefehl. macht beim GW mit - true
[16-12-2018 16:05:58]: FELIX macht beim GW mit - true
[16-12-2018 16:05:58]: Exo_Ghost macht beim GW mit - true
[16-12-2018 16:09:05]: Fore macht beim GW mit - false
[16-12-2018 16:09:08]: laNo- macht beim GW mit - false
[16-12-2018 16:09:09]: Blu3Xo macht beim GW mit - false
[16-12-2018 16:15:55]: Gebiet gegen die Los Aztecas verloren!
[16-12-2018 16:19:36]: Triaden vs Los Aztecas
[16-12-2018 16:19:36]: Blu3Xo macht beim GW mit - true
[16-12-2018 16:19:36]: Fore macht beim GW mit - true
[16-12-2018 16:19:36]: laNo- macht beim GW mit - true
[16-12-2018 16:22:42]: Exo_Ghost macht beim GW mit - false
[16-12-2018 16:22:42]: Haftbefehl. macht beim GW mit - false
[16-12-2018 16:22:42]: FELIX macht beim GW mit - false
[16-12-2018 16:28:02]: Gebiet erfolgreich gegen die Triaden verteidigt!
[16-12-2018 16:33:14]: Los Aztecas vs Triaden
[16-12-2018 16:33:14]: FELIX macht beim GW mit - true
[16-12-2018 16:33:14]: Haftbefehl. macht beim GW mit - true
[16-12-2018 16:33:14]: Exo_Ghost macht beim GW mit - true
[16-12-2018 16:36:54]: Fore macht beim GW mit - false
[16-12-2018 16:36:55]: laNo- macht beim GW mit - false
[16-12-2018 16:36:59]: Blu3Xo macht beim GW mit - false
[16-12-2018 16:39:44]: Gebiet gegen die Los Aztecas verloren!
[16-12-2018 16:46:13]: Mafia vs Los Aztecas
[16-12-2018 16:46:13]: IllegalFalcon32 macht beim GW mit - true
[16-12-2018 16:46:13]: Q4NTUM macht beim GW mit - true
[16-12-2018 16:46:13]: EdMean macht beim GW mit - true
[16-12-2018 16:49:31]: Haftbefehl. macht beim GW mit - false
[16-12-2018 16:49:31]: FELIX macht beim GW mit - false
[16-12-2018 16:50:28]: Fore macht beim GW mit - false
[16-12-2018 16:50:32]: Headseacker94 macht beim GW mit - true
[16-12-2018 16:51:06]: Blu3Xo macht beim GW mit - false
[16-12-2018 16:53:15]: Gebiet erfolgreich gegen die Mafia verteidigt!
[16-12-2018 17:19:08]: Los Aztecas vs Triaden
[16-12-2018 17:19:08]: FELIX macht beim GW mit - true
[16-12-2018 17:19:08]: GreenMedic007 macht beim GW mit - true
[16-12-2018 17:19:08]: Haftbefehl. macht beim GW mit - true
[16-12-2018 17:28:13]: Schmock macht beim GW mit - false
[16-12-2018 17:28:24]: Blu3Xo macht beim GW mit - false
[16-12-2018 17:28:24]: Fore macht beim GW mit - false
[16-12-2018 17:28:28]: gamezrs macht beim GW mit - true
[16-12-2018 17:34:32]: Gebiet gegen die Los Aztecas verloren!
[16-12-2018 17:40:54]: Los Aztecas vs Triaden
[16-12-2018 17:40:54]: FELIX macht beim GW mit - true
[16-12-2018 17:40:54]: Haftbefehl. macht beim GW mit - true
[16-12-2018 17:40:55]: GreenMedic007 macht beim GW mit - true
[16-12-2018 17:40:55]: gamezrs macht beim GW mit - true
[16-12-2018 17:44:47]: Schmock macht beim GW mit - false
[16-12-2018 17:44:47]: Blu3Xo macht beim GW mit - false
[16-12-2018 17:44:57]: Fore macht beim GW mit - false
[16-12-2018 17:50:45]: Gebiet gegen die Los Aztecas verloren!
[16-12-2018 20:12:35]: Mafia vs Los Aztecas
[16-12-2018 20:12:35]: EdMean macht beim GW mit - true
[16-12-2018 20:12:35]: Ea3yE macht beim GW mit - true
[16-12-2018 20:18:02]: FELIX macht beim GW mit - false
[16-12-2018 20:18:28]: Undergrinder macht beim GW mit - false
[16-12-2018 20:19:35]: RudeL macht beim GW mit - true
[16-12-2018 20:20:51]: Gebiet erfolgreich gegen die Mafia verteidigt!
[16-12-2018 20:26:06]: Mafia vs Los Aztecas
[16-12-2018 20:26:06]: RudeL macht beim GW mit - true
[16-12-2018 20:26:06]: EdMean macht beim GW mit - true
[16-12-2018 20:26:06]: Ea3yE macht beim GW mit - true
[16-12-2018 20:29:12]: Kabo macht beim GW mit - false
[16-12-2018 20:29:24]: FELIX macht beim GW mit - false
[16-12-2018 20:29:27]: Undergrinder macht beim GW mit - false
[16-12-2018 20:31:26]: Gebiet erfolgreich gegen die Mafia verteidigt!
[27-02-2019 17:18:24]: Triaden vs Ballas
[27-02-2019 17:18:24]: rvty macht beim GW mit - true
[27-02-2019 17:18:24]: Keno macht beim GW mit - true
[27-02-2019 17:18:24]: Sammy macht beim GW mit - true
[27-02-2019 17:18:24]: luca macht beim GW mit - true
[27-02-2019 17:21:43]: Badskull10 macht beim GW mit - false
[27-02-2019 17:21:44]: NutellaBrot macht beim GW mit - false
[27-02-2019 17:21:44]: ErdbeerBrot macht beim GW mit - false
[27-02-2019 17:32:10]: Gebiet erfolgreich gegen die Triaden verteidigt!
[27-02-2019 17:56:33]: Ballas vs Triaden
[27-02-2019 17:56:33]: ErdbeerBrot macht beim GW mit - true
[27-02-2019 17:56:33]: NutellaBrot macht beim GW mit - true
[27-02-2019 17:59:42]: luca macht beim GW mit - false
[27-02-2019 17:59:42]: Sammy macht beim GW mit - false
[27-02-2019 18:08:08]: Gebiet gegen die Ballas verloren!
[27-02-2019 18:14:12]: Triaden vs Ballas
[27-02-2019 18:14:12]: luca macht beim GW mit - true
[27-02-2019 18:14:12]: Keno macht beim GW mit - true
[27-02-2019 18:14:12]: Sammy macht beim GW mit - true
[27-02-2019 18:17:35]: NutellaBrot macht beim GW mit - false
[27-02-2019 18:17:35]: ErdbeerBrot macht beim GW mit - false
[27-02-2019 18:20:14]: Badskull10 macht beim GW mit - false
[27-02-2019 18:21:05]: Badskull10 macht beim GW mit - false
[27-02-2019 18:26:53]: Gebiet erfolgreich gegen die Triaden verteidigt!
[27-02-2019 19:08:29]: Los Aztecas vs Ballas
[27-02-2019 19:08:29]: Zorro macht beim GW mit - true
[27-02-2019 19:08:29]: EzWiN macht beim GW mit - true
[27-02-2019 19:26:30]: Gebiet gegen die Los Aztecas verloren!
[27-02-2019 22:51:35]: Los Aztecas vs Aryan Brotherhood
[27-02-2019 22:51:35]: rufen, macht beim GW mit - true
[27-02-2019 22:51:35]: rndm macht beim GW mit - true
[27-02-2019 23:07:60]: skin macht beim GW mit - false
[27-02-2019 23:09:35]: Gebiet gegen die Los Aztecas verloren!
[27-02-2019 23:14:37]: Los Aztecas vs Aryan Brotherhood
[27-02-2019 23:14:37]: rndm macht beim GW mit - true
[27-02-2019 23:17:40]: skin macht beim GW mit - false
[27-02-2019 23:17:59]: rufen, macht beim GW mit - true
[27-02-2019 23:18:13]: Lelek macht beim GW mit - false
[27-02-2019 23:25:48]: Gebiet gegen die Los Aztecas verloren!
[27-02-2019 23:30:33]: Los Aztecas vs Aryan Brotherhood
[27-02-2019 23:30:33]: rndm macht beim GW mit - true
[27-02-2019 23:33:40]: skin macht beim GW mit - false
[27-02-2019 23:33:43]: rufen, macht beim GW mit - true
[27-02-2019 23:33:48]: Relax macht beim GW mit - false
[27-02-2019 23:42:56]: Gebiet gegen die Los Aztecas verloren!
[28-02-2019 21:02:31]: Los Aztecas vs Ballas
[28-02-2019 21:02:31]: rufen, macht beim GW mit - true
[28-02-2019 21:02:31]: rndm macht beim GW mit - true
[28-02-2019 21:07:31]: ErdbeerBrot macht beim GW mit - false
[28-02-2019 21:07:34]: Gebiet gegen die Los Aztecas verloren!
[28-02-2019 21:11:36]: Los Aztecas vs Ballas
[28-02-2019 21:11:36]: rndm macht beim GW mit - true
[28-02-2019 21:11:36]: rufen, macht beim GW mit - true
[28-02-2019 21:11:36]: Jerusalem macht beim GW mit - true
[28-02-2019 21:17:05]: NutellaBrot macht beim GW mit - false
[28-02-2019 21:17:08]: ErdbeerBrot macht beim GW mit - false
[28-02-2019 21:20:22]: Gebiet gegen die Los Aztecas verloren!
[01-03-2019 17:08:02]: Los Aztecas vs Aryan Brotherhood
[01-03-2019 17:08:02]: rufen, macht beim GW mit - true
[01-03-2019 17:13:49]: SocasteR macht beim GW mit - false
[01-03-2019 17:13:49]: rndm macht beim GW mit - true
[01-03-2019 17:14:30]: Cyb3rClown macht beim GW mit - false
[01-03-2019 17:14:45]: Jerusalem macht beim GW mit - true
[01-03-2019 17:20:07]: Gebiet gegen die Los Aztecas verloren!
[01-03-2019 17:24:22]: Los Aztecas vs Aryan Brotherhood
[01-03-2019 17:24:22]: rndm macht beim GW mit - true
[01-03-2019 17:24:22]: rufen, macht beim GW mit - true
[01-03-2019 17:28:12]: Cyb3rClown macht beim GW mit - false
[01-03-2019 17:28:12]: SocasteR macht beim GW mit - false
[01-03-2019 17:28:18]: Jerusalem macht beim GW mit - true
[01-03-2019 17:35:60]: Gebiet gegen die Los Aztecas verloren!
[02-03-2019 16:12:54]: Triaden vs Angels Of Death
[02-03-2019 16:12:54]: Keno macht beim GW mit - true
[02-03-2019 16:12:54]: rvty macht beim GW mit - true
[02-03-2019 16:16:45]: Sky. macht beim GW mit - false
[02-03-2019 16:16:53]: Relax macht beim GW mit - false
[02-03-2019 16:23:60]: Gebiet erfolgreich gegen die Triaden verteidigt!
[02-03-2019 16:59:39]: Angels Of Death vs Italian Mafia
[02-03-2019 16:59:39]: Sky. macht beim GW mit - true
[02-03-2019 16:59:39]: Felix123 macht beim GW mit - true
[02-03-2019 17:02:52]: NooFunk macht beim GW mit - false
[02-03-2019 17:04:04]: Chapo macht beim GW mit - false
[02-03-2019 17:17:39]: Gebiet gegen die Angels Of Death verloren!
[02-03-2019 17:46:50]: Angels Of Death vs Italian Mafia
[02-03-2019 17:46:50]: Felix123 macht beim GW mit - true
[02-03-2019 17:46:50]: Sky. macht beim GW mit - true
[02-03-2019 17:46:50]: Relax macht beim GW mit - true
[02-03-2019 18:04:50]: Gebiet gegen die Angels Of Death verloren!
[03-03-2019 19:12:27]: Grove Street vs Angels Of Death
[03-03-2019 19:12:27]: Deltafrost macht beim GW mit - true
[03-03-2019 19:12:27]: banger99 macht beim GW mit - true
[03-03-2019 19:16:52]: Sky. macht beim GW mit - false
[03-03-2019 19:17:04]: Gebiet gegen die Grove Street verloren!
[03-03-2019 21:22:15]: Angels Of Death vs Italian Mafia
[03-03-2019 21:22:15]: Sky. macht beim GW mit - true
[03-03-2019 21:22:15]: hurN. macht beim GW mit - true
[03-03-2019 21:25:27]: Habernoxx macht beim GW mit - false
[03-03-2019 21:25:47]: Russ_Daniel74 macht beim GW mit - false
[03-03-2019 21:40:15]: Gebiet gegen die Angels Of Death verloren!
[03-03-2019 21:44:22]: Angels Of Death vs Italian Mafia
[03-03-2019 21:44:22]: hurN. macht beim GW mit - true
[03-03-2019 21:44:22]: Sky. macht beim GW mit - true
[03-03-2019 21:51:33]: Gebiet erfolgreich gegen die Angels Of Death verteidigt!
[03-03-2019 22:25:10]: Los Aztecas vs Italian Mafia
[03-03-2019 22:25:10]: rufen, macht beim GW mit - true
[03-03-2019 22:25:10]: rndm macht beim GW mit - true
[03-03-2019 22:25:10]: SocasteR macht beim GW mit - true
[03-03-2019 22:25:10]: 131121 macht beim GW mit - true
[03-03-2019 22:25:10]: derKiller macht beim GW mit - true
[03-03-2019 22:43:10]: Gebiet gegen die Los Aztecas verloren!
[04-03-2019 19:47:13]: Grove Street vs Los Aztecas
[04-03-2019 19:47:13]: Deltafrost macht beim GW mit - true
[04-03-2019 19:47:13]: banger99 macht beim GW mit - true
[04-03-2019 19:52:51]: Felix321 macht beim GW mit - false
[04-03-2019 19:53:11]: rufen, macht beim GW mit - false
[04-03-2019 19:59:42]: Gebiet erfolgreich gegen die Grove Street verteidigt!
[04-03-2019 20:04:38]: Los Aztecas vs Grove Street
[04-03-2019 20:04:38]: rufen, macht beim GW mit - true
[04-03-2019 20:04:38]: Felix321 macht beim GW mit - true
[04-03-2019 20:04:38]: Eye macht beim GW mit - true
[04-03-2019 20:14:10]: banger99 macht beim GW mit - false
[04-03-2019 20:14:51]: Deltafrost macht beim GW mit - false
[04-03-2019 20:16:05]: Gebiet gegen die Los Aztecas verloren!
[04-03-2019 20:30:24]: Grove Street vs Los Aztecas
[04-03-2019 20:30:24]: RYO macht beim GW mit - true
[04-03-2019 20:30:24]: Deltafrost macht beim GW mit - true
[04-03-2019 20:30:24]: Bandita.Yuuki- macht beim GW mit - true
[04-03-2019 20:30:24]: banger99 macht beim GW mit - true
[04-03-2019 20:33:44]: rufen, macht beim GW mit - false
[04-03-2019 20:33:49]: Felix321 macht beim GW mit - false
[04-03-2019 20:35:34]: STOCK macht beim GW mit - false
[04-03-2019 20:35:34]: Eye macht beim GW mit - false
[04-03-2019 20:41:54]: Gebiet erfolgreich gegen die Grove Street verteidigt!
[04-03-2019 20:50:54]: Grove Street vs Los Aztecas
[04-03-2019 20:50:54]: Bandita.Yuuki- macht beim GW mit - true
[04-03-2019 20:50:54]: RYO macht beim GW mit - true
[04-03-2019 20:50:54]: banger99 macht beim GW mit - true
[04-03-2019 20:50:54]: Deltafrost macht beim GW mit - true
[04-03-2019 20:54:01]: Felix321 macht beim GW mit - false
[04-03-2019 20:54:08]: rufen, macht beim GW mit - false
[04-03-2019 20:54:43]: Gebiet gegen die Grove Street verloren!
[04-03-2019 21:04:35]: Grove Street vs Los Aztecas
[04-03-2019 21:04:35]: RYO macht beim GW mit - true
[04-03-2019 21:04:35]: Deltafrost macht beim GW mit - true
[04-03-2019 21:08:21]: Eye macht beim GW mit - false
[04-03-2019 21:08:21]: Felix321 macht beim GW mit - false
[04-03-2019 21:08:26]: Bandita.Yuuki- macht beim GW mit - true
[04-03-2019 21:08:30]: rufen, macht beim GW mit - false
[04-03-2019 21:08:31]: banger99 macht beim GW mit - true
[04-03-2019 21:08:46]: STOCK macht beim GW mit - false
[04-03-2019 21:14:21]: Gebiet erfolgreich gegen die Grove Street verteidigt!
[04-03-2019 21:20:23]: Grove Street vs Los Aztecas
[04-03-2019 21:20:23]: Bandita.Yuuki- macht beim GW mit - true
[04-03-2019 21:20:23]: banger99 macht beim GW mit - true
[04-03-2019 21:20:23]: Deltafrost macht beim GW mit - true
[04-03-2019 21:20:23]: RYO macht beim GW mit - true
[04-03-2019 21:23:24]: Felix321 macht beim GW mit - false
[04-03-2019 21:23:27]: rufen, macht beim GW mit - false
[04-03-2019 21:23:27]: Eye macht beim GW mit - false
[04-03-2019 21:23:30]: rndm macht beim GW mit - false
[04-03-2019 21:26:09]: Gebiet erfolgreich gegen die Grove Street verteidigt!
[07-03-2019 01:21:44]: Triaden vs Ballas
[07-03-2019 01:21:44]: rvty macht beim GW mit - true
[07-03-2019 01:21:44]: Keno macht beim GW mit - true
[07-03-2019 01:21:44]: Sammy macht beim GW mit - true
[07-03-2019 01:26:46]: PAiiiN macht beim GW mit - false
[07-03-2019 01:26:46]: skin macht beim GW mit - false
[07-03-2019 01:35:34]: Gebiet gegen die Triaden verloren!
[07-03-2019 01:39:20]: Triaden vs Ballas
[07-03-2019 01:39:20]: Keno macht beim GW mit - true
[07-03-2019 01:39:20]: Sammy macht beim GW mit - true
[07-03-2019 01:39:20]: rvty macht beim GW mit - true
[07-03-2019 01:43:55]: PAiiiN macht beim GW mit - false
[07-03-2019 01:43:55]: skin macht beim GW mit - false
[07-03-2019 01:53:11]: Gebiet gegen die Triaden verloren!
[07-03-2019 01:56:15]: Triaden vs Ballas
[07-03-2019 01:56:15]: Sammy macht beim GW mit - true
[07-03-2019 01:56:15]: Keno macht beim GW mit - true
[07-03-2019 01:56:15]: rvty macht beim GW mit - true
[07-03-2019 02:00:02]: PAiiiN macht beim GW mit - false
[07-03-2019 02:00:02]: skin macht beim GW mit - false
[07-03-2019 02:10:34]: Gebiet gegen die Triaden verloren!
[07-03-2019 02:15:11]: Triaden vs Ballas
[07-03-2019 02:15:11]: Keno macht beim GW mit - true
[07-03-2019 02:15:11]: rvty macht beim GW mit - true
[07-03-2019 02:15:11]: Sammy macht beim GW mit - true
[07-03-2019 02:18:16]: skin macht beim GW mit - false
[07-03-2019 02:18:16]: PAiiiN macht beim GW mit - false
[07-03-2019 02:24:48]: Gebiet gegen die Triaden verloren!
[07-03-2019 06:14:03]: Ballas vs Triaden
[07-03-2019 06:14:03]: skin macht beim GW mit - true
[07-03-2019 06:14:03]: PAiiiN macht beim GW mit - true
[07-03-2019 06:17:07]: Keno macht beim GW mit - false
[07-03-2019 06:17:11]: Sammy macht beim GW mit - false
[07-03-2019 06:27:12]: Gebiet erfolgreich gegen die Ballas verteidigt!
[08-03-2019 20:14:54]: Ballas vs Triaden
[08-03-2019 20:14:54]: skin macht beim GW mit - true
[08-03-2019 20:14:54]: PAiiiN macht beim GW mit - true
[08-03-2019 20:14:54]: Jinnz macht beim GW mit - true
[08-03-2019 20:32:54]: Gebiet gegen die Ballas verloren!
[09-03-2019 00:19:04]: Los Aztecas vs Triaden
[09-03-2019 00:19:04]: Kucuk_Efendi macht beim GW mit - true
[09-03-2019 00:19:04]: Yung_Kafa macht beim GW mit - true
[09-03-2019 00:19:04]: -Maxwell macht beim GW mit - true
[09-03-2019 00:37:04]: Gebiet gegen die Los Aztecas verloren!
[09-03-2019 01:44:38]: Ballas vs Los Aztecas
[09-03-2019 01:44:38]: Dark macht beim GW mit - true
[09-03-2019 01:44:38]: KushHunter macht beim GW mit - true
[09-03-2019 01:44:38]: crusher macht beim GW mit - true
[09-03-2019 01:47:43]: -Maxwell macht beim GW mit - false
[09-03-2019 01:47:50]: Kucuk_Efendi macht beim GW mit - false
[09-03-2019 18:08:44]: Ballas vs Triaden
[09-03-2019 18:08:44]: Dark macht beim GW mit - true
[09-03-2019 18:08:44]: crusher macht beim GW mit - true
[09-03-2019 18:08:44]: KushHunter macht beim GW mit - true
[09-03-2019 18:13:30]: Keno macht beim GW mit - false
[09-03-2019 18:13:50]: Sammy macht beim GW mit - false
[09-03-2019 18:13:52]: luca macht beim GW mit - false
[09-03-2019 18:18:50]: Gebiet gegen die Ballas verloren!
[09-03-2019 18:21:39]: Triaden vs Ballas
[09-03-2019 18:21:39]: Keno macht beim GW mit - true
[09-03-2019 18:21:39]: luca macht beim GW mit - true
[09-03-2019 18:21:39]: Sammy macht beim GW mit - true
[09-03-2019 18:26:20]: crusher macht beim GW mit - false
[09-03-2019 18:26:20]: KushHunter macht beim GW mit - false
[09-03-2019 18:26:20]: Dark macht beim GW mit - false
[09-03-2019 18:29:45]: Gebiet erfolgreich gegen die Triaden verteidigt!
[09-03-2019 18:39:18]: Ballas vs Triaden
[09-03-2019 18:39:18]: Dark macht beim GW mit - true
[09-03-2019 18:39:18]: KushHunter macht beim GW mit - true
[09-03-2019 18:39:18]: crusher macht beim GW mit - true
[09-03-2019 18:43:19]: Sammy macht beim GW mit - false
[09-03-2019 18:43:25]: luca macht beim GW mit - false
[09-03-2019 18:44:36]: Keno macht beim GW mit - false
[09-03-2019 18:47:28]: Gebiet gegen die Ballas verloren!
[09-03-2019 18:54:40]: Triaden vs Grove Street
[09-03-2019 18:54:40]: Sammy macht beim GW mit - true
[09-03-2019 18:54:40]: Keno macht beim GW mit - true
[09-03-2019 18:54:40]: luca macht beim GW mit - true
[09-03-2019 19:00:07]: Lelek macht beim GW mit - false
[09-03-2019 19:00:07]: Capo macht beim GW mit - false
[09-03-2019 19:09:44]: Gebiet gegen die Triaden verloren!
[09-03-2019 22:36:32]: Ballas vs Italian Mafia
[09-03-2019 22:36:32]: crusher macht beim GW mit - true
[09-03-2019 22:36:32]: Dark macht beim GW mit - true
[09-03-2019 22:36:32]: KushHunter macht beim GW mit - true
[09-03-2019 22:41:17]: Gebiet erfolgreich gegen die Ballas verteidigt!
[10-03-2019 02:54:36]: Triaden vs Los Aztecas
[10-03-2019 02:54:36]: Keno macht beim GW mit - true
[10-03-2019 02:54:36]: luca macht beim GW mit - true
[10-03-2019 02:54:36]: rvty macht beim GW mit - true
[10-03-2019 02:54:36]: Sammy macht beim GW mit - true
[10-03-2019 02:58:59]: Meliodas_Sin macht beim GW mit - false
[10-03-2019 02:58:59]: Blu3Xo macht beim GW mit - false
[10-03-2019 02:58:59]: Zorro macht beim GW mit - false
[10-03-2019 03:03:42]: Gebiet erfolgreich gegen die Triaden verteidigt!
[10-03-2019 03:06:03]: Italian Mafia vs Los Aztecas
[10-03-2019 03:06:03]: crusher macht beim GW mit - true
[10-03-2019 15:39:42]: Italian Mafia vs Los Aztecas
[10-03-2019 15:39:42]: crusher macht beim GW mit - true
[10-03-2019 15:39:42]: KushHunter macht beim GW mit - true
[10-03-2019 15:39:42]: rayoN- macht beim GW mit - true
[10-03-2019 15:46:18]: Blu3Xo macht beim GW mit - false
[10-03-2019 15:47:49]: Meliodas_Sin macht beim GW mit - false
[10-03-2019 15:52:36]: Gebiet gegen die Italian Mafia verloren!
[10-03-2019 15:55:29]: Grove Street vs Italian Mafia
[10-03-2019 15:55:29]: GiletteRasierer macht beim GW mit - true
[10-03-2019 15:55:29]: Lelek macht beim GW mit - true
[10-03-2019 15:59:13]: KushHunter macht beim GW mit - false
[10-03-2019 15:59:28]: rayoN- macht beim GW mit - false
[10-03-2019 16:13:29]: Gebiet gegen die Grove Street verloren!
[10-03-2019 16:16:55]: Italian Mafia vs Los Aztecas
[10-03-2019 16:16:55]: crusher macht beim GW mit - true
[10-03-2019 20:50:14]: Los Aztecas vs Triaden
[10-03-2019 20:50:14]: Blu3Xo macht beim GW mit - true
[10-03-2019 20:50:14]: Meliodas_Sin macht beim GW mit - true
[10-03-2019 20:50:14]: FELIX macht beim GW mit - true
[10-03-2019 20:57:22]: Sammy macht beim GW mit - false
[10-03-2019 20:57:22]: Keno macht beim GW mit - false
[10-03-2019 20:57:35]: NyquFX macht beim GW mit - false
[10-03-2019 21:00:42]: Gebiet gegen die Los Aztecas verloren!
[10-03-2019 21:02:49]: Italian Mafia vs Grove Street
[10-03-2019 21:02:49]: KushHunter macht beim GW mit - true
[11-03-2019 14:42:54]: Triaden vs Los Aztecas
[11-03-2019 14:42:54]: Keno macht beim GW mit - true
[11-03-2019 14:42:54]: luca macht beim GW mit - true
[11-03-2019 14:42:54]: Sammy macht beim GW mit - true
[11-03-2019 14:46:33]: FELIX macht beim GW mit - false
[11-03-2019 14:47:17]: Blu3Xo macht beim GW mit - false
[11-03-2019 14:47:17]: Meliodas_Sin macht beim GW mit - false
[11-03-2019 14:52:01]: Gebiet erfolgreich gegen die Triaden verteidigt!
[11-03-2019 14:59:33]: Triaden vs Los Aztecas
[11-03-2019 14:59:33]: luca macht beim GW mit - true
[11-03-2019 14:59:33]: Sammy macht beim GW mit - true
[11-03-2019 14:59:33]: Keno macht beim GW mit - true
[11-03-2019 15:02:42]: FELIX macht beim GW mit - false
[11-03-2019 15:04:43]: Meliodas_Sin macht beim GW mit - false
[11-03-2019 15:04:43]: Blu3Xo macht beim GW mit - false
[11-03-2019 15:08:34]: Gebiet erfolgreich gegen die Triaden verteidigt!
[11-03-2019 15:16:48]: Triaden vs Los Aztecas
[11-03-2019 15:16:48]: Keno macht beim GW mit - true
[11-03-2019 15:16:48]: Sammy macht beim GW mit - true
[11-03-2019 15:20:22]: FELIX macht beim GW mit - false
[11-03-2019 15:20:22]: Meliodas_Sin macht beim GW mit - false
[11-03-2019 15:23:33]: Gebiet erfolgreich gegen die Triaden verteidigt!
[11-03-2019 16:21:60]: Angels Of Death vs Italian Mafia
[11-03-2019 16:21:60]: Kabo macht beim GW mit - true
[11-03-2019 16:25:15]: crusher macht beim GW mit - false
[11-03-2019 16:25:30]: Gebiet erfolgreich gegen die Angels Of Death verteidigt!
[11-03-2019 16:29:27]: Italian Mafia vs Angels Of Death
[11-03-2019 16:29:27]: Dark macht beim GW mit - true
[11-03-2019 17:10:21]: Angels Of Death vs Italian Mafia
[11-03-2019 17:10:21]: Kabo macht beim GW mit - true
[11-03-2019 17:10:21]: SchimmelBrot macht beim GW mit - true
[11-03-2019 17:13:30]: crusher macht beim GW mit - false
[11-03-2019 17:13:36]: Dark macht beim GW mit - false
[11-03-2019 17:22:51]: Gebiet erfolgreich gegen die Angels Of Death verteidigt!
[11-03-2019 17:27:26]: Angels Of Death vs Los Aztecas
[11-03-2019 17:27:26]: SchimmelBrot macht beim GW mit - true
[11-03-2019 17:27:26]: Kabo macht beim GW mit - true
[11-03-2019 17:32:53]: FELIX macht beim GW mit - false
[11-03-2019 17:32:53]: Meliodas_Sin macht beim GW mit - false
[11-03-2019 17:35:25]: Gebiet erfolgreich gegen die Angels Of Death verteidigt!
[11-03-2019 18:15:40]: Los Aztecas vs Angels Of Death
[11-03-2019 18:15:40]: Blu3Xo macht beim GW mit - true
[11-03-2019 18:15:40]: FELIX macht beim GW mit - true
[11-03-2019 18:33:40]: Gebiet gegen die Los Aztecas verloren!
[11-03-2019 19:47:01]: Los Aztecas vs Grove Street
[11-03-2019 19:47:01]: Blu3Xo macht beim GW mit - true
[11-03-2019 19:47:01]: FELIX macht beim GW mit - true
[11-03-2019 19:55:32]: LastAttacker71 macht beim GW mit - false
[11-03-2019 19:59:05]: Meliodas_Sin macht beim GW mit - true
[11-03-2019 19:59:08]: Jinnz macht beim GW mit - false
[11-03-2019 20:02:17]: Gebiet gegen die Los Aztecas verloren!
[11-03-2019 20:06:33]: Grove Street vs Los Aztecas
[11-03-2019 20:06:33]: LastAttacker71 macht beim GW mit - true
[11-03-2019 20:06:33]: Capo macht beim GW mit - true
[11-03-2019 20:09:50]: FELIX macht beim GW mit - false
[11-03-2019 20:09:50]: Meliodas_Sin macht beim GW mit - false
[11-03-2019 20:13:42]: Gebiet erfolgreich gegen die Grove Street verteidigt!
[11-03-2019 20:25:22]: Grove Street vs Los Aztecas
[11-03-2019 20:25:22]: LastAttacker71 macht beim GW mit - true
[11-03-2019 20:25:22]: iTzSaske macht beim GW mit - true
[11-03-2019 20:30:58]: Meliodas_Sin macht beim GW mit - false
[11-03-2019 20:30:58]: Blu3Xo macht beim GW mit - false
[11-03-2019 20:32:57]: Gebiet erfolgreich gegen die Grove Street verteidigt!
[11-03-2019 23:25:28]: Italian Mafia vs Los Aztecas
[11-03-2019 23:25:28]: crusher macht beim GW mit - true
[12-03-2019 15:31:12]: Grove Street vs Italian Mafia
[12-03-2019 15:31:12]: SonGoku macht beim GW mit - true
[12-03-2019 15:31:12]: Capo macht beim GW mit - true
[12-03-2019 15:34:14]: crusher macht beim GW mit - false
[12-03-2019 15:34:16]: Dark macht beim GW mit - false
[12-03-2019 15:40:55]: Gebiet erfolgreich gegen die Grove Street verteidigt!
[12-03-2019 18:59:02]: Italian Mafia vs Los Aztecas
[12-03-2019 18:59:02]: crusher macht beim GW mit - true
[13-03-2019 07:12:05]: Italian Mafia vs Los Aztecas
[13-03-2019 07:12:05]: Solid_Snake macht beim GW mit - true
[13-03-2019 07:15:10]: Keno macht beim GW mit - false
[13-03-2019 07:15:52]: Gebiet gegen die Italian Mafia verloren!
[13-03-2019 07:19:31]: Italian Mafia vs Los Aztecas
[13-03-2019 07:19:31]: Solid_Snake macht beim GW mit - true
[13-03-2019 07:25:23]: Italian Mafia vs Los Aztecas
[13-03-2019 07:25:23]: Solid_Snake macht beim GW mit - true
[13-03-2019 07:27:26]: Capo macht beim GW mit - false
[13-03-2019 07:27:49]: Gebiet gegen die Italian Mafia verloren!
[13-03-2019 07:30:51]: Italian Mafia vs Los Aztecas
[13-03-2019 07:30:51]: Solid_Snake macht beim GW mit - true
[13-03-2019 07:31:46]: Italian Mafia vs Los Aztecas
[13-03-2019 07:31:46]: Solid_Snake macht beim GW mit - true
[13-03-2019 07:32:51]: Capo macht beim GW mit - false
[13-03-2019 15:10:37]: Triaden vs Grove Street
[13-03-2019 15:10:37]: Sammy macht beim GW mit - true
[13-03-2019 15:10:37]: Keno macht beim GW mit - true
[13-03-2019 15:12:48]: SonGoku macht beim GW mit - false
[13-03-2019 15:12:52]: LastAttacker71 macht beim GW mit - false
[13-03-2019 15:19:30]: Gebiet erfolgreich gegen die Triaden verteidigt!
[13-03-2019 15:21:32]: Italian Mafia vs Triaden
[13-03-2019 15:21:32]: crusher macht beim GW mit - true
[13-03-2019 15:21:32]: Dark macht beim GW mit - true
[13-03-2019 15:21:32]: KushHunter macht beim GW mit - true
[13-03-2019 15:24:20]: Keno macht beim GW mit - false
[13-03-2019 15:24:55]: luca macht beim GW mit - false
[13-03-2019 15:25:08]: Sammy macht beim GW mit - false
[13-03-2019 15:29:25]: Gebiet erfolgreich gegen die Italian Mafia verteidigt!
[13-03-2019 15:31:43]: Grove Street vs Triaden
[13-03-2019 15:31:43]: Capo macht beim GW mit - true
[13-03-2019 15:33:25]: Keno macht beim GW mit - false
[13-03-2019 15:33:43]: SonGoku macht beim GW mit - true
[13-03-2019 15:35:21]: Sammy macht beim GW mit - false
[13-03-2019 15:35:31]: LastAttacker71 macht beim GW mit - true
[13-03-2019 15:35:48]: luca macht beim GW mit - false
[13-03-2019 15:37:59]: Gebiet gegen die Grove Street verloren!
[13-03-2019 15:40:14]: Triaden vs Grove Street
[13-03-2019 15:40:14]: Sammy macht beim GW mit - true
[13-03-2019 15:41:30]: SonGoku macht beim GW mit - false
[13-03-2019 15:41:35]: Keno macht beim GW mit - true
[13-03-2019 15:41:36]: Capo macht beim GW mit - false
[13-03-2019 15:41:46]: luca macht beim GW mit - true
[13-03-2019 15:43:01]: LastAttacker71 macht beim GW mit - false
[13-03-2019 15:48:50]: Gebiet erfolgreich gegen die Triaden verteidigt!
[13-03-2019 15:50:50]: Italian Mafia vs Triaden
[13-03-2019 15:50:50]: Dark macht beim GW mit - true
[13-03-2019 15:50:50]: crusher macht beim GW mit - true
[13-03-2019 15:50:50]: KushHunter macht beim GW mit - true
[13-03-2019 15:54:38]: Sammy macht beim GW mit - false
[13-03-2019 15:54:60]: Keno macht beim GW mit - false
[13-03-2019 15:59:51]: Gebiet gegen die Italian Mafia verloren!
[13-03-2019 16:01:51]: Los Aztecas vs Triaden
[13-03-2019 16:01:51]: Meliodas_Sin macht beim GW mit - true
[13-03-2019 16:03:60]: Keno macht beim GW mit - false
[13-03-2019 16:04:04]: XioN. macht beim GW mit - true
[13-03-2019 16:04:06]: Sammy macht beim GW mit - false
[13-03-2019 16:07:14]: Gebiet gegen die Los Aztecas verloren!
[13-03-2019 16:09:14]: Grove Street vs Triaden
[13-03-2019 16:09:14]: Capo macht beim GW mit - true
[13-03-2019 16:09:14]: SonGoku macht beim GW mit - true
[13-03-2019 16:12:05]: Keno macht beim GW mit - false
[13-03-2019 16:12:20]: Sammy macht beim GW mit - false
[13-03-2019 16:12:31]: MauriceSYL81 macht beim GW mit - true
[13-03-2019 16:16:50]: Gebiet erfolgreich gegen die Grove Street verteidigt!
[13-03-2019 16:18:51]: Triaden vs Grove Street
[13-03-2019 16:18:51]: Sammy macht beim GW mit - true
[13-03-2019 16:20:02]: SonGoku macht beim GW mit - false
[13-03-2019 16:20:03]: Keno macht beim GW mit - true
[13-03-2019 16:20:30]: LastAttacker71 macht beim GW mit - false
[13-03-2019 16:28:34]: Gebiet erfolgreich gegen die Triaden verteidigt!
[13-03-2019 16:30:35]: Los Aztecas vs Grove Street
[13-03-2019 16:30:35]: Meliodas_Sin macht beim GW mit - true
[13-03-2019 16:30:35]: XioN. macht beim GW mit - true
[13-03-2019 16:32:10]: Capo macht beim GW mit - false
[13-03-2019 16:32:16]: LastAttacker71 macht beim GW mit - false
[13-03-2019 16:32:17]: FELIX macht beim GW mit - true
[13-03-2019 16:32:29]: SonGoku macht beim GW mit - false
[13-03-2019 16:37:25]: Gebiet gegen die Los Aztecas verloren!
