[11-12-2018 07:44:38]: Log: LargePeach hat an Solid_Snake 6000 $ überwiesen!
[11-12-2018 18:22:53]: Log: iTzSaske hat an Solid_Snake 1 $ überwiesen!
[12-12-2018 14:34:33]: Log: Blu3Xo hat an Kabo 20000 $ überwiesen!
[12-12-2018 19:44:32]: Log: iTzSaske hat an Solid_Snake 1 $ überwiesen!
[12-12-2018 19:44:33]: Log: iTzSaske hat an Solid_Snake 1 $ überwiesen!
[12-12-2018 19:44:33]: Log: iTzSaske hat an Solid_Snake 1 $ überwiesen!
[12-12-2018 19:44:33]: Log: iTzSaske hat an Solid_Snake 1 $ überwiesen!
[12-12-2018 19:44:34]: Log: iTzSaske hat an Solid_Snake 1 $ überwiesen!
[12-12-2018 19:44:34]: Log: iTzSaske hat an Solid_Snake 1 $ überwiesen!
[12-12-2018 19:44:34]: Log: iTzSaske hat an Solid_Snake 1 $ überwiesen!
[12-12-2018 19:44:34]: Log: iTzSaske hat an Solid_Snake 1 $ überwiesen!
[12-12-2018 19:44:34]: Log: iTzSaske hat an Solid_Snake 1 $ überwiesen!
[12-12-2018 19:44:35]: Log: iTzSaske hat an Solid_Snake 1 $ überwiesen!
[12-12-2018 19:44:35]: Log: iTzSaske hat an Solid_Snake 1 $ überwiesen!
[12-12-2018 19:44:35]: Log: iTzSaske hat an Solid_Snake 1 $ überwiesen!
[12-12-2018 19:44:35]: Log: iTzSaske hat an Solid_Snake 1 $ überwiesen!
[12-12-2018 19:44:35]: Log: iTzSaske hat an Solid_Snake 1 $ überwiesen!
[12-12-2018 19:44:36]: Log: iTzSaske hat an Solid_Snake 1 $ überwiesen!
[12-12-2018 19:44:36]: Log: iTzSaske hat an Solid_Snake 1 $ überwiesen!
[12-12-2018 19:44:36]: Log: iTzSaske hat an Solid_Snake 1 $ überwiesen!
[12-12-2018 19:44:36]: Log: iTzSaske hat an Solid_Snake 1 $ überwiesen!
[12-12-2018 19:44:36]: Log: iTzSaske hat an Solid_Snake 1 $ überwiesen!
[12-12-2018 19:44:37]: Log: iTzSaske hat an Solid_Snake 1 $ überwiesen!
[12-12-2018 19:44:37]: Log: iTzSaske hat an Solid_Snake 1 $ überwiesen!
[12-12-2018 19:44:37]: Log: iTzSaske hat an Solid_Snake 1 $ überwiesen!
[12-12-2018 19:44:37]: Log: iTzSaske hat an Solid_Snake 1 $ überwiesen!
[12-12-2018 19:44:37]: Log: iTzSaske hat an Solid_Snake 1 $ überwiesen!
[12-12-2018 19:44:37]: Log: iTzSaske hat an Solid_Snake 1 $ überwiesen!
[12-12-2018 19:44:38]: Log: iTzSaske hat an Solid_Snake 1 $ überwiesen!
[12-12-2018 19:44:38]: Log: iTzSaske hat an Solid_Snake 1 $ überwiesen!
[12-12-2018 19:44:38]: Log: iTzSaske hat an Solid_Snake 1 $ überwiesen!
[12-12-2018 19:44:38]: Log: iTzSaske hat an Solid_Snake 1 $ überwiesen!
[12-12-2018 19:44:38]: Log: iTzSaske hat an Solid_Snake 1 $ überwiesen!
[12-12-2018 19:44:39]: Log: iTzSaske hat an Solid_Snake 1 $ überwiesen!
[12-12-2018 19:44:39]: Log: iTzSaske hat an Solid_Snake 1 $ überwiesen!
[12-12-2018 19:44:39]: Log: iTzSaske hat an Solid_Snake 1 $ überwiesen!
[12-12-2018 19:44:39]: Log: iTzSaske hat an Solid_Snake 1 $ überwiesen!
[12-12-2018 19:44:39]: Log: iTzSaske hat an Solid_Snake 1 $ überwiesen!
[12-12-2018 19:44:39]: Log: iTzSaske hat an Solid_Snake 1 $ überwiesen!
[12-12-2018 19:44:40]: Log: iTzSaske hat an Solid_Snake 1 $ überwiesen!
[12-12-2018 19:44:40]: Log: iTzSaske hat an Solid_Snake 1 $ überwiesen!
[12-12-2018 19:44:40]: Log: iTzSaske hat an Solid_Snake 1 $ überwiesen!
[13-12-2018 14:55:12]: Log: Solid_Snake hat an Fore 4640 $ überwiesen!
[15-12-2018 00:37:45]: Log: Kabo hat an Felix 20000 $ überwiesen!
[15-12-2018 11:52:42]: Log: dvniel838 hat an DragonTuchel 3000 $ überwiesen!
[15-12-2018 21:34:45]: Log: Viper.exe hat an Blu3Xo 5000 $ überwiesen!
[16-12-2018 12:56:17]: Log: Allaa hat an Solid_Snake 22000 $ überwiesen!
[16-12-2018 13:02:25]: Log: Allaa hat an Solid_Snake 7100 $ überwiesen!
[16-12-2018 13:11:52]: Log: iTzSaske hat an JohnyTesto 2000 $ überwiesen!
[16-12-2018 13:43:22]: Log: RudeL hat an zeref 5000 $ überwiesen!
[16-12-2018 15:36:49]: Log: Wesley7651 hat an zeref 500 $ überwiesen!
[16-12-2018 15:36:53]: Log: Wesley7651 hat an zeref 500 $ überwiesen!
[16-12-2018 15:36:54]: Log: Wesley7651 hat an zeref 500 $ überwiesen!
[16-12-2018 15:36:54]: Log: Wesley7651 hat an zeref 500 $ überwiesen!
[16-12-2018 15:36:54]: Log: Wesley7651 hat an zeref 500 $ überwiesen!
[16-12-2018 15:36:54]: Log: Wesley7651 hat an zeref 500 $ überwiesen!
[16-12-2018 15:36:54]: Log: Wesley7651 hat an zeref 500 $ überwiesen!
[16-12-2018 15:36:55]: Log: Wesley7651 hat an zeref 500 $ überwiesen!
[16-12-2018 15:36:55]: Log: Wesley7651 hat an zeref 500 $ überwiesen!
[16-12-2018 17:07:13]: Log: FELIX hat an GreenMedic007 20000 $ überwiesen!
[16-12-2018 17:09:25]: Log: FELIX hat an gamezrs 20000 $ überwiesen!
[16-12-2018 19:41:58]: Log: Exo_Ghost hat an FELIX 60000 $ überwiesen!
[17-12-2018 19:41:58]: Log: Solid_Snake hat an laNo- 65000 $ überwiesen!
[26-02-2019 21:39:18]: Log: vinzblack hat an Solid_Snake 1000 $ überwiesen!
[27-02-2019 14:16:52]: Log: Keno hat an Sammy 10000 $ überwiesen!
[27-02-2019 14:17:09]: Log: Keno hat an luca 10000 $ überwiesen!
[27-02-2019 15:19:46]: Log: Solid_Snake hat an rvty 10000 $ überwiesen!
[27-02-2019 15:23:53]: Log: Solid_Snake hat an Keno 40000 $ überwiesen!
[27-02-2019 16:39:04]: Log: luca hat an rvty 5000 $ überwiesen!
[27-02-2019 17:15:14]: Log: rvty hat an Sammy 5000 $ überwiesen!
[27-02-2019 17:15:18]: Log: Sammy hat an luca 5000 $ überwiesen!
[27-02-2019 18:10:44]: Log: Sammy hat an luca 7000 $ überwiesen!
[27-02-2019 19:11:22]: Log: Keno hat an ErdbeerBrot 10000 $ überwiesen!
[27-02-2019 20:20:56]: Log: Solid_Snake hat an VinzBlack 100000 $ überwiesen!
[27-02-2019 21:39:32]: Log: Keno hat an rvty 8750 $ überwiesen!
[27-02-2019 21:39:36]: Log: Keno hat an NyquFX 8750 $ überwiesen!
[27-02-2019 21:39:39]: Log: Keno hat an luca 8750 $ überwiesen!
[27-02-2019 23:42:08]: Log: Keno hat an rvty 10000 $ überwiesen!
[27-02-2019 23:43:27]: Log: Keno hat an Redbull_Klauer_Rewe 5000 $ überwiesen!
[28-02-2019 13:43:15]: Log: Keno hat an luca 10000 $ überwiesen!
[28-02-2019 14:39:47]: Log: Redbull_Klauer_Rewe hat an Keno 10000 $ überwiesen!
[28-02-2019 16:13:47]: Log: LargePeach hat an Mortza04 10000 $ überwiesen!
[28-02-2019 19:35:38]: Log: LastAttacker71 hat an iTzSaske 80000 $ überwiesen!
[28-02-2019 20:21:52]: Log: D4rkPlayZ hat an xJokeZz 6000 $ überwiesen!
[01-03-2019 13:50:58]: Log: Keno hat an luca 20000 $ überwiesen!
[01-03-2019 13:51:14]: Log: Lano hat an Jerusalem 1 $ überwiesen!
[01-03-2019 13:51:15]: Log: Lano hat an Jerusalem 1 $ überwiesen!
[01-03-2019 13:51:15]: Log: Lano hat an Jerusalem 1 $ überwiesen!
[01-03-2019 13:51:15]: Log: Lano hat an Jerusalem 1 $ überwiesen!
[01-03-2019 13:51:15]: Log: Lano hat an Jerusalem 1 $ überwiesen!
[01-03-2019 13:51:15]: Log: Lano hat an Jerusalem 1 $ überwiesen!
[01-03-2019 13:51:15]: Log: Lano hat an Jerusalem 1 $ überwiesen!
[01-03-2019 13:51:16]: Log: Lano hat an Jerusalem 1 $ überwiesen!
[01-03-2019 13:51:16]: Log: Lano hat an Jerusalem 1 $ überwiesen!
[01-03-2019 13:51:16]: Log: Lano hat an Jerusalem 1 $ überwiesen!
[01-03-2019 13:51:16]: Log: Lano hat an Jerusalem 1 $ überwiesen!
[01-03-2019 13:51:16]: Log: Lano hat an Jerusalem 1 $ überwiesen!
[01-03-2019 13:51:17]: Log: Lano hat an Jerusalem 1 $ überwiesen!
[01-03-2019 13:51:17]: Log: Lano hat an Jerusalem 1 $ überwiesen!
[01-03-2019 13:51:17]: Log: Lano hat an Jerusalem 1 $ überwiesen!
[01-03-2019 13:51:17]: Log: Lano hat an Jerusalem 1 $ überwiesen!
[01-03-2019 13:51:18]: Log: Lano hat an Jerusalem 1 $ überwiesen!
[01-03-2019 13:51:18]: Log: Lano hat an Jerusalem 1 $ überwiesen!
[01-03-2019 13:51:18]: Log: Lano hat an Jerusalem 1 $ überwiesen!
[01-03-2019 13:51:19]: Log: Lano hat an Jerusalem 1 $ überwiesen!
[01-03-2019 13:51:19]: Log: Lano hat an Jerusalem 1 $ überwiesen!
[01-03-2019 13:51:20]: Log: Lano hat an Jerusalem 1 $ überwiesen!
[01-03-2019 13:51:22]: Log: Lano hat an Jerusalem 1 $ überwiesen!
[01-03-2019 13:51:22]: Log: Lano hat an Jerusalem 1 $ überwiesen!
[01-03-2019 13:51:22]: Log: Lano hat an Jerusalem 1 $ überwiesen!
[01-03-2019 13:51:37]: Log: Lano hat an Jerusalem 1 $ überwiesen!
[01-03-2019 13:51:37]: Log: Lano hat an Jerusalem 1 $ überwiesen!
[01-03-2019 13:51:38]: Log: Lano hat an Jerusalem 1 $ überwiesen!
[01-03-2019 13:51:38]: Log: Lano hat an Jerusalem 1 $ überwiesen!
[01-03-2019 13:51:38]: Log: Lano hat an Jerusalem 1 $ überwiesen!
[01-03-2019 13:51:38]: Log: Lano hat an Jerusalem 1 $ überwiesen!
[01-03-2019 13:51:38]: Log: Lano hat an Jerusalem 1 $ überwiesen!
[01-03-2019 13:51:38]: Log: Lano hat an Jerusalem 1 $ überwiesen!
[01-03-2019 13:51:39]: Log: Lano hat an Jerusalem 1 $ überwiesen!
[01-03-2019 13:51:39]: Log: Lano hat an Jerusalem 1 $ überwiesen!
[01-03-2019 13:51:39]: Log: Lano hat an Jerusalem 1 $ überwiesen!
[01-03-2019 13:51:39]: Log: Lano hat an Jerusalem 1 $ überwiesen!
[01-03-2019 13:51:39]: Log: Lano hat an Jerusalem 1 $ überwiesen!
[01-03-2019 13:51:40]: Log: Lano hat an Jerusalem 1 $ überwiesen!
[01-03-2019 13:51:40]: Log: Lano hat an Jerusalem 1 $ überwiesen!
[01-03-2019 13:51:40]: Log: Lano hat an Jerusalem 1 $ überwiesen!
[01-03-2019 13:51:40]: Log: Lano hat an Jerusalem 1 $ überwiesen!
[01-03-2019 13:51:40]: Log: Lano hat an Jerusalem 1 $ überwiesen!
[01-03-2019 13:51:41]: Log: Lano hat an Jerusalem 1 $ überwiesen!
[01-03-2019 13:51:41]: Log: Lano hat an Jerusalem 1 $ überwiesen!
[01-03-2019 13:51:41]: Log: Lano hat an Jerusalem 1 $ überwiesen!
[01-03-2019 13:51:41]: Log: Lano hat an Jerusalem 1 $ überwiesen!
[01-03-2019 13:51:41]: Log: Lano hat an Jerusalem 1 $ überwiesen!
[01-03-2019 13:51:41]: Log: Lano hat an Jerusalem 1 $ überwiesen!
[01-03-2019 13:51:42]: Log: Lano hat an Jerusalem 1 $ überwiesen!
[01-03-2019 13:51:42]: Log: Lano hat an Jerusalem 1 $ überwiesen!
[01-03-2019 13:51:42]: Log: Lano hat an Jerusalem 1 $ überwiesen!
[01-03-2019 13:51:42]: Log: Lano hat an Jerusalem 1 $ überwiesen!
[01-03-2019 13:51:42]: Log: Lano hat an Jerusalem 1 $ überwiesen!
[01-03-2019 13:51:43]: Log: Lano hat an Jerusalem 1 $ überwiesen!
[01-03-2019 13:51:43]: Log: Lano hat an Jerusalem 1 $ überwiesen!
[01-03-2019 13:51:43]: Log: Lano hat an Jerusalem 1 $ überwiesen!
[01-03-2019 13:51:43]: Log: Lano hat an Jerusalem 1 $ überwiesen!
[01-03-2019 13:51:43]: Log: Lano hat an Jerusalem 1 $ überwiesen!
[01-03-2019 13:51:44]: Log: Lano hat an Jerusalem 1 $ überwiesen!
[01-03-2019 13:51:44]: Log: Lano hat an Jerusalem 1 $ überwiesen!
[01-03-2019 13:51:44]: Log: Lano hat an Jerusalem 1 $ überwiesen!
[01-03-2019 13:51:44]: Log: Lano hat an Jerusalem 1 $ überwiesen!
[01-03-2019 13:51:44]: Log: Lano hat an Jerusalem 1 $ überwiesen!
[01-03-2019 13:51:44]: Log: Lano hat an Jerusalem 1 $ überwiesen!
[01-03-2019 13:51:45]: Log: Lano hat an Jerusalem 1 $ überwiesen!
[01-03-2019 13:51:45]: Log: Lano hat an Jerusalem 1 $ überwiesen!
[01-03-2019 13:51:45]: Log: Lano hat an Jerusalem 1 $ überwiesen!
[01-03-2019 13:51:45]: Log: Lano hat an Jerusalem 1 $ überwiesen!
[01-03-2019 13:51:45]: Log: Lano hat an Jerusalem 1 $ überwiesen!
[01-03-2019 13:51:46]: Log: Lano hat an Jerusalem 1 $ überwiesen!
[01-03-2019 13:51:46]: Log: Lano hat an Jerusalem 1 $ überwiesen!
[01-03-2019 13:51:46]: Log: Lano hat an Jerusalem 1 $ überwiesen!
[01-03-2019 13:51:46]: Log: Lano hat an Jerusalem 1 $ überwiesen!
[01-03-2019 13:51:46]: Log: Lano hat an Jerusalem 1 $ überwiesen!
[01-03-2019 13:51:47]: Log: Lano hat an Jerusalem 1 $ überwiesen!
[01-03-2019 13:51:47]: Log: Lano hat an Jerusalem 1 $ überwiesen!
[01-03-2019 13:51:47]: Log: Lano hat an Jerusalem 1 $ überwiesen!
[01-03-2019 13:51:47]: Log: Lano hat an Jerusalem 1 $ überwiesen!
[01-03-2019 13:51:47]: Log: Lano hat an Jerusalem 1 $ überwiesen!
[01-03-2019 13:51:48]: Log: Lano hat an Jerusalem 1 $ überwiesen!
[01-03-2019 13:51:48]: Log: Lano hat an Jerusalem 1 $ überwiesen!
[01-03-2019 13:51:48]: Log: Lano hat an Jerusalem 1 $ überwiesen!
[01-03-2019 13:51:48]: Log: Lano hat an Jerusalem 1 $ überwiesen!
[01-03-2019 13:51:48]: Log: Lano hat an Jerusalem 1 $ überwiesen!
[01-03-2019 13:51:49]: Log: Lano hat an Jerusalem 1 $ überwiesen!
[01-03-2019 13:51:49]: Log: Lano hat an Jerusalem 1 $ überwiesen!
[01-03-2019 13:51:49]: Log: Lano hat an Jerusalem 1 $ überwiesen!
[01-03-2019 13:51:49]: Log: Lano hat an Jerusalem 1 $ überwiesen!
[01-03-2019 13:51:50]: Log: Lano hat an Jerusalem 1 $ überwiesen!
[01-03-2019 13:51:50]: Log: Lano hat an Jerusalem 1 $ überwiesen!
[01-03-2019 13:51:50]: Log: Lano hat an Jerusalem 1 $ überwiesen!
[01-03-2019 13:51:50]: Log: Lano hat an Jerusalem 1 $ überwiesen!
[01-03-2019 13:51:50]: Log: Lano hat an Jerusalem 1 $ überwiesen!
[01-03-2019 13:51:51]: Log: Lano hat an Jerusalem 1 $ überwiesen!
[01-03-2019 13:51:51]: Log: Lano hat an Jerusalem 1 $ überwiesen!
[01-03-2019 13:51:51]: Log: Lano hat an Jerusalem 1 $ überwiesen!
[01-03-2019 13:51:51]: Log: Lano hat an Jerusalem 1 $ überwiesen!
[01-03-2019 13:51:51]: Log: Lano hat an Jerusalem 1 $ überwiesen!
[01-03-2019 13:51:52]: Log: Lano hat an Jerusalem 1 $ überwiesen!
[01-03-2019 13:51:52]: Log: Lano hat an Jerusalem 1 $ überwiesen!
[01-03-2019 13:51:52]: Log: Lano hat an Jerusalem 1 $ überwiesen!
[01-03-2019 13:51:52]: Log: Lano hat an Jerusalem 1 $ überwiesen!
[01-03-2019 13:51:52]: Log: Lano hat an Jerusalem 1 $ überwiesen!
[01-03-2019 13:51:53]: Log: Lano hat an Jerusalem 1 $ überwiesen!
[01-03-2019 13:51:53]: Log: Lano hat an Jerusalem 1 $ überwiesen!
[01-03-2019 13:51:53]: Log: Lano hat an Jerusalem 1 $ überwiesen!
[01-03-2019 13:51:53]: Log: Lano hat an Jerusalem 1 $ überwiesen!
[01-03-2019 13:51:53]: Log: Lano hat an Jerusalem 1 $ überwiesen!
[01-03-2019 13:51:54]: Log: Lano hat an Jerusalem 1 $ überwiesen!
[01-03-2019 13:51:54]: Log: Lano hat an Jerusalem 1 $ überwiesen!
[01-03-2019 13:51:54]: Log: Lano hat an Jerusalem 1 $ überwiesen!
[01-03-2019 13:51:54]: Log: Lano hat an Jerusalem 1 $ überwiesen!
[01-03-2019 13:51:54]: Log: Lano hat an Jerusalem 1 $ überwiesen!
[01-03-2019 13:51:55]: Log: Lano hat an Jerusalem 1 $ überwiesen!
[01-03-2019 13:51:55]: Log: Lano hat an Jerusalem 1 $ überwiesen!
[01-03-2019 13:51:55]: Log: Lano hat an Jerusalem 1 $ überwiesen!
[01-03-2019 13:51:55]: Log: Lano hat an Jerusalem 1 $ überwiesen!
[01-03-2019 13:51:55]: Log: Lano hat an Jerusalem 1 $ überwiesen!
[01-03-2019 13:51:57]: Log: Lano hat an Jerusalem 1 $ überwiesen!
[01-03-2019 13:52:08]: Log: Lano hat an Jerusalem 100 $ überwiesen!
[01-03-2019 13:52:08]: Log: Lano hat an Jerusalem 100 $ überwiesen!
[01-03-2019 13:52:08]: Log: Lano hat an Jerusalem 100 $ überwiesen!
[01-03-2019 13:52:08]: Log: Lano hat an Jerusalem 100 $ überwiesen!
[01-03-2019 13:52:08]: Log: Lano hat an Jerusalem 100 $ überwiesen!
[01-03-2019 13:52:09]: Log: Lano hat an Jerusalem 100 $ überwiesen!
[01-03-2019 13:52:09]: Log: Lano hat an Jerusalem 100 $ überwiesen!
[01-03-2019 13:52:09]: Log: Lano hat an Jerusalem 100 $ überwiesen!
[01-03-2019 13:52:09]: Log: Lano hat an Jerusalem 100 $ überwiesen!
[01-03-2019 13:52:09]: Log: Lano hat an Jerusalem 100 $ überwiesen!
[01-03-2019 13:52:09]: Log: Lano hat an Jerusalem 100 $ überwiesen!
[01-03-2019 13:52:10]: Log: Lano hat an Jerusalem 100 $ überwiesen!
[01-03-2019 13:52:10]: Log: Lano hat an Jerusalem 100 $ überwiesen!
[01-03-2019 13:52:10]: Log: Lano hat an Jerusalem 100 $ überwiesen!
[01-03-2019 13:52:10]: Log: Lano hat an Jerusalem 100 $ überwiesen!
[01-03-2019 13:52:10]: Log: Lano hat an Jerusalem 100 $ überwiesen!
[01-03-2019 13:52:11]: Log: Lano hat an Jerusalem 100 $ überwiesen!
[01-03-2019 13:52:11]: Log: Lano hat an Jerusalem 100 $ überwiesen!
[01-03-2019 13:52:11]: Log: Lano hat an Jerusalem 100 $ überwiesen!
[01-03-2019 13:52:11]: Log: Lano hat an Jerusalem 100 $ überwiesen!
[01-03-2019 13:52:11]: Log: Lano hat an Jerusalem 100 $ überwiesen!
[01-03-2019 13:52:12]: Log: Lano hat an Jerusalem 100 $ überwiesen!
[01-03-2019 13:52:12]: Log: Lano hat an Jerusalem 100 $ überwiesen!
[01-03-2019 13:52:12]: Log: Lano hat an Jerusalem 100 $ überwiesen!
[01-03-2019 13:52:12]: Log: Lano hat an Jerusalem 100 $ überwiesen!
[01-03-2019 13:52:12]: Log: Lano hat an Jerusalem 100 $ überwiesen!
[01-03-2019 13:52:13]: Log: Lano hat an Jerusalem 100 $ überwiesen!
[01-03-2019 13:52:13]: Log: Lano hat an Jerusalem 100 $ überwiesen!
[01-03-2019 13:52:13]: Log: Lano hat an Jerusalem 100 $ überwiesen!
[01-03-2019 13:52:13]: Log: Lano hat an Jerusalem 100 $ überwiesen!
[01-03-2019 13:52:13]: Log: Lano hat an Jerusalem 100 $ überwiesen!
[01-03-2019 13:52:13]: Log: Lano hat an Jerusalem 100 $ überwiesen!
[01-03-2019 13:52:14]: Log: Lano hat an Jerusalem 100 $ überwiesen!
[01-03-2019 13:52:14]: Log: Lano hat an Jerusalem 100 $ überwiesen!
[01-03-2019 13:52:14]: Log: Lano hat an Jerusalem 100 $ überwiesen!
[01-03-2019 13:52:14]: Log: Lano hat an Jerusalem 100 $ überwiesen!
[01-03-2019 13:52:14]: Log: Lano hat an Jerusalem 100 $ überwiesen!
[01-03-2019 13:52:15]: Log: Lano hat an Jerusalem 100 $ überwiesen!
[01-03-2019 13:52:15]: Log: Lano hat an Jerusalem 100 $ überwiesen!
[01-03-2019 13:52:15]: Log: Lano hat an Jerusalem 100 $ überwiesen!
[01-03-2019 13:52:15]: Log: Lano hat an Jerusalem 100 $ überwiesen!
[01-03-2019 13:52:15]: Log: Lano hat an Jerusalem 100 $ überwiesen!
[01-03-2019 13:52:16]: Log: Lano hat an Jerusalem 100 $ überwiesen!
[01-03-2019 13:52:16]: Log: Lano hat an Jerusalem 100 $ überwiesen!
[01-03-2019 13:52:16]: Log: Lano hat an Jerusalem 100 $ überwiesen!
[01-03-2019 13:52:16]: Log: Lano hat an Jerusalem 100 $ überwiesen!
[01-03-2019 15:31:54]: Log: luca hat an rvty 5000 $ überwiesen!
[02-03-2019 17:34:48]: Log: Zorro hat an Chapo 20000 $ überwiesen!
[02-03-2019 20:11:15]: Log: R32 hat an Dennis.Air 10000 $ überwiesen!
[03-03-2019 00:09:50]: Log: rvty hat an NyquFX 4143 $ überwiesen!
[03-03-2019 01:02:05]: Log: LargePeach hat an rvty 35000 $ überwiesen!
[03-03-2019 01:06:29]: Log: rvty hat an nyqufx 15000 $ überwiesen!
[03-03-2019 11:48:53]: Log: vinzblack hat an xEvoliX 100000 $ überwiesen!
[03-03-2019 11:52:01]: Log: vinzblack hat an xEvoliX 60000 $ überwiesen!
[03-03-2019 13:55:21]: Log: lameHacker73 hat an solid_snake 1 $ überwiesen!
[03-03-2019 14:28:57]: Log: lameHacker73 hat an LateSpot 2000 $ überwiesen!
[03-03-2019 17:52:19]: Log: LargePeach hat an Keno 17500 $ überwiesen!
[03-03-2019 18:27:26]: Log: Zorro hat an Keno 17500 $ überwiesen!
[03-03-2019 19:34:23]: Log: Sky. hat an oozuyi 500000 $ überwiesen!
[03-03-2019 21:57:34]: Log: vinzblack hat an Cyb3rClown 50000 $ überwiesen!
[03-03-2019 22:20:26]: Log: SocasteR hat an DerKiller 170000 $ überwiesen!
[03-03-2019 23:48:59]: Log: vinzblack hat an Cyb3rClown 1000 $ überwiesen!
[04-03-2019 20:58:30]: Log: Zorro hat an Cyb3rClown 80000 $ überwiesen!
[05-03-2019 00:50:49]: Log: Sammy hat an Keno 50000 $ überwiesen!
[05-03-2019 01:10:03]: Log: Keno hat an Sammy 15000 $ überwiesen!
[06-03-2019 02:05:25]: Log: Keno hat an rvty 250000 $ überwiesen!
[06-03-2019 04:31:12]: Log: rvty hat an Sammy 30000 $ überwiesen!
[06-03-2019 04:33:60]: Log: rvty hat an Sammy 100000 $ überwiesen!
[06-03-2019 04:36:06]: Log: rvty hat an Sammy 23737 $ überwiesen!
[06-03-2019 04:36:33]: Log: rvty hat an Sammy 50000 $ überwiesen!
[06-03-2019 04:37:11]: Log: rvty hat an Sammy 9840 $ überwiesen!
[06-03-2019 04:37:54]: Log: rvty hat an Sammy 39920 $ überwiesen!
[06-03-2019 04:51:26]: Log: NyquFX hat an Sammy 10000 $ überwiesen!
[06-03-2019 05:06:23]: Log: rvty hat an Sammy 227 $ überwiesen!
[06-03-2019 05:06:43]: Log: rvty hat an Sammy 600000 $ überwiesen!
[06-03-2019 05:06:51]: Log: Sammy hat an rvty 600000 $ überwiesen!
[06-03-2019 05:23:28]: Log: rvty hat an Sammy 50 $ überwiesen!
[06-03-2019 05:45:20]: Log: Sammy hat an Keno 270000 $ überwiesen!
[06-03-2019 15:37:31]: Log: rvty hat an Luca_Jordan 800 $ überwiesen!
[06-03-2019 15:46:01]: Log: rvty hat an NyquFX 1 $ überwiesen!
[06-03-2019 15:46:03]: Log: rvty hat an NyquFX 1 $ überwiesen!
[06-03-2019 15:46:03]: Log: rvty hat an NyquFX 1 $ überwiesen!
[06-03-2019 15:46:03]: Log: rvty hat an NyquFX 1 $ überwiesen!
[06-03-2019 15:46:03]: Log: rvty hat an NyquFX 1 $ überwiesen!
[06-03-2019 15:46:04]: Log: rvty hat an NyquFX 1 $ überwiesen!
[06-03-2019 15:46:04]: Log: rvty hat an NyquFX 1 $ überwiesen!
[06-03-2019 15:46:04]: Log: rvty hat an NyquFX 1 $ überwiesen!
[06-03-2019 15:46:04]: Log: rvty hat an NyquFX 1 $ überwiesen!
[06-03-2019 15:46:04]: Log: rvty hat an NyquFX 1 $ überwiesen!
[06-03-2019 15:46:04]: Log: rvty hat an NyquFX 1 $ überwiesen!
[06-03-2019 15:46:04]: Log: rvty hat an NyquFX 1 $ überwiesen!
[06-03-2019 15:46:04]: Log: rvty hat an NyquFX 1 $ überwiesen!
[06-03-2019 15:46:05]: Log: rvty hat an NyquFX 1 $ überwiesen!
[06-03-2019 15:46:05]: Log: rvty hat an NyquFX 1 $ überwiesen!
[06-03-2019 15:46:05]: Log: rvty hat an NyquFX 1 $ überwiesen!
[06-03-2019 15:46:05]: Log: rvty hat an NyquFX 1 $ überwiesen!
[06-03-2019 15:46:05]: Log: rvty hat an NyquFX 1 $ überwiesen!
[06-03-2019 15:46:05]: Log: rvty hat an NyquFX 1 $ überwiesen!
[06-03-2019 15:46:05]: Log: rvty hat an NyquFX 1 $ überwiesen!
[06-03-2019 15:46:06]: Log: rvty hat an NyquFX 1 $ überwiesen!
[06-03-2019 15:46:06]: Log: rvty hat an NyquFX 1 $ überwiesen!
[06-03-2019 16:29:24]: Log: rvty hat an NyquFX 3000 $ überwiesen!
[06-03-2019 16:41:06]: Log: Sammy hat an rvty 8750 $ überwiesen!
[06-03-2019 16:41:10]: Log: Sammy hat an NyquFX 8750 $ überwiesen!
[06-03-2019 16:41:16]: Log: Sammy hat an luca 8750 $ überwiesen!
[06-03-2019 16:49:08]: Log: rvty hat an Sammy 1000 $ überwiesen!
[06-03-2019 16:49:49]: Log: rvty hat an Sammy 20 $ überwiesen!
[06-03-2019 16:52:59]: Log: luca hat an Sammy 361 $ überwiesen!
[06-03-2019 16:54:02]: Log: luca hat an Sammy 187 $ überwiesen!
[06-03-2019 17:57:50]: Log: Felix1234 hat an Felix123 1 $ überwiesen!
[06-03-2019 17:57:50]: Log: Felix1234 hat an Felix123 1 $ überwiesen!
[06-03-2019 17:57:50]: Log: Felix1234 hat an Felix123 1 $ überwiesen!
[06-03-2019 17:57:50]: Log: Felix1234 hat an Felix123 1 $ überwiesen!
[06-03-2019 17:57:50]: Log: Felix1234 hat an Felix123 1 $ überwiesen!
[06-03-2019 17:57:50]: Log: Felix1234 hat an Felix123 1 $ überwiesen!
[06-03-2019 17:57:51]: Log: Felix1234 hat an Felix123 1 $ überwiesen!
[06-03-2019 17:57:51]: Log: Felix1234 hat an Felix123 1 $ überwiesen!
[06-03-2019 17:57:51]: Log: Felix1234 hat an Felix123 1 $ überwiesen!
[06-03-2019 17:57:51]: Log: Felix1234 hat an Felix123 1 $ überwiesen!
[06-03-2019 17:57:51]: Log: Felix1234 hat an Felix123 1 $ überwiesen!
[06-03-2019 17:57:51]: Log: Felix1234 hat an Felix123 1 $ überwiesen!
[06-03-2019 17:57:51]: Log: Felix1234 hat an Felix123 1 $ überwiesen!
[06-03-2019 17:57:51]: Log: Felix1234 hat an Felix123 1 $ überwiesen!
[06-03-2019 17:57:52]: Log: Felix1234 hat an Felix123 1 $ überwiesen!
[06-03-2019 17:57:52]: Log: Felix1234 hat an Felix123 1 $ überwiesen!
[06-03-2019 17:57:52]: Log: Felix1234 hat an Felix123 1 $ überwiesen!
[06-03-2019 17:57:52]: Log: Felix1234 hat an Felix123 1 $ überwiesen!
[06-03-2019 17:57:52]: Log: Felix1234 hat an Felix123 1 $ überwiesen!
[06-03-2019 17:57:52]: Log: Felix1234 hat an Felix123 1 $ überwiesen!
[06-03-2019 17:57:52]: Log: Felix1234 hat an Felix123 1 $ überwiesen!
[06-03-2019 17:57:52]: Log: Felix1234 hat an Felix123 1 $ überwiesen!
[06-03-2019 17:57:53]: Log: Felix1234 hat an Felix123 1 $ überwiesen!
[06-03-2019 17:57:53]: Log: Felix1234 hat an Felix123 1 $ überwiesen!
[06-03-2019 17:57:53]: Log: Felix1234 hat an Felix123 1 $ überwiesen!
[06-03-2019 17:57:53]: Log: Felix1234 hat an Felix123 1 $ überwiesen!
[06-03-2019 17:57:53]: Log: Felix1234 hat an Felix123 1 $ überwiesen!
[06-03-2019 17:57:53]: Log: Felix1234 hat an Felix123 1 $ überwiesen!
[06-03-2019 17:57:53]: Log: Felix1234 hat an Felix123 1 $ überwiesen!
[06-03-2019 17:57:54]: Log: Felix1234 hat an Felix123 1 $ überwiesen!
[06-03-2019 17:57:54]: Log: Felix1234 hat an Felix123 1 $ überwiesen!
[06-03-2019 17:57:54]: Log: Felix1234 hat an Felix123 1 $ überwiesen!
[06-03-2019 17:57:54]: Log: Felix1234 hat an Felix123 1 $ überwiesen!
[06-03-2019 17:57:54]: Log: Felix1234 hat an Felix123 1 $ überwiesen!
[06-03-2019 17:57:54]: Log: Felix1234 hat an Felix123 1 $ überwiesen!
[06-03-2019 17:57:54]: Log: Felix1234 hat an Felix123 1 $ überwiesen!
[06-03-2019 17:57:55]: Log: Felix1234 hat an Felix123 1 $ überwiesen!
[06-03-2019 17:57:55]: Log: Felix1234 hat an Felix123 1 $ überwiesen!
[06-03-2019 17:57:55]: Log: Felix1234 hat an Felix123 1 $ überwiesen!
[06-03-2019 17:57:55]: Log: Felix1234 hat an Felix123 1 $ überwiesen!
[06-03-2019 17:57:56]: Log: Felix1234 hat an Felix123 1 $ überwiesen!
[06-03-2019 17:57:56]: Log: Felix1234 hat an Felix123 1 $ überwiesen!
[06-03-2019 17:57:56]: Log: Felix1234 hat an Felix123 1 $ überwiesen!
[06-03-2019 17:57:56]: Log: Felix1234 hat an Felix123 1 $ überwiesen!
[06-03-2019 17:57:56]: Log: Felix1234 hat an Felix123 1 $ überwiesen!
[06-03-2019 17:57:56]: Log: Felix1234 hat an Felix123 1 $ überwiesen!
[06-03-2019 17:57:57]: Log: Felix1234 hat an Felix123 1 $ überwiesen!
[06-03-2019 17:57:57]: Log: Felix1234 hat an Felix123 1 $ überwiesen!
[06-03-2019 17:57:57]: Log: Felix1234 hat an Felix123 1 $ überwiesen!
[06-03-2019 17:57:57]: Log: Felix1234 hat an Felix123 1 $ überwiesen!
[06-03-2019 17:57:57]: Log: Felix1234 hat an Felix123 1 $ überwiesen!
[06-03-2019 17:57:57]: Log: Felix1234 hat an Felix123 1 $ überwiesen!
[06-03-2019 17:57:58]: Log: Felix1234 hat an Felix123 1 $ überwiesen!
[06-03-2019 17:57:58]: Log: Felix1234 hat an Felix123 1 $ überwiesen!
[06-03-2019 17:57:58]: Log: Felix1234 hat an Felix123 1 $ überwiesen!
[06-03-2019 17:57:58]: Log: Felix1234 hat an Felix123 1 $ überwiesen!
[06-03-2019 17:57:58]: Log: Felix1234 hat an Felix123 1 $ überwiesen!
[06-03-2019 17:57:58]: Log: Felix1234 hat an Felix123 1 $ überwiesen!
[06-03-2019 17:57:59]: Log: Felix1234 hat an Felix123 1 $ überwiesen!
[06-03-2019 17:57:59]: Log: Felix1234 hat an Felix123 1 $ überwiesen!
[06-03-2019 17:57:59]: Log: Felix1234 hat an Felix123 1 $ überwiesen!
[06-03-2019 17:58:01]: Log: Felix1234 hat an Felix123 1 $ überwiesen!
[06-03-2019 17:58:01]: Log: Felix1234 hat an Felix123 1 $ überwiesen!
[06-03-2019 17:58:01]: Log: Felix1234 hat an Felix123 1 $ überwiesen!
[06-03-2019 17:58:01]: Log: Felix1234 hat an Felix123 1 $ überwiesen!
[06-03-2019 17:58:01]: Log: Felix1234 hat an Felix123 1 $ überwiesen!
[06-03-2019 17:58:02]: Log: Felix1234 hat an Felix123 1 $ überwiesen!
[06-03-2019 17:58:02]: Log: Felix1234 hat an Felix123 1 $ überwiesen!
[06-03-2019 17:58:02]: Log: Felix1234 hat an Felix123 1 $ überwiesen!
[06-03-2019 17:58:02]: Log: Felix1234 hat an Felix123 1 $ überwiesen!
[06-03-2019 17:58:02]: Log: Felix1234 hat an Felix123 1 $ überwiesen!
[06-03-2019 17:58:02]: Log: Felix1234 hat an Felix123 1 $ überwiesen!
[06-03-2019 17:58:02]: Log: Felix1234 hat an Felix123 1 $ überwiesen!
[06-03-2019 17:58:02]: Log: Felix1234 hat an Felix123 1 $ überwiesen!
[06-03-2019 17:58:03]: Log: Felix1234 hat an Felix123 1 $ überwiesen!
[06-03-2019 17:58:03]: Log: Felix1234 hat an Felix123 1 $ überwiesen!
[06-03-2019 17:58:03]: Log: Felix1234 hat an Felix123 1 $ überwiesen!
[06-03-2019 17:58:03]: Log: Felix1234 hat an Felix123 1 $ überwiesen!
[06-03-2019 17:58:03]: Log: Felix1234 hat an Felix123 1 $ überwiesen!
[06-03-2019 17:58:03]: Log: Felix1234 hat an Felix123 1 $ überwiesen!
[06-03-2019 17:58:03]: Log: Felix1234 hat an Felix123 1 $ überwiesen!
[06-03-2019 17:58:03]: Log: Felix1234 hat an Felix123 1 $ überwiesen!
[06-03-2019 17:58:03]: Log: Felix1234 hat an Felix123 1 $ überwiesen!
[06-03-2019 17:58:04]: Log: Felix1234 hat an Felix123 1 $ überwiesen!
[06-03-2019 17:58:04]: Log: Felix1234 hat an Felix123 1 $ überwiesen!
[06-03-2019 17:58:04]: Log: Felix1234 hat an Felix123 1 $ überwiesen!
[06-03-2019 17:58:04]: Log: Felix1234 hat an Felix123 1 $ überwiesen!
[06-03-2019 17:58:04]: Log: Felix1234 hat an Felix123 1 $ überwiesen!
[06-03-2019 17:58:04]: Log: Felix1234 hat an Felix123 1 $ überwiesen!
[06-03-2019 17:58:05]: Log: Felix1234 hat an Felix123 1 $ überwiesen!
[06-03-2019 17:58:05]: Log: Felix1234 hat an Felix123 1 $ überwiesen!
[06-03-2019 17:58:05]: Log: Felix1234 hat an Felix123 1 $ überwiesen!
[06-03-2019 17:58:05]: Log: Felix1234 hat an Felix123 1 $ überwiesen!
[06-03-2019 17:58:05]: Log: Felix1234 hat an Felix123 1 $ überwiesen!
[06-03-2019 17:58:05]: Log: Felix1234 hat an Felix123 1 $ überwiesen!
[06-03-2019 17:58:06]: Log: Felix1234 hat an Felix123 1 $ überwiesen!
[06-03-2019 17:58:06]: Log: Felix1234 hat an Felix123 1 $ überwiesen!
[06-03-2019 17:58:06]: Log: Felix1234 hat an Felix123 1 $ überwiesen!
[06-03-2019 17:58:06]: Log: Felix1234 hat an Felix123 1 $ überwiesen!
[06-03-2019 17:58:06]: Log: Felix1234 hat an Felix123 1 $ überwiesen!
[06-03-2019 17:58:07]: Log: Felix1234 hat an Felix123 1 $ überwiesen!
[06-03-2019 17:58:07]: Log: Felix1234 hat an Felix123 1 $ überwiesen!
[06-03-2019 17:58:07]: Log: Felix1234 hat an Felix123 1 $ überwiesen!
[06-03-2019 17:58:07]: Log: Felix1234 hat an Felix123 1 $ überwiesen!
[06-03-2019 17:58:07]: Log: Felix1234 hat an Felix123 1 $ überwiesen!
[06-03-2019 17:58:07]: Log: Felix1234 hat an Felix123 1 $ überwiesen!
[06-03-2019 17:58:08]: Log: Felix1234 hat an Felix123 1 $ überwiesen!
[06-03-2019 17:58:08]: Log: Felix1234 hat an Felix123 1 $ überwiesen!
[06-03-2019 17:58:08]: Log: Felix1234 hat an Felix123 1 $ überwiesen!
[06-03-2019 17:58:08]: Log: Felix1234 hat an Felix123 1 $ überwiesen!
[06-03-2019 17:58:08]: Log: Felix1234 hat an Felix123 1 $ überwiesen!
[06-03-2019 17:58:09]: Log: Felix1234 hat an Felix123 1 $ überwiesen!
[06-03-2019 17:58:09]: Log: Felix1234 hat an Felix123 1 $ überwiesen!
[06-03-2019 17:58:09]: Log: Felix1234 hat an Felix123 1 $ überwiesen!
[06-03-2019 17:58:09]: Log: Felix1234 hat an Felix123 1 $ überwiesen!
[06-03-2019 17:58:09]: Log: Felix1234 hat an Felix123 1 $ überwiesen!
[06-03-2019 17:58:09]: Log: Felix1234 hat an Felix123 1 $ überwiesen!
[06-03-2019 17:58:10]: Log: Felix1234 hat an Felix123 1 $ überwiesen!
[06-03-2019 17:58:10]: Log: Felix1234 hat an Felix123 1 $ überwiesen!
[06-03-2019 17:58:10]: Log: Felix1234 hat an Felix123 1 $ überwiesen!
[06-03-2019 17:58:10]: Log: Felix1234 hat an Felix123 1 $ überwiesen!
[06-03-2019 17:58:11]: Log: Felix1234 hat an Felix123 1 $ überwiesen!
[06-03-2019 17:58:11]: Log: Felix1234 hat an Felix123 1 $ überwiesen!
[06-03-2019 17:58:11]: Log: Felix1234 hat an Felix123 1 $ überwiesen!
[06-03-2019 17:58:11]: Log: Felix1234 hat an Felix123 1 $ überwiesen!
[06-03-2019 17:58:11]: Log: Felix1234 hat an Felix123 1 $ überwiesen!
[06-03-2019 17:58:11]: Log: Felix1234 hat an Felix123 1 $ überwiesen!
[06-03-2019 17:58:12]: Log: Felix1234 hat an Felix123 1 $ überwiesen!
[06-03-2019 17:58:12]: Log: Felix1234 hat an Felix123 1 $ überwiesen!
[06-03-2019 17:58:12]: Log: Felix1234 hat an Felix123 1 $ überwiesen!
[06-03-2019 17:58:12]: Log: Felix1234 hat an Felix123 1 $ überwiesen!
[06-03-2019 17:58:12]: Log: Felix1234 hat an Felix123 1 $ überwiesen!
[06-03-2019 17:58:13]: Log: Felix1234 hat an Felix123 1 $ überwiesen!
[06-03-2019 17:58:13]: Log: Felix1234 hat an Felix123 1 $ überwiesen!
[06-03-2019 17:58:13]: Log: Felix1234 hat an Felix123 1 $ überwiesen!
[06-03-2019 17:58:13]: Log: Felix1234 hat an Felix123 1 $ überwiesen!
[06-03-2019 17:58:13]: Log: Felix1234 hat an Felix123 1 $ überwiesen!
[06-03-2019 17:58:13]: Log: Felix1234 hat an Felix123 1 $ überwiesen!
[06-03-2019 17:58:13]: Log: Felix1234 hat an Felix123 1 $ überwiesen!
[06-03-2019 17:58:14]: Log: Felix1234 hat an Felix123 1 $ überwiesen!
[06-03-2019 17:58:14]: Log: Felix1234 hat an Felix123 1 $ überwiesen!
[06-03-2019 17:58:14]: Log: Felix1234 hat an Felix123 1 $ überwiesen!
[06-03-2019 17:58:14]: Log: Felix1234 hat an Felix123 1 $ überwiesen!
[06-03-2019 17:58:14]: Log: Felix1234 hat an Felix123 1 $ überwiesen!
[06-03-2019 17:58:14]: Log: Felix1234 hat an Felix123 1 $ überwiesen!
[06-03-2019 17:58:15]: Log: Felix1234 hat an Felix123 1 $ überwiesen!
[06-03-2019 17:58:15]: Log: Felix1234 hat an Felix123 1 $ überwiesen!
[06-03-2019 17:58:15]: Log: Felix1234 hat an Felix123 1 $ überwiesen!
[06-03-2019 17:58:15]: Log: Felix1234 hat an Felix123 1 $ überwiesen!
[06-03-2019 17:58:16]: Log: Felix1234 hat an Felix123 1 $ überwiesen!
[06-03-2019 17:58:16]: Log: Felix1234 hat an Felix123 1 $ überwiesen!
[06-03-2019 17:58:16]: Log: Felix1234 hat an Felix123 1 $ überwiesen!
[06-03-2019 17:58:16]: Log: Felix1234 hat an Felix123 1 $ überwiesen!
[06-03-2019 17:58:16]: Log: Felix1234 hat an Felix123 1 $ überwiesen!
[06-03-2019 17:58:16]: Log: Felix1234 hat an Felix123 1 $ überwiesen!
[06-03-2019 17:58:17]: Log: Felix1234 hat an Felix123 1 $ überwiesen!
[06-03-2019 17:58:17]: Log: Felix1234 hat an Felix123 1 $ überwiesen!
[06-03-2019 17:58:17]: Log: Felix1234 hat an Felix123 1 $ überwiesen!
[06-03-2019 17:58:17]: Log: Felix1234 hat an Felix123 1 $ überwiesen!
[06-03-2019 17:58:17]: Log: Felix1234 hat an Felix123 1 $ überwiesen!
[06-03-2019 17:58:17]: Log: Felix1234 hat an Felix123 1 $ überwiesen!
[06-03-2019 17:58:18]: Log: Felix1234 hat an Felix123 1 $ überwiesen!
[06-03-2019 17:58:18]: Log: Felix1234 hat an Felix123 1 $ überwiesen!
[06-03-2019 17:58:18]: Log: Felix1234 hat an Felix123 1 $ überwiesen!
[06-03-2019 17:58:18]: Log: Felix1234 hat an Felix123 1 $ überwiesen!
[06-03-2019 17:58:18]: Log: Felix1234 hat an Felix123 1 $ überwiesen!
[06-03-2019 17:58:19]: Log: Felix1234 hat an Felix123 1 $ überwiesen!
[06-03-2019 17:58:19]: Log: Felix1234 hat an Felix123 1 $ überwiesen!
[06-03-2019 17:58:19]: Log: Felix1234 hat an Felix123 1 $ überwiesen!
[06-03-2019 17:58:19]: Log: Felix1234 hat an Felix123 1 $ überwiesen!
[06-03-2019 17:58:19]: Log: Felix1234 hat an Felix123 1 $ überwiesen!
[06-03-2019 17:58:19]: Log: Felix1234 hat an Felix123 1 $ überwiesen!
[06-03-2019 17:58:20]: Log: Felix1234 hat an Felix123 1 $ überwiesen!
[06-03-2019 17:58:20]: Log: Felix1234 hat an Felix123 1 $ überwiesen!
[06-03-2019 17:58:20]: Log: Felix1234 hat an Felix123 1 $ überwiesen!
[06-03-2019 17:58:20]: Log: Felix1234 hat an Felix123 1 $ überwiesen!
[06-03-2019 17:58:20]: Log: Felix1234 hat an Felix123 1 $ überwiesen!
[06-03-2019 17:58:21]: Log: Felix1234 hat an Felix123 1 $ überwiesen!
[06-03-2019 17:58:21]: Log: Felix1234 hat an Felix123 1 $ überwiesen!
[06-03-2019 17:58:21]: Log: Felix1234 hat an Felix123 1 $ überwiesen!
[06-03-2019 17:58:21]: Log: Felix1234 hat an Felix123 1 $ überwiesen!
[06-03-2019 17:58:21]: Log: Felix1234 hat an Felix123 1 $ überwiesen!
[06-03-2019 17:58:22]: Log: Felix1234 hat an Felix123 1 $ überwiesen!
[06-03-2019 17:58:22]: Log: Felix1234 hat an Felix123 1 $ überwiesen!
[06-03-2019 17:58:22]: Log: Felix1234 hat an Felix123 1 $ überwiesen!
[06-03-2019 17:58:22]: Log: Felix1234 hat an Felix123 1 $ überwiesen!
[06-03-2019 17:58:22]: Log: Felix1234 hat an Felix123 1 $ überwiesen!
[06-03-2019 17:58:23]: Log: Felix1234 hat an Felix123 1 $ überwiesen!
[06-03-2019 17:58:23]: Log: Felix1234 hat an Felix123 1 $ überwiesen!
[06-03-2019 17:58:23]: Log: Felix1234 hat an Felix123 1 $ überwiesen!
[06-03-2019 17:58:23]: Log: Felix1234 hat an Felix123 1 $ überwiesen!
[06-03-2019 17:58:23]: Log: Felix1234 hat an Felix123 1 $ überwiesen!
[06-03-2019 17:58:23]: Log: Felix1234 hat an Felix123 1 $ überwiesen!
[06-03-2019 17:58:24]: Log: Felix1234 hat an Felix123 1 $ überwiesen!
[06-03-2019 17:58:24]: Log: Felix1234 hat an Felix123 1 $ überwiesen!
[06-03-2019 17:58:24]: Log: Felix1234 hat an Felix123 1 $ überwiesen!
[06-03-2019 17:58:24]: Log: Felix1234 hat an Felix123 1 $ überwiesen!
[06-03-2019 17:58:25]: Log: Felix1234 hat an Felix123 1 $ überwiesen!
[06-03-2019 17:58:25]: Log: Felix1234 hat an Felix123 1 $ überwiesen!
[06-03-2019 17:58:25]: Log: Felix1234 hat an Felix123 1 $ überwiesen!
[06-03-2019 17:58:25]: Log: Felix1234 hat an Felix123 1 $ überwiesen!
[06-03-2019 17:58:26]: Log: Felix1234 hat an Felix123 1 $ überwiesen!
[06-03-2019 17:58:26]: Log: Felix1234 hat an Felix123 1 $ überwiesen!
[06-03-2019 17:58:26]: Log: Felix1234 hat an Felix123 1 $ überwiesen!
[06-03-2019 17:58:26]: Log: Felix1234 hat an Felix123 1 $ überwiesen!
[06-03-2019 17:58:26]: Log: Felix1234 hat an Felix123 1 $ überwiesen!
[06-03-2019 17:58:27]: Log: Felix1234 hat an Felix123 1 $ überwiesen!
[06-03-2019 17:58:27]: Log: Felix1234 hat an Felix123 1 $ überwiesen!
[06-03-2019 17:58:27]: Log: Felix1234 hat an Felix123 1 $ überwiesen!
[06-03-2019 17:58:27]: Log: Felix1234 hat an Felix123 1 $ überwiesen!
[06-03-2019 17:58:28]: Log: Felix1234 hat an Felix123 1 $ überwiesen!
[06-03-2019 17:58:28]: Log: Felix1234 hat an Felix123 1 $ überwiesen!
[06-03-2019 17:58:28]: Log: Felix1234 hat an Felix123 1 $ überwiesen!
[06-03-2019 17:58:28]: Log: Felix1234 hat an Felix123 1 $ überwiesen!
[06-03-2019 17:58:28]: Log: Felix1234 hat an Felix123 1 $ überwiesen!
[06-03-2019 17:58:29]: Log: Felix1234 hat an Felix123 1 $ überwiesen!
[06-03-2019 17:58:29]: Log: Felix1234 hat an Felix123 1 $ überwiesen!
[06-03-2019 17:58:30]: Log: Felix1234 hat an Felix123 1 $ überwiesen!
[06-03-2019 17:58:30]: Log: Felix1234 hat an Felix123 1 $ überwiesen!
[06-03-2019 17:58:30]: Log: Felix1234 hat an Felix123 1 $ überwiesen!
[06-03-2019 17:58:30]: Log: Felix1234 hat an Felix123 1 $ überwiesen!
[06-03-2019 17:58:31]: Log: Felix1234 hat an Felix123 1 $ überwiesen!
[06-03-2019 17:58:31]: Log: Felix1234 hat an Felix123 1 $ überwiesen!
[06-03-2019 17:58:31]: Log: Felix1234 hat an Felix123 1 $ überwiesen!
[06-03-2019 17:58:31]: Log: Felix1234 hat an Felix123 1 $ überwiesen!
[06-03-2019 17:58:31]: Log: Felix1234 hat an Felix123 1 $ überwiesen!
[06-03-2019 17:58:31]: Log: Felix1234 hat an Felix123 1 $ überwiesen!
[06-03-2019 17:58:31]: Log: Felix1234 hat an Felix123 1 $ überwiesen!
[06-03-2019 17:58:31]: Log: Felix1234 hat an Felix123 1 $ überwiesen!
[06-03-2019 17:58:32]: Log: Felix1234 hat an Felix123 1 $ überwiesen!
[06-03-2019 17:58:32]: Log: Felix1234 hat an Felix123 1 $ überwiesen!
[06-03-2019 17:58:32]: Log: Felix1234 hat an Felix123 1 $ überwiesen!
[06-03-2019 17:58:32]: Log: Felix1234 hat an Felix123 1 $ überwiesen!
[06-03-2019 17:58:32]: Log: Felix1234 hat an Felix123 1 $ überwiesen!
[06-03-2019 17:58:32]: Log: Felix1234 hat an Felix123 1 $ überwiesen!
[06-03-2019 17:58:33]: Log: Felix1234 hat an Felix123 1 $ überwiesen!
[06-03-2019 17:58:33]: Log: Felix1234 hat an Felix123 1 $ überwiesen!
[06-03-2019 17:58:33]: Log: Felix1234 hat an Felix123 1 $ überwiesen!
[06-03-2019 17:58:33]: Log: Felix1234 hat an Felix123 1 $ überwiesen!
[06-03-2019 17:58:33]: Log: Felix1234 hat an Felix123 1 $ überwiesen!
[06-03-2019 17:58:34]: Log: Felix1234 hat an Felix123 1 $ überwiesen!
[06-03-2019 17:58:34]: Log: Felix1234 hat an Felix123 1 $ überwiesen!
[06-03-2019 17:58:34]: Log: Felix1234 hat an Felix123 1 $ überwiesen!
[06-03-2019 17:58:34]: Log: Felix1234 hat an Felix123 1 $ überwiesen!
[06-03-2019 17:58:34]: Log: Felix1234 hat an Felix123 1 $ überwiesen!
[06-03-2019 17:58:35]: Log: Felix1234 hat an Felix123 1 $ überwiesen!
[06-03-2019 17:58:35]: Log: Felix1234 hat an Felix123 1 $ überwiesen!
[06-03-2019 17:58:35]: Log: Felix1234 hat an Felix123 1 $ überwiesen!
[06-03-2019 17:58:36]: Log: Felix1234 hat an Felix123 1 $ überwiesen!
[06-03-2019 17:58:36]: Log: Felix1234 hat an Felix123 1 $ überwiesen!
[06-03-2019 17:58:36]: Log: Felix1234 hat an Felix123 1 $ überwiesen!
[06-03-2019 17:58:36]: Log: Felix1234 hat an Felix123 1 $ überwiesen!
[06-03-2019 17:58:36]: Log: Felix1234 hat an Felix123 1 $ überwiesen!
[06-03-2019 17:58:37]: Log: Felix1234 hat an Felix123 1 $ überwiesen!
[06-03-2019 17:58:37]: Log: Felix1234 hat an Felix123 1 $ überwiesen!
[06-03-2019 17:58:37]: Log: Felix1234 hat an Felix123 1 $ überwiesen!
[06-03-2019 17:58:37]: Log: Felix1234 hat an Felix123 1 $ überwiesen!
[06-03-2019 17:58:40]: Log: Felix1234 hat an Felix123 1 $ überwiesen!
[06-03-2019 17:58:40]: Log: Felix1234 hat an Felix123 1 $ überwiesen!
[06-03-2019 17:58:40]: Log: Felix1234 hat an Felix123 1 $ überwiesen!
[06-03-2019 17:58:40]: Log: Felix1234 hat an Felix123 1 $ überwiesen!
[06-03-2019 17:58:40]: Log: Felix1234 hat an Felix123 1 $ überwiesen!
[06-03-2019 17:58:40]: Log: Felix1234 hat an Felix123 1 $ überwiesen!
[06-03-2019 17:58:40]: Log: Felix1234 hat an Felix123 1 $ überwiesen!
[06-03-2019 17:58:40]: Log: Felix1234 hat an Felix123 1 $ überwiesen!
[06-03-2019 17:58:40]: Log: Felix1234 hat an Felix123 1 $ überwiesen!
[06-03-2019 17:58:40]: Log: Felix1234 hat an Felix123 1 $ überwiesen!
[06-03-2019 17:58:40]: Log: Felix1234 hat an Felix123 1 $ überwiesen!
[06-03-2019 17:58:40]: Log: Felix1234 hat an Felix123 1 $ überwiesen!
[06-03-2019 17:58:40]: Log: Felix1234 hat an Felix123 1 $ überwiesen!
[06-03-2019 17:58:40]: Log: Felix1234 hat an Felix123 1 $ überwiesen!
[06-03-2019 17:58:40]: Log: Felix1234 hat an Felix123 1 $ überwiesen!
[06-03-2019 17:58:40]: Log: Felix1234 hat an Felix123 1 $ überwiesen!
[06-03-2019 17:58:40]: Log: Felix1234 hat an Felix123 1 $ überwiesen!
[06-03-2019 17:58:40]: Log: Felix1234 hat an Felix123 1 $ überwiesen!
[06-03-2019 17:58:41]: Log: Felix1234 hat an Felix123 1 $ überwiesen!
[06-03-2019 17:58:41]: Log: Felix1234 hat an Felix123 1 $ überwiesen!
[06-03-2019 17:58:41]: Log: Felix1234 hat an Felix123 1 $ überwiesen!
[06-03-2019 17:58:41]: Log: Felix1234 hat an Felix123 1 $ überwiesen!
[06-03-2019 17:58:41]: Log: Felix1234 hat an Felix123 1 $ überwiesen!
[06-03-2019 17:58:42]: Log: Felix1234 hat an Felix123 1 $ überwiesen!
[06-03-2019 17:58:42]: Log: Felix1234 hat an Felix123 1 $ überwiesen!
[06-03-2019 17:58:42]: Log: Felix1234 hat an Felix123 1 $ überwiesen!
[06-03-2019 17:58:42]: Log: Felix1234 hat an Felix123 1 $ überwiesen!
[06-03-2019 17:58:42]: Log: Felix1234 hat an Felix123 1 $ überwiesen!
[06-03-2019 17:58:43]: Log: Felix1234 hat an Felix123 1 $ überwiesen!
[06-03-2019 17:58:43]: Log: Felix1234 hat an Felix123 1 $ überwiesen!
[06-03-2019 17:58:43]: Log: Felix1234 hat an Felix123 1 $ überwiesen!
[06-03-2019 17:58:43]: Log: Felix1234 hat an Felix123 1 $ überwiesen!
[06-03-2019 17:58:43]: Log: Felix1234 hat an Felix123 1 $ überwiesen!
[06-03-2019 17:58:44]: Log: Felix1234 hat an Felix123 1 $ überwiesen!
[06-03-2019 17:58:44]: Log: Felix1234 hat an Felix123 1 $ überwiesen!
[06-03-2019 17:58:44]: Log: Felix1234 hat an Felix123 1 $ überwiesen!
[06-03-2019 17:58:44]: Log: Felix1234 hat an Felix123 1 $ überwiesen!
[06-03-2019 19:52:03]: Log: Sammy hat an rvty 120 $ überwiesen!
[06-03-2019 20:05:46]: Log: Sammy hat an rvty 1200 $ überwiesen!
[06-03-2019 20:43:43]: Log: rvty hat an Sammy 7000 $ überwiesen!
[07-03-2019 02:41:06]: Log: Sammy hat an rvty 10000 $ überwiesen!
[07-03-2019 02:41:08]: Log: Sammy hat an Keno 10000 $ überwiesen!
[07-03-2019 02:41:44]: Log: Sammy hat an Keno 7500 $ überwiesen!
[07-03-2019 03:21:51]: Log: rvty hat an Keno 10000 $ überwiesen!
[07-03-2019 15:01:44]: Log: NyquFX hat an GATANAMAN 2000 $ überwiesen!
[07-03-2019 16:01:50]: Log: rvty hat an NyquFX 40000 $ überwiesen!
[07-03-2019 16:12:19]: Log: NyquFX hat an Sammy 1337 $ überwiesen!
[07-03-2019 16:32:58]: Log: Sammy hat an NyquFX 10000 $ überwiesen!
[07-03-2019 18:41:44]: Log: LastAttacker71 hat an Woschi123 10000 $ überwiesen!
[07-03-2019 20:30:30]: Log: LastAttacker71 hat an Layesd_tv 17000 $ überwiesen!
[08-03-2019 10:59:08]: Log: Mortza04 hat an Solid_Snake 200000 $ überwiesen!
[08-03-2019 10:59:33]: Log: Solid_Snake hat an Mortza04 200000 $ überwiesen!
[08-03-2019 14:27:58]: Log: rvty hat an Keno 15000 $ überwiesen!
[08-03-2019 15:29:44]: Log: Mortza04 hat an Kabo 100000 $ überwiesen!
[08-03-2019 21:25:59]: Log: Chapo hat an Zorro 14000 $ überwiesen!
[09-03-2019 16:18:28]: Log: Mortza04 hat an SonGoku 85000 $ überwiesen!
[09-03-2019 16:55:37]: Log: Kirin hat an Jan1308 10000 $ überwiesen!
[09-03-2019 19:21:45]: Log: luca hat an Sammy 5000 $ überwiesen!
[09-03-2019 19:22:08]: Log: Keno hat an Sammy 5000 $ überwiesen!
[09-03-2019 19:50:17]: Log: Sammy hat an luca 10000 $ überwiesen!
[09-03-2019 20:31:01]: Log: rvty hat an luca 100000 $ überwiesen!
[09-03-2019 20:46:31]: Log: Nora hat an Capo 100000 $ überwiesen!
[09-03-2019 21:40:31]: Log: rvty hat an Capo 100000 $ überwiesen!
[09-03-2019 21:41:48]: Log: rvty hat an Sammy 300000 $ überwiesen!
[09-03-2019 21:42:09]: Log: rvty hat an Keno 250000 $ überwiesen!
[09-03-2019 21:42:45]: Log: rvty hat an Sammy 150000 $ überwiesen!
[09-03-2019 21:43:24]: Log: rvty hat an Sammy 29491 $ überwiesen!
[09-03-2019 21:43:26]: Log: rvty hat an Sammy 29491 $ überwiesen!
[09-03-2019 21:43:26]: Log: rvty hat an Sammy 29491 $ überwiesen!
[09-03-2019 21:43:26]: Log: rvty hat an Sammy 29491 $ überwiesen!
[09-03-2019 21:43:26]: Log: rvty hat an Sammy 29491 $ überwiesen!
[09-03-2019 21:43:26]: Log: rvty hat an Sammy 29491 $ überwiesen!
[09-03-2019 21:43:26]: Log: rvty hat an Sammy 29491 $ überwiesen!
[09-03-2019 21:43:27]: Log: rvty hat an Sammy 29491 $ überwiesen!
[09-03-2019 21:43:27]: Log: rvty hat an Sammy 29491 $ überwiesen!
[09-03-2019 21:43:41]: Log: rvty hat an Sammy 28379 $ überwiesen!
[10-03-2019 00:17:57]: Log: luca hat an Sammy 10000 $ überwiesen!
[10-03-2019 00:18:08]: Log: luca hat an Keno 10000 $ überwiesen!
[10-03-2019 01:08:33]: Log: Maqic.exe hat an Katox 1 $ überwiesen!
[10-03-2019 02:42:46]: Log: Meliodas_Sin hat an SonGoku 300000 $ überwiesen!
[10-03-2019 02:44:26]: Log: Sammy hat an rvty 1500 $ überwiesen!
[10-03-2019 02:50:34]: Log: SonGoku hat an LargePeach 150000 $ überwiesen!
[10-03-2019 02:53:21]: Log: Sammy hat an rvty 1500 $ überwiesen!
[10-03-2019 03:05:41]: Log: Sammy hat an rvty 5000 $ überwiesen!
[10-03-2019 03:07:41]: Log: Keno hat an luca 10000 $ überwiesen!
[10-03-2019 03:07:43]: Log: Keno hat an sammy 10000 $ überwiesen!
[10-03-2019 04:37:09]: Log: Solid_Snake hat an crusher 10000 $ überwiesen!
[10-03-2019 04:37:14]: Log: Solid_Snake hat an Capo 10000 $ überwiesen!
[10-03-2019 04:37:17]: Log: Solid_Snake hat an lelek 10000 $ überwiesen!
[10-03-2019 04:37:34]: Log: Solid_Snake hat an Zorro 10000 $ überwiesen!
[10-03-2019 04:37:44]: Log: Solid_Snake hat an lelek 10000 $ überwiesen!
[10-03-2019 04:37:53]: Log: Solid_Snake hat an Kushhunter 10000 $ überwiesen!
[10-03-2019 04:37:56]: Log: Solid_Snake hat an Dark 10000 $ überwiesen!
[10-03-2019 04:40:29]: Log: Solid_Snake hat an Maqic.exe 10000 $ überwiesen!
[10-03-2019 04:40:33]: Log: Solid_Snake hat an LargePeach 10000 $ überwiesen!
[10-03-2019 17:35:19]: Log: NyquFX hat an SAMMY 7500 $ überwiesen!
[10-03-2019 18:32:10]: Log: NyquFX hat an sammy 5000 $ überwiesen!
[10-03-2019 18:32:51]: Log: luca hat an Sammy 5000 $ überwiesen!
[10-03-2019 18:46:53]: Log: Sammy hat an NyquFX 10000 $ überwiesen!
[10-03-2019 18:47:01]: Log: Sammy hat an luca 10000 $ überwiesen!
[10-03-2019 19:41:42]: Log: FELIX hat an Meliodas_Sin 350000 $ überwiesen!
[10-03-2019 19:50:32]: Log: Sammy hat an Keno 7500 $ überwiesen!
[10-03-2019 20:56:47]: Log: Sammy hat an Keno 15000 $ überwiesen!
[10-03-2019 21:36:01]: Log: crusher hat an Lelek 45000 $ überwiesen!
[10-03-2019 22:14:53]: Log: Keno hat an Sammy 24425 $ überwiesen!
[11-03-2019 14:30:33]: Log: luca hat an Sammy 40000 $ überwiesen!
[11-03-2019 16:16:60]: Log: crusher hat an Dark 20000 $ überwiesen!
[11-03-2019 16:17:05]: Log: crusher hat an KushHunter 20000 $ überwiesen!
[11-03-2019 16:30:58]: Log: NyquFX hat an iLimix 10000 $ überwiesen!
[11-03-2019 18:44:40]: Log: Keno hat an NyquFX 25000 $ überwiesen!
[11-03-2019 19:17:05]: Log: NyquFX hat an SAMMY 10000 $ überwiesen!
[11-03-2019 20:17:10]: Log: Keno hat an Sammy 7500 $ überwiesen!
[11-03-2019 22:31:39]: Log: Keno hat an Sammy 7500 $ überwiesen!
[12-03-2019 13:43:12]: Log: Sammy hat an Keno 15000 $ überwiesen!
[12-03-2019 13:45:38]: Log: Sammy hat an Keno 7500 $ überwiesen!
[12-03-2019 14:06:37]: Log: Keno hat an Sammy 5000 $ überwiesen!
[12-03-2019 15:01:51]: Log: Sammy hat an Keno 7500 $ überwiesen!
[12-03-2019 15:38:16]: Log: Sammy hat an Keno 15000 $ überwiesen!
[12-03-2019 18:01:33]: Log: Solid_Snake hat an iLimix 20000 $ überwiesen!
[12-03-2019 18:16:01]: Log: luca hat an sammy 5000 $ überwiesen!
[12-03-2019 20:44:21]: Log: Sammy hat an NetSkyII 4500 $ überwiesen!
[12-03-2019 21:27:26]: Log: luca hat an Keno 100000 $ überwiesen!
[12-03-2019 21:37:14]: Log: Chapo hat an sammy 5000 $ überwiesen!
[12-03-2019 21:41:41]: Log: Keno hat an Sammy 5000 $ überwiesen!
[12-03-2019 21:43:15]: Log: Chapo hat an keno 10000 $ überwiesen!
[12-03-2019 21:43:47]: Log: Keno hat an Sammy 10000 $ überwiesen!
[12-03-2019 21:44:09]: Log: Chapo hat an sammy 4000 $ überwiesen!
[12-03-2019 22:30:05]: Log: Keno hat an NetSkyII 5000 $ überwiesen!
[12-03-2019 22:37:47]: Log: NetSkyII hat an Sammy 1 $ überwiesen!
[12-03-2019 22:37:57]: Log: NetSkyII hat an sammy 1 $ überwiesen!
[12-03-2019 22:37:58]: Log: NetSkyII hat an sammy 1 $ überwiesen!
[12-03-2019 22:37:60]: Log: NetSkyII hat an sammy 1 $ überwiesen!
[12-03-2019 22:37:60]: Log: NetSkyII hat an sammy 1 $ überwiesen!
[12-03-2019 22:38:01]: Log: NetSkyII hat an sammy 1 $ überwiesen!
[12-03-2019 22:38:02]: Log: NetSkyII hat an sammy 1 $ überwiesen!
[12-03-2019 22:38:02]: Log: NetSkyII hat an sammy 1 $ überwiesen!
[12-03-2019 22:38:03]: Log: NetSkyII hat an sammy 1 $ überwiesen!
[12-03-2019 22:38:03]: Log: NetSkyII hat an sammy 1 $ überwiesen!
[12-03-2019 22:38:04]: Log: NetSkyII hat an sammy 1 $ überwiesen!
[12-03-2019 22:38:05]: Log: NetSkyII hat an sammy 1 $ überwiesen!
[12-03-2019 22:38:05]: Log: NetSkyII hat an sammy 1 $ überwiesen!
[12-03-2019 22:38:06]: Log: NetSkyII hat an sammy 1 $ überwiesen!
[12-03-2019 22:38:06]: Log: NetSkyII hat an sammy 1 $ überwiesen!
[12-03-2019 22:38:07]: Log: NetSkyII hat an sammy 1 $ überwiesen!
[12-03-2019 22:38:12]: Log: NetSkyII hat an sammy 1000 $ überwiesen!
[12-03-2019 22:38:19]: Log: NetSkyII hat an sammy 450 $ überwiesen!
[12-03-2019 22:38:28]: Log: NetSkyII hat an sammy 29 $ überwiesen!
[12-03-2019 22:38:35]: Log: NetSkyII hat an sammy 1 $ überwiesen!
[13-03-2019 11:26:58]: Log: Capo hat an MauriceSYL81 10000 $ überwiesen!
[13-03-2019 11:40:57]: Log: Solid_Snake hat an Capo 2500 $ überwiesen!
[13-03-2019 17:34:33]: Log: Keno hat an Sammy 185000 $ überwiesen!
[14-03-2019 18:08:18]: Log: vinzblack hat an Solid_Snake 15000 $ überwiesen!
[14-03-2019 18:25:19]: Log: vinzblack hat an XioN. 10000 $ überwiesen!
[15-03-2019 13:35:11]: Log: Solid_Snake hat an XEvoliX 10000 $ überwiesen!
[16-03-2019 16:32:35]: Log: LargePeach hat an Keno 10000 $ überwiesen!
[18-03-2019 22:29:05]: Log: vinzblack hat an xEvoliX 138000 $ überwiesen!
