[14-12-2018 23:58:54]: Blu3Xo hat ein Haus gekauft ( 170 )
[15-12-2018 13:13:52]: Kabo hat ein Haus gekauft ( 414 )
[15-12-2018 13:14:58]: Kabo hat sein Haus verkauft.
[16-12-2018 09:52:25]: Nordmann hat ein Haus gekauft ( 410 )
[16-12-2018 09:52:44]: Nordmann hat sein Haus verkauft.
[25-02-2019 04:00:40]: vinzblack hat ein Haus gekauft ( 412 )
[27-02-2019 19:29:23]: LastAttacker71 hat ein Haus gekauft ( 457 )
[27-02-2019 22:04:51]: NutellaBrot hat ein Haus gekauft ( 443 )
[28-02-2019 16:17:48]: vinzblack hat ein Haus gekauft ( 473 )
[01-03-2019 16:37:31]: Lano hat ein Haus gekauft ( 472 )
[01-03-2019 19:10:42]: Habernoxx hat ein Haus gekauft ( 439 )
[02-03-2019 13:54:25]: D4rkPlayZ hat ein Haus gekauft ( 426 )
[02-03-2019 13:58:04]: Solid_Snake hat ein Haus gekauft ( 420 )
[02-03-2019 14:18:02]: Russ_Daniel74 hat ein Haus gekauft ( 428 )
[03-03-2019 00:29:27]: rvty hat ein Haus gekauft ( 436 )
[03-03-2019 00:35:43]: NyquFX hat ein Haus gekauft ( 434 )
[03-03-2019 11:51:19]: xEvoliX hat ein Haus gekauft ( 474 )
[03-03-2019 15:03:60]: rvty hat sein Haus verkauft.
[03-03-2019 15:42:09]: NyquFX hat sein Haus verkauft.
[03-03-2019 21:56:59]: vinzblack hat sein Haus verkauft.
[03-03-2019 21:57:39]: Cyb3rClown hat ein Haus gekauft ( 473 )
[04-03-2019 13:47:35]: Felix123 hat ein Haus gekauft ( 418 )
[04-03-2019 22:46:23]: vinzblack hat ein Haus gekauft ( 465 )
[05-03-2019 12:21:26]: vinzblack hat sein Haus verkauft.
[05-03-2019 12:21:35]: vinzblack hat ein Haus gekauft ( 475 )
[05-03-2019 13:40:02]: R32 hat ein Haus gekauft ( 421 )
[05-03-2019 21:35:19]: L1B3R0_ASR hat ein Haus gekauft ( 434 )
[06-03-2019 13:58:43]: jumperkill hat ein Haus gekauft ( 465 )
[06-03-2019 16:38:11]: ferhatboy38 hat ein Haus gekauft ( 425 )
[06-03-2019 20:05:32]: SocasteR hat ein Haus gekauft ( 422 )
[06-03-2019 21:06:51]: skin hat ein Haus gekauft ( 449 )
[06-03-2019 22:59:30]: Solid_Snake hat sein Haus verkauft.
[06-03-2019 22:59:50]: Solid_Snake hat ein Haus gekauft ( 476 )
[07-03-2019 01:06:13]: Relax hat ein Haus gekauft ( 444 )
[07-03-2019 08:39:57]: skin hat sein Haus verkauft.
[07-03-2019 16:46:14]: Woschi123 hat ein Haus gekauft ( 432 )
[07-03-2019 20:17:13]: Solid_Snake hat sein Haus verkauft.
[07-03-2019 20:18:41]: Darkmaster hat ein Haus gekauft ( 476 )
[08-03-2019 15:43:58]: R32 hat sein Haus verkauft.
[08-03-2019 15:44:12]: R32 hat ein Haus gekauft ( 420 )
[08-03-2019 20:21:16]: Kirin hat ein Haus gekauft ( 424 )
[09-03-2019 21:46:10]: Katox hat ein Haus gekauft ( 438 )
[10-03-2019 03:58:44]: BenLaxer hat ein Haus gekauft ( 448 )
[10-03-2019 15:22:43]: Active hat ein Haus gekauft ( 427 )
[10-03-2019 16:12:58]: LargePeach hat ein Haus gekauft ( 477 )
[10-03-2019 16:26:40]: NooFunk hat ein Haus gekauft ( 431 )
[10-03-2019 17:39:55]: Capo hat ein Haus gekauft ( 478 )
[10-03-2019 18:03:44]: Lelek hat ein Haus gekauft ( 479 )
[10-03-2019 18:15:37]: XinLei hat ein Haus gekauft ( 447 )
[10-03-2019 18:42:01]: DraqZ hat ein Haus gekauft ( 436 )
[10-03-2019 18:47:10]: BenLaxer hat sein Haus verkauft.
[10-03-2019 18:48:10]: BenLaxer hat ein Haus gekauft ( 442 )
[10-03-2019 18:55:03]: Jinnz hat ein Haus gekauft ( 437 )
[10-03-2019 21:36:17]: Lelek hat sein Haus verkauft.
[10-03-2019 21:37:24]: Luca_Jordan hat ein Haus gekauft ( 479 )
[12-03-2019 17:41:43]: Bilal.Agabey hat ein Haus gekauft ( 433 )
