[15-12-2018 05:44:52]: General LargePeach hat Solid_Snake eingesperrt!
[15-12-2018 05:45:01]: Solid_Snakewurde von LargePeach ausgeknastet.
[15-12-2018 05:45:24]: General LargePeach hat Solid_Snake eingesperrt!
[15-12-2018 05:45:41]: Solid_Snake hat sich gestellt!
[15-12-2018 05:45:48]: Solid_Snakewurde von LargePeach ausgeknastet.
[15-12-2018 17:48:38]: Captain Kartoffel hat Fore eingesperrt!
[15-12-2018 22:30:32]: Captain Kartoffel hat RudeL eingesperrt!
[15-12-2018 22:49:07]: Captain Pr1nceXo hat Dope eingesperrt!
[16-12-2018 11:48:44]: Lieutenant Solid_Snake hat Haftbefehl. eingesperrt!
[16-12-2018 11:49:32]: Haftbefehl.wurde von Solid_Snake ausgeknastet.
[16-12-2018 17:51:57]: Chief of Police Solid_Snake hat iTzSaske eingesperrt!
[17-12-2018 18:33:11]: Blu3Xowurde von Solid_Snake ausgeknastet.
[20-12-2018 07:42:45]: Lieutenant Solid_Snake hat Allaa eingesperrt!
[20-12-2018 07:43:43]: Allaawurde von Solid_Snake ausgeknastet.
[19-02-2019 21:06:04]: Solid_Snakewurde von Solid_Snake ausgeknastet.
[25-02-2019 21:12:48]: uRAGEwurde von uRAGE ausgeknastet.
[25-02-2019 21:15:39]: uRAGEwurde von uRAGE ausgeknastet.
[25-02-2019 21:20:46]: uRAGEwurde von uRAGE ausgeknastet.
[26-02-2019 21:12:47]: Chief of Police Solid_Snake hat LastAttacker71 eingesperrt!
[26-02-2019 21:19:08]: LastAttacker71wurde von Solid_Snake ausgeknastet.
[26-02-2019 21:38:36]: vinzblackwurde von Solid_Snake ausgeknastet.
[26-02-2019 23:57:18]: vinzblackwurde von Solid_Snake ausgeknastet.
[27-02-2019 02:18:36]: vinzblackwurde von LargePeach ausgeknastet.
[27-02-2019 02:46:11]: Solid_Snakewurde von Solid_Snake ausgeknastet.
[27-02-2019 02:46:25]: Solid_Snake hat sich gestellt!
[27-02-2019 02:46:60]: Solid_Snake hat sich gestellt!
[27-02-2019 02:47:04]: LargePeachwurde von LargePeach ausgeknastet.
[27-02-2019 02:47:45]: Chief of Police vinzblack hat Solid_Snake eingesperrt!
[27-02-2019 02:48:04]: Solid_Snakewurde von Solid_Snake ausgeknastet.
[27-02-2019 02:48:28]: Chief of Police vinzblack hat Solid_Snake eingesperrt!
[27-02-2019 02:48:35]: Solid_Snakewurde von Solid_Snake ausgeknastet.
[27-02-2019 02:48:45]: Chief of Police vinzblack hat LargePeach eingesperrt!
[27-02-2019 02:48:52]: LargePeachwurde von LargePeach ausgeknastet.
[27-02-2019 02:49:03]: Chief of Police vinzblack hat Solid_Snake eingesperrt!
[27-02-2019 02:51:07]: Solid_Snakewurde von Solid_Snake ausgeknastet.
[27-02-2019 02:57:36]: LargePeachwurde von LargePeach ausgeknastet.
[27-02-2019 02:59:07]: Chief of Police LargePeach hat vinzblack eingesperrt!
[27-02-2019 02:59:21]: vinzblackwurde von vinzblack ausgeknastet.
[27-02-2019 03:11:45]: Chief of Police LargePeach hat Solid_Snake eingesperrt!
[27-02-2019 03:11:51]: Solid_Snakewurde von Solid_Snake ausgeknastet.
[27-02-2019 03:30:53]: Chief of Police Solid_Snake hat Solid_Snake eingesperrt!
[27-02-2019 03:31:06]: LargePeachwurde von Solid_Snake ausgeknastet.
[27-02-2019 03:32:31]: Chief of Police Solid_Snake hat LargePeach eingesperrt!
[27-02-2019 03:32:36]: LargePeachwurde von Solid_Snake ausgeknastet.
[27-02-2019 03:32:48]: Chief of Police Solid_Snake hat LargePeach eingesperrt!
[27-02-2019 03:33:35]: LargePeachwurde von Solid_Snake ausgeknastet.
[27-02-2019 03:33:54]: Chief of Police Solid_Snake hat LargePeach eingesperrt!
[27-02-2019 03:34:48]: Chief of Police Solid_Snake hat LargePeach eingesperrt!
[27-02-2019 03:35:43]: Chief of Police Solid_Snake hat LargePeach eingesperrt!
[27-02-2019 03:41:41]: LargePeachwurde von Solid_Snake ausgeknastet.
[27-02-2019 03:42:12]: Chief of Police Solid_Snake hat LargePeach eingesperrt!
[27-02-2019 18:40:43]: Special Agent Trainee Lano hat Keno eingesperrt!
[27-02-2019 20:04:60]: Director Zorro hat KingSDomeZ eingesperrt!
[27-02-2019 22:51:08]: Redbull_Klauer_Rewe hat sich gestellt!
[27-02-2019 22:53:49]: Director Zorro hat Redbull_Klauer_Rewe eingesperrt!
[28-02-2019 15:41:26]: General LargePeach hat vinzblack eingesperrt!
[28-02-2019 17:17:48]: Director Zorro hat SimplyIsGay eingesperrt!
[28-02-2019 17:29:03]: Chief of Police Mortza04 hat Mortza04 eingesperrt!
[28-02-2019 17:29:11]: Mortza04wurde von Mortza04 ausgeknastet.
[28-02-2019 17:52:10]: Chief of Police Mortza04 hat Habernoxx eingesperrt!
[28-02-2019 19:24:01]: rvty hat sich gestellt!
[28-02-2019 19:52:54]: Director Zorro hat rvty eingesperrt!
[28-02-2019 20:14:54]: Director Zorro hat NyquFX eingesperrt!
[28-02-2019 20:56:06]: Director Zorro hat Keno eingesperrt!
[28-02-2019 21:53:55]: Director Zorro hat kacpi025 eingesperrt!
[28-02-2019 23:52:51]: Kenowurde von Solid_Snake ausgeknastet.
[01-03-2019 18:16:13]: Chief of Police Mortza04 hat Russ_Daniel74 eingesperrt!
[01-03-2019 20:21:16]: Director Zorro hat rvty eingesperrt!
[01-03-2019 20:26:33]: LastAttacker71 hat sich gestellt!
[02-03-2019 11:35:54]: Special Agent EzWiN hat lameHacker73 eingesperrt!
[02-03-2019 12:40:59]: Director Zorro hat SocasteR eingesperrt!
[02-03-2019 14:08:33]: Director Zorro hat rufen, eingesperrt!
[02-03-2019 14:23:44]: Chief of Police Solid_Snake hat Chapo eingesperrt!
[02-03-2019 14:30:08]: Chapowurde von Solid_Snake ausgeknastet.
[02-03-2019 15:19:46]: Chief of Police Solid_Snake hat rvty eingesperrt!
[02-03-2019 17:30:19]: Chapowurde von Zorro ausgeknastet.
[02-03-2019 17:38:57]: Director Zorro hat NooFunk eingesperrt!
[02-03-2019 22:15:47]: Chief of Police Solid_Snake hat Russ_Daniel74 eingesperrt!
[02-03-2019 22:31:06]: R32wurde von Solid_Snake ausgeknastet.
[02-03-2019 22:37:11]: Russ_Daniel74wurde von Solid_Snake ausgeknastet.
[02-03-2019 22:44:35]: Chief of Police Solid_Snake hat R32 eingesperrt!
[02-03-2019 22:55:53]: Director Zorro hat Habernoxx eingesperrt!
[03-03-2019 00:02:50]: Relax hat sich gestellt!
[03-03-2019 12:33:23]: lameHacker73 hat sich gestellt!
[03-03-2019 13:50:20]: LateSpot hat sich gestellt!
[03-03-2019 14:51:09]: Assistant Director EzWiN hat Habernoxx eingesperrt!
[03-03-2019 16:08:52]: Staff Sergeant Fore hat RhetoricalCrow0 eingesperrt!
[03-03-2019 16:56:53]: Staff Sergeant Blu3Xo hat Sky. eingesperrt!
[03-03-2019 17:53:13]: LastAttacker71 hat sich gestellt!
[03-03-2019 18:11:33]: Director Zorro hat LastAttacker71 eingesperrt!
[03-03-2019 18:22:58]: Director Zorro hat R32 eingesperrt!
[03-03-2019 19:52:20]: Staff Sergeant Blu3Xo hat Cyb3rClown eingesperrt!
[03-03-2019 20:31:40]: Staff Sergeant Blu3Xo hat LastAttacker71 eingesperrt!
[03-03-2019 21:04:18]: Director Zorro hat Russ_Daniel74 eingesperrt!
[03-03-2019 21:17:56]: banger99 hat sich gestellt!
[03-03-2019 21:46:04]: rvtywurde von Zorro ausgeknastet.
[03-03-2019 22:12:26]: Staff Sergeant Blu3Xo hat Meliodas_Sin eingesperrt!
[03-03-2019 22:34:05]: Lano hat sich gestellt!
[04-03-2019 10:13:34]: lameHacker73 hat sich gestellt!
[04-03-2019 12:32:28]: cihan_99 hat sich gestellt!
[04-03-2019 12:43:29]: Staff Sergeant Fore hat Habernoxx eingesperrt!
[04-03-2019 13:23:36]: Felix123wurde von Solid_Snake ausgeknastet.
[04-03-2019 15:04:06]: Director Zorro hat Felix123 eingesperrt!
[04-03-2019 18:49:52]: Staff Sergeant Blu3Xo hat NooFunk eingesperrt!
[04-03-2019 19:01:35]: Staff Sergeant Blu3Xo hat iTzSaske eingesperrt!
[04-03-2019 19:05:19]: Russ_Daniel74 hat sich gestellt!
[04-03-2019 19:22:16]: Chief of Police Mortza04 hat Habernoxx eingesperrt!
[04-03-2019 20:10:18]: Staff Sergeant Blu3Xo hat cihan_99 eingesperrt!
[04-03-2019 22:54:28]: ferhatboy38 hat sich gestellt!
[05-03-2019 02:37:04]: Kellerwärter Maqic.exe hat vinzblack eingesperrt!
[05-03-2019 06:08:05]: General Solid_Snake hat Solid_Snake eingesperrt!
[05-03-2019 06:08:12]: Solid_Snakewurde von Solid_Snake ausgeknastet.
[05-03-2019 15:18:08]: Staff Sergeant Fore hat vinzblack eingesperrt!
[05-03-2019 17:49:32]: Eyewurde von Bansimus ausgeknastet.
[05-03-2019 19:29:55]: R32wurde von Bansimus ausgeknastet.
[05-03-2019 19:54:49]: banger99 hat sich gestellt!
[05-03-2019 19:54:49]: Deltafrost hat sich gestellt!
[05-03-2019 21:01:23]: Officer iTzSaske hat vinzblack eingesperrt!
[05-03-2019 21:18:32]: Officer iTzSaske hat vinzblack eingesperrt!
[05-03-2019 21:19:53]: Officer iTzSaske hat Maqic.exe eingesperrt!
[05-03-2019 21:57:08]: Kenowurde von Zorro ausgeknastet.
[05-03-2019 22:16:15]: Maqic.exewurde von EzWiN ausgeknastet.
[06-03-2019 12:54:41]: LastAttacker71 hat sich gestellt!
[06-03-2019 14:40:51]: Lano hat sich gestellt!
[06-03-2019 14:58:49]: Lanowurde von Solid_Snake ausgeknastet.
[06-03-2019 16:20:18]: Staff Sergeant Fore hat EinsSchoki eingesperrt!
[06-03-2019 16:25:43]: Staff Sergeant Fore hat SchimmelBrot eingesperrt!
[06-03-2019 18:26:53]: Special Agent Trainee Felix123 hat NyquFX eingesperrt!
[06-03-2019 20:39:57]: Special Agent Trainee Felix123 hat Sammy eingesperrt!
[06-03-2019 20:43:50]: Sammywurde von Zorro ausgeknastet.
[07-03-2019 01:09:60]: General LargePeach hat Maqic.exe eingesperrt!
[07-03-2019 01:11:44]: Captain SonGoku hat Maqic.exe eingesperrt!
[07-03-2019 01:46:23]: Maqic.exewurde von Solid_Snake ausgeknastet.
[07-03-2019 04:55:48]: Solid_Snakewurde von Solid_Snake ausgeknastet.
[07-03-2019 14:47:52]: Chief of Police Mortza04 hat vinzblack eingesperrt!
[07-03-2019 14:48:52]: Chief of Police Mortza04 hat Savage.Gamer eingesperrt!
[07-03-2019 15:08:33]: SchimmelBrot hat sich gestellt!
[07-03-2019 16:04:46]: ITZbrotLP hat sich gestellt!
[07-03-2019 17:47:19]: Officer EinsSchoki hat Maqic.exe eingesperrt!
[07-03-2019 18:17:14]: Director Zorro hat LastAttacker71 eingesperrt!
[07-03-2019 18:29:57]: Director Zorro hat Bandita.Yuuki- eingesperrt!
[07-03-2019 22:12:08]: vinzblack hat sich gestellt!
[07-03-2019 23:14:30]: Captain SonGoku hat skin eingesperrt!
[08-03-2019 10:49:35]: Jan1308 hat sich gestellt!
[08-03-2019 14:27:46]: Staff Sergeant Blu3Xo hat Sammy eingesperrt!
[08-03-2019 15:29:14]: Captain Kabo hat Felix123 eingesperrt!
[08-03-2019 15:33:29]: Kirinwurde von Kabo ausgeknastet.
[08-03-2019 16:37:11]: Special Agent Chapo hat Relax eingesperrt!
[08-03-2019 17:29:60]: Special Agent Trainee Felix123 hat Capo eingesperrt!
[08-03-2019 18:29:03]: Director Zorro hat Capo eingesperrt!
[08-03-2019 18:38:19]: Staff Sergeant Blu3Xo hat Capo eingesperrt!
[08-03-2019 19:01:09]: Captain SonGoku hat Capo eingesperrt!
[08-03-2019 20:19:17]: Captain SonGoku hat Capo eingesperrt!
[08-03-2019 20:22:11]: Captain SonGoku hat Savage.Gamer eingesperrt!
[08-03-2019 22:15:52]: Staff Sergeant Blu3Xo hat Katox eingesperrt!
[09-03-2019 02:02:57]: Sammywurde von Solid_Snake ausgeknastet.
[09-03-2019 10:51:18]: Boss vinzblack hat Jan1308 eingesperrt!
[09-03-2019 10:56:09]: Lieutenant iTzSaske hat Jan1308 eingesperrt!
[09-03-2019 11:02:53]: Lieutenant iTzSaske hat vinzblack eingesperrt!
[09-03-2019 11:16:06]: Lieutenant iTzSaske hat vinzblack eingesperrt!
[09-03-2019 11:16:14]: vinzblackwurde von Solid_Snake ausgeknastet.
[09-03-2019 11:56:22]: xEvoliXwurde von Solid_Snake ausgeknastet.
[09-03-2019 14:23:28]: LastAttacker71 hat sich gestellt!
[09-03-2019 15:00:21]: vinzblack hat sich gestellt!
[09-03-2019 15:11:07]: Chief of Police Mortza04 hat LastAttacker71 eingesperrt!
[09-03-2019 16:43:55]: LastAttacker71 hat sich gestellt!
[09-03-2019 17:06:33]: Russ_Daniel74 hat sich gestellt!
[09-03-2019 17:09:29]: Russ_Daniel74wurde von Solid_Snake ausgeknastet.
[09-03-2019 17:20:42]: Lelek hat sich gestellt!
[09-03-2019 17:30:46]: Staff Sergeant Blu3Xo hat Kirin eingesperrt!
[09-03-2019 21:00:26]: Staff Sergeant Blu3Xo hat Lelek eingesperrt!
[09-03-2019 23:52:51]: Staff Sergeant Blu3Xo hat HitmanStyleZ eingesperrt!
[10-03-2019 00:21:27]: Staff Sergeant Blu3Xo hat ChillDoch eingesperrt!
[10-03-2019 01:42:01]: Sergeant SchimmelBrot hat Katox eingesperrt!
[10-03-2019 02:01:14]: Director Zorro hat Lelek eingesperrt!
[10-03-2019 02:08:35]: Director Zorro hat rvty eingesperrt!
[10-03-2019 12:43:40]: LateSpot hat sich gestellt!
[10-03-2019 15:43:38]: Blu3Xowurde von LargePeach ausgeknastet.
[11-03-2019 15:15:41]: Director Chapo hat Triguano eingesperrt!
[11-03-2019 15:53:28]: Director Chapo hat MattZero eingesperrt!
[11-03-2019 17:04:01]: Chief of Police iLimix hat Triguano eingesperrt!
[11-03-2019 17:08:09]: Assistant Director Solid_Snake hat Keno eingesperrt!
[11-03-2019 22:19:25]: Colonel SonGoku hat Keno eingesperrt!
[11-03-2019 23:13:49]: Nora hat sich gestellt!
[12-03-2019 11:01:41]: Director Chapo hat LastAttacker71 eingesperrt!
[12-03-2019 17:29:39]: Agent Felix123 hat Sammy eingesperrt!
[12-03-2019 18:53:51]: Assistant Director Solid_Snake hat Kabo eingesperrt!
[12-03-2019 21:15:50]: Director Chapo hat AblazeOutlaw39 eingesperrt!
[13-03-2019 22:22:18]: ferhatboy38 hat sich gestellt!
[14-03-2019 14:19:24]: Assistant Director Solid_Snake hat vinzblack eingesperrt!
[14-03-2019 14:31:44]: Assistant Director Solid_Snake hat vinzblack eingesperrt!
[14-03-2019 16:37:58]: Assistant Director Solid_Snake hat vinzblack eingesperrt!
[14-03-2019 16:55:50]: Special Agent Felix123 hat vinzblack eingesperrt!
[14-03-2019 18:44:21]: Assistant Director Solid_Snake hat Bilal.Agabey eingesperrt!
[14-03-2019 19:49:16]: Assistant Director Solid_Snake hat Capo eingesperrt!
[15-03-2019 11:51:04]: vinzblackwurde von Felix123 ausgeknastet.
[15-03-2019 12:01:25]: vinzblackwurde von Solid_Snake ausgeknastet.
[15-03-2019 16:26:06]: Chief of Police iLimix hat Russ_Daniel74 eingesperrt!
[16-03-2019 13:56:56]: Mortza04 hat sich gestellt!
[16-03-2019 14:02:33]: Assistant Director Solid_Snake hat Mortza04 eingesperrt!
[16-03-2019 14:04:15]: Assistant Director Solid_Snake hat Mortza04 eingesperrt!
[16-03-2019 14:21:45]: Assistant Director Solid_Snake hat Habernoxx eingesperrt!
[16-03-2019 21:45:09]: LargePeachwurde von LargePeach ausgeknastet.
[17-03-2019 18:03:26]: Russ_Daniel74 hat sich gestellt!
[18-03-2019 22:23:41]: xEvoliX hat sich gestellt!
[18-03-2019 22:29:57]: xEvoliXwurde von vinzblack ausgeknastet.
[18-03-2019 22:41:25]: Chief of Police vinzblack hat xEvoliX eingesperrt!
[19-03-2019 17:11:45]: Mortza04 hat sich gestellt!
