[10-12-2018 16:26:02]: [Wanteds]: TheKingHD hat das Wantedlevel von Bozok auf 6 gesetzt ( Einbruch in die Garagen des San Andreas Police Departments )!
[11-12-2018 14:58:15]: [Wanteds]: zeref hat das Wantedlevel von Fore auf 3 gesetzt ( schiessen von bemt )!
[11-12-2018 14:58:24]: [Wanteds]: zeref hat das Wantedlevel von Blu3Xo auf 5 gesetzt ( schiessen von bemt )!
[11-12-2018 21:50:51]: [StVO]: Dublin hat die StVO-Punkte von Phoenix auf 6 gesetzt. (Geisterfahren)
[11-12-2018 21:51:10]: [StVO]: Dublin hat die StVO-Punkte von Phoenix auf 10 gesetzt. (Verursachen eines Unfalls)
[11-12-2018 21:54:09]: [StVO]: Dublin hat die StVO-Punkte von zeref auf 6 gesetzt. (Geisterfahren)
[11-12-2018 21:54:31]: [StVO]: Dublin hat die StVO-Punkte von Fore auf 1 gesetzt. (Falschparken)
[12-12-2018 19:29:05]: [Wanteds]: LargePeach hat das Wantedlevel von Slowman auf 5 gesetzt ( Drohung )!
[12-12-2018 19:53:06]: [Wanteds]: LargePeach hat das Wantedlevel von zeref auf 2 gesetzt ( Vortaeuschen falscher Tatsachen )!
[12-12-2018 19:53:43]: [Wanteds]: LargePeach hat das Wantedlevel von zeref auf 1 gesetzt ( Vortaeuschen falscher Tatsachen )!
[13-12-2018 20:34:58]: [Wanteds]: Nordmann hat das Wantedlevel von RudeL auf 1 gesetzt ( Beamtenbelaestigung )!
[13-12-2018 20:35:48]: [Wanteds]: Nordmann hat das Wantedlevel von zNaashii auf 1 gesetzt ( Beamtenbelaestigung )!
[13-12-2018 21:33:06]: [Wanteds]: Nordmann hat das Wantedlevel von serpan06 auf 1 gesetzt ( Befehlsverweigerung )!
[13-12-2018 21:54:47]: [Wanteds]: dvniel838 hat das Wantedlevel von Viper.exe auf 1 gesetzt ( Drogenbesitz 10-49 )!
[13-12-2018 21:57:27]: [Wanteds]: dvniel838 hat das Wantedlevel von Viper.exe auf 4 gesetzt ( Mord )!
[13-12-2018 23:01:46]: [Wanteds]: Kabo hat das Wantedlevel von Solid_Snake auf 6 gesetzt ( einfach hdf )!
[13-12-2018 23:03:21]: [Wanteds]: Kabo hat das Wantedlevel von Solid_Snake auf 6gesetzt ( einfach hdf )!
[13-12-2018 23:03:32]: [Wanteds]: LargePeach hat das Wantedlevel von Solid_Snake auf 0 gesetzt ( HRSHN )!
[14-12-2018 17:31:45]: [Wanteds]: Slicer hat das Wantedlevel von FELIX auf 2 gesetzt ( Waffennutzung (Schusswaffen) )!
[14-12-2018 17:31:58]: [Wanteds]: Dublin hat das Wantedlevel von n0pe auf 1 gesetzt ( Sachbeschaedigung )!
[14-12-2018 17:35:08]: [StVO]: Slicer hat die StVO-Punkte von serpan06 auf 9 gesetzt. (Geisterfahren)
[14-12-2018 17:36:15]: [Wanteds]: Dublin hat das Wantedlevel von n0pe auf 0 gesetzt ( Sachbeschaedigung )!
[14-12-2018 17:38:18]: [Wanteds]: Slicer hat das Wantedlevel von n0pe auf 1 gesetzt ( Sachbeschaedigung )!
[14-12-2018 18:17:32]: [Wanteds]: Dublin hat das Wantedlevel von Wesley7651 auf 2 gesetzt ( Flucht vor/aus Kontrolle )!
[14-12-2018 19:40:29]: [Wanteds]: Slicer hat das Wantedlevel von laNo- auf 3 gesetzt ( Mord )!
[14-12-2018 19:44:19]: [Wanteds]: Exo_Ghost hat das Wantedlevel von laNo- auf 5 gesetzt ( Waffennutzung (Schusswaffen) )!
[14-12-2018 19:44:25]: [Wanteds]: Exo_Ghost hat das Wantedlevel von Fore auf 4 gesetzt ( Waffennutzung (Schusswaffen) )!
[14-12-2018 19:45:56]: [Wanteds]: Exo_Ghost hat das Wantedlevel von laNo- auf 3 gesetzt ( Korri )!
[14-12-2018 19:45:59]: [Wanteds]: Exo_Ghost hat das Wantedlevel von Fore auf 2 gesetzt ( Korri )!
[15-12-2018 01:32:15]: [Wanteds]: Nordmann hat das Wantedlevel von dvniel838 auf 1 gesetzt ( Drogenbesitz 10-49 )!
[15-12-2018 01:33:50]: [Wanteds]: Nordmann hat das Wantedlevel von Dope auf 4 gesetzt ( Betreten der Polizeiwache ohne Genehmigung )!
[15-12-2018 11:50:20]: [StVO]: dvniel838 hat die StVO-Punkte von dvniel838 auf 0 gesetzt. (<3)
[15-12-2018 11:51:24]: [Wanteds]: dvniel838 hat das Wantedlevel von dvniel838 auf 2 gesetzt ( Drogenkonsum )!
[15-12-2018 11:58:39]: [Wanteds]: dvniel838 hat das Wantedlevel von dvniel838 auf 6 gesetzt ( Bankraub )!
[15-12-2018 12:03:12]: [Wanteds]: dvniel838 hat das Wantedlevel von dvniel838 auf 0 gesetzt ( Bankraub )!
[15-12-2018 18:36:14]: [StVO]: LargePeach hat die StVO-Punkte von Kartoffel auf 1 gesetzt. (Gefaehrlicher Eingriff in den Strassenverkehr)
[15-12-2018 18:36:19]: [StVO]: LargePeach hat die StVO-Punkte von Kabo auf 8 gesetzt. (Gefaehrlicher Eingriff in den Strassenverkehr)
[15-12-2018 18:36:30]: [StVO]: LargePeach hat die StVO-Punkte von Kabo auf 14 gesetzt. (Geisterfahren)
[15-12-2018 18:36:35]: [StVO]: LargePeach hat die StVO-Punkte von Kabo auf 15 gesetzt. (Verursachen eines Unfalls)
[15-12-2018 20:23:46]: [Wanteds]: dvniel838 hat das Wantedlevel von dvniel838 auf 0 gesetzt ( berechtigt )!
[15-12-2018 22:51:25]: [StVO]: dvniel838 hat die StVO-Punkte von RudeL auf 10 gesetzt. (Sachbeschädigung)
[15-12-2018 22:54:53]: [StVO]: dvniel838 hat die StVO-Punkte von EdMean auf 2 gesetzt. (Sachbeschädiguntg)
[15-12-2018 23:22:31]: [StVO]: dvniel838 hat die StVO-Punkte von Fore auf 2 gesetzt. (Sachbeschaedigung von Objekten des Strassenverkehrs)
[16-12-2018 11:26:30]: [StVO]: Solid_Snake hat die StVO-Punkte von zeref auf 14 gesetzt. (Verursachen eines Unfalls)
[16-12-2018 13:38:39]: [StVO]: LargePeach hat die StVO-Punkte von zeref auf 9 gesetzt. (Halten und/oder Parken auf der Strasse)
[16-12-2018 13:38:51]: [StVO]: LargePeach hat die StVO-Punkte von RudeL auf 10 gesetzt. (Mit einem Fluggeraet auf der Strasse landen)
[16-12-2018 13:47:05]: [StVO]: dvniel838 hat die StVO-Punkte von zeref auf 11 gesetzt. (Sachbeschaedigung von Objekten des Strassenverkehrs)
[16-12-2018 17:49:46]: [Wanteds]: LargePeach hat das Wantedlevel von iTzSaske auf 1 gesetzt ( Fahren ohne Fahrerlaubnis )!
[18-12-2018 20:32:20]: [StVO]: cihan_99 hat die StVO-Punkte von RudeL auf 4 gesetzt. (Verursachen eines Unfalls)
[18-12-2018 20:33:31]: [StVO]: cihan_99 hat die StVO-Punkte von RudeL auf 8 gesetzt. (Abseitsfahren der Strasse)
[20-12-2018 16:08:34]: [Wanteds]: cihan_99 hat das Wantedlevel von Jakob_Platz auf 6 gesetzt (  )!
[26-02-2019 21:16:10]: [StVO]: Solid_Snake hat die StVO-Punkte von Zorro auf 5 gesetzt. (Verursachen eines Unfalls)
[26-02-2019 23:43:07]: [StVO]: Solid_Snake hat die StVO-Punkte von vinzblack auf 15 gesetzt. ()
[26-02-2019 23:43:10]: [StVO]: Solid_Snake hat die StVO-Punkte von vinzblack auf 0 gesetzt. ()
[26-02-2019 23:58:49]: [Wanteds]: xEvoliX hat das Wantedlevel von xEvoliX auf 0 gesetzt (  )!
[27-02-2019 01:57:50]: [Wanteds]: LargePeach hat das Wantedlevel von vinzblack auf 3 gesetzt ( Drogenbesitz ueber und einschliesslich 150 )!
[27-02-2019 02:59:03]: [Wanteds]: LargePeach hat das Wantedlevel von vinzblack auf 1 gesetzt ( Koksbesitz 10-49 G )!
[27-02-2019 03:12:05]: [Wanteds]: LargePeach hat das Wantedlevel von Solid_Snake auf 1 gesetzt ( Beleidigung )!
[27-02-2019 16:07:17]: [Wanteds]: xEvoliX hat das Wantedlevel von Solid_Snake auf 0 gesetzt (  )!
[27-02-2019 16:25:34]: [Wanteds]: Lano hat das Wantedlevel von SocasteR auf 6gesetzt ( Mord )!
[27-02-2019 17:12:49]: [Wanteds]: Lano hat das Wantedlevel von Badskull10 auf 2 gesetzt ( Flucht vor/aus Kontrolle )!
[27-02-2019 17:12:56]: [Wanteds]: Lano hat das Wantedlevel von Badskull10 auf 3 gesetzt ( Befehlsverweigerung )!
[27-02-2019 17:34:48]: [Wanteds]: Lano hat das Wantedlevel von vinzblack auf 1 gesetzt ( Beihilfe zur flucht )!
[27-02-2019 18:34:26]: [Wanteds]: Lano hat das Wantedlevel von ErdbeerBrot auf 1 gesetzt ( Beihilfe zur flucht )!
[27-02-2019 18:34:50]: [Wanteds]: Lano hat das Wantedlevel von NutellaBrot auf 4 gesetzt ( Koerperverletzung durch Schusswaffen )!
[27-02-2019 18:34:55]: [Wanteds]: Lano hat das Wantedlevel von NutellaBrot auf 6 gesetzt ( Waffennutzung (Schusswaffen) )!
[27-02-2019 18:38:32]: [Wanteds]: Lano hat das Wantedlevel von Keno auf 2 gesetzt ( Waffennutzung (Schusswaffen) )!
[27-02-2019 19:09:58]: [StVO]: Lano hat die StVO-Punkte von Keno auf 5 gesetzt. (Rasen >120kmh)
[27-02-2019 22:53:41]: [Wanteds]: Zorro hat das Wantedlevel von Redbull_Klauer_Rewe auf 6gesetzt ( Stellflucht (Solid_Snake) )!
[28-02-2019 11:30:39]: [StVO]: EzWiN hat die StVO-Punkte von EzWiN auf 6 gesetzt. (Rasen(120))
[28-02-2019 11:30:47]: [StVO]: EzWiN hat die StVO-Punkte von EzWiN auf 0 gesetzt. (Test)
[28-02-2019 15:27:40]: [Wanteds]: Mortza04 hat das Wantedlevel von Redbull_Klauer_Rewe auf 6gesetzt ( rammen )!
[28-02-2019 15:40:24]: [Wanteds]: LargePeach hat das Wantedlevel von vinzblack auf 3 gesetzt ( Fahren ohne Fahrerlaubnis )!
[28-02-2019 18:20:26]: [Wanteds]: Mortza04 hat das Wantedlevel von rufen, auf 2 gesetzt ( rammen )!
[28-02-2019 18:52:55]: [Wanteds]: CrazyGamerCG hat das Wantedlevel von CrazyGamerCG auf 4 gesetzt (  )!
[28-02-2019 18:53:43]: [Wanteds]: CrazyGamerCG hat das Wantedlevel von CrazyGamerCG auf 0 gesetzt (  )!
[28-02-2019 19:52:01]: [Wanteds]: Mortza04 hat das Wantedlevel von rvty auf 1 gesetzt ( Koksbesitz 10-49 G )!
[01-03-2019 17:53:48]: [Wanteds]: Chapo hat das Wantedlevel von Cyb3rClown auf 1 gesetzt ( Beleidigung )!
[01-03-2019 17:56:41]: [Wanteds]: Chapo hat das Wantedlevel von Cyb3rClown auf 3 gesetzt ( Waffennutzung (Schusswaffen) )!
[01-03-2019 18:12:38]: [StVO]: Mortza04 hat die StVO-Punkte von Russ_Daniel74 auf 5 gesetzt. (Burnout(Reifen Durch drehen lassen))
[01-03-2019 18:13:06]: [Wanteds]: Mortza04 hat das Wantedlevel von Russ_Daniel74 auf 1 gesetzt ( Beamtenbelaestigung )!
[01-03-2019 19:52:30]: [Wanteds]: Mortza04 hat das Wantedlevel von LastAttacker71 auf 1 gesetzt ( Beihilfe zur flucht )!
[02-03-2019 03:58:18]: [Wanteds]: xEvoliX hat das Wantedlevel von xEvoliX auf 0 gesetzt (  )!
[02-03-2019 11:38:11]: [StVO]: EzWiN hat die StVO-Punkte von Chapo auf 15 gesetzt. (Rasen)
[02-03-2019 11:38:39]: [StVO]: EzWiN hat die StVO-Punkte von Chapo auf 15 gesetzt. (Rasen)
[02-03-2019 11:38:49]: [StVO]: EzWiN hat die StVO-Punkte von Chapo auf 15 gesetzt. (Rasen)
[02-03-2019 11:39:01]: [StVO]: EzWiN hat die StVO-Punkte von Chapo auf 0 gesetzt. (korrb)
[02-03-2019 13:00:10]: [Wanteds]: EzWiN hat das Wantedlevel von LastAttacker71 auf 1 gesetzt ( Versuchter Diebstahl )!
[02-03-2019 15:55:48]: [StVO]: Bansimus hat die StVO-Punkte von Russ_Daniel74 auf 13 gesetzt. (Gefaehrlicher Eingriff in den Strassenverkehr)
[02-03-2019 17:19:45]: [Wanteds]: Zorro hat das Wantedlevel von Chapo auf 1 gesetzt ( Korri )!
[02-03-2019 17:42:17]: [StVO]: Zorro hat die StVO-Punkte von R32 auf 6 gesetzt. (Rasen (ab 120 km/h))
[02-03-2019 17:42:28]: [StVO]: Zorro hat die StVO-Punkte von R32 auf 10 gesetzt. (gefährlicher Eingriff in den Straßenverkehr)
[02-03-2019 17:42:35]: [StVO]: Zorro hat die StVO-Punkte von R32 auf 14 gesetzt. (Verursachen eines Unfalls)
[02-03-2019 17:42:47]: [StVO]: Zorro hat die StVO-Punkte von R32 auf 15 gesetzt. (Sachbeschädigung von Objekten)
[02-03-2019 22:34:22]: [StVO]: Zorro hat die StVO-Punkte von Russ_Daniel74 auf 1 gesetzt. (Burnout(Reifen Durch drehen lassen))
[03-03-2019 11:37:14]: [Wanteds]: xEvoliX hat das Wantedlevel von xEvoliX auf 0 gesetzt (  )!
[03-03-2019 12:02:27]: [Wanteds]: xEvoliX hat das Wantedlevel von Chapo auf 0 gesetzt (  )!
[03-03-2019 12:26:18]: [Wanteds]: LargePeach hat das Wantedlevel von lameHacker73 auf 1 gesetzt ( illegale Werbung per /ad )!
[03-03-2019 16:07:38]: [Wanteds]: Fore hat das Wantedlevel von RhetoricalCrow0 auf 1 gesetzt ( Diebstahl & versuchter Diebstahl )!
[03-03-2019 17:19:19]: [StVO]: LargePeach hat die StVO-Punkte von Russ_Daniel74 auf 1 gesetzt. (Halten und/oder Parken auf der Strasse)
[03-03-2019 17:34:42]: [Wanteds]: Fore hat das Wantedlevel von Russ_Daniel74 auf 1 gesetzt ( Drohung )!
[03-03-2019 17:34:59]: [Wanteds]: Fore hat das Wantedlevel von Eye auf 1 gesetzt ( Diebstahl & versuchter Diebstahl )!
[03-03-2019 17:35:44]: [Wanteds]: Fore hat das Wantedlevel von Russ_Daniel74 auf 5 gesetzt ( Mord )!
[03-03-2019 18:08:11]: [StVO]: Fore hat die StVO-Punkte von Chapo auf 1 gesetzt. (Halten und/oder Parken auf der Strasse)
[03-03-2019 18:08:16]: [StVO]: Fore hat die StVO-Punkte von Chapo auf 2 gesetzt. (Gefaehrlicher Eingriff in den Strassenverkehr)
[03-03-2019 18:08:22]: [StVO]: Fore hat die StVO-Punkte von Chapo auf 6 gesetzt. (Abseitsfahren der Strasse)
[03-03-2019 18:16:54]: [StVO]: Zorro hat die StVO-Punkte von R32 auf 1 gesetzt. (Gefaehrlicher Eingriff in den Strassenverkehr)
[03-03-2019 18:19:13]: [StVO]: Zorro hat die StVO-Punkte von LastAttacker71 auf 1 gesetzt. (Halten und/oder Parken auf der Strasse)
[03-03-2019 18:19:19]: [StVO]: Zorro hat die StVO-Punkte von Chapo auf 6 gesetzt. (Halten und/oder Parken auf der Strasse)
[03-03-2019 18:19:29]: [StVO]: Zorro hat die StVO-Punkte von R32 auf 5 gesetzt. (Verursachen eines Unfalls)
[03-03-2019 19:12:01]: [StVO]: Zorro hat die StVO-Punkte von NooFunk auf 1 gesetzt. (Gefaehrlicher Eingriff in den Strassenverkehr)
[03-03-2019 19:12:10]: [StVO]: Zorro hat die StVO-Punkte von BelesciSaban auf 1 gesetzt. (Halten und/oder Parken auf der Strasse)
[03-03-2019 19:17:02]: [StVO]: Chapo hat die StVO-Punkte von NooFunk auf 3 gesetzt. (Rasen in der Stadt)
[03-03-2019 19:54:50]: [StVO]: Fore hat die StVO-Punkte von Cyb3rClown auf 15 gesetzt. (Verwendung von Nitro)
[03-03-2019 19:55:33]: [StVO]: Fore hat die StVO-Punkte von Cyb3rClown auf 15 gesetzt. (Geisterfahren)
[03-03-2019 19:56:43]: [Wanteds]: Fore hat das Wantedlevel von Cyb3rClown auf 1 gesetzt ( Beamtenbelaestigung )!
[03-03-2019 21:14:26]: [StVO]: Fore hat die StVO-Punkte von Meliodas_Sin auf 1 gesetzt. (Halten und/oder Parken auf der Strasse)
[03-03-2019 21:14:39]: [StVO]: Fore hat die StVO-Punkte von Cyb3rClown auf 15 gesetzt. (Halten und/oder Parken auf der Strasse)
[03-03-2019 21:15:15]: [Wanteds]: Fore hat das Wantedlevel von Cyb3rClown auf 1 gesetzt ( Beleidigung )!
[03-03-2019 21:19:38]: [StVO]: Fore hat die StVO-Punkte von Habernoxx auf 6 gesetzt. (Geisterfahren)
[03-03-2019 21:26:28]: [StVO]: Fore hat die StVO-Punkte von Meliodas_Sin auf 7 gesetzt. (Geisterfahren)
[03-03-2019 21:26:60]: [StVO]: Fore hat die StVO-Punkte von Meliodas_Sin auf 1 gesetzt. (Korri)
[03-03-2019 22:13:21]: [Wanteds]: Fore hat das Wantedlevel von Cyb3rClown auf 3 gesetzt ( Betreten des SFPD Parkplatzes (Hinterhof) )!
[04-03-2019 11:44:60]: [Wanteds]: Mortza04 hat das Wantedlevel von LastAttacker71 auf 1 gesetzt ( Illegales Strassenrennen )!
[04-03-2019 11:46:20]: [Wanteds]: Mortza04 hat das Wantedlevel von LastAttacker71 auf 2 gesetzt ( illegale Werbung per /ad )!
[04-03-2019 11:58:56]: [Wanteds]: Fore hat das Wantedlevel von LastAttacker71 auf 4 gesetzt ( Koerperverletzung )!
[04-03-2019 11:59:01]: [Wanteds]: Fore hat das Wantedlevel von LastAttacker71 auf 5 gesetzt ( Sachbeschaedigung )!
[04-03-2019 11:59:10]: [Wanteds]: Fore hat das Wantedlevel von LastAttacker71 auf 6gesetzt ( Waffennutzung (Schusswaffen) )!
[04-03-2019 12:22:08]: [StVO]: Fore hat die StVO-Punkte von cihan_99 auf 11 gesetzt. (Halten und/oder Parken auf der Strasse)
[04-03-2019 12:23:18]: [Wanteds]: Fore hat das Wantedlevel von cihan_99 auf 1 gesetzt ( Beleidigung )!
[04-03-2019 12:47:31]: [StVO]: Fore hat die StVO-Punkte von LastAttacker71 auf 15 gesetzt. (Verwendung von Nitro)
[04-03-2019 13:43:15]: [StVO]: Fore hat die StVO-Punkte von Felix123 auf 15 gesetzt. (Geisterfahren)
[04-03-2019 13:45:25]: [StVO]: Fore hat die StVO-Punkte von LateSpot auf 5 gesetzt. (Burnout(Reifen Durch drehen lassen))
[04-03-2019 14:06:37]: [StVO]: Fore hat die StVO-Punkte von Felix123 auf 15 gesetzt. (Geisterfahren)
[04-03-2019 17:33:36]: [Wanteds]: Felix123 hat das Wantedlevel von LastAttacker71 auf 2 gesetzt ( Waffenverkauf )!
[04-03-2019 17:34:03]: [Wanteds]: Felix123 hat das Wantedlevel von LastAttacker71 auf 0 gesetzt ( Waffenverkauf )!
[04-03-2019 17:50:13]: [StVO]: Felix123 hat die StVO-Punkte von Habernoxx auf 4 gesetzt. (Abseitsfahren der Strasse)
[04-03-2019 17:58:49]: [Wanteds]: Felix123 hat das Wantedlevel von Meliodas_Sin auf 3 gesetzt ( Waffennutzung (Schusswaffen) )!
[04-03-2019 18:05:14]: [Wanteds]: Felix123 hat das Wantedlevel von Meliodas_Sin auf 4 gesetzt ( Sachbeschaedigung )!
[04-03-2019 18:22:57]: [Wanteds]: Felix123 hat das Wantedlevel von Habernoxx auf 2 gesetzt ( Waffennutzung (Schusswaffen) )!
[04-03-2019 18:29:52]: [StVO]: Felix123 hat die StVO-Punkte von NyquFX auf 11 gesetzt. (Verwendung von Nitro)
[04-03-2019 18:30:52]: [StVO]: Felix123 hat die StVO-Punkte von NyquFX auf 15 gesetzt. (Verwendung von Nitro)
[04-03-2019 18:37:52]: [StVO]: Felix123 hat die StVO-Punkte von Meliodas_Sin auf 2 gesetzt. (Falschparken)
[04-03-2019 18:38:02]: [Wanteds]: Felix123 hat das Wantedlevel von Russ_Daniel74 auf 1 gesetzt ( Sachbeschaedigung )!
[04-03-2019 18:38:13]: [Wanteds]: Felix123 hat das Wantedlevel von Russ_Daniel74 auf 2 gesetzt ( Sachbeschaedigung )!
[04-03-2019 18:45:54]: [Wanteds]: Fore hat das Wantedlevel von Lano auf 1 gesetzt ( Diebstahl & versuchter Diebstahl )!
[04-03-2019 18:48:01]: [StVO]: Mortza04 hat die StVO-Punkte von Meliodas_Sin auf 3 gesetzt. (Falschparken)
[04-03-2019 18:48:06]: [Wanteds]: Felix123 hat das Wantedlevel von NooFunk auf 1 gesetzt ( Diebstahl & versuchter Diebstahl )!
[04-03-2019 18:58:47]: [Wanteds]: Mortza04 hat das Wantedlevel von iTzSaske auf 1 gesetzt ( Fahren ohne Fahrerlaubnis )!
[04-03-2019 19:15:44]: [Wanteds]: Mortza04 hat das Wantedlevel von Meliodas_Sin auf 1 gesetzt ( Fahren ohne Fahrerlaubnis )!
[04-03-2019 19:16:28]: [Wanteds]: Felix123 hat das Wantedlevel von Meliodas_Sin auf 3 gesetzt ( Flucht vor/aus Kontrolle )!
[04-03-2019 19:17:27]: [Wanteds]: Felix123 hat das Wantedlevel von Russ_Daniel74 auf 1 gesetzt ( Sachbeschaedigung )!
[04-03-2019 19:19:22]: [Wanteds]: Felix123 hat das Wantedlevel von Habernoxx auf 1 gesetzt ( Sachbeschaedigung )!
[04-03-2019 19:22:30]: [Wanteds]: Felix123 hat das Wantedlevel von Russ_Daniel74 auf 6 gesetzt ( Einbruch in die Garagen des San Andreas Police Departments )!
[04-03-2019 19:44:46]: [Wanteds]: Felix123 hat das Wantedlevel von Eye auf 0 gesetzt ( Einbruch in die Garagen des San Andreas Police Departments )!
[04-03-2019 19:56:25]: [StVO]: Mortza04 hat die StVO-Punkte von Meliodas_Sin auf 6 gesetzt. (Fahren ohne Fahrerlaubnis)
[04-03-2019 19:57:21]: [StVO]: Mortza04 hat die StVO-Punkte von Meliodas_Sin auf 5 gesetzt. (Fahren ohne Fahrerlaubnis)
[04-03-2019 19:58:53]: [Wanteds]: Mortza04 hat das Wantedlevel von Meliodas_Sin auf 0 gesetzt ( Fahren ohne Fahrerlaubnis )!
[04-03-2019 20:00:11]: [StVO]: Fore hat die StVO-Punkte von Cyb3rClown auf 15 gesetzt. (Halten und/oder Parken auf der Strasse)
[04-03-2019 20:05:48]: [StVO]: Fore hat die StVO-Punkte von Cyb3rClown auf 15 gesetzt. (Halten und/oder Parken auf der Strasse)
[04-03-2019 20:08:05]: [Wanteds]: Blu3Xo hat das Wantedlevel von cihan_99 auf 1 gesetzt ( Drohung )!
[04-03-2019 20:49:18]: [Wanteds]: Felix123 hat das Wantedlevel von Solid_Snake auf 1 gesetzt ( Beamtenbehinderung )!
[04-03-2019 21:02:26]: [Wanteds]: Felix123 hat das Wantedlevel von Eye auf 1 gesetzt ( Sachbeschaedigung )!
[04-03-2019 21:09:12]: [StVO]: Chapo hat die StVO-Punkte von LastAttacker71 auf 9 gesetzt. (Halten / Parken auf der Straße)
[04-03-2019 21:14:54]: [Wanteds]: Chapo hat das Wantedlevel von LastAttacker71 auf 1 gesetzt ( illegale Werbung per /ad )!
[04-03-2019 21:17:10]: [Wanteds]: Felix123 hat das Wantedlevel von vinzblack auf 1 gesetzt ( Sachbeschaedigung )!
[04-03-2019 21:43:10]: [Wanteds]: Felix123 hat das Wantedlevel von Russ_Daniel74 auf 1 gesetzt ( Sachbeschaedigung )!
[05-03-2019 04:54:05]: [StVO]: LargePeach hat die StVO-Punkte von Maqic.exe auf 10 gesetzt. (Halten und/oder Parken auf der Strasse)
[05-03-2019 04:54:14]: [StVO]: LargePeach hat die StVO-Punkte von Maqic.exe auf 9 gesetzt. (Halten und/oder Parken auf der Strasse)
[05-03-2019 14:41:14]: [Wanteds]: Fore hat das Wantedlevel von vinzblack auf 1 gesetzt ( Befehlsverweigerung )!
[05-03-2019 14:54:09]: [Wanteds]: Fore hat das Wantedlevel von vinzblack auf 1 gesetzt ( Drohung )!
[05-03-2019 14:54:14]: [Wanteds]: Fore hat das Wantedlevel von vinzblack auf 2 gesetzt ( Beleidigung )!
[05-03-2019 15:03:23]: [Wanteds]: Felix123 hat das Wantedlevel von LastAttacker71 auf 1 gesetzt ( Sachbeschaedigung )!
[05-03-2019 15:08:37]: [Wanteds]: Felix123 hat das Wantedlevel von Meliodas_Sin auf 2 gesetzt ( Sachbeschaedigung )!
[05-03-2019 15:09:32]: [Wanteds]: Felix123 hat das Wantedlevel von LastAttacker71 auf 2 gesetzt ( Sachbeschaedigung )!
[05-03-2019 15:12:30]: [Wanteds]: Felix123 hat das Wantedlevel von LastAttacker71 auf 6gesetzt ( Einbruch in die Basis des F.B.I's )!
[05-03-2019 15:13:06]: [Wanteds]: Felix123 hat das Wantedlevel von vinzblack auf 6 gesetzt ( Einbruch in die Basis des F.B.I's )!
[05-03-2019 15:19:41]: [Wanteds]: Felix123 hat das Wantedlevel von R32 auf 2 gesetzt ( Waffennutzung (Schusswaffen) )!
[05-03-2019 16:06:02]: [StVO]: Bansimus hat die StVO-Punkte von Sikici58 auf 1 gesetzt. (Burnout(Reifen Durch drehen lassen))
[05-03-2019 16:06:28]: [Wanteds]: Bansimus hat das Wantedlevel von Ryder58 auf 1 gesetzt ( Diebstahl & versuchter Diebstahl )!
[05-03-2019 16:07:50]: [Wanteds]: Mortza04 hat das Wantedlevel von Ryder58 auf 0 gesetzt (  )!
[05-03-2019 16:44:33]: [Wanteds]: Felix123 hat das Wantedlevel von Ryder58 auf 1 gesetzt ( Beleidigung )!
[05-03-2019 16:45:07]: [Wanteds]: Bansimus hat das Wantedlevel von Sikici58 auf 1 gesetzt ( Beihilfe zur flucht )!
[05-03-2019 16:45:28]: [StVO]: Bansimus hat die StVO-Punkte von Ryder58 auf 2 gesetzt. (Waffennutzung (Schusswaffen))
[05-03-2019 16:45:59]: [Wanteds]: Bansimus hat das Wantedlevel von Sikici58 auf 3 gesetzt ( Waffennutzung (Schusswaffen) )!
[05-03-2019 16:52:55]: [Wanteds]: Felix123 hat das Wantedlevel von LastAttacker71 auf 2 gesetzt ( Flucht vor/aus Kontrolle )!
[05-03-2019 17:01:41]: [Wanteds]: Felix123 hat das Wantedlevel von R32 auf 2 gesetzt ( Waffennutzung (Schusswaffen) )!
[05-03-2019 17:22:15]: [Wanteds]: Felix123 hat das Wantedlevel von Sikici58 auf 6 gesetzt ( Einbruch in die Bundeswehrbasis beim Flugzeugtraeger )!
[05-03-2019 17:46:35]: [Wanteds]: ZentaX hat das Wantedlevel von Felix321 auf 1 gesetzt ( illegale Werbung per /ad )!
[05-03-2019 18:01:05]: [Wanteds]: ZentaX hat das Wantedlevel von AlumiX auf 1 gesetzt ( Beleidigung )!
[05-03-2019 19:35:20]: [StVO]: Bansimus hat die StVO-Punkte von L1B3R0_ASR auf 1 gesetzt. (Halten und/oder Parken auf der Strasse)
[05-03-2019 19:35:59]: [StVO]: Bansimus hat die StVO-Punkte von L1B3R0_ASR auf 5 gesetzt. (Abseitsfahren der Strasse)
[05-03-2019 19:56:38]: [Wanteds]: Bansimus hat das Wantedlevel von Meliodas_Sin auf 5 gesetzt ( Betreten des SFPD Parkplatzes (Hinterhof) )!
[05-03-2019 19:59:27]: [Wanteds]: Bansimus hat das Wantedlevel von vinzblack auf 3 gesetzt ( Betreten des SFPD Parkplatzes (Hinterhof) )!
[05-03-2019 20:04:20]: [Wanteds]: Mortza04 hat das Wantedlevel von R32 auf 1 gesetzt ( illegale Werbung per /ad )!
[05-03-2019 20:11:09]: [Wanteds]: Bansimus hat das Wantedlevel von BelesciSaban auf 6gesetzt ( Einbruch in die Garagen des San Andreas Police Departments )!
[05-03-2019 20:11:12]: [Wanteds]: Bansimus hat das Wantedlevel von vinzblack auf 6gesetzt ( Einbruch in die Garagen des San Andreas Police Departments )!
[05-03-2019 20:16:28]: [Wanteds]: Bansimus hat das Wantedlevel von R32 auf 4 gesetzt ( Betreten des SFPD Parkplatzes (Hinterhof) )!
[05-03-2019 20:30:52]: [Wanteds]: Mortza04 hat das Wantedlevel von Keno auf 1 gesetzt ( Befehlsverweigerung )!
[05-03-2019 21:25:52]: [Wanteds]: iTzSaske hat das Wantedlevel von Maqic.exe auf 2 gesetzt ( Sachbeschaedigung )!
[05-03-2019 21:41:41]: [StVO]: Felix123 hat die StVO-Punkte von Keno auf 4 gesetzt. (Abseitsfahren der Strasse)
[05-03-2019 21:42:26]: [Wanteds]: Felix123 hat das Wantedlevel von Keno auf 1 gesetzt ( Sachbeschaedigung )!
[06-03-2019 11:36:42]: [Wanteds]: Felix123 hat das Wantedlevel von LastAttacker71 auf 1 gesetzt ( Fahren ohne Fahrerlaubnis )!
[06-03-2019 12:01:54]: [Wanteds]: Felix123 hat das Wantedlevel von LastAttacker71 auf 4 gesetzt ( Bankraub )!
[06-03-2019 13:48:09]: [Wanteds]: ZentaX hat das Wantedlevel von LastAttacker71 auf 1 gesetzt ( Sachbeschaedigung )!
[06-03-2019 13:48:37]: [Wanteds]: ZentaX hat das Wantedlevel von ITZbrotLP auf 1 gesetzt ( Beleidigung )!
[06-03-2019 14:20:02]: [StVO]: Fore hat die StVO-Punkte von vinzblack auf 12 gesetzt. (Geisterfahren)
[06-03-2019 14:20:57]: [Wanteds]: Fore hat das Wantedlevel von vinzblack auf 1 gesetzt ( Beleidigung )!
[06-03-2019 14:32:11]: [StVO]: Felix123 hat die StVO-Punkte von LastAttacker71 auf 6 gesetzt. (Abseitsfahren der Strasse)
[06-03-2019 14:34:53]: [Wanteds]: Felix123 hat das Wantedlevel von Lano auf 6 gesetzt ( Mord )!
[06-03-2019 15:01:48]: [Wanteds]: Felix123 hat das Wantedlevel von Solid_Snake auf 3 gesetzt ( Mord )!
[06-03-2019 15:02:12]: [Wanteds]: Felix123 hat das Wantedlevel von Solid_Snake auf 0 gesetzt ( Mord )!
[06-03-2019 15:10:41]: [Wanteds]: Felix123 hat das Wantedlevel von EinsSchoki auf 1 gesetzt ( Diebstahl & versuchter Diebstahl )!
[06-03-2019 15:21:40]: [Wanteds]: Felix123 hat das Wantedlevel von LastAttacker71 auf 3 gesetzt ( Waffentruck & Matsvan  )!
[06-03-2019 15:57:27]: [Wanteds]: Fore hat das Wantedlevel von vinzblack auf 6 gesetzt ( Einbruch in die Garagen des San Andreas Police Departments )!
[06-03-2019 16:09:01]: [StVO]: Fore hat die StVO-Punkte von LastAttacker71 auf 9 gesetzt. (Verwendung von Nitro)
[06-03-2019 16:11:35]: [Wanteds]: Fore hat das Wantedlevel von LastAttacker71 auf 1 gesetzt ( illegale Werbung per /ad )!
[06-03-2019 16:13:19]: [Wanteds]: Fore hat das Wantedlevel von LastAttacker71 auf 1 gesetzt ( illegale Werbung per /ad )!
[06-03-2019 16:15:42]: [Wanteds]: Mortza04 hat das Wantedlevel von SchimmelBrot auf 1 gesetzt ( Koksbesitz 10-49 G )!
[06-03-2019 16:18:56]: [Wanteds]: Fore hat das Wantedlevel von SchimmelBrot auf 2 gesetzt ( Beleidigung )!
[06-03-2019 16:19:03]: [Wanteds]: Fore hat das Wantedlevel von SchimmelBrot auf 3 gesetzt ( Beleidigung )!
[06-03-2019 17:04:09]: [StVO]: Mortza04 hat die StVO-Punkte von L1B3R0_ASR auf 1 gesetzt. (Burnout(Reifen Durch drehen lassen))
[06-03-2019 17:04:32]: [Wanteds]: Mortza04 hat das Wantedlevel von ITZbrotLP auf 1 gesetzt ( Beleidigung )!
[06-03-2019 17:05:13]: [Wanteds]: Fore hat das Wantedlevel von ITZbrotLP auf 4 gesetzt ( Betreten des SFPD Parkplatzes (Hinterhof) )!
[06-03-2019 17:20:39]: [StVO]: Mortza04 hat die StVO-Punkte von NyquFX auf 2 gesetzt. (Halten und/oder Parken auf der Strasse)
[06-03-2019 17:22:16]: [Wanteds]: Mortza04 hat das Wantedlevel von SchimmelBrot auf 6 gesetzt ( Beihilfe zur flucht )!
[06-03-2019 18:07:04]: [Wanteds]: Fore hat das Wantedlevel von EinsSchoki auf 1 gesetzt ( Beleidigung )!
[06-03-2019 19:02:06]: [Wanteds]: iTzSaske hat das Wantedlevel von EinsSchoki auf 6gesetzt ( Betreten der Polizeiwache ohne Genehmigung )!
[06-03-2019 19:10:37]: [Wanteds]: Mortza04 hat das Wantedlevel von LastAttacker71 auf 6gesetzt ( Bankraub )!
[06-03-2019 19:16:35]: [Wanteds]: iTzSaske hat das Wantedlevel von LastAttacker71 auf 2 gesetzt ( korri )!
[06-03-2019 19:16:60]: [Wanteds]: iTzSaske hat das Wantedlevel von LastAttacker71 auf 3 gesetzt ( korri )!
[06-03-2019 20:08:17]: [Wanteds]: ZentaX hat das Wantedlevel von SchimmelBrot auf 2 gesetzt ( Beamtenbehinderung )!
[06-03-2019 20:08:45]: [Wanteds]: ZentaX hat das Wantedlevel von SchimmelBrot auf 3 gesetzt ( Beleidigung )!
[06-03-2019 20:12:52]: [Wanteds]: Mortza04 hat das Wantedlevel von SchimmelBrot auf 6gesetzt ( Einbruch in die Bundeswehrbasis )!
[06-03-2019 20:29:27]: [StVO]: Felix123 hat die StVO-Punkte von Mr.Potato auf 15 gesetzt. (Verwendung von Nitro)
[06-03-2019 20:42:39]: [StVO]: Felix123 hat die StVO-Punkte von Maqic.exe auf 4 gesetzt. (Halten und/oder Parken auf der Strasse)
[07-03-2019 01:01:52]: [Wanteds]: SonGoku hat das Wantedlevel von Maqic.exe auf 2 gesetzt ( Flucht vor/aus Kontrolle )!
[07-03-2019 01:10:24]: [Wanteds]: LargePeach hat das Wantedlevel von rvty auf 3 gesetzt ( Betreten des SFPD Parkplatzes (Hinterhof) )!
[07-03-2019 01:38:35]: [Wanteds]: SonGoku hat das Wantedlevel von Relax auf 1 gesetzt ( Sachbeschaedigung )!
[07-03-2019 14:47:46]: [Wanteds]: Mortza04 hat das Wantedlevel von vinzblack auf 6 gesetzt ( Einbruch in die Bundeswehrbasis )!
[07-03-2019 14:48:04]: [Wanteds]: Mortza04 hat das Wantedlevel von Savage.Gamer auf 6 gesetzt ( Einbruch in die Bundeswehrbasis )!
[07-03-2019 15:17:58]: [Wanteds]: Mortza04 hat das Wantedlevel von EinsSchoki auf 3 gesetzt ( Betreten des SFPD Parkplatzes (Hinterhof) )!
[07-03-2019 15:55:39]: [Wanteds]: Mortza04 hat das Wantedlevel von EinsSchoki auf 0 gesetzt ( Betreten des SFPD Parkplatzes (Hinterhof) )!
[07-03-2019 15:57:07]: [StVO]: EzWiN hat die StVO-Punkte von Zorro auf 15 gesetzt. (weil liebe)
[07-03-2019 15:57:15]: [StVO]: EzWiN hat die StVO-Punkte von Zorro auf 0 gesetzt. (weil liebe)
[07-03-2019 16:02:07]: [StVO]: EinsSchoki hat die StVO-Punkte von SchimmelBrot auf 0 gesetzt. (Du bimst pdler)
[07-03-2019 17:10:10]: [StVO]: SchimmelBrot hat die StVO-Punkte von EinsSchoki auf 0 gesetzt. (Rasen innerhalb der Stadt (ü.120 km/h))
[07-03-2019 17:10:12]: [StVO]: SchimmelBrot hat die StVO-Punkte von ITZbrotLP auf 0 gesetzt. (Rasen innerhalb der Stadt (ü.120 km/h))
[07-03-2019 17:14:32]: [StVO]: SchimmelBrot hat die StVO-Punkte von Maqic.exe auf 11 gesetzt. (Rasen innerhalb der Stadt (ü.120 km/h))
[07-03-2019 17:20:17]: [StVO]: SchimmelBrot hat die StVO-Punkte von Woschi123 auf 8 gesetzt. (Rasen innerhalb der Stadt (ü.120 km/h))
[07-03-2019 17:20:45]: [StVO]: SchimmelBrot hat die StVO-Punkte von xEvoliX auf 11 gesetzt. (Rasen innerhalb der Stadt (ü.120 km/h))
[07-03-2019 17:21:06]: [StVO]: Zorro hat die StVO-Punkte von Woschi123 auf 9 gesetzt. (Halten und/oder Parken auf der Strasse)
[07-03-2019 17:21:07]: [StVO]: Zorro hat die StVO-Punkte von Maqic.exe auf 12 gesetzt. (Halten und/oder Parken auf der Strasse)
[07-03-2019 17:21:29]: [StVO]: Zorro hat die StVO-Punkte von Woschi123 auf 10 gesetzt. (Falschparken)
[07-03-2019 17:22:10]: [StVO]: EinsSchoki hat die StVO-Punkte von xEvoliX auf 15 gesetzt. (Rasen ü 120kmh)
[07-03-2019 17:22:14]: [StVO]: Zorro hat die StVO-Punkte von Woschi123 auf 15 gesetzt. (Geisterfahren)
[07-03-2019 17:48:12]: [StVO]: SchimmelBrot hat die StVO-Punkte von PAiiiN auf 5 gesetzt. (Rasen innerhalb der Stadt (ü.120 km/h))
[07-03-2019 18:34:25]: [StVO]: Zorro hat die StVO-Punkte von LastAttacker71 auf 1 gesetzt. (Halten und/oder Parken auf der Strasse)
[07-03-2019 19:21:44]: [Wanteds]: Felix123 hat das Wantedlevel von vinzblack auf 5 gesetzt ( Betreten des SFPD Parkplatzes (Hinterhof) )!
[07-03-2019 19:21:53]: [Wanteds]: Felix123 hat das Wantedlevel von Maqic.exe auf 6gesetzt ( Betreten des SFPD Parkplatzes (Hinterhof) )!
[07-03-2019 19:50:16]: [Wanteds]: Felix123 hat das Wantedlevel von LastAttacker71 auf 1 gesetzt ( Sachbeschaedigung )!
[07-03-2019 19:55:59]: [StVO]: SchimmelBrot hat die StVO-Punkte von LastAttacker71 auf 9 gesetzt. (Mit einem Fluggeraet auf der Strasse landen)
[07-03-2019 19:59:12]: [StVO]: SchimmelBrot hat die StVO-Punkte von n0pe auf 12 gesetzt. (Rasen innerhalb der Stadt (ü.120Km/h))
[07-03-2019 19:59:14]: [StVO]: SchimmelBrot hat die StVO-Punkte von Maqic.exe auf 15 gesetzt. (Rasen innerhalb der Stadt (ü.120Km/h))
[07-03-2019 20:03:14]: [StVO]: SchimmelBrot hat die StVO-Punkte von LostKid auf 5 gesetzt. (Rasen innerhalb der Stadt (ü.120Km/h))
[07-03-2019 20:06:12]: [StVO]: SchimmelBrot hat die StVO-Punkte von Layesd_tv auf 6 gesetzt. (Rasen innerhalb der Stadt (ü.120Km/h))
[07-03-2019 20:10:53]: [StVO]: SchimmelBrot hat die StVO-Punkte von n0pe auf 15 gesetzt. (Rasen innerhalb der Stadt (ü.120Km/h))
[07-03-2019 20:26:21]: [Wanteds]: SchimmelBrot hat das Wantedlevel von L1B3R0_ASR auf 0 gesetzt ( Rasen innerhalb der Stadt (ü.120Km/h) )!
[07-03-2019 20:30:60]: [StVO]: SchimmelBrot hat die StVO-Punkte von Jan1308 auf 5 gesetzt. (Rasen innerhalb der Stadt (ü.120Km/h))
[07-03-2019 20:33:21]: [StVO]: ITZbrotLP hat die StVO-Punkte von Jan1308 auf 6 gesetzt. (Gefaehrlicher Eingriff in den Strassenverkehr)
[07-03-2019 21:14:25]: [Wanteds]: iTzSaske hat das Wantedlevel von Maqic.exe auf 2 gesetzt ( Koerperverletzung durch Schusswaffen )!
[07-03-2019 21:14:30]: [Wanteds]: iTzSaske hat das Wantedlevel von Maqic.exe auf 6gesetzt ( Koerperverletzung durch Schusswaffen )!
[07-03-2019 21:27:20]: [StVO]: SchimmelBrot hat die StVO-Punkte von PAiiiN auf 5 gesetzt. (Rasen)
[07-03-2019 21:33:57]: [Wanteds]: SchimmelBrot hat das Wantedlevel von LastAttacker71 auf 0 gesetzt ( korri )!
[07-03-2019 23:37:25]: [StVO]: SonGoku hat die StVO-Punkte von Woschi123 auf 9 gesetzt. (Geisterfahren)
[08-03-2019 14:49:19]: [Wanteds]: Kabo hat das Wantedlevel von DraqZ auf 1 gesetzt ( Koerperverletzung )!
[08-03-2019 14:49:19]: [Wanteds]: Felix123 hat das Wantedlevel von DraqZ auf 2 gesetzt ( Koerperverletzung )!
[08-03-2019 14:49:43]: [Wanteds]: Kabo hat das Wantedlevel von DraqZ auf 1 gesetzt ( Koerperverletzung )!
[08-03-2019 15:25:10]: [Wanteds]: Kabo hat das Wantedlevel von Mortza04 auf 6 gesetzt ( Einbruch in die Garagen des San Andreas Police Departments )!
[08-03-2019 15:25:30]: [Wanteds]: Kabo hat das Wantedlevel von Mortza04 auf 0 gesetzt ( Einbruch in die Garagen des San Andreas Police Departments )!
[08-03-2019 15:27:03]: [Wanteds]: Kabo hat das Wantedlevel von Felix123 auf 2 gesetzt ( Waffennutzung (Schusswaffen) )!
[08-03-2019 15:28:52]: [Wanteds]: Mortza04 hat das Wantedlevel von Felix123 auf 5 gesetzt ( weil du scheiße xD )!
[08-03-2019 15:29:40]: [Wanteds]: Kabo hat das Wantedlevel von Kirin auf 6 gesetzt ( Einbruch in die Garagen des San Andreas Police Departments )!
[08-03-2019 15:30:23]: [Wanteds]: Felix123 hat das Wantedlevel von Felix123 auf 0 gesetzt ( Fahren ohne Fahrerlaubnis )!
[08-03-2019 15:44:23]: [StVO]: Kabo hat die StVO-Punkte von Luca_Jordan auf 8 gesetzt. (Gefaehrlicher Eingriff in den Strassenverkehr)
[08-03-2019 15:47:30]: [StVO]: Kabo hat die StVO-Punkte von Luca_Jordan auf 9 gesetzt. (Gefaehrlicher Eingriff in den Strassenverkehr)
[08-03-2019 15:47:57]: [StVO]: Kabo hat die StVO-Punkte von Luca_Jordan auf 8 gesetzt. (Gefaehrlicher Eingriff in den Strassenverkehr)
[08-03-2019 16:19:30]: [StVO]: Chapo hat die StVO-Punkte von rufen, auf 1 gesetzt. (Halten und/oder Parken auf der Strasse)
[08-03-2019 16:19:41]: [StVO]: Chapo hat die StVO-Punkte von rufen, auf 4 gesetzt. (Mit einem Fluggeraet auf der Strasse landen)
[08-03-2019 17:28:47]: [Wanteds]: Felix123 hat das Wantedlevel von Lano auf 1 gesetzt ( Sachbeschaedigung )!
[08-03-2019 17:29:12]: [Wanteds]: Felix123 hat das Wantedlevel von Capo auf 1 gesetzt ( Sachbeschaedigung )!
[08-03-2019 17:35:36]: [Wanteds]: Felix123 hat das Wantedlevel von Lano auf 2 gesetzt ( Sachbeschaedigung )!
[08-03-2019 17:36:28]: [Wanteds]: Felix123 hat das Wantedlevel von Lano auf 4 gesetzt ( Waffennutzung (Schusswaffen) )!
[08-03-2019 17:43:40]: [StVO]: Felix123 hat die StVO-Punkte von LastAttacker71 auf 4 gesetzt. (Verwendung von Nitro)
[08-03-2019 17:43:58]: [Wanteds]: Felix123 hat das Wantedlevel von LastAttacker71 auf 2 gesetzt ( Flucht vor/aus Kontrolle )!
[08-03-2019 17:49:16]: [StVO]: Felix123 hat die StVO-Punkte von yRaas auf 2 gesetzt. (Sachbeschaedigung von Objekten des Strassenverkehrs)
[08-03-2019 17:49:54]: [StVO]: Felix123 hat die StVO-Punkte von yRaas auf 3 gesetzt. (Burnout(Reifen Durch drehen lassen))
[08-03-2019 17:50:07]: [StVO]: Felix123 hat die StVO-Punkte von yRaas auf 4 gesetzt. (Gefaehrlicher Eingriff in den Strassenverkehr)
[08-03-2019 17:50:27]: [StVO]: Felix123 hat die StVO-Punkte von yRaas auf 5 gesetzt. (Halten und/oder Parken auf der Strasse)
[08-03-2019 17:51:56]: [StVO]: Kabo hat die StVO-Punkte von yRaas auf 6 gesetzt. (Gefaehrlicher Eingriff in den Strassenverkehr)
[08-03-2019 17:52:14]: [StVO]: Kabo hat die StVO-Punkte von yRaas auf 12 gesetzt. (Geisterfahren)
[08-03-2019 17:52:22]: [StVO]: Kabo hat die StVO-Punkte von yRaas auf 15 gesetzt. (Geisterfahren)
[08-03-2019 17:53:27]: [StVO]: Kabo hat die StVO-Punkte von yRaas auf 15 gesetzt. (Abseitsfahren der Strasse)
[08-03-2019 17:57:57]: [StVO]: Felix123 hat die StVO-Punkte von ITZbrotLP auf 1 gesetzt. (Gefaehrlicher Eingriff in den Strassenverkehr)
[08-03-2019 18:14:46]: [Wanteds]: ITZbrotLP hat das Wantedlevel von yRaas auf 1 gesetzt ( Sachbeschaedigung )!
[08-03-2019 18:35:23]: [StVO]: Blu3Xo hat die StVO-Punkte von Triguano auf 4 gesetzt. (Verursachen eines Unfalls)
[08-03-2019 18:35:32]: [StVO]: Blu3Xo hat die StVO-Punkte von Triguano auf 10 gesetzt. (Geisterfahren)
[08-03-2019 18:49:09]: [StVO]: Blu3Xo hat die StVO-Punkte von Capo auf 4 gesetzt. (Verursachen eines Unfalls)
[08-03-2019 18:49:14]: [StVO]: Blu3Xo hat die StVO-Punkte von Capo auf 8 gesetzt. (Abseitsfahren der Strasse)
[08-03-2019 18:49:25]: [StVO]: Blu3Xo hat die StVO-Punkte von Capo auf 14 gesetzt. (Geisterfahren)
[08-03-2019 18:59:45]: [Wanteds]: SonGoku hat das Wantedlevel von Capo auf 1 gesetzt ( Beamtenbelaestigung )!
[08-03-2019 19:09:05]: [StVO]: SonGoku hat die StVO-Punkte von Capo auf 15 gesetzt. (Verursachen eines Unfalls)
[08-03-2019 19:10:39]: [StVO]: Solid_Snake hat die StVO-Punkte von Capo auf 0 gesetzt. ()
[08-03-2019 19:11:21]: [StVO]: SonGoku hat die StVO-Punkte von Capo auf 4 gesetzt. (Verursachen eines Unfalls)
[08-03-2019 19:16:48]: [Wanteds]: Mortza04 hat das Wantedlevel von LastAttacker71 auf 1 gesetzt ( illegale Werbung per /ad )!
[08-03-2019 19:41:55]: [StVO]: SchimmelBrot hat die StVO-Punkte von yRaas auf 5 gesetzt. (Rasen)
[08-03-2019 19:53:45]: [Wanteds]: SchimmelBrot hat das Wantedlevel von Capo auf 3 gesetzt ( Diebstahl & versuchter Diebstahl )!
[08-03-2019 20:05:40]: [StVO]: SchimmelBrot hat die StVO-Punkte von Jinnz auf 5 gesetzt. (Rasen)
[08-03-2019 20:24:47]: [StVO]: Chapo hat die StVO-Punkte von LastAttacker71 auf 6 gesetzt. (Verwendung von Nitro)
[08-03-2019 20:25:07]: [StVO]: SonGoku hat die StVO-Punkte von LastAttacker71 auf 12 gesetzt. (Geisterfahren)
[08-03-2019 20:25:17]: [Wanteds]: SonGoku hat das Wantedlevel von LastAttacker71 auf 1 gesetzt ( Beamtenbelaestigung )!
[08-03-2019 20:35:10]: [StVO]: Zorro hat die StVO-Punkte von LastAttacker71 auf 13 gesetzt. (Gefaehrlicher Eingriff in den Strassenverkehr)
[08-03-2019 20:35:18]: [StVO]: Zorro hat die StVO-Punkte von LastAttacker71 auf 15 gesetzt. (Verursachen eines Unfalls)
[08-03-2019 21:06:31]: [StVO]: Chapo hat die StVO-Punkte von Savage.Gamer auf 12 gesetzt. (Verursachen eines Unfalls)
[08-03-2019 21:06:40]: [StVO]: Chapo hat die StVO-Punkte von Savage.Gamer auf 14 gesetzt. (Missachtung der Vorfahrtsregeln )
[08-03-2019 21:06:47]: [StVO]: Chapo hat die StVO-Punkte von Savage.Gamer auf 15 gesetzt. (Gefaehrlicher Eingriff in den Strassenverkehr)
[08-03-2019 21:41:46]: [Wanteds]: Chapo hat das Wantedlevel von Katox auf 1 gesetzt ( Sachbeschaedigung )!
[08-03-2019 21:42:52]: [StVO]: Chapo hat die StVO-Punkte von Capo auf 4 gesetzt. (Missachtung der Vorfahrtsregeln )
[08-03-2019 22:11:39]: [Wanteds]: Chapo hat das Wantedlevel von Katox auf 1 gesetzt ( Koerperverletzung )!
[09-03-2019 03:22:34]: [Wanteds]: Blu3Xo hat das Wantedlevel von Meliodas_Sin auf 6 gesetzt ( Terroranschlag )!
[09-03-2019 03:22:44]: [Wanteds]: Blu3Xo hat das Wantedlevel von Meliodas_Sin auf 0 gesetzt ( Terroranschlag )!
[09-03-2019 12:12:21]: [Wanteds]: LargePeach hat das Wantedlevel von LastAttacker71 auf 0 gesetzt ( Korri )!
[09-03-2019 12:12:28]: [Wanteds]: LargePeach hat das Wantedlevel von LastAttacker71 auf 4 gesetzt ( Korri )!
[09-03-2019 14:31:14]: [StVO]: ITZbrotLP hat die StVO-Punkte von LastAttacker71 auf 6 gesetzt. (Gefaehrlicher Eingriff in den Strassenverkehr)
[09-03-2019 15:52:04]: [StVO]: Blu3Xo hat die StVO-Punkte von LastAttacker71 auf 9 gesetzt. (Verwendung von Nitro)
[09-03-2019 15:53:03]: [StVO]: Blu3Xo hat die StVO-Punkte von LastAttacker71 auf 13 gesetzt. (Verwendung von Nitro)
[09-03-2019 15:53:22]: [StVO]: Blu3Xo hat die StVO-Punkte von LastAttacker71 auf 15 gesetzt. (Verursachen eines Unfalls)
[09-03-2019 17:10:54]: [StVO]: Blu3Xo hat die StVO-Punkte von Russ_Daniel74 auf 12 gesetzt. (Geisterfahren)
[09-03-2019 17:11:04]: [StVO]: Blu3Xo hat die StVO-Punkte von Russ_Daniel74 auf 15 gesetzt. (Verursachen eines Unfalls)
[09-03-2019 17:27:57]: [Wanteds]: Blu3Xo hat das Wantedlevel von Kirin auf 1 gesetzt ( illegale Werbung per /global )!
[09-03-2019 17:30:23]: [Wanteds]: Blu3Xo hat das Wantedlevel von Kirin auf 3 gesetzt ( Drogenbesitz 50-149 )!
[09-03-2019 17:32:53]: [StVO]: Blu3Xo hat die StVO-Punkte von Jan1308 auf 1 gesetzt. (Halten und/oder Parken auf der Strasse)
[09-03-2019 17:59:47]: [StVO]: LargePeach hat die StVO-Punkte von Keno auf 1 gesetzt. (Halten und/oder Parken auf der Strasse)
[09-03-2019 18:06:24]: [Wanteds]: Felix123 hat das Wantedlevel von Habernoxx auf 1 gesetzt ( Sachbeschaedigung )!
[09-03-2019 20:59:57]: [Wanteds]: Blu3Xo hat das Wantedlevel von Lelek auf 3 gesetzt ( Drogenbesitz 10-49 )!
[10-03-2019 00:19:07]: [StVO]: SchimmelBrot hat die StVO-Punkte von Zorro auf 5 gesetzt. (Rasen)
[10-03-2019 00:19:55]: [StVO]: SchimmelBrot hat die StVO-Punkte von SonGoku auf 9 gesetzt. (Rasen)
[10-03-2019 00:29:55]: [StVO]: SchimmelBrot hat die StVO-Punkte von Nora auf 7 gesetzt. (Geisterfahren)
[10-03-2019 00:46:55]: [StVO]: SchimmelBrot hat die StVO-Punkte von rayoN- auf 5 gesetzt. (rasen)
[10-03-2019 00:54:28]: [Wanteds]: Zorro hat das Wantedlevel von Meliodas_Sin auf 1 gesetzt ( Drohung )!
[10-03-2019 01:05:50]: [StVO]: SchimmelBrot hat die StVO-Punkte von Meliodas_Sin auf 5 gesetzt. (Rasen innerhalb der Stadt)
[10-03-2019 01:09:59]: [StVO]: SchimmelBrot hat die StVO-Punkte von Maqic.exe auf 15 gesetzt. (Rasen innerhalb der Stadt)
[10-03-2019 01:11:39]: [StVO]: SchimmelBrot hat die StVO-Punkte von Maqic.exe auf 15 gesetzt. (Rasen innerhalb der Stadt)
[10-03-2019 01:33:38]: [StVO]: SchimmelBrot hat die StVO-Punkte von Sammy auf 3 gesetzt. (Mit einem Fluggeraet auf der Strasse landen)
[10-03-2019 01:39:43]: [StVO]: SchimmelBrot hat die StVO-Punkte von Katox auf 1 gesetzt. (Halten und/oder Parken auf der Strasse)
[10-03-2019 16:31:02]: [StVO]: Felix123 hat die StVO-Punkte von LateSpot auf 4 gesetzt. (Gefaehrlicher Eingriff in den Strassenverkehr)
[10-03-2019 16:32:40]: [StVO]: Felix123 hat die StVO-Punkte von rayoN- auf 10 gesetzt. (An- und Ueberfahren von Passanten)
[10-03-2019 16:41:19]: [StVO]: Felix123 hat die StVO-Punkte von LateSpot auf 5 gesetzt. (Halten und/oder Parken auf der Strasse)
[10-03-2019 16:41:39]: [StVO]: Felix123 hat die StVO-Punkte von LateSpot auf 6 gesetzt. (Halten und/oder Parken auf der Strasse)
[10-03-2019 16:41:42]: [StVO]: Felix123 hat die StVO-Punkte von LateSpot auf 7 gesetzt. (Gefaehrlicher Eingriff in den Strassenverkehr)
[10-03-2019 16:45:44]: [Wanteds]: Felix123 hat das Wantedlevel von Blu3Xo auf 3 gesetzt ( Sachbeschaedigung )!
[10-03-2019 16:56:22]: [Wanteds]: Felix123 hat das Wantedlevel von Blu3Xo auf 4 gesetzt ( Sachbeschaedigung )!
[10-03-2019 16:56:39]: [Wanteds]: Felix123 hat das Wantedlevel von rayoN- auf 1 gesetzt ( Gefaehrlicher Eingriff in den Strassenverkehr )!
[10-03-2019 16:56:54]: [Wanteds]: Felix123 hat das Wantedlevel von rayoN- auf 0 gesetzt ( Gefaehrlicher Eingriff in den Strassenverkehr )!
[10-03-2019 16:56:58]: [StVO]: Felix123 hat die StVO-Punkte von rayoN- auf 10 gesetzt. (Gefaehrlicher Eingriff in den Strassenverkehr)
[10-03-2019 17:07:43]: [Wanteds]: Felix123 hat das Wantedlevel von rayoN- auf 2 gesetzt ( Waffennutzung (Schusswaffen) )!
[10-03-2019 17:08:58]: [Wanteds]: Felix123 hat das Wantedlevel von LateSpot auf 1 gesetzt ( Sachbeschaedigung )!
[11-03-2019 15:51:50]: [Wanteds]: Chapo hat das Wantedlevel von MattZero auf 1 gesetzt ( Koerperverletzung )!
[11-03-2019 15:56:21]: [Wanteds]: n0pe hat das Wantedlevel von Woschi123 auf 2 gesetzt ( Flucht vor/aus Kontrolle )!
[11-03-2019 16:07:30]: [Wanteds]: n0pe hat das Wantedlevel von LastAttacker71 auf 2 gesetzt ( Flucht vor/aus Kontrolle )!
[11-03-2019 16:08:28]: [StVO]: n0pe hat die StVO-Punkte von LastAttacker71 auf 15 gesetzt. (Geisterfahren)
[11-03-2019 17:06:26]: [StVO]: Chapo hat die StVO-Punkte von Sammy auf 3 gesetzt. (Mit einem Fluggeraet auf der Strasse landen)
[11-03-2019 18:24:11]: [StVO]: Felix123 hat die StVO-Punkte von crusher auf 4 gesetzt. (Abseitsfahren der Strasse)
[11-03-2019 18:24:34]: [Wanteds]: Felix123 hat das Wantedlevel von Katox auf 1 gesetzt ( Koerperverletzung )!
[11-03-2019 18:25:18]: [Wanteds]: Felix123 hat das Wantedlevel von Lelek auf 2 gesetzt ( Flucht vor/aus Kontrolle )!
[11-03-2019 18:39:17]: [Wanteds]: Felix123 hat das Wantedlevel von Sammy auf 2 gesetzt ( Halten und/oder Parken auf der Strasse )!
[11-03-2019 18:39:25]: [Wanteds]: Felix123 hat das Wantedlevel von Sammy auf 0 gesetzt ( Halten und/oder Parken auf der Strasse )!
[11-03-2019 18:39:40]: [StVO]: Felix123 hat die StVO-Punkte von Sammy auf 2 gesetzt. (Halten und/oder Parken auf der Strasse)
[11-03-2019 18:39:47]: [StVO]: Felix123 hat die StVO-Punkte von Sammy auf 3 gesetzt. (Gefaehrlicher Eingriff in den Strassenverkehr)
[11-03-2019 18:39:59]: [StVO]: Felix123 hat die StVO-Punkte von ChillDoch auf 8 gesetzt. (Gefaehrlicher Eingriff in den Strassenverkehr)
[11-03-2019 18:40:07]: [StVO]: Felix123 hat die StVO-Punkte von ChillDoch auf 10 gesetzt. (Sachbeschaedigung von Objekten des Strassenverkehrs)
[11-03-2019 18:40:15]: [StVO]: Felix123 hat die StVO-Punkte von ChillDoch auf 14 gesetzt. (Abseitsfahren der Strasse)
[11-03-2019 18:40:20]: [StVO]: Felix123 hat die StVO-Punkte von ChillDoch auf 15 gesetzt. (Verursachen eines Unfalls)
[11-03-2019 19:05:58]: [StVO]: Chapo hat die StVO-Punkte von Meliodas_Sin auf 3 gesetzt. (Mit einem Fluggeraet auf der Strasse landen)
[11-03-2019 19:10:41]: [Wanteds]: Felix123 hat das Wantedlevel von Keno auf 3 gesetzt ( Waffentruck & Matsvan  )!
[11-03-2019 19:29:40]: [Wanteds]: Felix123 hat das Wantedlevel von Meliodas_Sin auf 1 gesetzt ( Sachbeschaedigung )!
[11-03-2019 19:30:60]: [Wanteds]: Felix123 hat das Wantedlevel von FELIX auf 6 gesetzt ( Waffennutzung (Schusswaffen) )!
[11-03-2019 19:31:03]: [Wanteds]: Felix123 hat das Wantedlevel von Zorro auf 4 gesetzt ( Waffennutzung (Schusswaffen) )!
[11-03-2019 20:00:19]: [StVO]: Felix123 hat die StVO-Punkte von uRAGE auf 15 gesetzt. (Gefaehrlicher Eingriff in den Strassenverkehr)
[11-03-2019 20:00:35]: [StVO]: Felix123 hat die StVO-Punkte von iLimix auf 5 gesetzt. (Abseitsfahren der Strasse)
[11-03-2019 20:02:01]: [Wanteds]: Felix123 hat das Wantedlevel von Felix321 auf 2 gesetzt ( Abseitsfahren der Strasse )!
[11-03-2019 20:03:06]: [StVO]: Felix123 hat die StVO-Punkte von Felix321 auf 5 gesetzt. (Abseitsfahren der Strasse)
[11-03-2019 20:05:15]: [StVO]: Felix123 hat die StVO-Punkte von Felix321 auf 3 gesetzt. (Abseitsfahren der Strasse)
[11-03-2019 21:49:26]: [Wanteds]: SonGoku hat das Wantedlevel von rayoN- auf 4 gesetzt ( Mord )!
[11-03-2019 21:50:24]: [Wanteds]: SonGoku hat das Wantedlevel von rayoN- auf 4 gesetzt ( Korriegierung )!
[11-03-2019 21:57:47]: [StVO]: SonGoku hat die StVO-Punkte von EzWiN auf 6 gesetzt. (Geisterfahren)
[11-03-2019 21:57:50]: [StVO]: SonGoku hat die StVO-Punkte von EzWiN auf 12 gesetzt. (Geisterfahren)
[11-03-2019 21:58:24]: [StVO]: EzWiN hat die StVO-Punkte von EzWiN auf 0 gesetzt. (AUF WANTED JAGD!)
[11-03-2019 21:58:53]: [StVO]: SonGoku hat die StVO-Punkte von EzWiN auf 6 gesetzt. (Geisterfahren)
[11-03-2019 21:58:54]: [StVO]: SonGoku hat die StVO-Punkte von EzWiN auf 12 gesetzt. (Geisterfahren)
[11-03-2019 21:59:16]: [StVO]: EzWiN hat die StVO-Punkte von EzWiN auf 0 gesetzt. (OnDuty)
[11-03-2019 21:59:58]: [StVO]: SonGoku hat die StVO-Punkte von EzWiN auf 6 gesetzt. (Geisterfahren)
[11-03-2019 21:59:59]: [StVO]: SonGoku hat die StVO-Punkte von EzWiN auf 12 gesetzt. (Geisterfahren)
[11-03-2019 22:00:06]: [StVO]: EzWiN hat die StVO-Punkte von EzWiN auf 0 gesetzt. (OnDuty)
[11-03-2019 22:00:55]: [StVO]: SonGoku hat die StVO-Punkte von EzWiN auf 6 gesetzt. (Geisterfahren)
[11-03-2019 22:00:56]: [StVO]: SonGoku hat die StVO-Punkte von EzWiN auf 12 gesetzt. (Geisterfahren)
[11-03-2019 22:00:59]: [StVO]: EzWiN hat die StVO-Punkte von EzWiN auf 0 gesetzt. (OnDuty)
[11-03-2019 22:01:03]: [StVO]: SonGoku hat die StVO-Punkte von EzWiN auf 6 gesetzt. (Geisterfahren)
[11-03-2019 22:01:04]: [StVO]: SonGoku hat die StVO-Punkte von EzWiN auf 12 gesetzt. (Geisterfahren)
[12-03-2019 16:36:04]: [Wanteds]: Felix123 hat das Wantedlevel von Capo auf 2 gesetzt ( Sachbeschaedigung )!
[12-03-2019 16:38:50]: [Wanteds]: Felix123 hat das Wantedlevel von Sammy auf 5 gesetzt ( Waffennutzung (Schusswaffen) )!
[12-03-2019 16:38:60]: [Wanteds]: Felix123 hat das Wantedlevel von Keno auf 4 gesetzt ( Waffennutzung (Schusswaffen) )!
[12-03-2019 16:40:13]: [Wanteds]: Felix123 hat das Wantedlevel von Capo auf 3 gesetzt ( Sachbeschaedigung )!
[12-03-2019 16:47:47]: [Wanteds]: Felix123 hat das Wantedlevel von ChillDoch auf 1 gesetzt ( Falschparken )!
[12-03-2019 16:47:53]: [Wanteds]: Felix123 hat das Wantedlevel von ChillDoch auf 0 gesetzt ( Falschparken )!
[12-03-2019 16:47:60]: [StVO]: Felix123 hat die StVO-Punkte von ChillDoch auf 1 gesetzt. (Falschparken)
[12-03-2019 16:50:21]: [Wanteds]: Felix123 hat das Wantedlevel von Sammy auf 6 gesetzt ( Drohung )!
[12-03-2019 16:54:15]: [StVO]: Felix123 hat die StVO-Punkte von ChillDoch auf 5 gesetzt. (Verwendung von Nitro)
[12-03-2019 17:02:43]: [Wanteds]: Felix123 hat das Wantedlevel von ChillDoch auf 1 gesetzt ( Sachbeschaedigung )!
[12-03-2019 17:05:59]: [Wanteds]: Felix123 hat das Wantedlevel von crusher auf 3 gesetzt ( Waffentruck & Matsvan  )!
[12-03-2019 17:06:14]: [Wanteds]: Felix123 hat das Wantedlevel von Dark auf 3 gesetzt ( Waffentruck & Matsvan  )!
[12-03-2019 17:07:45]: [StVO]: Felix123 hat die StVO-Punkte von KushHunter auf 4 gesetzt. (Mit einem Fluggeraet auf der Strasse landen)
[12-03-2019 21:14:10]: [Wanteds]: Chapo hat das Wantedlevel von HonorableMaelstrom25 auf 1 gesetzt ( Koerperverletzung )!
[12-03-2019 21:14:15]: [Wanteds]: Chapo hat das Wantedlevel von AblazeOutlaw39 auf 1 gesetzt ( Koerperverletzung )!
[12-03-2019 22:14:13]: [Wanteds]: Felix123 hat das Wantedlevel von Keno auf 4 gesetzt ( Waffennutzung (Schusswaffen) )!
[12-03-2019 22:38:35]: [Wanteds]: Felix123 hat das Wantedlevel von Keno auf 0 gesetzt ( Waffennutzung (Schusswaffen) )!
[12-03-2019 22:38:40]: [Wanteds]: Felix123 hat das Wantedlevel von Keno auf 2 gesetzt ( Waffennutzung (Schusswaffen) )!
[12-03-2019 22:40:28]: [Wanteds]: Felix123 hat das Wantedlevel von Keno auf 1 gesetzt ( Waffennutzung (Schusswaffen) )!
[12-03-2019 22:52:17]: [Wanteds]: Felix123 hat das Wantedlevel von Triguano auf 1 gesetzt ( Beleidigung )!
[12-03-2019 22:58:47]: [Wanteds]: Felix123 hat das Wantedlevel von DraqZ auf 1 gesetzt ( Sachbeschaedigung )!
[12-03-2019 23:03:40]: [Wanteds]: Felix123 hat das Wantedlevel von Sammy auf 2 gesetzt ( Waffennutzung (Schusswaffen) )!
[12-03-2019 23:03:50]: [Wanteds]: Felix123 hat das Wantedlevel von Sammy auf 5 gesetzt ( Mord )!
[14-03-2019 13:50:07]: [Wanteds]: Felix123 hat das Wantedlevel von Alla auf 6 gesetzt ( Einbruch in die Basis des F.B.I's )!
[14-03-2019 14:14:14]: [StVO]: Felix123 hat die StVO-Punkte von vinzblack auf 4 gesetzt. (Verwendung von Nitro)
[14-03-2019 14:30:01]: [Wanteds]: Felix123 hat das Wantedlevel von vinzblack auf 2 gesetzt ( Waffennutzung (Schusswaffen) )!
[14-03-2019 14:33:09]: [Wanteds]: Felix123 hat das Wantedlevel von vinzblack auf 2 gesetzt ( Gefaehrlicher Eingriff in den Strassenverkehr )!
[14-03-2019 14:33:13]: [Wanteds]: Felix123 hat das Wantedlevel von vinzblack auf 0 gesetzt ( Gefaehrlicher Eingriff in den Strassenverkehr )!
[14-03-2019 14:33:26]: [StVO]: Felix123 hat die StVO-Punkte von vinzblack auf 4 gesetzt. (Gefaehrlicher Eingriff in den Strassenverkehr)
[14-03-2019 14:39:52]: [Wanteds]: Felix123 hat das Wantedlevel von vinzblack auf 1 gesetzt ( Sachbeschaedigung )!
[14-03-2019 14:41:19]: [Wanteds]: Felix123 hat das Wantedlevel von vinzblack auf 0 gesetzt ( Sachbeschaedigung )!
[14-03-2019 14:41:56]: [StVO]: Felix123 hat die StVO-Punkte von vinzblack auf 5 gesetzt. (Sachbeschaedigung)
[14-03-2019 14:43:49]: [StVO]: Felix123 hat die StVO-Punkte von vinzblack auf 14 gesetzt. (Alkohol am Steuer)
[14-03-2019 16:48:19]: [Wanteds]: Felix123 hat das Wantedlevel von vinzblack auf 2 gesetzt ( Waffennutzung (Schusswaffen) )!
[14-03-2019 16:55:10]: [Wanteds]: Felix123 hat das Wantedlevel von vinzblack auf 1 gesetzt ( Beamtenbelaestigung )!
[16-03-2019 15:13:15]: [Wanteds]: LargePeach hat das Wantedlevel von vinzblack auf 1 gesetzt ( Vortaeuschen falscher Tatsachen )!
[16-03-2019 15:14:47]: [Wanteds]: LargePeach hat das Wantedlevel von vinzblack auf 2 gesetzt ( Befehlsverweigerung )!
[18-03-2019 22:07:11]: [StVO]: Felix123 hat die StVO-Punkte von xEvoliX auf 4 gesetzt. (Verwendung von Nitro)
[18-03-2019 22:07:24]: [StVO]: Felix123 hat die StVO-Punkte von xEvoliX auf 5 gesetzt. (Falschparken)
[18-03-2019 22:12:29]: [StVO]: Felix123 hat die StVO-Punkte von xEvoliX auf 6 gesetzt. (Halten und/oder Parken auf der Strasse)
[18-03-2019 22:17:50]: [Wanteds]: Felix123 hat das Wantedlevel von xEvoliX auf 1 gesetzt ( Beleidigung )!
[18-03-2019 22:19:04]: [Wanteds]: Felix123 hat das Wantedlevel von xEvoliX auf 3 gesetzt ( Flucht vor/aus Kontrolle )!
[18-03-2019 22:19:10]: [Wanteds]: Felix123 hat das Wantedlevel von xEvoliX auf 5 gesetzt ( Waffennutzung (Schusswaffen) )!
[18-03-2019 22:25:10]: [Wanteds]: Felix123 hat das Wantedlevel von Felix123 auf 0 gesetzt ( Waffennutzung (Schusswaffen) )!
[18-03-2019 22:34:58]: [Wanteds]: Felix123 hat das Wantedlevel von xEvoliX auf 2 gesetzt ( Waffennutzung (Schusswaffen) )!
