[10-12-2018 15:16:35]: LargePeach hat Solid_Snake getazert!
[10-12-2018 15:17:10]: LargePeach hat Solid_Snake getazert!
[10-12-2018 22:02:10]: LargePeach hat Kabo getazert!
[11-12-2018 20:00:41]: LargePeach hat iTzSaske getazert!
[12-12-2018 12:15:22]: LargePeach hat zeref getazert!
[12-12-2018 18:50:60]: Solid_Snake hat iTzSaske getazert!
[12-12-2018 18:51:35]: Solid_Snake hat iTzSaske getazert!
[12-12-2018 19:24:42]: Solid_Snake hat zeref getazert!
[12-12-2018 19:25:10]: Solid_Snake hat zeref getazert!
[12-12-2018 19:32:05]: Solid_Snake hat zeref getazert!
[12-12-2018 19:33:56]: Solid_Snake hat zeref getazert!
[12-12-2018 19:34:31]: Solid_Snake hat zeref getazert!
[12-12-2018 19:39:41]: Solid_Snake hat iTzSaske getazert!
[12-12-2018 19:40:24]: Solid_Snake hat iTzSaske getazert!
[12-12-2018 19:41:46]: Solid_Snake hat iTzSaske getazert!
[13-12-2018 21:32:18]: Nordmann hat dvniel838 getazert!
[13-12-2018 21:32:46]: Nordmann hat serpan06 getazert!
[14-12-2018 16:29:25]: LargePeach hat zNaashii getazert!
[14-12-2018 17:16:30]: LargePeach hat n0pe getazert!
[14-12-2018 18:31:06]: Dublin hat LargePeach getazert!
[14-12-2018 18:32:17]: LargePeach hat Nordmann getazert!
[14-12-2018 19:25:43]: Dublin hat laNo- getazert!
[15-12-2018 14:59:45]: LargePeach hat zeref getazert!
[16-12-2018 11:47:52]: LargePeach hat Haftbefehl. getazert!
[16-12-2018 12:39:14]: Solid_Snake hat iTzSaske getazert!
[16-12-2018 16:07:46]: Pr1nceXo hat Headseacker94 getazert!
[16-12-2018 16:18:34]: Pr1nceXo hat DistinctCappuccino30 getazert!
[16-12-2018 18:08:41]: Solid_Snake hat AlfredCompost66 getazert!
[18-12-2018 20:25:33]: cihan_99 hat Solid_Snake getazert!
[18-12-2018 20:42:31]: Solid_Snake hat RudeL getazert!
