[10-12-2018 18:22:22]: Halbglatze hat ein Auto gekauft ( Sunrise )
[10-12-2018 18:41:08]: Halbglatze hat ein Auto gekauft ( Sabre )
[10-12-2018 19:21:52]: Halbglatze hat ein Auto gekauft ( BF-400 )
[11-12-2018 21:52:33]: zeref hat ein Auto gekauft ( Voodoo )
[11-12-2018 23:40:51]: serpan06 hat ein Auto gekauft ( Rancher )
[12-12-2018 10:06:04]: serpan06 hat ein Auto an Server verkauft ( Rancher )
[12-12-2018 14:24:55]: serpan06 hat ein Auto gekauft ( Buffalo )
[12-12-2018 18:17:09]: iTzSaske hat ein Auto gekauft ( Buffalo )
[12-12-2018 19:17:13]: zeref hat ein Auto gekauft ( BF-400 )
[12-12-2018 19:53:36]: zeref hat ein Auto gekauft ( Clover )
[12-12-2018 20:00:48]: zeref hat ein Auto an Server verkauft ( Voodoo )
[12-12-2018 20:00:55]: zeref hat ein Auto an Server verkauft ( BF-400 )
[12-12-2018 20:00:60]: zeref hat ein Auto an Server verkauft ( Clover )
[13-12-2018 21:17:28]: serpan06 hat ein Auto gekauft ( Sultan )
[14-12-2018 14:52:32]: LargePeach hat ein Auto gekauft ( Buffalo )
[14-12-2018 16:30:22]: Dope hat ein Auto gekauft ( BF-400 )
[14-12-2018 19:45:18]: DragonTuchel hat ein Auto gekauft ( Hermes )
[14-12-2018 22:10:12]: dvniel838 hat ein Auto gekauft ( Cheetah )
[15-12-2018 00:57:16]: Dope hat ein Auto an Server verkauft ( BF-400 )
[15-12-2018 00:59:20]: Dope hat ein Auto gekauft ( NRG-500 )
[15-12-2018 10:16:19]: DragonTuchel hat ein Auto an Server verkauft ( Hermes )
[15-12-2018 11:30:55]: dvniel838 hat ein Auto gekauft ( Bandito )
[15-12-2018 11:36:20]: dvniel838 hat ein Auto gekauft ( NRG-500 )
[15-12-2018 11:40:34]: DragonTuchel hat ein Auto gekauft ( Oceanic )
[15-12-2018 11:42:29]: DragonTuchel hat ein Auto an Server verkauft ( Oceanic )
[15-12-2018 11:44:26]: DJC0pyr1ght hat ein Auto gekauft ( BF-400 )
[15-12-2018 15:43:24]: DragonTuchel hat ein Auto gekauft ( Sunrise )
[15-12-2018 16:35:53]: DragonTuchel hat ein Auto an Server verkauft ( Sunrise )
[15-12-2018 16:55:16]: DragonTuchel hat ein Auto gekauft ( Clover )
[15-12-2018 16:58:57]: Kabo hat ein Auto an Server verkauft ( Sabre )
[15-12-2018 20:37:12]: EdMean hat ein Auto gekauft ( Sunrise )
[15-12-2018 23:00:44]: Fore hat ein Auto gekauft ( BF-400 )
[16-12-2018 12:27:09]: n0pe hat ein Auto gekauft ( Premier )
[16-12-2018 13:40:60]: dvniel838 hat ein Auto an Server verkauft ( Bandito )
[16-12-2018 13:41:08]: dvniel838 hat ein Auto an Server verkauft ( NRG-500 )
[16-12-2018 16:38:12]: Minderer hat ein Auto gekauft ( Sunrise )
[16-12-2018 18:21:55]: Undergrinder hat ein Auto gekauft ( Clover )
[17-12-2018 15:05:26]: TuningKitty hat ein Auto gekauft ( BF-400 )
[17-12-2018 19:19:45]: Undergrinder hat ein Auto an Server verkauft ( Clover )
[20-12-2018 02:27:42]: Solid_Snake hat ein Auto gekauft ( Sabre )
[20-12-2018 02:38:51]: Solid_Snake hat ein Auto gekauft ( Sunrise )
[20-12-2018 02:41:18]: Solid_Snake hat ein Auto gekauft ( BF-400 )
[17-02-2019 13:01:11]: Solid_Snake hat ein Auto an Spieler angeboten ( Jester - uRAGE )
[17-02-2019 13:01:20]: uRAGE hat ein Auto von Solid_Snake gekauft ( 1 - Jester )
[17-02-2019 13:17:38]: uRAGE hat ein Auto an Spieler angeboten ( Jester - Solid_Snake )
[17-02-2019 13:17:42]: Solid_Snake hat ein Auto von uRAGE gekauft ( 0 - Jester )
[17-02-2019 23:04:31]: Solid_Snake hat ein Auto gekauft ( Sunrise )
[17-02-2019 23:04:41]: xEvoliX hat ein Auto gekauft ( Sunrise )
[17-02-2019 23:04:43]: vinzblack hat ein Auto gekauft ( Sunrise )
[17-02-2019 23:30:17]: xEvoliX hat ein Auto gekauft ( Maverick )
[19-02-2019 22:53:44]: Solid_Snake hat ein Auto an Spieler angeboten ( Jester - vinzblack )
[19-02-2019 22:53:53]: vinzblack hat ein Auto von Solid_Snake gekauft ( 1 - Jester )
[19-02-2019 23:00:20]: xEvoliX hat ein Auto gekauft ( Infernus )
[19-02-2019 23:08:56]: xEvoliX hat ein Auto gekauft ( Turismo )
[19-02-2019 23:13:07]: xEvoliX hat ein Auto gekauft ( Oceanic )
[19-02-2019 23:16:06]: vinzblack hat ein Auto gekauft ( Sabre )
[24-02-2019 22:26:11]: xTooMuchx hat ein Auto gekauft ( Sunrise )
[25-02-2019 19:49:41]: uRAGE hat ein Auto gekauft ( Sabre )
[25-02-2019 23:34:38]: Solid_Snake hat ein Auto gekauft ( Sunrise )
[25-02-2019 23:36:26]: vinzblack hat ein Auto gekauft ( Bullet )
[26-02-2019 20:07:41]: LastAttacker71 hat ein Auto gekauft ( BF-400 )
[26-02-2019 20:40:33]: vinzblack hat ein Auto gekauft ( Mower )
[26-02-2019 20:44:23]: vinzblack hat ein Auto an Spieler angeboten ( Mower - iTzSaske )
[26-02-2019 20:44:33]: iTzSaske hat ein Auto von vinzblack gekauft ( 5000 - Mower )
[26-02-2019 20:48:36]: vinzblack hat ein Auto gekauft ( Mower )
[26-02-2019 22:29:14]: ButterBrot hat ein Auto gekauft ( Bullet )
[26-02-2019 22:31:01]: LucaDerBOss hat ein Auto gekauft ( Euros )
[27-02-2019 00:39:34]: LargePeach hat ein Auto gekauft ( Mower )
[27-02-2019 01:32:50]: DarkGothic hat ein Auto gekauft ( Sunrise )
[27-02-2019 01:37:11]: jumperkill hat ein Auto gekauft ( Hermes )
[27-02-2019 13:36:16]: xEvoliX hat ein Auto gekauft ( Sunrise )
[27-02-2019 14:22:54]: NyquFX hat ein Auto gekauft ( Infernus )
[27-02-2019 14:23:36]: Sammy hat ein Auto gekauft ( NRG-500 )
[27-02-2019 14:27:23]: luca hat ein Auto gekauft ( Infernus )
[27-02-2019 14:34:33]: Kontra143 hat ein Auto gekauft ( Sabre )
[27-02-2019 14:34:33]: Cjdasoriginal hat ein Auto gekauft ( Sabre )
[27-02-2019 14:40:58]: Mortza04 hat ein Auto gekauft ( Infernus )
[27-02-2019 14:42:08]: LastAttacker71 hat ein Auto gekauft ( Sunrise )
[27-02-2019 15:26:21]: Kontra143 hat ein Auto gekauft ( Cheetah )
[27-02-2019 16:07:53]: Russ_Daniel74 hat ein Auto gekauft ( Sunrise )
[27-02-2019 16:08:04]: Lano hat ein Auto gekauft ( Hermes )
[27-02-2019 16:18:53]: Habernoxx hat ein Auto gekauft ( Cheetah )
[27-02-2019 16:21:47]: Russ_Daniel74 hat ein Auto an Server verkauft ( Sunrise )
[27-02-2019 16:30:11]: Cjdasoriginal hat ein Auto gekauft ( Sunrise )
[27-02-2019 16:33:20]: SimplyIsGay hat ein Auto gekauft ( NRG-500 )
[27-02-2019 16:33:60]: Russ_Daniel74 hat ein Auto gekauft ( Uranus )
[27-02-2019 16:42:47]: Redbull_Klauer_Rewe hat ein Auto gekauft ( NRG-500 )
[27-02-2019 17:05:30]: Russ_Daniel74 hat ein Auto an Server verkauft ( Uranus )
[27-02-2019 17:05:55]: Russ_Daniel74 hat ein Auto gekauft ( Jester )
[27-02-2019 17:37:37]: LastAttacker71 hat ein Auto an Server verkauft ( Sunrise )
[27-02-2019 17:46:41]: Solid_Snake hat ein Auto gekauft ( Infernus )
[27-02-2019 18:13:37]: Redbull_Klauer_Rewe hat ein Auto an Server verkauft ( NRG-500 )
[27-02-2019 18:13:48]: Redbull_Klauer_Rewe hat ein Auto gekauft ( NRG-500 )
[27-02-2019 18:20:30]: Zorro hat ein Auto gekauft ( Comet )
[27-02-2019 18:47:32]: cihan_99 hat ein Auto gekauft ( Sunrise )
[27-02-2019 18:48:55]: D4rkPlayZ hat ein Auto gekauft ( BF-400 )
[27-02-2019 19:42:24]: CrazyGamerCG hat ein Auto gekauft ( Bullet )
[27-02-2019 20:07:22]: iTzSaske hat ein Auto gekauft ( Infernus )
[27-02-2019 20:14:23]: Zorro hat ein Auto an Spieler angeboten ( Comet - LastAttacker71 )
[27-02-2019 20:21:31]: LastAttacker71 hat ein Auto gekauft ( Bullet )
[27-02-2019 20:26:34]: CrazyGamerCG hat ein Auto gekauft ( BF-400 )
[27-02-2019 20:38:20]: LastAttacker71 hat ein Auto gekauft ( Maverick )
[27-02-2019 20:41:29]: CrazyGamerCG hat ein Auto gekauft ( Infernus )
[27-02-2019 20:51:26]: xEvoliX hat ein Auto gekauft ( Sunrise )
[27-02-2019 21:37:16]: D4rkPlayZ hat ein Auto gekauft ( NRG-500 )
[27-02-2019 21:47:06]: xEvoliX hat ein Auto gekauft ( NRG-500 )
[27-02-2019 21:47:51]: xEvoliX hat ein Auto an Spieler angeboten ( Sunrise - _VuneX )
[27-02-2019 21:48:29]: xEvoliX hat ein Auto an Spieler angeboten ( NRG-500 - _VuneX )
[27-02-2019 21:48:37]: _VuneX hat ein Auto von xEvoliX gekauft ( 2 - NRG-500 )
[27-02-2019 23:24:17]: Relax hat ein Auto gekauft ( NRG-500 )
[27-02-2019 23:57:13]: SchimmelBrot hat ein Auto gekauft ( Sabre )
[28-02-2019 10:58:47]: Erdnussbutterbrot hat ein Auto gekauft ( Sabre )
[28-02-2019 11:01:52]: Erdnussbutterbrot hat ein Auto an Server verkauft ( Sabre )
[28-02-2019 13:45:14]: cihan_99 hat ein Auto gekauft ( Sultan )
[28-02-2019 13:46:29]: LastAttacker71 hat ein Auto gekauft ( Maverick )
[28-02-2019 14:04:03]: LastAttacker71 hat ein Auto gekauft ( Sunrise )
[28-02-2019 14:14:07]: LastAttacker71 hat ein Auto gekauft ( Sunrise )
[28-02-2019 15:11:15]: Cyb3rClown hat ein Auto gekauft ( Jester )
[28-02-2019 15:22:47]: Cyb3rClown hat ein Auto gekauft ( Savanna )
[28-02-2019 16:03:02]: Lorenzo hat ein Auto gekauft ( Sunrise )
[28-02-2019 16:30:19]: cihan_99 hat ein Auto gekauft ( Bullet )
[28-02-2019 16:59:53]: Nano.exe hat ein Auto gekauft ( Hermes )
[28-02-2019 17:14:28]: Russ_Daniel74 hat ein Auto gekauft ( Sunrise )
[28-02-2019 17:20:17]: Habernoxx hat ein Auto gekauft ( Windsor )
[28-02-2019 17:43:33]: DreamZ hat ein Auto gekauft ( NRG-500 )
[28-02-2019 17:47:48]: Jerusalem hat ein Auto gekauft ( NRG-500 )
[28-02-2019 18:12:41]: LastAttacker71 hat ein Auto an Server verkauft ( Sunrise )
[28-02-2019 18:12:44]: LastAttacker71 hat ein Auto an Server verkauft ( Sunrise )
[28-02-2019 18:59:23]: KingSDomeZ hat ein Auto gekauft ( Cheetah )
[28-02-2019 19:00:50]: KingSDomeZ hat ein Auto an Server verkauft ( Cheetah )
[28-02-2019 19:06:25]: Jerusalem hat ein Auto gekauft ( Hermes )
[28-02-2019 19:09:28]: KingSDomeZ hat ein Auto gekauft ( Sultan )
[28-02-2019 19:25:08]: Habernoxx hat ein Auto an Server verkauft ( Windsor )
[28-02-2019 20:52:35]: GutturalCarnations74 hat ein Auto gekauft ( Premier )
[28-02-2019 21:49:59]: rufen, hat ein Auto gekauft ( Jester )
[28-02-2019 22:07:13]: Lano hat ein Auto gekauft ( NRG-500 )
[01-03-2019 00:10:32]: Redbull_Klauer_Rewe hat ein Auto an Server verkauft ( NRG-500 )
[01-03-2019 00:54:39]: .Dreaky hat ein Auto gekauft ( Jester )
[01-03-2019 12:53:25]: EzWiN hat ein Auto gekauft ( Turismo )
[01-03-2019 14:57:26]: Felix123 hat ein Auto gekauft ( NRG-500 )
[01-03-2019 15:37:51]: rndm hat ein Auto gekauft ( ZR-350 )
[01-03-2019 16:40:16]: Habernoxx hat ein Auto gekauft ( Sunrise )
[01-03-2019 16:42:11]: Habernoxx hat ein Auto an Server verkauft ( Sunrise )
[01-03-2019 16:43:31]: Habernoxx hat ein Auto gekauft ( Cheetah )
[01-03-2019 18:08:45]: Solid_Snake hat ein Auto gekauft ( Elegant )
[01-03-2019 19:40:55]: CrazyGamerCG hat ein Auto gekauft ( Infernus )
[01-03-2019 20:12:06]: Russ_Daniel74 hat ein Auto gekauft ( Elegant )
[01-03-2019 20:14:02]: Russ_Daniel74 hat ein Auto an Server verkauft ( Sunrise )
[01-03-2019 20:14:10]: Russ_Daniel74 hat ein Auto an Server verkauft ( Elegant )
[01-03-2019 20:14:46]: Russ_Daniel74 hat ein Auto gekauft ( Sunrise )
[01-03-2019 20:40:59]: Russ_Daniel74 hat ein Auto gekauft ( Oceanic )
[01-03-2019 21:01:34]: R32 hat ein Auto gekauft ( Elegant )
[01-03-2019 22:33:54]: evil.- hat ein Auto gekauft ( NRG-500 )
[02-03-2019 00:33:11]: rvty hat ein Auto gekauft ( Elegant )
[02-03-2019 09:56:37]: Stefan_lol123 hat ein Auto gekauft ( Bullet )
[02-03-2019 10:23:12]: lameHacker73 hat ein Auto gekauft ( Elegant )
[02-03-2019 11:22:33]: Skizz hat ein Auto gekauft ( Sabre )
[02-03-2019 11:25:12]: Chapo hat ein Auto gekauft ( Infernus )
[02-03-2019 11:44:25]: name151 hat ein Auto gekauft ( Sunrise )
[02-03-2019 13:52:28]: D4rkPlayZ hat ein Auto gekauft ( Euros )
[02-03-2019 14:15:24]: Russ_Daniel74 hat ein Auto an Server verkauft ( Sunrise )
[02-03-2019 15:03:55]: xJokeZz hat ein Auto gekauft ( Sultan )
[02-03-2019 15:43:58]: D4rkPlayZ hat ein Auto gekauft ( NRG-500 )
[02-03-2019 15:45:41]: D4rkPlayZ hat ein Auto an Server verkauft ( NRG-500 )
[02-03-2019 15:59:44]: D4rkPlayZ hat ein Auto gekauft ( NRG-500 )
[02-03-2019 16:00:41]: D4rkPlayZ hat ein Auto an Server verkauft ( NRG-500 )
[02-03-2019 17:25:47]: D4rkPlayZ hat ein Auto gekauft ( Hermes )
[02-03-2019 17:48:53]: D4rkPlayZ hat ein Auto gekauft ( Buffalo )
[02-03-2019 18:10:47]: lameHacker73 hat ein Auto gekauft ( Sunrise )
[02-03-2019 18:18:49]: lameHacker73 hat ein Auto gekauft ( Sunrise )
[02-03-2019 19:19:06]: NooFunk hat ein Auto gekauft ( Infernus )
[02-03-2019 21:35:45]: AlPacino hat ein Auto gekauft ( NRG-500 )
[02-03-2019 21:59:05]: R32 hat ein Auto gekauft ( Turismo )
[02-03-2019 21:59:32]: R32 hat ein Auto gekauft ( Infernus )
[02-03-2019 22:01:03]: R32 hat ein Auto gekauft ( Jester )
[02-03-2019 22:01:40]: R32 hat ein Auto gekauft ( Bullet )
[02-03-2019 22:49:45]: NumerousJunk0 hat ein Auto gekauft ( Jester )
[03-03-2019 00:06:55]: Sikici58 hat ein Auto gekauft ( Cheetah )
[03-03-2019 00:37:47]: rvty hat ein Auto an Server verkauft ( Elegant )
[03-03-2019 01:34:11]: LargePeach hat ein Auto gekauft ( Sunrise )
[03-03-2019 01:34:50]: LargePeach hat ein Auto gekauft ( Sunrise )
[03-03-2019 01:35:16]: LargePeach hat ein Auto gekauft ( Sunrise )
[03-03-2019 11:09:56]: Spahirstar hat ein Auto gekauft ( Infernus )
[03-03-2019 12:08:01]: LargePeach hat ein Auto an Server verkauft ( Sunrise )
[03-03-2019 12:08:09]: LargePeach hat ein Auto an Server verkauft ( Sunrise )
[03-03-2019 12:08:12]: LargePeach hat ein Auto an Server verkauft ( Sunrise )
[03-03-2019 12:40:13]: lameHacker73 hat ein Auto gekauft ( BF-400 )
[03-03-2019 13:20:12]: Andi97 hat ein Auto gekauft ( Elegant )
[03-03-2019 13:22:31]: LateSpot hat ein Auto gekauft ( Euros )
[03-03-2019 13:33:14]: Knacki hat ein Auto gekauft ( Cheetah )
[03-03-2019 13:58:29]: LateSpot hat ein Auto gekauft ( Euros )
[03-03-2019 14:35:39]: Andi97 hat ein Auto gekauft ( Euros )
[03-03-2019 14:44:52]: EzWiN hat ein Auto an Server verkauft ( Turismo )
[03-03-2019 14:55:23]: Andi97 hat ein Auto gekauft ( Euros )
[03-03-2019 16:16:49]: xEvoliX hat ein Auto gekauft ( Sultan )
[03-03-2019 16:52:38]: Chapo hat ein Auto gekauft ( Sultan )
[03-03-2019 17:46:42]: ReaPer hat ein Auto gekauft ( Hermes )
[03-03-2019 18:34:58]: DarkGothic hat ein Auto gekauft ( Hermes )
[03-03-2019 18:44:29]: DarkGothic hat ein Auto an Server verkauft ( Sunrise )
[03-03-2019 19:00:38]: DarkGothic hat ein Auto gekauft ( Oceanic )
[03-03-2019 19:13:24]: DarkGothic hat ein Auto gekauft ( Bullet )
[03-03-2019 19:13:43]: jumperkill hat ein Auto gekauft ( Elegy )
[03-03-2019 19:14:35]: DarkGothic hat ein Auto an Server verkauft ( Oceanic )
[03-03-2019 19:15:29]: DarkGothic hat ein Auto an Server verkauft ( Bullet )
[03-03-2019 19:15:36]: DarkGothic hat ein Auto gekauft ( Elegy )
[03-03-2019 19:32:01]: Dion hat ein Auto gekauft ( NRG-500 )
[03-03-2019 19:34:03]: jumperkill hat ein Auto gekauft ( Stretch )
[03-03-2019 20:27:43]: Lano hat ein Auto gekauft ( Bullet )
[03-03-2019 21:36:09]: uRAGE hat ein Auto gekauft ( Sabre )
[03-03-2019 22:20:22]: Blu3Xo hat ein Auto gekauft ( Elegy )
[03-03-2019 22:25:15]: Fore hat ein Auto gekauft ( Elegy )
[04-03-2019 00:49:12]: ferhatboy38 hat ein Auto gekauft ( Sultan )
[04-03-2019 12:07:07]: cihan_99 hat ein Auto gekauft ( Elegant )
[04-03-2019 14:35:54]: hurN. hat ein Auto gekauft ( Sunrise )
[04-03-2019 20:58:42]: Cyb3rClown hat ein Auto gekauft ( Uranus )
[04-03-2019 22:30:06]: PAiiiN hat ein Auto gekauft ( NRG-500 )
[05-03-2019 06:51:23]: Maqic.exe hat ein Auto gekauft ( Euros )
[05-03-2019 06:51:29]: Solid_Snake hat ein Auto gekauft ( Euros )
[05-03-2019 08:56:60]: Solid_Snake hat ein Auto an Server verkauft ( Elegant )
[05-03-2019 08:57:43]: Solid_Snake hat ein Auto gekauft ( Sultan )
[05-03-2019 12:36:41]: Lu_Mo hat ein Auto gekauft ( Sunrise )
[05-03-2019 13:01:51]: vinzblack hat ein Auto gekauft ( Sanchez )
[05-03-2019 13:08:25]: vinzblack hat ein Auto gekauft ( Sparrow )
[05-03-2019 13:47:56]: Screep hat ein Auto gekauft ( Elegant )
[05-03-2019 15:31:45]: L1B3R0_ASR hat ein Auto gekauft ( Sabre )
[05-03-2019 15:43:60]: PAiiiN hat ein Auto gekauft ( Sunrise )
[05-03-2019 15:53:29]: PAiiiN hat ein Auto gekauft ( NRG-500 )
[05-03-2019 16:03:09]: Sikici58 hat ein Auto gekauft ( Elegant )
[05-03-2019 16:42:27]: L1B3R0_ASR hat ein Auto gekauft ( Phoenix )
[05-03-2019 17:23:13]: AlumiX hat ein Auto gekauft ( Elegant )
[05-03-2019 17:37:18]: AlumiX hat ein Auto gekauft ( Euros )
[05-03-2019 17:49:16]: AlumiX hat ein Auto gekauft ( NRG-500 )
[05-03-2019 19:16:37]: L1B3R0_ASR hat ein Auto gekauft ( BF-400 )
[05-03-2019 19:33:16]: Aresshio25 hat ein Auto gekauft ( Sabre )
[05-03-2019 19:53:16]: Savage.Gamer hat ein Auto gekauft ( Elegant )
[05-03-2019 19:58:14]: Sikici58 hat ein Auto gekauft ( Sunrise )
[05-03-2019 20:08:43]: SchimmelBrot hat ein Auto gekauft ( NRG-500 )
[05-03-2019 20:21:26]: Solid_Snake hat ein Auto an Spieler angeboten ( Euros - vinzblack )
[05-03-2019 20:21:34]: vinzblack hat ein Auto von Solid_Snake gekauft ( 22500 - Euros )
[05-03-2019 20:22:37]: PAiiiN hat ein Auto gekauft ( Jester )
[05-03-2019 20:23:44]: KushHunter hat ein Auto gekauft ( Turismo )
[05-03-2019 20:27:22]: L1B3R0_ASR hat ein Auto an Server verkauft ( Phoenix )
[05-03-2019 20:27:57]: L1B3R0_ASR hat ein Auto gekauft ( Hermes )
[05-03-2019 20:30:26]: SonGoku hat ein Auto gekauft ( BF-400 )
[05-03-2019 20:40:28]: lol hat ein Auto gekauft ( NRG-500 )
[05-03-2019 20:44:17]: ZyklonB hat ein Auto gekauft ( NRG-500 )
[05-03-2019 21:40:18]: LastAttacker71 hat ein Auto an Spieler angeboten ( Bullet - Savage.Gamer )
[05-03-2019 21:40:25]: Savage.Gamer hat ein Auto von LastAttacker71 gekauft ( 1 - Bullet )
[05-03-2019 21:48:11]: Savage.Gamer hat ein Auto gekauft ( Elegant )
[06-03-2019 13:29:02]: Luca_Jordan hat ein Auto gekauft ( Bullet )
[06-03-2019 13:51:56]: jumperkill hat ein Auto an Server verkauft ( Elegy )
[06-03-2019 13:52:03]: jumperkill hat ein Auto an Server verkauft ( Stretch )
[06-03-2019 14:07:50]: jumperkill hat ein Auto gekauft ( Sabre )
[06-03-2019 14:21:21]: jumperkill hat ein Auto gekauft ( Cheetah )
[06-03-2019 14:26:25]: jumperkill hat ein Auto an Server verkauft ( Sabre )
[06-03-2019 14:32:33]: L1B3R0_ASR hat ein Auto gekauft ( Sabre )
[06-03-2019 15:14:11]: Solid_Snake hat ein Auto gekauft ( BF-400 )
[06-03-2019 15:19:09]: EinsSchoki hat ein Auto gekauft ( NRG-500 )
[06-03-2019 15:35:09]: L1B3R0_ASR hat ein Auto gekauft ( Sanchez )
[06-03-2019 15:47:11]: rvty hat ein Auto gekauft ( BF-400 )
[06-03-2019 16:41:52]: Savage.Gamer hat ein Auto gekauft ( Euros )
[06-03-2019 16:51:15]: ITZbrotLP hat ein Auto gekauft ( NRG-500 )
[06-03-2019 17:23:18]: L1B3R0_ASR hat ein Auto gekauft ( Elegy )
[06-03-2019 18:01:57]: skin hat ein Auto gekauft ( Turismo )
[06-03-2019 18:16:50]: Aresshio25 hat ein Auto gekauft ( Dodo )
[06-03-2019 19:35:48]: Retraix hat ein Auto gekauft ( NRG-500 )
[06-03-2019 19:46:08]: Aresshio25 hat ein Auto gekauft ( Infernus )
[06-03-2019 19:47:03]: Aresshio25 hat ein Auto an Server verkauft ( Sabre )
[06-03-2019 20:10:42]: BlxckPxnthxr hat ein Auto gekauft ( Elegant )
[06-03-2019 20:22:57]: Mr.Potato hat ein Auto gekauft ( Bullet )
[06-03-2019 20:39:52]: Pascal1234530 hat ein Auto gekauft ( Hermes )
[06-03-2019 21:48:57]: Maqic.exe hat ein Auto gekauft ( BF-400 )
[06-03-2019 21:52:33]: HackZ hat ein Auto gekauft ( Euros )
[06-03-2019 22:01:29]: Darkmaster hat ein Auto gekauft ( Sunrise )
[06-03-2019 22:19:56]: Darkmaster hat ein Auto an Server verkauft ( Sunrise )
[06-03-2019 22:20:04]: Darkmaster hat ein Auto gekauft ( Jester )
[06-03-2019 22:41:29]: BonezMCderEchte hat ein Auto gekauft ( Euros )
[06-03-2019 22:53:23]: BonezMCderEchte hat ein Auto gekauft ( Elegant )
[07-03-2019 01:27:06]: SonGoku hat ein Auto gekauft ( Tractor )
[07-03-2019 01:31:03]: Woschi123 hat ein Auto gekauft ( Elegant )
[07-03-2019 01:58:54]: Woschi123 hat ein Auto gekauft ( Bullet )
[07-03-2019 04:17:29]: Triguano hat ein Auto gekauft ( Jester )
[07-03-2019 04:39:40]: Triguano hat ein Auto gekauft ( Elegant )
[07-03-2019 16:19:46]: Kelox hat ein Auto gekauft ( Sunrise )
[07-03-2019 16:36:19]: Kelox hat ein Auto gekauft ( NRG-500 )
[07-03-2019 19:07:48]: LostKid hat ein Auto gekauft ( BF-400 )
[07-03-2019 19:19:02]: Deadaron hat ein Auto gekauft ( Sunrise )
[07-03-2019 19:21:53]: Deadaron hat ein Auto gekauft ( Elegant )
[07-03-2019 19:22:53]: Deadaron hat ein Auto an Server verkauft ( Elegant )
[07-03-2019 19:23:20]: Deadaron hat ein Auto an Server verkauft ( Sunrise )
[07-03-2019 19:23:44]: Deadaron hat ein Auto gekauft ( Sunrise )
[07-03-2019 19:32:51]: Deadaron hat ein Auto gekauft ( Euros )
[07-03-2019 19:33:13]: n0pe hat ein Auto gekauft ( Infernus )
[07-03-2019 19:33:38]: Deadaron hat ein Auto an Server verkauft ( Sunrise )
[07-03-2019 19:36:59]: Aresshio25 hat ein Auto an Server verkauft ( Dodo )
[07-03-2019 19:43:02]: LostKid hat ein Auto an Server verkauft ( BF-400 )
[07-03-2019 19:46:12]: LostKid hat ein Auto gekauft ( Infernus )
[07-03-2019 20:02:31]: Layesd_tv hat ein Auto gekauft ( Euros )
[07-03-2019 20:05:21]: L1B3R0_ASR hat ein Auto an Server verkauft ( Hermes )
[07-03-2019 20:05:34]: L1B3R0_ASR hat ein Auto gekauft ( Euros )
[07-03-2019 20:08:21]: Aresshio25 hat ein Auto gekauft ( Euros )
[07-03-2019 20:11:37]: Deadaron hat ein Auto gekauft ( Jester )
[07-03-2019 20:11:47]: Aresshio25 hat ein Auto an Server verkauft ( Euros )
[07-03-2019 20:12:03]: Deadaron hat ein Auto an Server verkauft ( Jester )
[07-03-2019 20:13:48]: Deadaron hat ein Auto gekauft ( Elegant )
[07-03-2019 20:13:54]: Deadaron hat ein Auto an Server verkauft ( Elegant )
[07-03-2019 21:32:08]: Darkmaster hat ein Auto an Spieler angeboten ( Jester - Solid_Snake )
[07-03-2019 21:32:36]: Darkmaster hat ein Auto an Spieler angeboten ( Jester - Solid_Snake )
[07-03-2019 21:36:29]: Active hat ein Auto gekauft ( NRG-500 )
[07-03-2019 21:37:23]: Darkmaster hat ein Auto an Spieler angeboten ( Jester - Solid_Snake )
[07-03-2019 21:37:41]: Darkmaster hat ein Auto an Spieler angeboten ( Jester - Solid_Snake )
[07-03-2019 21:37:57]: Darkmaster hat ein Auto an Spieler angeboten ( Jester - Solid_Snake )
[07-03-2019 21:38:12]: Darkmaster hat ein Auto an Spieler angeboten ( Jester - Solid_Snake )
[07-03-2019 21:38:33]: Darkmaster hat ein Auto an Spieler angeboten ( Jester - Solid_Snake )
[07-03-2019 21:38:38]: Solid_Snake hat ein Auto von Darkmaster gekauft ( 80000 - Jester )
[07-03-2019 21:40:06]: Solid_Snake hat ein Auto an Spieler angeboten ( Infernus - Darkmaster )
[07-03-2019 21:40:14]: Darkmaster hat ein Auto von Solid_Snake gekauft ( 1 - Infernus )
[07-03-2019 22:49:26]: Woschi123 hat ein Auto gekauft ( BF-400 )
[07-03-2019 22:55:43]: Maqic.exe hat ein Auto gekauft ( BF-400 )
[07-03-2019 22:59:50]: Woschi123 hat ein Auto gekauft ( Sultan )
[07-03-2019 22:59:59]: Luca_Jordan hat ein Auto gekauft ( Sultan )
[07-03-2019 23:00:05]: Savage.Gamer hat ein Auto gekauft ( Sultan )
[07-03-2019 23:39:39]: SonGoku hat ein Auto gekauft ( Elegant )
[08-03-2019 00:26:54]: GATANAMAN hat ein Auto gekauft ( Sunrise )
[08-03-2019 10:25:41]: Mortza04 hat ein Auto an Server verkauft ( Infernus )
[08-03-2019 14:48:59]: Kirin hat ein Auto gekauft ( NRG-500 )
[08-03-2019 15:21:56]: DraqZ hat ein Auto gekauft ( NRG-500 )
[08-03-2019 15:50:46]: Vega hat ein Auto gekauft ( Sultan )
[08-03-2019 15:55:14]: Kabo hat ein Auto gekauft ( Hermes )
[08-03-2019 17:33:42]: yRaas hat ein Auto gekauft ( Cheetah )
[08-03-2019 18:18:58]: Russ_Daniel74 hat ein Auto gekauft ( Euros )
[08-03-2019 18:46:32]: Capo hat ein Auto gekauft ( Sunrise )
[08-03-2019 19:25:27]: FFrozen hat ein Auto gekauft ( Sunrise )
[08-03-2019 19:52:18]: GamerU hat ein Auto gekauft ( Euros )
[08-03-2019 20:01:27]: Kirin hat ein Auto gekauft ( Infernus )
[08-03-2019 20:33:19]: Savage.Gamer hat ein Auto an Server verkauft ( Euros )
[08-03-2019 20:33:27]: Savage.Gamer hat ein Auto gekauft ( Mower )
[08-03-2019 21:31:22]: LateSpot hat ein Auto gekauft ( Jester )
[08-03-2019 23:13:26]: Lelek hat ein Auto gekauft ( Infernus )
[08-03-2019 23:49:36]: BenLaxer hat ein Auto gekauft ( Sunrise )
[09-03-2019 01:29:42]: schanzer hat ein Auto gekauft ( BF-400 )
[09-03-2019 02:25:21]: schanzer hat ein Auto gekauft ( BF-400 )
[09-03-2019 11:08:57]: PuzzledSpleen3 hat ein Auto gekauft ( Sunrise )
[09-03-2019 11:18:48]: PuzzledSpleen3 hat ein Auto an Server verkauft ( Sunrise )
[09-03-2019 11:19:18]: PuzzledSpleen3 hat ein Auto gekauft ( Sultan )
[09-03-2019 12:44:25]: PuzzledSpleen3 hat ein Auto gekauft ( Cheetah )
[09-03-2019 17:06:60]: lol hat ein Auto gekauft ( NRG-500 )
[09-03-2019 17:07:42]: lol hat ein Auto an Server verkauft ( NRG-500 )
[09-03-2019 17:48:46]: Jan1308 hat ein Auto gekauft ( BF-400 )
[09-03-2019 17:49:07]: RhySimon hat ein Auto gekauft ( NRG-500 )
[09-03-2019 17:53:34]: Zorro hat ein Auto gekauft ( Elegy )
[09-03-2019 18:00:56]: Katox hat ein Auto gekauft ( NRG-500 )
[09-03-2019 18:03:29]: BenLaxer hat ein Auto an Server verkauft ( Sunrise )
[09-03-2019 18:04:29]: BenLaxer hat ein Auto gekauft ( Sunrise )
[09-03-2019 18:09:57]: Nora hat ein Auto gekauft ( Sultan )
[09-03-2019 18:44:34]: Nora hat ein Auto gekauft ( Buccaneer )
[09-03-2019 19:00:12]: HitmanStyleZ hat ein Auto gekauft ( Sunrise )
[09-03-2019 19:03:01]: Nora hat ein Auto gekauft ( Flash )
[09-03-2019 19:03:33]: HitmanStyleZ hat ein Auto gekauft ( Buffalo )
[09-03-2019 19:09:44]: HitmanStyleZ hat ein Auto an Spieler angeboten ( Sunrise - Kirin )
[09-03-2019 19:10:13]: Kirin hat ein Auto von HitmanStyleZ gekauft ( 1 - Sunrise )
[09-03-2019 19:47:52]: Flori978 hat ein Auto gekauft ( NRG-500 )
[09-03-2019 21:02:07]: luca hat ein Auto gekauft ( Jester )
[09-03-2019 21:15:41]: luca hat ein Auto an Spieler angeboten ( Jester - ChillDoch )
[09-03-2019 22:08:58]: Dark hat ein Auto an Server verkauft ( Sunrise )
[09-03-2019 22:10:26]: AcTiive hat ein Auto gekauft ( Turismo )
[09-03-2019 22:37:27]: AcTiive hat ein Auto an Server verkauft ( Turismo )
[09-03-2019 23:25:51]: Decus. hat ein Auto gekauft ( Infernus )
[10-03-2019 00:12:54]: Vedetto hat ein Auto gekauft ( Cheetah )
[10-03-2019 00:21:13]: Vedetto hat ein Auto gekauft ( Infernus )
[10-03-2019 00:26:35]: Solid_Snake hat ein Auto gekauft ( Sabre )
[10-03-2019 00:38:20]: ChillDoch hat ein Auto gekauft ( Infernus )
[10-03-2019 01:20:56]: MightyTrucker23 hat ein Auto gekauft ( BF-400 )
[10-03-2019 01:30:37]: MightyTrucker23 hat ein Auto gekauft ( Bullet )
[10-03-2019 01:37:27]: MightyTrucker23 hat ein Auto an Server verkauft ( BF-400 )
[10-03-2019 01:39:31]: BenLaxer hat ein Auto an Server verkauft ( Sunrise )
[10-03-2019 01:40:59]: BenLaxer hat ein Auto gekauft ( Bullet )
[10-03-2019 02:29:44]: MightyTrucker23 hat ein Auto an Server verkauft ( Bullet )
[10-03-2019 02:34:22]: MightyTrucker23 hat ein Auto gekauft ( Cheetah )
[10-03-2019 02:36:01]: MightyTrucker23 hat ein Auto an Server verkauft ( Cheetah )
[10-03-2019 02:36:43]: MightyTrucker23 hat ein Auto gekauft ( Bullet )
[10-03-2019 02:57:02]: MightyTrucker23 hat ein Auto gekauft ( BF-400 )
[10-03-2019 03:05:22]: MightyTrucker23 hat ein Auto an Server verkauft ( BF-400 )
[10-03-2019 03:05:30]: XinLei hat ein Auto gekauft ( NRG-500 )
[10-03-2019 03:05:55]: MightyTrucker23 hat ein Auto gekauft ( NRG-500 )
[10-03-2019 04:06:11]: XinLei hat ein Auto an Server verkauft ( NRG-500 )
[10-03-2019 04:06:37]: MightyTrucker23 hat ein Auto an Server verkauft ( NRG-500 )
[10-03-2019 04:07:52]: MightyTrucker23 hat ein Auto an Server verkauft ( Bullet )
[10-03-2019 04:08:05]: XinLei hat ein Auto gekauft ( NRG-500 )
[10-03-2019 04:08:28]: MightyTrucker23 hat ein Auto gekauft ( NRG-500 )
[10-03-2019 05:08:53]: Dark hat ein Auto gekauft ( Sanchez )
[10-03-2019 06:54:04]: Dark hat ein Auto gekauft ( Sanchez )
[10-03-2019 07:27:18]: Dark hat ein Auto gekauft ( Sanchez )
[10-03-2019 11:31:39]: RoyaL hat ein Auto gekauft ( Sunrise )
[10-03-2019 12:04:05]: RoyaL hat ein Auto gekauft ( Faggio )
[10-03-2019 12:04:41]: RoyaL hat ein Auto an Server verkauft ( Faggio )
[10-03-2019 12:04:49]: RoyaL hat ein Auto an Server verkauft ( Sunrise )
[10-03-2019 12:25:58]: Mortza04 hat ein Auto gekauft ( Mower )
[10-03-2019 12:39:48]: RoyaL hat ein Auto gekauft ( Sunrise )
[10-03-2019 13:59:40]: RoyaL hat ein Auto an Server verkauft ( Sunrise )
[10-03-2019 14:00:25]: RoyaL hat ein Auto gekauft ( Infernus )
[10-03-2019 14:01:49]: Solid_Snake hat ein Auto gekauft ( NRG-500 )
[10-03-2019 14:01:53]: Layesd_tv hat ein Auto gekauft ( NRG-500 )
[10-03-2019 14:07:11]: Luca_Jordan hat ein Auto gekauft ( NRG-500 )
[10-03-2019 14:07:50]: Russ_Daniel74 hat ein Auto gekauft ( NRG-500 )
[10-03-2019 14:21:38]: R32 hat ein Auto gekauft ( NRG-500 )
[10-03-2019 14:41:45]: Layesd_tv hat ein Auto gekauft ( Dodo )
[10-03-2019 14:41:49]: Solid_Snake hat ein Auto gekauft ( Dodo )
[10-03-2019 14:42:03]: R32 hat ein Auto an Server verkauft ( Jester )
[10-03-2019 14:42:04]: Active hat ein Auto gekauft ( Dodo )
[10-03-2019 14:42:09]: R32 hat ein Auto gekauft ( Shamal )
[10-03-2019 14:42:10]: vinzblack hat ein Auto gekauft ( Dodo )
[10-03-2019 14:57:06]: Solid_Snake hat ein Auto gekauft ( Marquis )
[10-03-2019 15:29:10]: Active hat ein Auto gekauft ( Infernus )
[10-03-2019 17:20:14]: ElMatador hat ein Auto gekauft ( Hermes )
[10-03-2019 17:44:37]: XinLei hat ein Auto an Server verkauft ( NRG-500 )
[10-03-2019 17:45:35]: XinLei hat ein Auto gekauft ( NRG-500 )
[10-03-2019 17:48:09]: eslfreak hat ein Auto gekauft ( Euros )
[10-03-2019 18:12:41]: Bilal.Agabey hat ein Auto gekauft ( Jester )
[10-03-2019 18:13:39]: BenLaxer hat ein Auto gekauft ( NRG-500 )
[10-03-2019 18:20:51]: Bilal.Agabey hat ein Auto an Server verkauft ( Jester )
[10-03-2019 18:20:55]: Bilal.Agabey hat ein Auto gekauft ( Sultan )
[10-03-2019 18:29:47]: LargePeach hat ein Auto gekauft ( Journey )
[10-03-2019 18:53:48]: Luca_Jordan hat ein Auto gekauft ( Hotknife )
[10-03-2019 19:24:22]: luca hat ein Auto an Server verkauft ( Infernus )
[10-03-2019 19:24:26]: luca hat ein Auto an Server verkauft ( Euros )
[10-03-2019 19:24:31]: luca hat ein Auto an Server verkauft ( Jester )
[10-03-2019 19:49:01]: Lelek hat ein Auto an Server verkauft ( Infernus )
[10-03-2019 19:51:37]: Lelek hat ein Auto gekauft ( Turismo )
[10-03-2019 19:55:10]: Bilal.Agabey hat ein Auto gekauft ( Jester )
[10-03-2019 20:02:18]: Jan1308 hat ein Auto an Server verkauft ( BF-400 )
[10-03-2019 20:18:13]: iLimix hat ein Auto gekauft ( NRG-500 )
[10-03-2019 20:54:32]: Srb hat ein Auto gekauft ( Oceanic )
[10-03-2019 20:54:56]: gayviee hat ein Auto gekauft ( Bullet )
[10-03-2019 21:03:48]: JoviGeilo hat ein Auto gekauft ( Euros )
[10-03-2019 21:18:17]: MightyTrucker23 hat ein Auto an Server verkauft ( NRG-500 )
[10-03-2019 21:18:32]: MightyTrucker23 hat ein Auto gekauft ( NRG-500 )
[10-03-2019 21:36:19]: BenLaxer hat ein Auto an Server verkauft ( Bullet )
[10-03-2019 22:25:58]: MightyTrucker23 hat ein Auto gekauft ( Buffalo )
[10-03-2019 22:28:20]: BenLaxer hat ein Auto gekauft ( Elegy )
[10-03-2019 22:42:44]: Woschi123 hat ein Auto gekauft ( Sultan )
[10-03-2019 22:51:59]: BenLaxer hat ein Auto an Server verkauft ( NRG-500 )
[10-03-2019 22:52:05]: BenLaxer hat ein Auto an Server verkauft ( Elegy )
[10-03-2019 22:56:49]: BenLaxer hat ein Auto gekauft ( NRG-500 )
[10-03-2019 23:25:53]: MightyTrucker23 hat ein Auto gekauft ( Sparrow )
[10-03-2019 23:48:58]: Triguano hat ein Auto gekauft ( Sparrow )
[11-03-2019 03:06:47]: Vega hat ein Auto gekauft ( Jester )
[11-03-2019 04:36:06]: Katox hat ein Auto gekauft ( Sanchez )
[11-03-2019 15:28:60]: Vedetto hat ein Auto an Server verkauft ( Infernus )
[11-03-2019 15:30:39]: Vedetto hat ein Auto gekauft ( Euros )
[11-03-2019 15:33:16]: Vedetto hat ein Auto an Server verkauft ( Euros )
[11-03-2019 15:33:22]: Vedetto hat ein Auto gekauft ( Elegant )
[11-03-2019 15:40:47]: Vedetto hat ein Auto gekauft ( Uranus )
[11-03-2019 15:46:49]: n0pe hat ein Auto gekauft ( Bullet )
[11-03-2019 16:07:47]: Vedetto hat ein Auto an Server verkauft ( Uranus )
[11-03-2019 20:52:56]: iTzSaske hat ein Auto gekauft ( Bullet )
[11-03-2019 22:43:47]: DraqZ hat ein Auto gekauft ( Infernus )
[11-03-2019 23:39:17]: yRaas hat ein Auto gekauft ( Euros )
[12-03-2019 02:25:22]: NxA hat ein Auto gekauft ( BF-400 )
[12-03-2019 16:52:23]: ferhatboy38 hat ein Auto an Server verkauft ( Sultan )
[12-03-2019 17:31:36]: Bilal.Agabey hat ein Auto an Server verkauft ( Jester )
[14-03-2019 17:35:03]: Ralle hat ein Auto gekauft ( BF-400 )
[14-03-2019 18:31:21]: Bilal.Agabey hat ein Auto gekauft ( Freeway )
[14-03-2019 19:42:22]: Ralle hat ein Auto gekauft ( Sadler )
[14-03-2019 19:45:36]: Ralle hat ein Auto an Server verkauft ( BF-400 )
[14-03-2019 23:09:49]: RhySimon hat ein Auto gekauft ( Hotknife )
[16-03-2019 13:34:48]: RattenMensch hat ein Auto gekauft ( Sunrise )
[16-03-2019 13:48:19]: Meliodas_Sin hat ein Auto gekauft ( Sunrise )
[16-03-2019 14:29:15]: Habernoxx hat ein Auto gekauft ( Sabre )
[16-03-2019 14:52:30]: Russ_Daniel74 hat ein Auto an Server verkauft ( NRG-500 )
[16-03-2019 14:52:37]: Russ_Daniel74 hat ein Auto an Server verkauft ( Euros )
[16-03-2019 14:53:30]: Russ_Daniel74 hat ein Auto an Server verkauft ( Jester )
[16-03-2019 15:03:08]: Russ_Daniel74 hat ein Auto gekauft ( Infernus )
[17-03-2019 11:42:54]: AwakeBooger82 hat ein Auto gekauft ( BF-400 )
[17-03-2019 20:14:08]: LargePeach hat ein Auto gekauft ( Turismo )
[17-03-2019 23:56:31]: xEvoliX hat ein Auto an Server verkauft ( Sunrise )
[19-03-2019 08:37:54]: xEvoliX hat ein Auto gekauft ( Sultan )
[20-03-2019 09:52:16]: Prinzsessin hat ein Auto gekauft ( BF-400 )
[20-03-2019 10:16:10]: Prinzsessin hat ein Auto an Server verkauft ( BF-400 )
