[11-12-2018 11:14:38]: #0078c8Werbung von #ffffffSolid_Snake#0078c8 [Handy: 6695736]: test
[12-12-2018 11:32:16]: #0078c8Werbung von #ffffffzeref#0078c8 [Handy: 7914468]: hey
[12-12-2018 13:07:44]: #0078c8Werbung von #ffffffSolid_Snake#0078c8 [Handy: 6695736]: suche grünes
[12-12-2018 13:59:40]: #0078c8Werbung von #ffffffzeref#0078c8 [Handy: 7914468]: Hells Angels verbuggt nur noch nebel
[13-12-2018 18:03:51]: #0078c8Werbung von #ffffffFore#0078c8 [Handy: 6182251]: Aztecas und Mafia haben Bündniss
[13-12-2018 20:46:24]: #0078c8Werbung von #ffffffSlowman#0078c8 [Handy: 4544833]: Absofort haben die Ballas mit den Grovlern ein Bündniss
[14-12-2018 16:28:41]: #0078c8Werbung von #ffffffdvniel838#0078c8 [Handy: 8492072]: join s.f.p.d
[14-12-2018 17:26:40]: #0078c8Werbung von #ffffffLargePeach#0078c8 [Handy: 2011624]: Das F.B.I. sucht aktive Member mit Ts3.
[14-12-2018 19:17:52]: #0078c8Werbung von #fffffflaNo-#0078c8 [Handy: 4663684]: Die Los Aztecas hat Krieg mit jede böse Fraktion außer Mafia
[14-12-2018 19:32:36]: #0078c8Werbung von #ffffffFore#0078c8 [Handy: 6182251]: Mafia hat Krieg mit Jedem außer Los Aztecas
[14-12-2018 23:59:57]: #0078c8Werbung von #ffffffViper.exe#0078c8 [Handy: 6388788]: Triaden und Mafia haben nun Bündniss :3
[15-12-2018 00:06:08]: #0078c8Werbung von #ffffffViper.exe#0078c8 [Handy: 6388788]: Krieg mit Ballas
[15-12-2018 12:12:19]: #0078c8Werbung von #ffffffRudeL#0078c8 [Handy: 9980619]: die Compton Familiys sucht noch Aktive Member!
[15-12-2018 14:00:56]: #0078c8Werbung von #ffffffRudeL#0078c8 [Handy: 9980619]: die "Grove" Sucht noch Member!
[15-12-2018 14:20:53]: #0078c8Werbung von #ffffffLargePeach#0078c8 [Handy: 2011624]: Die Staatsfraktioen (PD,FBI,Army) suchen Member
[15-12-2018 15:39:04]: #0078c8Werbung von #ffffffViper.exe#0078c8 [Handy: 6388788]: Triaden hat mit allen Krieg außer mit Mafia :)
[15-12-2018 19:42:20]: #0078c8Werbung von #ffffffFELIX#0078c8 [Handy: 8882535]: atzen sucht tk boy melden
[15-12-2018 19:48:26]: #0078c8Werbung von #ffffffLargePeach#0078c8 [Handy: 2011624]: Die Staatsfraktionen suchen Member, bei Interesse gerne melden :)
[15-12-2018 20:11:23]: #0078c8Werbung von #ffffffLargePeach#0078c8 [Handy: 2011624]: Die Staatsfraktionen suchen Member, bei Interesse gerne melden :)
[15-12-2018 20:55:37]: #0078c8Werbung von #ffffffFELIX#0078c8 [Handy: 8882535]: Kaufe Autos
[15-12-2018 21:10:54]: #0078c8Werbung von #ffffffRudeL#0078c8 [Handy: 9980619]: Die "Grove" Sucht noch Member!
[15-12-2018 22:05:58]: #0078c8Werbung von #ffffffFELIX#0078c8 [Handy: 8882535]: Atzen sucht member ruft an
[15-12-2018 22:11:52]: #0078c8Werbung von #ffffffPr1nceXo#0078c8 [Handy: 4087597]: Die Fraktion SFPD sucht Mitglieder!
[15-12-2018 22:19:57]: #0078c8Werbung von #ffffffLargePeach#0078c8 [Handy: 2011624]: Die US Army sucht Member
[15-12-2018 22:25:05]: #0078c8Werbung von #ffffffExo_Ghost#0078c8 [Handy: 3644169]: Suche Fraktion:D
[15-12-2018 22:27:43]: #0078c8Werbung von #ffffffHaftbefehl.#0078c8 [Handy: 9409591]: Die Aztecen suchen aktiv e member meldet euch im ts bei interesse
[15-12-2018 22:28:60]: #0078c8Werbung von #ffffffLargePeach#0078c8 [Handy: 2011624]: Die US Army sucht Member
[15-12-2018 22:39:09]: #0078c8Werbung von #ffffffHaftbefehl.#0078c8 [Handy: 9409591]: Atzen suchen member einfach im ts oder im forum bewerben
[15-12-2018 22:48:14]: #0078c8Werbung von #ffffffRudeL#0078c8 [Handy: 9980619]: Suche eine Fraktion
[15-12-2018 23:12:44]: #0078c8Werbung von #ffffffdvniel838#0078c8 [Handy: 8492072]: //Army und S.F.P.D suchen nach aktiven Usern\\
[15-12-2018 23:13:22]: #0078c8Werbung von #ffffffdvniel838#0078c8 [Handy: 8492072]: Interesse ? meldet euch bei LargePeach oder Nordmann
[15-12-2018 23:19:32]: #0078c8Werbung von #ffffffFore#0078c8 [Handy: 6182251]: Triaden haben Krieg mit Mafia
[16-12-2018 13:21:33]: #0078c8Werbung von #ffffffDragonTuchel#0078c8 [Handy: 1643591]: braucht ihr sportmotor oder bremse bitte ein mechaniker melden
[16-12-2018 13:41:42]: #0078c8Werbung von #ffffffRudeL#0078c8 [Handy: 9980619]: Die AOD und Mafia haben nun ein Bündniss!
[16-12-2018 14:16:47]: #0078c8Werbung von #ffffffRudeL#0078c8 [Handy: 9980619]: Die Mafia suchen noch Member!
[16-12-2018 14:18:43]: #0078c8Werbung von #ffffffRudeL#0078c8 [Handy: 9980619]: Mafia sucht Member :D
[16-12-2018 15:11:02]: #0078c8Werbung von #ffffffWesley7651#0078c8 [Handy: 4212104]: AoD , Wir suchen immer noch Mitglieder
[16-12-2018 16:14:29]: #0078c8Werbung von #ffffffLargePeach#0078c8 [Handy: 2011624]: Die Staatsfraktionen suchen Member, bei Interesse gerne melden :)
[16-12-2018 17:03:32]: #0078c8Werbung von #ffffffLargePeach#0078c8 [Handy: 2011624]: Die Staatsfraktionen suchen Member, bei Interesse gerne melden :)
[16-12-2018 17:35:45]: #0078c8Werbung von #ffffffLargePeach#0078c8 [Handy: 2011624]: Die Staatsfraktionen suchen Member, bei Interesse gerne melden :)
[16-12-2018 17:51:52]: #0078c8Werbung von #ffffffHaftbefehl.#0078c8 [Handy: 9409591]: Nach langer zeit haben wir es geschafft sie gehört uns
[16-12-2018 19:50:18]: #0078c8Werbung von #ffffffWesley7651#0078c8 [Handy: 4212104]: Aod Sucht Members
[26-02-2019 20:25:25]: #FFFF00Werbung von #009900Takin#FFFF00 [Handy: 3714803]: wie komm ich ins mod menü#
[26-02-2019 20:28:06]: #FFFF00Werbung von #009900Zorro#FFFF00 [Handy: 8068541]: L.A ~ hat nun mit allen Bösen Fraktionen Krieg! :^)
[26-02-2019 20:41:26]: #FFFF00Werbung von #009900vinzblack#FFFF00 [Handy: 5583728]: vk Rasenmäher für 3500vb
[26-02-2019 20:49:40]: #FFFF00Werbung von #009900Solid_Snake#FFFF00 [Handy: 3777297]: S.F.P.D Leader gesucht
[26-02-2019 20:56:27]: #FFFF00Werbung von #009900vinzblack#FFFF00 [Handy: 5583728]: vk Rasenmäher vb
[26-02-2019 21:59:16]: #FFFF00Werbung von #009900vinzblack#FFFF00 [Handy: 5583728]: Vk Grünes vb
[27-02-2019 01:20:17]: #FFFF00Werbung von #009900vinzblack#FFFF00 [Handy: 5583728]: Brotherhood sucht aktive Member
[27-02-2019 01:46:37]: #FFFF00Werbung von #009900vinzblack#FFFF00 [Handy: 5583728]: Brotherhood sucht aktive Member
[27-02-2019 13:01:05]: #FFFF00Werbung von #009900SimplyIsGay#FFFF00 [Handy: 4341183]: Kaufe deagle :)
[27-02-2019 14:46:22]: #FFFF00Werbung von #009900LastAttacker71#FFFF00 [Handy: 4067436]: Sportmotor kostet bei Mechaniker 50% billiger
[27-02-2019 14:54:21]: #FFFF00Werbung von #009900Mortza04#FFFF00 [Handy: 4069184]: Die Ballas sucht Leute
[27-02-2019 14:57:33]: #FFFF00Werbung von #009900LastAttacker71#FFFF00 [Handy: 4067436]: Sportmotor kostet bei Mechaniker 50% billiger
[27-02-2019 15:01:34]: #FFFF00Werbung von #009900Mortza04#FFFF00 [Handy: 4069184]: Die Ballas sucht richtige Gangster
[27-02-2019 15:02:58]: #FFFF00Werbung von #009900LastAttacker71#FFFF00 [Handy: 4067436]: Sportmotor kostet bei Mechaniker 50% billiger
[27-02-2019 15:05:14]: #FFFF00Werbung von #009900Cjdasoriginal#FFFF00 [Handy: 7462401]: ist noch was in der mafia frei
[27-02-2019 15:06:01]: #FFFF00Werbung von #009900LastAttacker71#FFFF00 [Handy: 4067436]: Sportmotor kostet bei Mechaniker 50% billiger
[27-02-2019 15:16:14]: #FFFF00Werbung von #009900Cjdasoriginal#FFFF00 [Handy: 7462401]: kann man arbeiten gehen
[27-02-2019 15:20:24]: #FFFF00Werbung von #009900LastAttacker71#FFFF00 [Handy: 4067436]: Sportmotor kostet bei Mechaniker 50% billiger
[27-02-2019 15:27:58]: #FFFF00Werbung von #009900LastAttacker71#FFFF00 [Handy: 4067436]: Sportmotor kostet bei Mechaniker 50% billiger
[27-02-2019 15:33:18]: #FFFF00Werbung von #009900LastAttacker71#FFFF00 [Handy: 4067436]: Sportmotor kostet bei Mechaniker 50% billiger
[27-02-2019 15:37:38]: #FFFF00Werbung von #009900LastAttacker71#FFFF00 [Handy: 4067436]: Sportmotor kostet bei Mechaniker 50% billiger
[27-02-2019 15:42:06]: #FFFF00Werbung von #009900LastAttacker71#FFFF00 [Handy: 4067436]: Sportmotor kostet bei Mechaniker 50% billiger
[27-02-2019 15:57:40]: #FFFF00Werbung von #009900Solid_Snake#FFFF00 [Handy: 3777297]: SFPD sucht member
[27-02-2019 15:58:60]: #FFFF00Werbung von #009900xEvoliX#FFFF00 [Handy: 8960079]: FBI sucht member
[27-02-2019 16:10:58]: #FFFF00Werbung von #009900xEvoliX#FFFF00 [Handy: 8960079]: FBI sucht member
[27-02-2019 16:18:51]: #FFFF00Werbung von #009900LastAttacker71#FFFF00 [Handy: 4067436]: Sportmotor kostet bei Mechaniker 50% billiger
[27-02-2019 16:27:39]: #FFFF00Werbung von #009900LastAttacker71#FFFF00 [Handy: 4067436]: Sportmotor kostet bei Mechaniker 50% billiger
[27-02-2019 16:34:35]: #FFFF00Werbung von #009900LastAttacker71#FFFF00 [Handy: 4067436]: Sportmotor kostet bei Mechaniker 50% billiger
[27-02-2019 16:58:43]: #FFFF00Werbung von #009900xEvoliX#FFFF00 [Handy: 8960079]: FBI sucht member
[27-02-2019 17:10:10]: #FFFF00Werbung von #009900xEvoliX#FFFF00 [Handy: 8960079]: FBI sucht member, Call me !
[27-02-2019 17:18:25]: #FFFF00Werbung von #009900LastAttacker71#FFFF00 [Handy: 4067436]: Sportmotor kostet bei Mechaniker 50% billiger
[27-02-2019 17:24:14]: #FFFF00Werbung von #009900Habernoxx#FFFF00 [Handy: 4599103]: brauche Taxi zahle gut
[27-02-2019 17:30:55]: #FFFF00Werbung von #009900LastAttacker71#FFFF00 [Handy: 4067436]: Sportmotor kostet bei Mechaniker 50% billiger
[27-02-2019 17:33:25]: #FFFF00Werbung von #009900LastAttacker71#FFFF00 [Handy: 4067436]: Sportmotor etc. kostet bei Mechaniker 50% billiger
[27-02-2019 17:39:07]: #FFFF00Werbung von #009900LastAttacker71#FFFF00 [Handy: 4067436]: Sportmotor etc. kostet bei Mechaniker 50% billiger call me
[27-02-2019 17:48:10]: #FFFF00Werbung von #009900LastAttacker71#FFFF00 [Handy: 4067436]: Sportmotor etc. kostet bei Mechaniker 50% billiger call me
[27-02-2019 17:58:60]: #FFFF00Werbung von #009900LastAttacker71#FFFF00 [Handy: 4067436]: Sportmotor etc. kostet bei Mechaniker 50% billiger call me
[27-02-2019 18:11:41]: #FFFF00Werbung von #009900LastAttacker71#FFFF00 [Handy: 4067436]: Sportmotor etc. kostet bei Mechaniker 50% billiger call me
[27-02-2019 18:32:27]: #FFFF00Werbung von #009900Zorro#FFFF00 [Handy: 8068541]: Verkaufe Comet :^) /call me
[27-02-2019 19:13:09]: #FFFF00Werbung von #009900LastAttacker71#FFFF00 [Handy: 4067436]: Sportmotor etc. kostet bei Mechaniker 50% billiger call me
[27-02-2019 19:55:50]: #FFFF00Werbung von #009900LastAttacker71#FFFF00 [Handy: 4067436]: Sportmotor etc. kostet bei Mechaniker 50% billiger call me
[27-02-2019 20:06:34]: #FFFF00Werbung von #009900vinzblack#FFFF00 [Handy: 5583728]: suche sportmotor 3 sponsor preis dafür ein schlüssel von mein auto
[27-02-2019 20:08:10]: #FFFF00Werbung von #009900LastAttacker71#FFFF00 [Handy: 4067436]: Sportmotor etc. kostet bei Mechaniker 50% billiger call me
[27-02-2019 20:20:06]: #FFFF00Werbung von #009900LastAttacker71#FFFF00 [Handy: 4067436]: K Bullet
[27-02-2019 20:32:43]: #FFFF00Werbung von #009900FELIX#FFFF00 [Handy: 1327749]: Suche Frak
[27-02-2019 20:34:28]: #FFFF00Werbung von #009900LastAttacker71#FFFF00 [Handy: 4067436]: Sportmotor etc. kostet bei Mechaniker 50% billiger call me
[27-02-2019 21:14:04]: #FFFF00Werbung von #009900EzWiN#FFFF00 [Handy: 1013161]: m1n car is kaputt hi
[27-02-2019 22:33:40]: #FFFF00Werbung von #009900skin#FFFF00 [Handy: 4681088]: suche fraki
[27-02-2019 22:34:54]: #FFFF00Werbung von #009900rufen,#FFFF00 [Handy: 5217507]: Die Atzen haben mit Jeder b Fraki absofort Krieg!
[27-02-2019 22:45:44]: #FFFF00Werbung von #009900rufen,#FFFF00 [Handy: 5217507]: Die Atzen suchen neue osmembros!
[27-02-2019 23:00:43]: #FFFF00Werbung von #009900EzWiN#FFFF00 [Handy: 1013161]: Kaufe FT Comet//Turi//Remi//Infi// Alles mögliche
[27-02-2019 23:29:08]: #FFFF00Werbung von #009900skin#FFFF00 [Handy: 4681088]: wetter change pls
[27-02-2019 23:54:14]: #FFFF00Werbung von #009900Jerusalem#FFFF00 [Handy: 2070561]: gibs hier /report?
[27-02-2019 23:59:09]: #FFFF00Werbung von #009900SAINT-#FFFF00 [Handy: 3746206]: suche fraktion am besten böse !
[28-02-2019 00:13:07]: #FFFF00Werbung von #009900Keno#FFFF00 [Handy: 4652859]: Verkaufe 2kg Weed
[28-02-2019 00:15:29]: #FFFF00Werbung von #009900ButterBrot#FFFF00 [Handy: 4246751]: Dddos in coming :P
[28-02-2019 00:17:54]: #FFFF00Werbung von #009900SAINT-#FFFF00 [Handy: 3746206]: junge seid ihr behindert sagt doch an dass ihr irgendwas an macht
[28-02-2019 11:16:06]: #FFFF00Werbung von #009900EzWiN#FFFF00 [Handy: 1013161]: kaufe NPC cars
[28-02-2019 13:39:50]: #FFFF00Werbung von #009900Chapo#FFFF00 [Handy: 7273321]: kann sich ein admin mal bitte bei mir meldne
[28-02-2019 15:02:32]: #FFFF00Werbung von #009900Bandita.Yuuki-#FFFF00 [Handy: 8480226]: compton falimy suche tk buy
[28-02-2019 16:19:19]: #FFFF00Werbung von #009900cihan_99#FFFF00 [Handy: 126201]: F EUCH
[28-02-2019 16:20:09]: #FFFF00Werbung von #009900Lorenzo#FFFF00 [Handy: 7644937]: hallo meine Lieben
[28-02-2019 16:21:35]: #FFFF00Werbung von #009900LastAttacker71#FFFF00 [Handy: 4067436]: Sportmotor etc. kostet bei Mechaniker 50% billiger call me
[28-02-2019 16:29:07]: #FFFF00Werbung von #009900LastAttacker71#FFFF00 [Handy: 4067436]: Sportmotor etc. kostet bei Mechaniker 50% billiger call me
[28-02-2019 16:49:14]: #FFFF00Werbung von #009900LastAttacker71#FFFF00 [Handy: 4067436]: Sportmotor etc. kostet bei Mechaniker 50% billiger call me
[28-02-2019 17:12:51]: #FFFF00Werbung von #009900Nano.exe#FFFF00 [Handy: 178035]: Scheis sdm server
[28-02-2019 17:15:31]: #FFFF00Werbung von #009900Chapo#FFFF00 [Handy: 7273321]: s fraki
[28-02-2019 17:30:08]: #FFFF00Werbung von #009900LastAttacker71#FFFF00 [Handy: 4067436]: Sportmotor etc. kostet bei Mechaniker 50% billiger call me
[28-02-2019 17:39:28]: #FFFF00Werbung von #009900LastAttacker71#FFFF00 [Handy: 4067436]: Sportmotor etc. kostet bei Mechaniker 50% billiger call me
[28-02-2019 18:00:08]: #FFFF00Werbung von #009900rufen,#FFFF00 [Handy: 5217507]: Die Atzen haben mit jeder Fraktion Krieg!
[28-02-2019 18:40:44]: #FFFF00Werbung von #009900LastAttacker71#FFFF00 [Handy: 4067436]: Sportmotor etc. kostet bei Mechaniker 50% billiger call me
[28-02-2019 19:02:05]: #FFFF00Werbung von #009900LastAttacker71#FFFF00 [Handy: 4067436]: Sportmotor etc. kostet bei Mechaniker 50% billiger call me
[28-02-2019 19:20:30]: #FFFF00Werbung von #009900LastAttacker71#FFFF00 [Handy: 4067436]: Sportmotor etc. kostet bei Mechaniker 50% billiger call me
[28-02-2019 19:58:40]: #FFFF00Werbung von #009900rndm#FFFF00 [Handy: 6807792]: Suchen GW Gegner
[28-02-2019 20:10:34]: #FFFF00Werbung von #009900LastAttacker71#FFFF00 [Handy: 4067436]: Sportmotor etc. kostet bei Mechaniker 50% billiger call me
[28-02-2019 20:25:33]: #FFFF00Werbung von #009900AndersBreivik#FFFF00 [Handy: 9068330]: Ja aber deine mutter war die ganze zeit tot oder?
[28-02-2019 20:26:18]: #FFFF00Werbung von #009900AndersBreivik#FFFF00 [Handy: 9068330]: Zorro und dich hätte ich mit dem koran vergewaltigt
[28-02-2019 20:27:10]: #FFFF00Werbung von #009900Jerusalem#FFFF00 [Handy: 2070561]: Warum darf es Zorro?
[28-02-2019 20:37:16]: #FFFF00Werbung von #009900LastAttacker71#FFFF00 [Handy: 4067436]: Sportmotor etc. kostet bei Mechaniker 50% billiger call me
[28-02-2019 20:38:27]: #FFFF00Werbung von #009900LastAttacker71#FFFF00 [Handy: 4067436]: Sportmotor etc. kostet bei Mechaniker 50% billiger call me
[28-02-2019 20:45:14]: #FFFF00Werbung von #009900rufen,#FFFF00 [Handy: 5217507]: Die Atzen haben mit jeder B Fraki Krieg!
[28-02-2019 21:03:01]: #FFFF00Werbung von #009900vinzblack#FFFF00 [Handy: 5583728]: biete mich als taxifahrer aller art an
[28-02-2019 21:37:23]: #FFFF00Werbung von #009900rvty#FFFF00 [Handy: 800005]: Ballas und Triaden haben nun ein Bündnis!
[28-02-2019 21:49:06]: #FFFF00Werbung von #009900Zorro#FFFF00 [Handy: 8068541]: Verkaufe Comet :^)
[28-02-2019 21:59:22]: #FFFF00Werbung von #009900rufen,#FFFF00 [Handy: 5217507]: FBI und Atzen haben bündniss
[28-02-2019 22:00:08]: #FFFF00Werbung von #009900jumperkill#FFFF00 [Handy: 2530002]: suche ein gut haus zum wohnen wer hat eins den
[28-02-2019 22:04:49]: #FFFF00Werbung von #009900jumperkill#FFFF00 [Handy: 2530002]: ich such jetzt ein haus wo ist das den
[01-03-2019 14:42:42]: #FFFF00Werbung von #009900LastAttacker71#FFFF00 [Handy: 4067436]: Sportmotor etc. kostet bei Mechaniker 50% billiger call me
[01-03-2019 15:12:15]: #FFFF00Werbung von #009900LastAttacker71#FFFF00 [Handy: 4067436]: Sportmotor etc. kostet bei Mechaniker 50% billiger call me
[01-03-2019 15:38:51]: #FFFF00Werbung von #009900rndm#FFFF00 [Handy: 6807792]: vk ZR-350
[01-03-2019 16:36:56]: #FFFF00Werbung von #009900Chapo#FFFF00 [Handy: 7273321]: s . Fraki
[01-03-2019 16:43:41]: #FFFF00Werbung von #009900LastAttacker71#FFFF00 [Handy: 4067436]: Sportmotor etc. kostet bei Mechaniker 50% billiger call me
[01-03-2019 17:49:19]: #FFFF00Werbung von #009900rndm#FFFF00 [Handy: 6807792]: AoD sucht Mitglieder
[01-03-2019 18:16:10]: #FFFF00Werbung von #009900LastAttacker71#FFFF00 [Handy: 4067436]: Sportmotor etc. kostet bei Mechaniker 50% billiger call me
[01-03-2019 18:22:48]: #FFFF00Werbung von #009900LastAttacker71#FFFF00 [Handy: 4067436]: Sportmotor etc. kostet bei Mechaniker 50% billiger call me
[01-03-2019 18:23:33]: #FFFF00Werbung von #009900LastAttacker71#FFFF00 [Handy: 4067436]: Sportmotor etc. kostet bei Mechaniker billiger call me
[01-03-2019 18:52:31]: #FFFF00Werbung von #009900Zorro#FFFF00 [Handy: 8068541]: VK Comet
[01-03-2019 20:36:29]: #FFFF00Werbung von #009900Zorro#FFFF00 [Handy: 8068541]: Verkaufe Comet
[01-03-2019 20:58:15]: #FFFF00Werbung von #009900BelesciSaban#FFFF00 [Handy: 5335646]: wie fehler haft?
[01-03-2019 21:28:44]: #FFFF00Werbung von #009900rndm#FFFF00 [Handy: 6807792]: Atztecas sucht Gegner
[02-03-2019 09:47:47]: #FFFF00Werbung von #009900Stefan_lol123#FFFF00 [Handy: 408205]: suche fraktion!!!!
[02-03-2019 10:14:24]: #FFFF00Werbung von #009900LastAttacker71#FFFF00 [Handy: 4067436]: Sportmotor etc. kostet bei Mechaniker billiger call me
[02-03-2019 11:39:18]: #FFFF00Werbung von #009900Stefan_lol123#FFFF00 [Handy: 408205]: suche fraktion!!!
[02-03-2019 12:51:15]: #FFFF00Werbung von #009900LastAttacker71#FFFF00 [Handy: 4067436]: Sportmotor etc. kostet bei Mechaniker billiger call me
[02-03-2019 13:39:16]: #FFFF00Werbung von #009900LastAttacker71#FFFF00 [Handy: 4067436]: Sportmotor etc. kostet bei Mechaniker billiger call me
[02-03-2019 13:51:33]: #FFFF00Werbung von #009900LastAttacker71#FFFF00 [Handy: 4067436]: Sportmotor etc. kostet bei Mechaniker billiger call me
[02-03-2019 14:21:46]: #FFFF00Werbung von #009900rufen,#FFFF00 [Handy: 5217507]: Suche 1vs1 gegner
[02-03-2019 14:24:03]: #FFFF00Werbung von #009900LastAttacker71#FFFF00 [Handy: 4067436]: Sportmotor etc. kostet bei Mechaniker billiger call me
[02-03-2019 14:24:36]: #FFFF00Werbung von #009900rufen,#FFFF00 [Handy: 5217507]: Suche 1vs1 Gegner!
[02-03-2019 14:35:50]: #FFFF00Werbung von #009900LastAttacker71#FFFF00 [Handy: 4067436]: Sportmotor etc. kostet bei Mechaniker billiger call me
[02-03-2019 14:51:17]: #FFFF00Werbung von #009900Stefan_lol123#FFFF00 [Handy: 408205]: suche bitte eine fraktion!
[02-03-2019 15:07:60]: #FFFF00Werbung von #009900LastAttacker71#FFFF00 [Handy: 4067436]: Sportmotor etc. kostet bei Mechaniker billiger call me
[02-03-2019 15:13:06]: #FFFF00Werbung von #009900Solid_Snake#FFFF00 [Handy: 3777297]: S.F.P.D bietet Personenschutz
[02-03-2019 15:16:08]: #FFFF00Werbung von #009900rvty#FFFF00 [Handy: 800005]: Triaden haben nun ein Bündniss mit Italian Mafia!!
[02-03-2019 15:18:04]: #FFFF00Werbung von #009900LastAttacker71#FFFF00 [Handy: 4067436]: Sportmotor etc. kostet bei Mechaniker billiger call me
[02-03-2019 15:28:16]: #FFFF00Werbung von #009900Solid_Snake#FFFF00 [Handy: 3777297]: Suche Taxi , zahle bis zu 3 k
[02-03-2019 15:53:60]: #FFFF00Werbung von #009900LastAttacker71#FFFF00 [Handy: 4067436]: Sportmotor etc. kostet bei Mechaniker billiger call me
[02-03-2019 16:12:02]: #FFFF00Werbung von #009900LastAttacker71#FFFF00 [Handy: 4067436]: Sportmotor etc. kostet bei Mechaniker billiger call me
[02-03-2019 16:35:12]: #FFFF00Werbung von #009900R32#FFFF00 [Handy: 3541854]: ich ^^
[02-03-2019 16:58:20]: #FFFF00Werbung von #009900rndm#FFFF00 [Handy: 6807792]: VK ZR-350
[02-03-2019 17:50:07]: #FFFF00Werbung von #009900Felix123#FFFF00 [Handy: 9422955]: AOD sucht aktive member meldet euch bei uns
[02-03-2019 19:48:51]: #FFFF00Werbung von #009900Dennis.Air#FFFF00 [Handy: 1703624]: Kaufe Autos
[02-03-2019 19:56:05]: #FFFF00Werbung von #009900Dennis.Air#FFFF00 [Handy: 1703624]: Dennis.Air, ich fick euch wie ein Bär!
[02-03-2019 20:01:28]: #FFFF00Werbung von #009900Dennis.Air#FFFF00 [Handy: 1703624]: lameHacker73 du süßer
[02-03-2019 20:04:48]: #FFFF00Werbung von #009900Dennis.Air#FFFF00 [Handy: 1703624]: 88 Schwabbeltitten werden auch einmal geritten
[02-03-2019 20:06:34]: #FFFF00Werbung von #009900Dennis.Air#FFFF00 [Handy: 1703624]: Chapo bist n nooooooob
[02-03-2019 20:11:25]: #FFFF00Werbung von #009900Dennis.Air#FFFF00 [Handy: 1703624]: Chapo wissen wer die Babas sind.
[02-03-2019 20:12:44]: #FFFF00Werbung von #009900Dennis.Air#FFFF00 [Handy: 1703624]: Unterschied zwischen Flüchtling & Corsa? Corsa hat Papiere.
[02-03-2019 20:13:60]: #FFFF00Werbung von #009900Dennis.Air#FFFF00 [Handy: 1703624]: Chapo du bist schlecht
[02-03-2019 20:15:54]: #FFFF00Werbung von #009900Dennis.Air#FFFF00 [Handy: 1703624]: Chapo du bist schlechter als meine Grüne Salami
[02-03-2019 20:18:48]: #FFFF00Werbung von #009900Dennis.Air#FFFF00 [Handy: 1703624]: Chapo du Looser. Ich will Boxfight und du lauch kommst mit Deagle. xD
[02-03-2019 20:21:58]: #FFFF00Werbung von #009900Dennis.Air#FFFF00 [Handy: 1703624]: Chapo du noob 2x Kill in SZ hahaha
[02-03-2019 20:23:49]: #FFFF00Werbung von #009900Dennis.Air#FFFF00 [Handy: 1703624]: Chapo NOOOOOB
[02-03-2019 20:28:56]: #FFFF00Werbung von #009900Dennis.Air#FFFF00 [Handy: 1703624]: Gringo ohoh Chapo is sauer
[02-03-2019 20:29:60]: #FFFF00Werbung von #009900Dennis.Air#FFFF00 [Handy: 1703624]: HHAHAHA
[02-03-2019 20:33:28]: #FFFF00Werbung von #009900Dennis.Air#FFFF00 [Handy: 1703624]: Capo du Ziegenmelker wo steckst du? In der Ziege etwa drin?
[02-03-2019 22:48:01]: #FFFF00Werbung von #009900Zorro#FFFF00 [Handy: 8068541]: Suche Trainee's BW im Forum :^)
[03-03-2019 00:25:25]: #FFFF00Werbung von #009900adN#FFFF00 [Handy: 63135]: Suche GW fraktion
[03-03-2019 01:04:53]: #FFFF00Werbung von #009900adN#FFFF00 [Handy: 63135]: Ist dann SAN News immernoch ab 10H?
[03-03-2019 01:06:37]: #FFFF00Werbung von #009900adN#FFFF00 [Handy: 63135]: Ich habe die Info verpasst, kann jemand meine Frage beantworten?
[03-03-2019 12:25:59]: #FFFF00Werbung von #009900lameHacker73#FFFF00 [Handy: 8584082]: verkaufe drogen
[03-03-2019 12:38:42]: #FFFF00Werbung von #009900lameHacker73#FFFF00 [Handy: 8584082]: wie kann ich mein auto freikaufen!?
[03-03-2019 15:36:55]: #FFFF00Werbung von #009900LastAttacker71#FFFF00 [Handy: 4067436]: Sportmotor etc. kostet bei Mechaniker billiger call me
[03-03-2019 15:55:60]: #FFFF00Werbung von #009900LastAttacker71#FFFF00 [Handy: 4067436]: Sportmotor etc. kostet bei Mechaniker billiger call me
[03-03-2019 16:47:04]: #FFFF00Werbung von #009900LastAttacker71#FFFF00 [Handy: 4067436]: Sportmotor etc. kostet bei Mechaniker billiger call me
[03-03-2019 16:50:45]: #FFFF00Werbung von #009900FELIX#FFFF00 [Handy: 1327749]: Böse Frakis melden
[03-03-2019 17:03:03]: #FFFF00Werbung von #009900Eye#FFFF00 [Handy: 3525957]: Suche eine Fraktion. Bitte Call me please
[03-03-2019 17:07:21]: #FFFF00Werbung von #009900Felix321#FFFF00 [Handy: 4386882]: Suche Fraktion, ich heiße Felix und bin 12
[03-03-2019 17:19:13]: #FFFF00Werbung von #009900Eye#FFFF00 [Handy: 3525957]: Verkaufe Auto am bhf : Felix123 RUF MICH AN
[03-03-2019 17:55:13]: #FFFF00Werbung von #009900LastAttacker71#FFFF00 [Handy: 4067436]: Sportmotor etc. kostet bei Mechaniker billiger call me
[03-03-2019 18:22:46]: #FFFF00Werbung von #009900LastAttacker71#FFFF00 [Handy: 4067436]: Sportmotor etc. kostet bei Mechaniker billiger call me
[03-03-2019 18:55:03]: #FFFF00Werbung von #009900LastAttacker71#FFFF00 [Handy: 4067436]: Sportmotor etc. kostet bei Mechaniker billiger call me
[03-03-2019 19:13:14]: #FFFF00Werbung von #009900LastAttacker71#FFFF00 [Handy: 4067436]: Sportmotor etc. kostet bei Mechaniker billiger call me
[03-03-2019 19:59:39]: #FFFF00Werbung von #009900jumperkill#FFFF00 [Handy: 2530002]: suche eine fraktion
[03-03-2019 20:35:20]: #FFFF00Werbung von #009900WearyWaterbed42#FFFF00 [Handy: 5786320]: suche dildo
[03-03-2019 20:48:43]: #FFFF00Werbung von #009900Meliodas_Sin#FFFF00 [Handy: 8425215]: Suche Frak
[03-03-2019 20:50:54]: #FFFF00Werbung von #009900WearyWaterbed42#FFFF00 [Handy: 5786320]: solid ruf ma an dann weißt du wer ich bin
[03-03-2019 20:51:25]: #FFFF00Werbung von #009900LateSpot#FFFF00 [Handy: 5420076]: suche fraki
[04-03-2019 11:44:52]: #FFFF00Werbung von #009900LastAttacker71#FFFF00 [Handy: 4067436]: Will jemand Renn fahren
[04-03-2019 11:54:08]: #FFFF00Werbung von #009900LateSpot#FFFF00 [Handy: 5420076]: VK Euros Sportmotor 1
[04-03-2019 13:43:17]: #FFFF00Werbung von #009900LateSpot#FFFF00 [Handy: 5420076]: vk Euros SportMotor 1
[04-03-2019 16:22:08]: #FFFF00Werbung von #009900Recon#FFFF00 [Handy: 724409]: solid du lappen komm runter hier
[04-03-2019 18:48:35]: #FFFF00Werbung von #009900Meliodas_Sin#FFFF00 [Handy: 8425215]: Kaufe Sniper
[04-03-2019 18:50:26]: #FFFF00Werbung von #009900NooFunk#FFFF00 [Handy: 7242727]: nur weil man sich verdrückt so ein drama machen...
[04-03-2019 19:16:56]: #FFFF00Werbung von #009900emreboyXD#FFFF00 [Handy: 2642021]: du hast dir auf jeden fall mühe gegeben brian, ich zieh mein hut
[04-03-2019 19:21:08]: #FFFF00Werbung von #009900emreboyXD#FFFF00 [Handy: 2642021]: denk nach wer ich bin bevor du kickst kek
[04-03-2019 20:02:17]: #FFFF00Werbung von #009900Zorro#FFFF00 [Handy: 8068541]: Verkaufe Comet :^)
[04-03-2019 20:06:54]: #FFFF00Werbung von #009900emreboyXD#FFFF00 [Handy: 2642021]: ich hab gws gemacht da warste noch flüssig
[04-03-2019 20:11:27]: #FFFF00Werbung von #009900cihan_99#FFFF00 [Handy: 126201]: WAS hab ich gemacht bist du behindert wieso DROHUNG 1wtd
[04-03-2019 20:12:54]: #FFFF00Werbung von #009900STOCK#FFFF00 [Handy: 4004184]: ICH BIN DER STOCK!
[04-03-2019 21:13:46]: #FFFF00Werbung von #009900LastAttacker71#FFFF00 [Handy: 4067436]: VK Drogen
[04-03-2019 22:26:47]: #FFFF00Werbung von #009900Recon#FFFF00 [Handy: 724409]: german-elite verpiss dich
[04-03-2019 22:35:44]: #FFFF00Werbung von #009900DarkGothic#FFFF00 [Handy: 9454898]: vorsicht vom pd richtung Bahnhof liegt ein auto auf dem dach
[04-03-2019 22:41:35]: #FFFF00Werbung von #009900R32#FFFF00 [Handy: 3541854]: verkaufe autos
[05-03-2019 03:35:34]: #00C8FF[Werbung] : #FFFFFFVerkaufe autos
[05-03-2019 03:35:34]: #0C8FFvon : Solid_Snake | Handy : 3777297
[05-03-2019 03:36:58]: #00C8FF[Werbung] : #FFFFFFVerkaufe LargePeach
[05-03-2019 03:36:58]: #00C8FFvon : Solid_Snake | Handy : 3777297
[05-03-2019 03:38:15]: #00C8FF[Werbung] : #FFFFFFverkaufe largePeach
[05-03-2019 03:38:15]: #00C8FFVon : #FFFFFFSolid_Snake #FFFFFF| #00C8FFHandy : #FFFFFF3777297
[05-03-2019 03:42:22]: #00C8FF[Werbung] : #FFFFFFVerkaufe LargePeachs autos
[05-03-2019 03:42:22]: #00C8FFVon : #FFFFFFSolid_Snake #FFFFFF| #00C8FFHandy : #FFFFFF3777297
[05-03-2019 03:42:58]: #00C8FF[Werbung] : #FFFFFFVerkaufe Solid's Autos
[05-03-2019 03:42:58]: #00C8FFVon : #FFFFFFLargePeach #FFFFFF| #00C8FFHandy : #FFFFFF6062693
[05-03-2019 03:58:39]: ⎯⎯⎯⎯⎯⎯⎯⎯⎯⎯⎯⎯⎯⎯⎯⎯⎯⎯⎯⎯⎯⎯⎯⎯⎯⎯⎯⎯⎯⎯⎯⎯⎯⎯⎯⎯⎯⎯⎯⎯⎯⎯⎯⎯⎯⎯
[05-03-2019 03:58:39]: #00C8FF[Werbung] : #FFFFFFVerkaufe LargePeachs Billig Autos
[05-03-2019 03:58:39]: #00C8FFVon : #FFFFFFSolid_Snake #FFFFFF| #00C8FFHandy : #FFFFFF3777297
[05-03-2019 03:58:39]: ⎯⎯⎯⎯⎯⎯⎯⎯⎯⎯⎯⎯⎯⎯⎯⎯⎯⎯⎯⎯⎯⎯⎯⎯⎯⎯⎯⎯⎯⎯⎯⎯⎯⎯⎯⎯⎯⎯⎯⎯⎯⎯⎯⎯⎯⎯
[05-03-2019 03:59:60]: ⎯⎯⎯⎯⎯⎯⎯⎯⎯⎯⎯⎯⎯⎯⎯⎯⎯⎯⎯⎯⎯⎯⎯⎯⎯⎯⎯⎯⎯⎯⎯⎯⎯⎯⎯⎯⎯⎯⎯⎯⎯⎯⎯⎯⎯⎯
[05-03-2019 03:59:60]: #00C8FF[Werbung] : #FFFFFFHeyHo
[05-03-2019 03:59:60]: #00C8FFVon : #FFFFFFLargePeach #FFFFFF| #00C8FFHandy : #FFFFFF6062693
[05-03-2019 03:59:60]: ⎯⎯⎯⎯⎯⎯⎯⎯⎯⎯⎯⎯⎯⎯⎯⎯⎯⎯⎯⎯⎯⎯⎯⎯⎯⎯⎯⎯⎯⎯⎯⎯⎯⎯⎯⎯⎯⎯⎯⎯⎯⎯⎯⎯⎯⎯
[05-03-2019 04:00:31]: ⎯⎯⎯⎯⎯⎯⎯⎯⎯⎯⎯⎯⎯⎯⎯⎯⎯⎯⎯⎯⎯⎯⎯⎯⎯⎯⎯⎯⎯⎯⎯⎯⎯⎯⎯⎯⎯⎯⎯⎯⎯⎯⎯⎯⎯⎯
[05-03-2019 04:00:31]: #00C8FF[Werbung] : #FFFFFFVerkaufe Solid's Kleinen Wachteln
[05-03-2019 04:00:31]: #00C8FFVon : #FFFFFFMaqic.exe #FFFFFF| #00C8FFHandy : #FFFFFF380715
[05-03-2019 04:00:31]: ⎯⎯⎯⎯⎯⎯⎯⎯⎯⎯⎯⎯⎯⎯⎯⎯⎯⎯⎯⎯⎯⎯⎯⎯⎯⎯⎯⎯⎯⎯⎯⎯⎯⎯⎯⎯⎯⎯⎯⎯⎯⎯⎯⎯⎯⎯
[05-03-2019 04:12:22]: ⎯⎯⎯⎯⎯⎯⎯⎯⎯⎯⎯⎯⎯⎯⎯⎯⎯⎯⎯⎯⎯⎯⎯⎯⎯⎯⎯⎯⎯⎯⎯⎯⎯⎯⎯⎯⎯⎯⎯⎯⎯⎯⎯⎯⎯⎯
[05-03-2019 04:12:22]: #00C8FF[Werbung] : #FFFFFFLargePeach testttttttttttttttttttttttttttttttttt
[05-03-2019 04:12:22]: #00C8FFVon : #FFFFFFSolid_Snake #FFFFFF| #00C8FFHandy : #FFFFFF3777297
[05-03-2019 04:12:22]: ⎯⎯⎯⎯⎯⎯⎯⎯⎯⎯⎯⎯⎯⎯⎯⎯⎯⎯⎯⎯⎯⎯⎯⎯⎯⎯⎯⎯⎯⎯⎯⎯⎯⎯⎯⎯⎯⎯⎯⎯⎯⎯⎯⎯⎯⎯
[05-03-2019 07:29:38]: ⎯⎯⎯⎯⎯⎯⎯⎯⎯⎯⎯⎯⎯⎯⎯⎯⎯⎯⎯⎯⎯⎯⎯⎯⎯⎯⎯⎯⎯⎯⎯⎯⎯⎯⎯⎯⎯⎯⎯⎯⎯⎯⎯⎯⎯⎯
[05-03-2019 07:29:38]: #00C8FF[Werbung] : #FFFFFFTest
[05-03-2019 07:29:38]: #00C8FFVon : #FFFFFFSolid_Snake #FFFFFF| #00C8FFHandy : #FFFFFF3777297
[05-03-2019 07:29:38]: ⎯⎯⎯⎯⎯⎯⎯⎯⎯⎯⎯⎯⎯⎯⎯⎯⎯⎯⎯⎯⎯⎯⎯⎯⎯⎯⎯⎯⎯⎯⎯⎯⎯⎯⎯⎯⎯⎯⎯⎯⎯⎯⎯⎯⎯⎯
[05-03-2019 08:39:01]: ⎯⎯⎯⎯⎯⎯⎯⎯⎯⎯⎯⎯⎯⎯⎯⎯⎯⎯⎯⎯⎯⎯⎯⎯⎯⎯⎯⎯⎯⎯⎯⎯⎯⎯⎯⎯⎯⎯⎯⎯⎯⎯⎯⎯⎯⎯
[05-03-2019 08:39:01]: #00C8FF[Werbung] : #FFFFFFVerkaufe LastAttacker71 Autos
[05-03-2019 08:39:01]: #00C8FFVon : #FFFFFFSolid_Snake #FFFFFF| #00C8FFHandy : #FFFFFF3777297
[05-03-2019 08:39:01]: ⎯⎯⎯⎯⎯⎯⎯⎯⎯⎯⎯⎯⎯⎯⎯⎯⎯⎯⎯⎯⎯⎯⎯⎯⎯⎯⎯⎯⎯⎯⎯⎯⎯⎯⎯⎯⎯⎯⎯⎯⎯⎯⎯⎯⎯⎯
[05-03-2019 09:22:33]: ⎯⎯⎯⎯⎯⎯⎯⎯⎯⎯⎯⎯⎯⎯⎯⎯⎯⎯⎯⎯⎯⎯⎯⎯⎯⎯⎯⎯⎯⎯⎯⎯⎯⎯⎯⎯⎯⎯⎯⎯⎯⎯⎯⎯⎯⎯
[05-03-2019 09:22:33]: #00C8FF[Werbung] : #FFFFFFProfessioneller Fluchtwagenfahrer bei interesse call me
[05-03-2019 09:22:33]: #00C8FFVon : #FFFFFFLastAttacker71 #FFFFFF| #00C8FFHandy : #FFFFFF4067436
[05-03-2019 09:22:33]: ⎯⎯⎯⎯⎯⎯⎯⎯⎯⎯⎯⎯⎯⎯⎯⎯⎯⎯⎯⎯⎯⎯⎯⎯⎯⎯⎯⎯⎯⎯⎯⎯⎯⎯⎯⎯⎯⎯⎯⎯⎯⎯⎯⎯⎯⎯
[05-03-2019 13:28:36]: ⎯⎯⎯⎯⎯⎯⎯⎯⎯⎯⎯⎯⎯⎯⎯⎯⎯⎯⎯⎯⎯⎯⎯⎯⎯⎯⎯⎯⎯⎯⎯⎯⎯⎯⎯⎯⎯⎯⎯⎯⎯⎯⎯⎯⎯⎯
[05-03-2019 13:28:36]: #00C8FF[Werbung] : #FFFFFFvk Autos
[05-03-2019 13:28:36]: #00C8FFVon : #FFFFFFR32 #FFFFFF| #00C8FFHandy : #FFFFFF3541854
[05-03-2019 13:28:36]: ⎯⎯⎯⎯⎯⎯⎯⎯⎯⎯⎯⎯⎯⎯⎯⎯⎯⎯⎯⎯⎯⎯⎯⎯⎯⎯⎯⎯⎯⎯⎯⎯⎯⎯⎯⎯⎯⎯⎯⎯⎯⎯⎯⎯⎯⎯
[05-03-2019 13:51:27]: ⎯⎯⎯⎯⎯⎯⎯⎯⎯⎯⎯⎯⎯⎯⎯⎯⎯⎯⎯⎯⎯⎯⎯⎯⎯⎯⎯⎯⎯⎯⎯⎯⎯⎯⎯⎯⎯⎯⎯⎯⎯⎯⎯⎯⎯⎯
[05-03-2019 13:51:27]: #00C8FF[Werbung] : #FFFFFFvk sm1 nrg
[05-03-2019 13:51:27]: #00C8FFVon : #FFFFFFrvty #FFFFFF| #00C8FFHandy : #FFFFFF800005
[05-03-2019 13:51:27]: ⎯⎯⎯⎯⎯⎯⎯⎯⎯⎯⎯⎯⎯⎯⎯⎯⎯⎯⎯⎯⎯⎯⎯⎯⎯⎯⎯⎯⎯⎯⎯⎯⎯⎯⎯⎯⎯⎯⎯⎯⎯⎯⎯⎯⎯⎯
[05-03-2019 14:22:07]: ⎯⎯⎯⎯⎯⎯⎯⎯⎯⎯⎯⎯⎯⎯⎯⎯⎯⎯⎯⎯⎯⎯⎯⎯⎯⎯⎯⎯⎯⎯⎯⎯⎯⎯⎯⎯⎯⎯⎯⎯⎯⎯⎯⎯⎯⎯
[05-03-2019 14:22:07]: #00C8FF[Werbung] : #FFFFFFSuchen Gegner
[05-03-2019 14:22:07]: #00C8FFVon : #FFFFFFrndm #FFFFFF| #00C8FFHandy : #FFFFFF6807792
[05-03-2019 14:22:07]: ⎯⎯⎯⎯⎯⎯⎯⎯⎯⎯⎯⎯⎯⎯⎯⎯⎯⎯⎯⎯⎯⎯⎯⎯⎯⎯⎯⎯⎯⎯⎯⎯⎯⎯⎯⎯⎯⎯⎯⎯⎯⎯⎯⎯⎯⎯
[05-03-2019 14:30:29]: ⎯⎯⎯⎯⎯⎯⎯⎯⎯⎯⎯⎯⎯⎯⎯⎯⎯⎯⎯⎯⎯⎯⎯⎯⎯⎯⎯⎯⎯⎯⎯⎯⎯⎯⎯⎯⎯⎯⎯⎯⎯⎯⎯⎯⎯⎯
[05-03-2019 14:30:29]: #00C8FF[Werbung] : #FFFFFFAztecas sucht Gegner
[05-03-2019 14:30:29]: #00C8FFVon : #FFFFFFrndm #FFFFFF| #00C8FFHandy : #FFFFFF6807792
[05-03-2019 14:30:29]: ⎯⎯⎯⎯⎯⎯⎯⎯⎯⎯⎯⎯⎯⎯⎯⎯⎯⎯⎯⎯⎯⎯⎯⎯⎯⎯⎯⎯⎯⎯⎯⎯⎯⎯⎯⎯⎯⎯⎯⎯⎯⎯⎯⎯⎯⎯
[05-03-2019 14:56:47]: ⎯⎯⎯⎯⎯⎯⎯⎯⎯⎯⎯⎯⎯⎯⎯⎯⎯⎯⎯⎯⎯⎯⎯⎯⎯⎯⎯⎯⎯⎯⎯⎯⎯⎯⎯⎯⎯⎯⎯⎯⎯⎯⎯⎯⎯⎯
[05-03-2019 14:56:47]: #00C8FF[Werbung] : #FFFFFFSuche B-Fraki
[05-03-2019 14:56:47]: #00C8FFVon : #FFFFFFLastAttacker71 #FFFFFF| #00C8FFHandy : #FFFFFF4067436
[05-03-2019 14:56:47]: ⎯⎯⎯⎯⎯⎯⎯⎯⎯⎯⎯⎯⎯⎯⎯⎯⎯⎯⎯⎯⎯⎯⎯⎯⎯⎯⎯⎯⎯⎯⎯⎯⎯⎯⎯⎯⎯⎯⎯⎯⎯⎯⎯⎯⎯⎯
[05-03-2019 17:45:50]: ⎯⎯⎯⎯⎯⎯⎯⎯⎯⎯⎯⎯⎯⎯⎯⎯⎯⎯⎯⎯⎯⎯⎯⎯⎯⎯⎯⎯⎯⎯⎯⎯⎯⎯⎯⎯⎯⎯⎯⎯⎯⎯⎯⎯⎯⎯
[05-03-2019 17:45:50]: #00C8FF[Werbung] : #FFFFFFverkaufe drogen
[05-03-2019 17:45:50]: #00C8FFVon : #FFFFFFFelix321 #FFFFFF| #00C8FFHandy : #FFFFFF4386882
[05-03-2019 17:45:50]: ⎯⎯⎯⎯⎯⎯⎯⎯⎯⎯⎯⎯⎯⎯⎯⎯⎯⎯⎯⎯⎯⎯⎯⎯⎯⎯⎯⎯⎯⎯⎯⎯⎯⎯⎯⎯⎯⎯⎯⎯⎯⎯⎯⎯⎯⎯
[05-03-2019 18:56:45]: ⎯⎯⎯⎯⎯⎯⎯⎯⎯⎯⎯⎯⎯⎯⎯⎯⎯⎯⎯⎯⎯⎯⎯⎯⎯⎯⎯⎯⎯⎯⎯⎯⎯⎯⎯⎯⎯⎯⎯⎯⎯⎯⎯⎯⎯⎯
[05-03-2019 18:56:45]: #00C8FF[Werbung] : #FFFFFFVerkaufe Euros UT wie Neu
[05-03-2019 18:56:45]: #00C8FFVon : #FFFFFFSolid_Snake #FFFFFF| #00C8FFHandy : #FFFFFF3777297
[05-03-2019 18:56:45]: ⎯⎯⎯⎯⎯⎯⎯⎯⎯⎯⎯⎯⎯⎯⎯⎯⎯⎯⎯⎯⎯⎯⎯⎯⎯⎯⎯⎯⎯⎯⎯⎯⎯⎯⎯⎯⎯⎯⎯⎯⎯⎯⎯⎯⎯⎯
[05-03-2019 19:22:15]: ⎯⎯⎯⎯⎯⎯⎯⎯⎯⎯⎯⎯⎯⎯⎯⎯⎯⎯⎯⎯⎯⎯⎯⎯⎯⎯⎯⎯⎯⎯⎯⎯⎯⎯⎯⎯⎯⎯⎯⎯⎯⎯⎯⎯⎯⎯
[05-03-2019 19:22:15]: #00C8FF[Werbung] : #FFFFFFVerkaufe UT Euros
[05-03-2019 19:22:15]: #00C8FFVon : #FFFFFFSolid_Snake #FFFFFF| #00C8FFHandy : #FFFFFF3777297
[05-03-2019 19:22:15]: ⎯⎯⎯⎯⎯⎯⎯⎯⎯⎯⎯⎯⎯⎯⎯⎯⎯⎯⎯⎯⎯⎯⎯⎯⎯⎯⎯⎯⎯⎯⎯⎯⎯⎯⎯⎯⎯⎯⎯⎯⎯⎯⎯⎯⎯⎯
[05-03-2019 20:03:60]: ⎯⎯⎯⎯⎯⎯⎯⎯⎯⎯⎯⎯⎯⎯⎯⎯⎯⎯⎯⎯⎯⎯⎯⎯⎯⎯⎯⎯⎯⎯⎯⎯⎯⎯⎯⎯⎯⎯⎯⎯⎯⎯⎯⎯⎯⎯
[05-03-2019 20:03:60]: #00C8FF[Werbung] : #FFFFFFVK nutten drogen und Kinderorgane
[05-03-2019 20:03:60]: #00C8FFVon : #FFFFFFR32 #FFFFFF| #00C8FFHandy : #FFFFFF3541854
[05-03-2019 20:03:60]: ⎯⎯⎯⎯⎯⎯⎯⎯⎯⎯⎯⎯⎯⎯⎯⎯⎯⎯⎯⎯⎯⎯⎯⎯⎯⎯⎯⎯⎯⎯⎯⎯⎯⎯⎯⎯⎯⎯⎯⎯⎯⎯⎯⎯⎯⎯
[05-03-2019 20:14:42]: ⎯⎯⎯⎯⎯⎯⎯⎯⎯⎯⎯⎯⎯⎯⎯⎯⎯⎯⎯⎯⎯⎯⎯⎯⎯⎯⎯⎯⎯⎯⎯⎯⎯⎯⎯⎯⎯⎯⎯⎯⎯⎯⎯⎯⎯⎯
[05-03-2019 20:14:42]: #00C8FF[Werbung] : #FFFFFFVerkaufe UT Euros
[05-03-2019 20:14:42]: #00C8FFVon : #FFFFFFSolid_Snake #FFFFFF| #00C8FFHandy : #FFFFFF3777297
[05-03-2019 20:14:42]: ⎯⎯⎯⎯⎯⎯⎯⎯⎯⎯⎯⎯⎯⎯⎯⎯⎯⎯⎯⎯⎯⎯⎯⎯⎯⎯⎯⎯⎯⎯⎯⎯⎯⎯⎯⎯⎯⎯⎯⎯⎯⎯⎯⎯⎯⎯
[05-03-2019 20:29:59]: ⎯⎯⎯⎯⎯⎯⎯⎯⎯⎯⎯⎯⎯⎯⎯⎯⎯⎯⎯⎯⎯⎯⎯⎯⎯⎯⎯⎯⎯⎯⎯⎯⎯⎯⎯⎯⎯⎯⎯⎯⎯⎯⎯⎯⎯⎯
[05-03-2019 20:29:59]: #00C8FF[Werbung] : #FFFFFFVerkaufe Vinzblacks Pornos
[05-03-2019 20:29:59]: #00C8FFVon : #FFFFFFSolid_Snake #FFFFFF| #00C8FFHandy : #FFFFFF3777297
[05-03-2019 20:29:59]: ⎯⎯⎯⎯⎯⎯⎯⎯⎯⎯⎯⎯⎯⎯⎯⎯⎯⎯⎯⎯⎯⎯⎯⎯⎯⎯⎯⎯⎯⎯⎯⎯⎯⎯⎯⎯⎯⎯⎯⎯⎯⎯⎯⎯⎯⎯
[05-03-2019 21:04:43]: ⎯⎯⎯⎯⎯⎯⎯⎯⎯⎯⎯⎯⎯⎯⎯⎯⎯⎯⎯⎯⎯⎯⎯⎯⎯⎯⎯⎯⎯⎯⎯⎯⎯⎯⎯⎯⎯⎯⎯⎯⎯⎯⎯⎯⎯⎯
[05-03-2019 21:04:43]: #00C8FF[Werbung] : #FFFFFFvk alle cars
[05-03-2019 21:04:43]: #00C8FFVon : #FFFFFFvinzblack #FFFFFF| #00C8FFHandy : #FFFFFF5583728
[05-03-2019 21:04:43]: ⎯⎯⎯⎯⎯⎯⎯⎯⎯⎯⎯⎯⎯⎯⎯⎯⎯⎯⎯⎯⎯⎯⎯⎯⎯⎯⎯⎯⎯⎯⎯⎯⎯⎯⎯⎯⎯⎯⎯⎯⎯⎯⎯⎯⎯⎯
[05-03-2019 21:14:54]: ⎯⎯⎯⎯⎯⎯⎯⎯⎯⎯⎯⎯⎯⎯⎯⎯⎯⎯⎯⎯⎯⎯⎯⎯⎯⎯⎯⎯⎯⎯⎯⎯⎯⎯⎯⎯⎯⎯⎯⎯⎯⎯⎯⎯⎯⎯
[05-03-2019 21:14:54]: #00C8FF[Werbung] : #FFFFFFvk sm2 bullit
[05-03-2019 21:14:54]: #00C8FFVon : #FFFFFFvinzblack #FFFFFF| #00C8FFHandy : #FFFFFF5583728
[05-03-2019 21:14:54]: ⎯⎯⎯⎯⎯⎯⎯⎯⎯⎯⎯⎯⎯⎯⎯⎯⎯⎯⎯⎯⎯⎯⎯⎯⎯⎯⎯⎯⎯⎯⎯⎯⎯⎯⎯⎯⎯⎯⎯⎯⎯⎯⎯⎯⎯⎯
[05-03-2019 21:34:57]: ⎯⎯⎯⎯⎯⎯⎯⎯⎯⎯⎯⎯⎯⎯⎯⎯⎯⎯⎯⎯⎯⎯⎯⎯⎯⎯⎯⎯⎯⎯⎯⎯⎯⎯⎯⎯⎯⎯⎯⎯⎯⎯⎯⎯⎯⎯
[05-03-2019 21:34:57]: #00C8FF[Werbung] : #FFFFFFVK Droge
[05-03-2019 21:34:57]: #00C8FFVon : #FFFFFFLastAttacker71 #FFFFFF| #00C8FFHandy : #FFFFFF4067436
[05-03-2019 21:34:57]: ⎯⎯⎯⎯⎯⎯⎯⎯⎯⎯⎯⎯⎯⎯⎯⎯⎯⎯⎯⎯⎯⎯⎯⎯⎯⎯⎯⎯⎯⎯⎯⎯⎯⎯⎯⎯⎯⎯⎯⎯⎯⎯⎯⎯⎯⎯
[05-03-2019 21:55:48]: ⎯⎯⎯⎯⎯⎯⎯⎯⎯⎯⎯⎯⎯⎯⎯⎯⎯⎯⎯⎯⎯⎯⎯⎯⎯⎯⎯⎯⎯⎯⎯⎯⎯⎯⎯⎯⎯⎯⎯⎯⎯⎯⎯⎯⎯⎯
[05-03-2019 21:55:48]: #00C8FF[Werbung] : #FFFFFFK Droge
[05-03-2019 21:55:48]: #00C8FFVon : #FFFFFFLastAttacker71 #FFFFFF| #00C8FFHandy : #FFFFFF4067436
[05-03-2019 21:55:48]: ⎯⎯⎯⎯⎯⎯⎯⎯⎯⎯⎯⎯⎯⎯⎯⎯⎯⎯⎯⎯⎯⎯⎯⎯⎯⎯⎯⎯⎯⎯⎯⎯⎯⎯⎯⎯⎯⎯⎯⎯⎯⎯⎯⎯⎯⎯
[06-03-2019 13:42:55]: ⎯⎯⎯⎯⎯⎯⎯⎯⎯⎯⎯⎯⎯⎯⎯⎯⎯⎯⎯⎯⎯⎯⎯⎯⎯⎯⎯⎯⎯⎯⎯⎯⎯⎯⎯⎯⎯⎯⎯⎯⎯⎯⎯⎯⎯⎯
[06-03-2019 13:42:55]: #00C8FF[Werbung] : #FFFFFFK Drogen
[06-03-2019 13:42:55]: #00C8FFVon : #FFFFFFLastAttacker71 #FFFFFF| #00C8FFHandy : #FFFFFF4067436
[06-03-2019 13:42:55]: ⎯⎯⎯⎯⎯⎯⎯⎯⎯⎯⎯⎯⎯⎯⎯⎯⎯⎯⎯⎯⎯⎯⎯⎯⎯⎯⎯⎯⎯⎯⎯⎯⎯⎯⎯⎯⎯⎯⎯⎯⎯⎯⎯⎯⎯⎯
[06-03-2019 13:45:24]: ⎯⎯⎯⎯⎯⎯⎯⎯⎯⎯⎯⎯⎯⎯⎯⎯⎯⎯⎯⎯⎯⎯⎯⎯⎯⎯⎯⎯⎯⎯⎯⎯⎯⎯⎯⎯⎯⎯⎯⎯⎯⎯⎯⎯⎯⎯
[06-03-2019 13:45:24]: #00C8FF[Werbung] : #FFFFFFK Drogen
[06-03-2019 13:45:24]: #00C8FFVon : #FFFFFFLastAttacker71 #FFFFFF| #00C8FFHandy : #FFFFFF4067436
[06-03-2019 13:45:24]: ⎯⎯⎯⎯⎯⎯⎯⎯⎯⎯⎯⎯⎯⎯⎯⎯⎯⎯⎯⎯⎯⎯⎯⎯⎯⎯⎯⎯⎯⎯⎯⎯⎯⎯⎯⎯⎯⎯⎯⎯⎯⎯⎯⎯⎯⎯
[06-03-2019 15:12:49]: ⎯⎯⎯⎯⎯⎯⎯⎯⎯⎯⎯⎯⎯⎯⎯⎯⎯⎯⎯⎯⎯⎯⎯⎯⎯⎯⎯⎯⎯⎯⎯⎯⎯⎯⎯⎯⎯⎯⎯⎯⎯⎯⎯⎯⎯⎯
[06-03-2019 15:12:49]: #00C8FF[Werbung] : #FFFFFFSuche Billig autom
[06-03-2019 15:12:49]: #00C8FFVon : #FFFFFFSolid_Snake #FFFFFF| #00C8FFHandy : #FFFFFF3777297
[06-03-2019 15:12:49]: ⎯⎯⎯⎯⎯⎯⎯⎯⎯⎯⎯⎯⎯⎯⎯⎯⎯⎯⎯⎯⎯⎯⎯⎯⎯⎯⎯⎯⎯⎯⎯⎯⎯⎯⎯⎯⎯⎯⎯⎯⎯⎯⎯⎯⎯⎯
[06-03-2019 16:11:16]: ⎯⎯⎯⎯⎯⎯⎯⎯⎯⎯⎯⎯⎯⎯⎯⎯⎯⎯⎯⎯⎯⎯⎯⎯⎯⎯⎯⎯⎯⎯⎯⎯⎯⎯⎯⎯⎯⎯⎯⎯⎯⎯⎯⎯⎯⎯
[06-03-2019 16:11:16]: #00C8FF[Werbung] : #FFFFFFK Droge bin Junike
[06-03-2019 16:11:16]: #00C8FFVon : #FFFFFFLastAttacker71 #FFFFFF| #00C8FFHandy : #FFFFFF4067436
[06-03-2019 16:11:16]: ⎯⎯⎯⎯⎯⎯⎯⎯⎯⎯⎯⎯⎯⎯⎯⎯⎯⎯⎯⎯⎯⎯⎯⎯⎯⎯⎯⎯⎯⎯⎯⎯⎯⎯⎯⎯⎯⎯⎯⎯⎯⎯⎯⎯⎯⎯
[06-03-2019 17:55:02]: ⎯⎯⎯⎯⎯⎯⎯⎯⎯⎯⎯⎯⎯⎯⎯⎯⎯⎯⎯⎯⎯⎯⎯⎯⎯⎯⎯⎯⎯⎯⎯⎯⎯⎯⎯⎯⎯⎯⎯⎯⎯⎯⎯⎯⎯⎯
[06-03-2019 17:55:02]: #00C8FF[Werbung] : #FFFFFFVerkaufe Felix UT
[06-03-2019 17:55:02]: #00C8FFVon : #FFFFFFFelix.123 #FFFFFF| #00C8FFHandy : #FFFFFF9627011
[06-03-2019 17:55:02]: ⎯⎯⎯⎯⎯⎯⎯⎯⎯⎯⎯⎯⎯⎯⎯⎯⎯⎯⎯⎯⎯⎯⎯⎯⎯⎯⎯⎯⎯⎯⎯⎯⎯⎯⎯⎯⎯⎯⎯⎯⎯⎯⎯⎯⎯⎯
[06-03-2019 17:56:07]: ⎯⎯⎯⎯⎯⎯⎯⎯⎯⎯⎯⎯⎯⎯⎯⎯⎯⎯⎯⎯⎯⎯⎯⎯⎯⎯⎯⎯⎯⎯⎯⎯⎯⎯⎯⎯⎯⎯⎯⎯⎯⎯⎯⎯⎯⎯
[06-03-2019 17:56:07]: #00C8FF[Werbung] : #FFFFFFVerkaufe Felixnus , UT Mit Sportmotor
[06-03-2019 17:56:07]: #00C8FFVon : #FFFFFFFelix.123 #FFFFFF| #00C8FFHandy : #FFFFFF9627011
[06-03-2019 17:56:07]: ⎯⎯⎯⎯⎯⎯⎯⎯⎯⎯⎯⎯⎯⎯⎯⎯⎯⎯⎯⎯⎯⎯⎯⎯⎯⎯⎯⎯⎯⎯⎯⎯⎯⎯⎯⎯⎯⎯⎯⎯⎯⎯⎯⎯⎯⎯
[06-03-2019 17:56:57]: ⎯⎯⎯⎯⎯⎯⎯⎯⎯⎯⎯⎯⎯⎯⎯⎯⎯⎯⎯⎯⎯⎯⎯⎯⎯⎯⎯⎯⎯⎯⎯⎯⎯⎯⎯⎯⎯⎯⎯⎯⎯⎯⎯⎯⎯⎯
[06-03-2019 17:56:57]: #00C8FF[Werbung] : #FFFFFFFelix verkauft Felix
[06-03-2019 17:56:57]: #00C8FFVon : #FFFFFFFelix.123 #FFFFFF| #00C8FFHandy : #FFFFFF9627011
[06-03-2019 17:56:57]: ⎯⎯⎯⎯⎯⎯⎯⎯⎯⎯⎯⎯⎯⎯⎯⎯⎯⎯⎯⎯⎯⎯⎯⎯⎯⎯⎯⎯⎯⎯⎯⎯⎯⎯⎯⎯⎯⎯⎯⎯⎯⎯⎯⎯⎯⎯
[06-03-2019 17:57:54]: ⎯⎯⎯⎯⎯⎯⎯⎯⎯⎯⎯⎯⎯⎯⎯⎯⎯⎯⎯⎯⎯⎯⎯⎯⎯⎯⎯⎯⎯⎯⎯⎯⎯⎯⎯⎯⎯⎯⎯⎯⎯⎯⎯⎯⎯⎯
[06-03-2019 17:57:54]: #00C8FF[Werbung] : #FFFFFFFelix Katzenfutter heute im angebot.
[06-03-2019 17:57:54]: #00C8FFVon : #FFFFFFMaqic.exe #FFFFFF| #00C8FFHandy : #FFFFFF380715
[06-03-2019 17:57:54]: ⎯⎯⎯⎯⎯⎯⎯⎯⎯⎯⎯⎯⎯⎯⎯⎯⎯⎯⎯⎯⎯⎯⎯⎯⎯⎯⎯⎯⎯⎯⎯⎯⎯⎯⎯⎯⎯⎯⎯⎯⎯⎯⎯⎯⎯⎯
[06-03-2019 17:58:40]: ⎯⎯⎯⎯⎯⎯⎯⎯⎯⎯⎯⎯⎯⎯⎯⎯⎯⎯⎯⎯⎯⎯⎯⎯⎯⎯⎯⎯⎯⎯⎯⎯⎯⎯⎯⎯⎯⎯⎯⎯⎯⎯⎯⎯⎯⎯
[06-03-2019 17:58:40]: #00C8FF[Werbung] : #FFFFFFVerkaufe Felix123 an Felix1234
[06-03-2019 17:58:40]: #00C8FFVon : #FFFFFFFelix.123 #FFFFFF| #00C8FFHandy : #FFFFFF9627011
[06-03-2019 17:58:40]: ⎯⎯⎯⎯⎯⎯⎯⎯⎯⎯⎯⎯⎯⎯⎯⎯⎯⎯⎯⎯⎯⎯⎯⎯⎯⎯⎯⎯⎯⎯⎯⎯⎯⎯⎯⎯⎯⎯⎯⎯⎯⎯⎯⎯⎯⎯
[06-03-2019 21:11:28]: ⎯⎯⎯⎯⎯⎯⎯⎯⎯⎯⎯⎯⎯⎯⎯⎯⎯⎯⎯⎯⎯⎯⎯⎯⎯⎯⎯⎯⎯⎯⎯⎯⎯⎯⎯⎯⎯⎯⎯⎯⎯⎯⎯⎯⎯⎯
[06-03-2019 21:11:28]: #00C8FF[Werbung] : #FFFFFFVerkaufe Comet :^) NPC Car
[06-03-2019 21:11:28]: #00C8FFVon : #FFFFFFZorro #FFFFFF| #00C8FFHandy : #FFFFFF8068541
[06-03-2019 21:11:28]: ⎯⎯⎯⎯⎯⎯⎯⎯⎯⎯⎯⎯⎯⎯⎯⎯⎯⎯⎯⎯⎯⎯⎯⎯⎯⎯⎯⎯⎯⎯⎯⎯⎯⎯⎯⎯⎯⎯⎯⎯⎯⎯⎯⎯⎯⎯
[07-03-2019 02:37:53]: ⎯⎯⎯⎯⎯⎯⎯⎯⎯⎯⎯⎯⎯⎯⎯⎯⎯⎯⎯⎯⎯⎯⎯⎯⎯⎯⎯⎯⎯⎯⎯⎯⎯⎯⎯⎯⎯⎯⎯⎯⎯⎯⎯⎯⎯⎯
[07-03-2019 02:37:53]: #00C8FF[Werbung] : #FFFFFFVerkaufe O.B's in der Größe Large! Call me!
[07-03-2019 02:37:53]: #00C8FFVon : #FFFFFFMaqic.exe #FFFFFF| #00C8FFHandy : #FFFFFF380715
[07-03-2019 02:37:53]: ⎯⎯⎯⎯⎯⎯⎯⎯⎯⎯⎯⎯⎯⎯⎯⎯⎯⎯⎯⎯⎯⎯⎯⎯⎯⎯⎯⎯⎯⎯⎯⎯⎯⎯⎯⎯⎯⎯⎯⎯⎯⎯⎯⎯⎯⎯
[07-03-2019 02:43:60]: ⎯⎯⎯⎯⎯⎯⎯⎯⎯⎯⎯⎯⎯⎯⎯⎯⎯⎯⎯⎯⎯⎯⎯⎯⎯⎯⎯⎯⎯⎯⎯⎯⎯⎯⎯⎯⎯⎯⎯⎯⎯⎯⎯⎯⎯⎯
[07-03-2019 02:43:60]: #00C8FF[Werbung] : #FFFFFFTriaden und Brotherhood haben nun ein Bündnis!
[07-03-2019 02:43:60]: #00C8FFVon : #FFFFFFrvty #FFFFFF| #00C8FFHandy : #FFFFFF800005
[07-03-2019 02:43:60]: ⎯⎯⎯⎯⎯⎯⎯⎯⎯⎯⎯⎯⎯⎯⎯⎯⎯⎯⎯⎯⎯⎯⎯⎯⎯⎯⎯⎯⎯⎯⎯⎯⎯⎯⎯⎯⎯⎯⎯⎯⎯⎯⎯⎯⎯⎯
[07-03-2019 19:24:48]: ⎯⎯⎯⎯⎯⎯⎯⎯⎯⎯⎯⎯⎯⎯⎯⎯⎯⎯⎯⎯⎯⎯⎯⎯⎯⎯⎯⎯⎯⎯⎯⎯⎯⎯⎯⎯⎯⎯⎯⎯⎯⎯⎯⎯⎯⎯
[07-03-2019 19:24:48]: #00C8FF[Werbung] : #FFFFFFK Drogen Bin Junkie
[07-03-2019 19:24:48]: #00C8FFVon : #FFFFFFLastAttacker71 #FFFFFF| #00C8FFHandy : #FFFFFF4067436
[07-03-2019 19:24:48]: ⎯⎯⎯⎯⎯⎯⎯⎯⎯⎯⎯⎯⎯⎯⎯⎯⎯⎯⎯⎯⎯⎯⎯⎯⎯⎯⎯⎯⎯⎯⎯⎯⎯⎯⎯⎯⎯⎯⎯⎯⎯⎯⎯⎯⎯⎯
[07-03-2019 19:28:18]: ⎯⎯⎯⎯⎯⎯⎯⎯⎯⎯⎯⎯⎯⎯⎯⎯⎯⎯⎯⎯⎯⎯⎯⎯⎯⎯⎯⎯⎯⎯⎯⎯⎯⎯⎯⎯⎯⎯⎯⎯⎯⎯⎯⎯⎯⎯
[07-03-2019 19:28:18]: #00C8FF[Werbung] : #FFFFFFK Drogen
[07-03-2019 19:28:18]: #00C8FFVon : #FFFFFFLastAttacker71 #FFFFFF| #00C8FFHandy : #FFFFFF4067436
[07-03-2019 19:28:18]: ⎯⎯⎯⎯⎯⎯⎯⎯⎯⎯⎯⎯⎯⎯⎯⎯⎯⎯⎯⎯⎯⎯⎯⎯⎯⎯⎯⎯⎯⎯⎯⎯⎯⎯⎯⎯⎯⎯⎯⎯⎯⎯⎯⎯⎯⎯
[07-03-2019 19:34:50]: ⎯⎯⎯⎯⎯⎯⎯⎯⎯⎯⎯⎯⎯⎯⎯⎯⎯⎯⎯⎯⎯⎯⎯⎯⎯⎯⎯⎯⎯⎯⎯⎯⎯⎯⎯⎯⎯⎯⎯⎯⎯⎯⎯⎯⎯⎯
[07-03-2019 19:34:50]: #00C8FF[Werbung] : #FFFFFFBrauche drogen bin Junkie
[07-03-2019 19:34:50]: #00C8FFVon : #FFFFFFLastAttacker71 #FFFFFF| #00C8FFHandy : #FFFFFF4067436
[07-03-2019 19:34:50]: ⎯⎯⎯⎯⎯⎯⎯⎯⎯⎯⎯⎯⎯⎯⎯⎯⎯⎯⎯⎯⎯⎯⎯⎯⎯⎯⎯⎯⎯⎯⎯⎯⎯⎯⎯⎯⎯⎯⎯⎯⎯⎯⎯⎯⎯⎯
[07-03-2019 20:07:34]: ⎯⎯⎯⎯⎯⎯⎯⎯⎯⎯⎯⎯⎯⎯⎯⎯⎯⎯⎯⎯⎯⎯⎯⎯⎯⎯⎯⎯⎯⎯⎯⎯⎯⎯⎯⎯⎯⎯⎯⎯⎯⎯⎯⎯⎯⎯
[07-03-2019 20:07:34]: #00C8FF[Werbung] : #FFFFFFK Drogen
[07-03-2019 20:07:34]: #00C8FFVon : #FFFFFFLastAttacker71 #FFFFFF| #00C8FFHandy : #FFFFFF4067436
[07-03-2019 20:07:34]: ⎯⎯⎯⎯⎯⎯⎯⎯⎯⎯⎯⎯⎯⎯⎯⎯⎯⎯⎯⎯⎯⎯⎯⎯⎯⎯⎯⎯⎯⎯⎯⎯⎯⎯⎯⎯⎯⎯⎯⎯⎯⎯⎯⎯⎯⎯
[07-03-2019 21:11:10]: ⎯⎯⎯⎯⎯⎯⎯⎯⎯⎯⎯⎯⎯⎯⎯⎯⎯⎯⎯⎯⎯⎯⎯⎯⎯⎯⎯⎯⎯⎯⎯⎯⎯⎯⎯⎯⎯⎯⎯⎯⎯⎯⎯⎯⎯⎯
[07-03-2019 21:11:10]: #00C8FF[Werbung] : #FFFFFFSuche Fraki
[07-03-2019 21:11:10]: #00C8FFVon : #FFFFFFLateSpot #FFFFFF| #00C8FFHandy : #FFFFFF5420076
[07-03-2019 21:11:10]: ⎯⎯⎯⎯⎯⎯⎯⎯⎯⎯⎯⎯⎯⎯⎯⎯⎯⎯⎯⎯⎯⎯⎯⎯⎯⎯⎯⎯⎯⎯⎯⎯⎯⎯⎯⎯⎯⎯⎯⎯⎯⎯⎯⎯⎯⎯
[07-03-2019 21:24:38]: ⎯⎯⎯⎯⎯⎯⎯⎯⎯⎯⎯⎯⎯⎯⎯⎯⎯⎯⎯⎯⎯⎯⎯⎯⎯⎯⎯⎯⎯⎯⎯⎯⎯⎯⎯⎯⎯⎯⎯⎯⎯⎯⎯⎯⎯⎯
[07-03-2019 21:24:38]: #00C8FF[Werbung] : #FFFFFFSuche Gang
[07-03-2019 21:24:38]: #00C8FFVon : #FFFFFFDarkmaster #FFFFFF| #00C8FFHandy : #FFFFFF3639420
[07-03-2019 21:24:38]: ⎯⎯⎯⎯⎯⎯⎯⎯⎯⎯⎯⎯⎯⎯⎯⎯⎯⎯⎯⎯⎯⎯⎯⎯⎯⎯⎯⎯⎯⎯⎯⎯⎯⎯⎯⎯⎯⎯⎯⎯⎯⎯⎯⎯⎯⎯
[07-03-2019 21:26:04]: ⎯⎯⎯⎯⎯⎯⎯⎯⎯⎯⎯⎯⎯⎯⎯⎯⎯⎯⎯⎯⎯⎯⎯⎯⎯⎯⎯⎯⎯⎯⎯⎯⎯⎯⎯⎯⎯⎯⎯⎯⎯⎯⎯⎯⎯⎯
[07-03-2019 21:26:04]: #00C8FF[Werbung] : #FFFFFFVerkaufe Jester , mit Motor 1 , Bremse 1 & Heckantrieb
[07-03-2019 21:26:04]: #00C8FFVon : #FFFFFFDarkmaster #FFFFFF| #00C8FFHandy : #FFFFFF3639420
[07-03-2019 21:26:04]: ⎯⎯⎯⎯⎯⎯⎯⎯⎯⎯⎯⎯⎯⎯⎯⎯⎯⎯⎯⎯⎯⎯⎯⎯⎯⎯⎯⎯⎯⎯⎯⎯⎯⎯⎯⎯⎯⎯⎯⎯⎯⎯⎯⎯⎯⎯
[07-03-2019 21:33:41]: ⎯⎯⎯⎯⎯⎯⎯⎯⎯⎯⎯⎯⎯⎯⎯⎯⎯⎯⎯⎯⎯⎯⎯⎯⎯⎯⎯⎯⎯⎯⎯⎯⎯⎯⎯⎯⎯⎯⎯⎯⎯⎯⎯⎯⎯⎯
[07-03-2019 21:33:41]: #00C8FF[Werbung] : #FFFFFFK Drpgen
[07-03-2019 21:33:41]: #00C8FFVon : #FFFFFFLastAttacker71 #FFFFFF| #00C8FFHandy : #FFFFFF4067436
[07-03-2019 21:33:41]: ⎯⎯⎯⎯⎯⎯⎯⎯⎯⎯⎯⎯⎯⎯⎯⎯⎯⎯⎯⎯⎯⎯⎯⎯⎯⎯⎯⎯⎯⎯⎯⎯⎯⎯⎯⎯⎯⎯⎯⎯⎯⎯⎯⎯⎯⎯
[07-03-2019 21:49:15]: ⎯⎯⎯⎯⎯⎯⎯⎯⎯⎯⎯⎯⎯⎯⎯⎯⎯⎯⎯⎯⎯⎯⎯⎯⎯⎯⎯⎯⎯⎯⎯⎯⎯⎯⎯⎯⎯⎯⎯⎯⎯⎯⎯⎯⎯⎯
[07-03-2019 21:49:15]: #00C8FF[Werbung] : #FFFFFFSuche Fraktion
[07-03-2019 21:49:15]: #00C8FFVon : #FFFFFFDarkmaster #FFFFFF| #00C8FFHandy : #FFFFFF3639420
[07-03-2019 21:49:15]: ⎯⎯⎯⎯⎯⎯⎯⎯⎯⎯⎯⎯⎯⎯⎯⎯⎯⎯⎯⎯⎯⎯⎯⎯⎯⎯⎯⎯⎯⎯⎯⎯⎯⎯⎯⎯⎯⎯⎯⎯⎯⎯⎯⎯⎯⎯
[08-03-2019 01:53:44]: ⎯⎯⎯⎯⎯⎯⎯⎯⎯⎯⎯⎯⎯⎯⎯⎯⎯⎯⎯⎯⎯⎯⎯⎯⎯⎯⎯⎯⎯⎯⎯⎯⎯⎯⎯⎯⎯⎯⎯⎯⎯⎯⎯⎯⎯⎯
[08-03-2019 01:53:44]: #00C8FF[Werbung] : #FFFFFFbrauche hilfe
[08-03-2019 01:53:44]: #00C8FFVon : #FFFFFFGATANAMAN #FFFFFF| #00C8FFHandy : #FFFFFF3747409
[08-03-2019 01:53:44]: ⎯⎯⎯⎯⎯⎯⎯⎯⎯⎯⎯⎯⎯⎯⎯⎯⎯⎯⎯⎯⎯⎯⎯⎯⎯⎯⎯⎯⎯⎯⎯⎯⎯⎯⎯⎯⎯⎯⎯⎯⎯⎯⎯⎯⎯⎯
[08-03-2019 10:36:14]: ⎯⎯⎯⎯⎯⎯⎯⎯⎯⎯⎯⎯⎯⎯⎯⎯⎯⎯⎯⎯⎯⎯⎯⎯⎯⎯⎯⎯⎯⎯⎯⎯⎯⎯⎯⎯⎯⎯⎯⎯⎯⎯⎯⎯⎯⎯
[08-03-2019 10:36:14]: #00C8FF[Werbung] : #FFFFFFMedic sucht noch Member Bewerbung im Ts³
[08-03-2019 10:36:14]: #00C8FFVon : #FFFFFFJan1308 #FFFFFF| #00C8FFHandy : #FFFFFF713842
[08-03-2019 10:36:14]: ⎯⎯⎯⎯⎯⎯⎯⎯⎯⎯⎯⎯⎯⎯⎯⎯⎯⎯⎯⎯⎯⎯⎯⎯⎯⎯⎯⎯⎯⎯⎯⎯⎯⎯⎯⎯⎯⎯⎯⎯⎯⎯⎯⎯⎯⎯
[08-03-2019 15:04:13]: ⎯⎯⎯⎯⎯⎯⎯⎯⎯⎯⎯⎯⎯⎯⎯⎯⎯⎯⎯⎯⎯⎯⎯⎯⎯⎯⎯⎯⎯⎯⎯⎯⎯⎯⎯⎯⎯⎯⎯⎯⎯⎯⎯⎯⎯⎯
[08-03-2019 15:04:13]: #00C8FF[Werbung] : #FFFFFFGerman Sunrise Reallife suchen noch leute da
[08-03-2019 15:04:13]: #00C8FFVon : #FFFFFFjumperkill #FFFFFF| #00C8FFHandy : #FFFFFF2530002
[08-03-2019 15:04:13]: ⎯⎯⎯⎯⎯⎯⎯⎯⎯⎯⎯⎯⎯⎯⎯⎯⎯⎯⎯⎯⎯⎯⎯⎯⎯⎯⎯⎯⎯⎯⎯⎯⎯⎯⎯⎯⎯⎯⎯⎯⎯⎯⎯⎯⎯⎯
[08-03-2019 16:18:07]: ⎯⎯⎯⎯⎯⎯⎯⎯⎯⎯⎯⎯⎯⎯⎯⎯⎯⎯⎯⎯⎯⎯⎯⎯⎯⎯⎯⎯⎯⎯⎯⎯⎯⎯⎯⎯⎯⎯⎯⎯⎯⎯⎯⎯⎯⎯
[08-03-2019 16:18:07]: #00C8FF[Werbung] : #FFFFFFDie Atzen haben mit jeder B Fraktion Krieg!
[08-03-2019 16:18:07]: #00C8FFVon : #FFFFFFrufen, #FFFFFF| #00C8FFHandy : #FFFFFF5217507
[08-03-2019 16:18:07]: ⎯⎯⎯⎯⎯⎯⎯⎯⎯⎯⎯⎯⎯⎯⎯⎯⎯⎯⎯⎯⎯⎯⎯⎯⎯⎯⎯⎯⎯⎯⎯⎯⎯⎯⎯⎯⎯⎯⎯⎯⎯⎯⎯⎯⎯⎯
[08-03-2019 19:15:41]: ⎯⎯⎯⎯⎯⎯⎯⎯⎯⎯⎯⎯⎯⎯⎯⎯⎯⎯⎯⎯⎯⎯⎯⎯⎯⎯⎯⎯⎯⎯⎯⎯⎯⎯⎯⎯⎯⎯⎯⎯⎯⎯⎯⎯⎯⎯
[08-03-2019 19:15:41]: #00C8FF[Werbung] : #FFFFFFK Drogen
[08-03-2019 19:15:41]: #00C8FFVon : #FFFFFFLastAttacker71 #FFFFFF| #00C8FFHandy : #FFFFFF4067436
[08-03-2019 19:15:41]: ⎯⎯⎯⎯⎯⎯⎯⎯⎯⎯⎯⎯⎯⎯⎯⎯⎯⎯⎯⎯⎯⎯⎯⎯⎯⎯⎯⎯⎯⎯⎯⎯⎯⎯⎯⎯⎯⎯⎯⎯⎯⎯⎯⎯⎯⎯
[08-03-2019 19:16:39]: ⎯⎯⎯⎯⎯⎯⎯⎯⎯⎯⎯⎯⎯⎯⎯⎯⎯⎯⎯⎯⎯⎯⎯⎯⎯⎯⎯⎯⎯⎯⎯⎯⎯⎯⎯⎯⎯⎯⎯⎯⎯⎯⎯⎯⎯⎯
[08-03-2019 19:16:39]: #00C8FF[Werbung] : #FFFFFFK Drogen
[08-03-2019 19:16:39]: #00C8FFVon : #FFFFFFLastAttacker71 #FFFFFF| #00C8FFHandy : #FFFFFF4067436
[08-03-2019 19:16:39]: ⎯⎯⎯⎯⎯⎯⎯⎯⎯⎯⎯⎯⎯⎯⎯⎯⎯⎯⎯⎯⎯⎯⎯⎯⎯⎯⎯⎯⎯⎯⎯⎯⎯⎯⎯⎯⎯⎯⎯⎯⎯⎯⎯⎯⎯⎯
[08-03-2019 19:33:56]: ⎯⎯⎯⎯⎯⎯⎯⎯⎯⎯⎯⎯⎯⎯⎯⎯⎯⎯⎯⎯⎯⎯⎯⎯⎯⎯⎯⎯⎯⎯⎯⎯⎯⎯⎯⎯⎯⎯⎯⎯⎯⎯⎯⎯⎯⎯
[08-03-2019 19:33:56]: #00C8FF[Werbung] : #FFFFFFruf mich an
[08-03-2019 19:33:56]: #00C8FFVon : #FFFFFFFFrozen #FFFFFF| #00C8FFHandy : #FFFFFF5565666
[08-03-2019 19:33:56]: ⎯⎯⎯⎯⎯⎯⎯⎯⎯⎯⎯⎯⎯⎯⎯⎯⎯⎯⎯⎯⎯⎯⎯⎯⎯⎯⎯⎯⎯⎯⎯⎯⎯⎯⎯⎯⎯⎯⎯⎯⎯⎯⎯⎯⎯⎯
[08-03-2019 19:35:49]: ⎯⎯⎯⎯⎯⎯⎯⎯⎯⎯⎯⎯⎯⎯⎯⎯⎯⎯⎯⎯⎯⎯⎯⎯⎯⎯⎯⎯⎯⎯⎯⎯⎯⎯⎯⎯⎯⎯⎯⎯⎯⎯⎯⎯⎯⎯
[08-03-2019 19:35:49]: #00C8FF[Werbung] : #FFFFFFKomm zu mir und Tune dein Auto!
[08-03-2019 19:35:49]: #00C8FFVon : #FFFFFFLuca_Jordan #FFFFFF| #00C8FFHandy : #FFFFFF2585812
[08-03-2019 19:35:49]: ⎯⎯⎯⎯⎯⎯⎯⎯⎯⎯⎯⎯⎯⎯⎯⎯⎯⎯⎯⎯⎯⎯⎯⎯⎯⎯⎯⎯⎯⎯⎯⎯⎯⎯⎯⎯⎯⎯⎯⎯⎯⎯⎯⎯⎯⎯
[08-03-2019 20:21:50]: ⎯⎯⎯⎯⎯⎯⎯⎯⎯⎯⎯⎯⎯⎯⎯⎯⎯⎯⎯⎯⎯⎯⎯⎯⎯⎯⎯⎯⎯⎯⎯⎯⎯⎯⎯⎯⎯⎯⎯⎯⎯⎯⎯⎯⎯⎯
[08-03-2019 20:21:50]: #00C8FF[Werbung] : #FFFFFFK Drogen
[08-03-2019 20:21:50]: #00C8FFVon : #FFFFFFLastAttacker71 #FFFFFF| #00C8FFHandy : #FFFFFF4067436
[08-03-2019 20:21:50]: ⎯⎯⎯⎯⎯⎯⎯⎯⎯⎯⎯⎯⎯⎯⎯⎯⎯⎯⎯⎯⎯⎯⎯⎯⎯⎯⎯⎯⎯⎯⎯⎯⎯⎯⎯⎯⎯⎯⎯⎯⎯⎯⎯⎯⎯⎯
[08-03-2019 20:59:25]: ⎯⎯⎯⎯⎯⎯⎯⎯⎯⎯⎯⎯⎯⎯⎯⎯⎯⎯⎯⎯⎯⎯⎯⎯⎯⎯⎯⎯⎯⎯⎯⎯⎯⎯⎯⎯⎯⎯⎯⎯⎯⎯⎯⎯⎯⎯
[08-03-2019 20:59:25]: #00C8FF[Werbung] : #FFFFFFVK gedrucktes geld huren schlampen und kinder organe
[08-03-2019 20:59:25]: #00C8FFVon : #FFFFFFR32 #FFFFFF| #00C8FFHandy : #FFFFFF3541854
[08-03-2019 20:59:25]: ⎯⎯⎯⎯⎯⎯⎯⎯⎯⎯⎯⎯⎯⎯⎯⎯⎯⎯⎯⎯⎯⎯⎯⎯⎯⎯⎯⎯⎯⎯⎯⎯⎯⎯⎯⎯⎯⎯⎯⎯⎯⎯⎯⎯⎯⎯
[08-03-2019 21:11:43]: ⎯⎯⎯⎯⎯⎯⎯⎯⎯⎯⎯⎯⎯⎯⎯⎯⎯⎯⎯⎯⎯⎯⎯⎯⎯⎯⎯⎯⎯⎯⎯⎯⎯⎯⎯⎯⎯⎯⎯⎯⎯⎯⎯⎯⎯⎯
[08-03-2019 21:11:43]: #00C8FF[Werbung] : #FFFFFFVK Sultan | Sportmotor 3 | Bremse 3 | USA | Design | Call me
[08-03-2019 21:11:43]: #00C8FFVon : #FFFFFFChapo #FFFFFF| #00C8FFHandy : #FFFFFF7273321
[08-03-2019 21:11:43]: ⎯⎯⎯⎯⎯⎯⎯⎯⎯⎯⎯⎯⎯⎯⎯⎯⎯⎯⎯⎯⎯⎯⎯⎯⎯⎯⎯⎯⎯⎯⎯⎯⎯⎯⎯⎯⎯⎯⎯⎯⎯⎯⎯⎯⎯⎯
[08-03-2019 21:29:20]: ⎯⎯⎯⎯⎯⎯⎯⎯⎯⎯⎯⎯⎯⎯⎯⎯⎯⎯⎯⎯⎯⎯⎯⎯⎯⎯⎯⎯⎯⎯⎯⎯⎯⎯⎯⎯⎯⎯⎯⎯⎯⎯⎯⎯⎯⎯
[08-03-2019 21:29:20]: #00C8FF[Werbung] : #FFFFFFVK Sport Auto - Sport Motor 1
[08-03-2019 21:29:20]: #00C8FFVon : #FFFFFFLateSpot #FFFFFF| #00C8FFHandy : #FFFFFF5420076
[08-03-2019 21:29:20]: ⎯⎯⎯⎯⎯⎯⎯⎯⎯⎯⎯⎯⎯⎯⎯⎯⎯⎯⎯⎯⎯⎯⎯⎯⎯⎯⎯⎯⎯⎯⎯⎯⎯⎯⎯⎯⎯⎯⎯⎯⎯⎯⎯⎯⎯⎯
[08-03-2019 22:16:03]: ⎯⎯⎯⎯⎯⎯⎯⎯⎯⎯⎯⎯⎯⎯⎯⎯⎯⎯⎯⎯⎯⎯⎯⎯⎯⎯⎯⎯⎯⎯⎯⎯⎯⎯⎯⎯⎯⎯⎯⎯⎯⎯⎯⎯⎯⎯
[08-03-2019 22:16:03]: #00C8FF[Werbung] : #FFFFFFvk Sultan Sportmotor 3 Bremse 3 USA Design
[08-03-2019 22:16:03]: #00C8FFVon : #FFFFFFChapo #FFFFFF| #00C8FFHandy : #FFFFFF7273321
[08-03-2019 22:16:03]: ⎯⎯⎯⎯⎯⎯⎯⎯⎯⎯⎯⎯⎯⎯⎯⎯⎯⎯⎯⎯⎯⎯⎯⎯⎯⎯⎯⎯⎯⎯⎯⎯⎯⎯⎯⎯⎯⎯⎯⎯⎯⎯⎯⎯⎯⎯
[09-03-2019 17:14:41]: ⎯⎯⎯⎯⎯⎯⎯⎯⎯⎯⎯⎯⎯⎯⎯⎯⎯⎯⎯⎯⎯⎯⎯⎯⎯⎯⎯⎯⎯⎯⎯⎯⎯⎯⎯⎯⎯⎯⎯⎯⎯⎯⎯⎯⎯⎯
[09-03-2019 17:14:41]: #00C8FF[Werbung] : #FFFFFFIhr wollt ein Motortuning? Dann ruft an!
[09-03-2019 17:14:41]: #00C8FFVon : #FFFFFFLuca_Jordan #FFFFFF| #00C8FFHandy : #FFFFFF2585812
[09-03-2019 17:14:41]: ⎯⎯⎯⎯⎯⎯⎯⎯⎯⎯⎯⎯⎯⎯⎯⎯⎯⎯⎯⎯⎯⎯⎯⎯⎯⎯⎯⎯⎯⎯⎯⎯⎯⎯⎯⎯⎯⎯⎯⎯⎯⎯⎯⎯⎯⎯
[09-03-2019 17:24:38]: ⎯⎯⎯⎯⎯⎯⎯⎯⎯⎯⎯⎯⎯⎯⎯⎯⎯⎯⎯⎯⎯⎯⎯⎯⎯⎯⎯⎯⎯⎯⎯⎯⎯⎯⎯⎯⎯⎯⎯⎯⎯⎯⎯⎯⎯⎯
[09-03-2019 17:24:38]: #00C8FF[Werbung] : #FFFFFFWenn ihr einen Tuning Spezialisten braucht, ruft mich an !
[09-03-2019 17:24:38]: #00C8FFVon : #FFFFFFLuca_Jordan #FFFFFF| #00C8FFHandy : #FFFFFF2585812
[09-03-2019 17:24:38]: ⎯⎯⎯⎯⎯⎯⎯⎯⎯⎯⎯⎯⎯⎯⎯⎯⎯⎯⎯⎯⎯⎯⎯⎯⎯⎯⎯⎯⎯⎯⎯⎯⎯⎯⎯⎯⎯⎯⎯⎯⎯⎯⎯⎯⎯⎯
[09-03-2019 17:40:55]: ⎯⎯⎯⎯⎯⎯⎯⎯⎯⎯⎯⎯⎯⎯⎯⎯⎯⎯⎯⎯⎯⎯⎯⎯⎯⎯⎯⎯⎯⎯⎯⎯⎯⎯⎯⎯⎯⎯⎯⎯⎯⎯⎯⎯⎯⎯
[09-03-2019 17:40:55]: #00C8FF[Werbung] : #FFFFFFdanken nennt er das pff
[09-03-2019 17:40:55]: #00C8FFVon : #FFFFFFRecon #FFFFFF| #00C8FFHandy : #FFFFFF724409
[09-03-2019 17:40:55]: ⎯⎯⎯⎯⎯⎯⎯⎯⎯⎯⎯⎯⎯⎯⎯⎯⎯⎯⎯⎯⎯⎯⎯⎯⎯⎯⎯⎯⎯⎯⎯⎯⎯⎯⎯⎯⎯⎯⎯⎯⎯⎯⎯⎯⎯⎯
[09-03-2019 17:43:39]: ⎯⎯⎯⎯⎯⎯⎯⎯⎯⎯⎯⎯⎯⎯⎯⎯⎯⎯⎯⎯⎯⎯⎯⎯⎯⎯⎯⎯⎯⎯⎯⎯⎯⎯⎯⎯⎯⎯⎯⎯⎯⎯⎯⎯⎯⎯
[09-03-2019 17:43:39]: #00C8FF[Werbung] : #FFFFFFIhr wollt zu den Triaden gehören, dann bewerbt euch jetzt im Forum
[09-03-2019 17:43:39]: #00C8FFVon : #FFFFFFKeno #FFFFFF| #00C8FFHandy : #FFFFFF4652859
[09-03-2019 17:43:39]: ⎯⎯⎯⎯⎯⎯⎯⎯⎯⎯⎯⎯⎯⎯⎯⎯⎯⎯⎯⎯⎯⎯⎯⎯⎯⎯⎯⎯⎯⎯⎯⎯⎯⎯⎯⎯⎯⎯⎯⎯⎯⎯⎯⎯⎯⎯
[09-03-2019 17:49:60]: ⎯⎯⎯⎯⎯⎯⎯⎯⎯⎯⎯⎯⎯⎯⎯⎯⎯⎯⎯⎯⎯⎯⎯⎯⎯⎯⎯⎯⎯⎯⎯⎯⎯⎯⎯⎯⎯⎯⎯⎯⎯⎯⎯⎯⎯⎯
[09-03-2019 17:49:60]: #00C8FF[Werbung] : #FFFFFFVerkaufe Comet :^)
[09-03-2019 17:49:60]: #00C8FFVon : #FFFFFFZorro #FFFFFF| #00C8FFHandy : #FFFFFF8068541
[09-03-2019 17:49:60]: ⎯⎯⎯⎯⎯⎯⎯⎯⎯⎯⎯⎯⎯⎯⎯⎯⎯⎯⎯⎯⎯⎯⎯⎯⎯⎯⎯⎯⎯⎯⎯⎯⎯⎯⎯⎯⎯⎯⎯⎯⎯⎯⎯⎯⎯⎯
[09-03-2019 17:54:53]: ⎯⎯⎯⎯⎯⎯⎯⎯⎯⎯⎯⎯⎯⎯⎯⎯⎯⎯⎯⎯⎯⎯⎯⎯⎯⎯⎯⎯⎯⎯⎯⎯⎯⎯⎯⎯⎯⎯⎯⎯⎯⎯⎯⎯⎯⎯
[09-03-2019 17:54:53]: #00C8FF[Werbung] : #FFFFFFIhr braucht einen Tuning Fachmann ? Meldet euch!
[09-03-2019 17:54:53]: #00C8FFVon : #FFFFFFLuca_Jordan #FFFFFF| #00C8FFHandy : #FFFFFF2585812
[09-03-2019 17:54:53]: ⎯⎯⎯⎯⎯⎯⎯⎯⎯⎯⎯⎯⎯⎯⎯⎯⎯⎯⎯⎯⎯⎯⎯⎯⎯⎯⎯⎯⎯⎯⎯⎯⎯⎯⎯⎯⎯⎯⎯⎯⎯⎯⎯⎯⎯⎯
[09-03-2019 18:07:01]: ⎯⎯⎯⎯⎯⎯⎯⎯⎯⎯⎯⎯⎯⎯⎯⎯⎯⎯⎯⎯⎯⎯⎯⎯⎯⎯⎯⎯⎯⎯⎯⎯⎯⎯⎯⎯⎯⎯⎯⎯⎯⎯⎯⎯⎯⎯
[09-03-2019 18:07:01]: #00C8FF[Werbung] : #FFFFFFgrove base ist uns
[09-03-2019 18:07:01]: #00C8FFVon : #FFFFFFZyklonB #FFFFFF| #00C8FFHandy : #FFFFFF3031978
[09-03-2019 18:07:01]: ⎯⎯⎯⎯⎯⎯⎯⎯⎯⎯⎯⎯⎯⎯⎯⎯⎯⎯⎯⎯⎯⎯⎯⎯⎯⎯⎯⎯⎯⎯⎯⎯⎯⎯⎯⎯⎯⎯⎯⎯⎯⎯⎯⎯⎯⎯
[09-03-2019 18:11:05]: ⎯⎯⎯⎯⎯⎯⎯⎯⎯⎯⎯⎯⎯⎯⎯⎯⎯⎯⎯⎯⎯⎯⎯⎯⎯⎯⎯⎯⎯⎯⎯⎯⎯⎯⎯⎯⎯⎯⎯⎯⎯⎯⎯⎯⎯⎯
[09-03-2019 18:11:05]: #00C8FF[Werbung] : #FFFFFFin 60min bin ich raus
[09-03-2019 18:11:05]: #00C8FFVon : #FFFFFFZyklonB #FFFFFF| #00C8FFHandy : #FFFFFF3031978
[09-03-2019 18:11:05]: ⎯⎯⎯⎯⎯⎯⎯⎯⎯⎯⎯⎯⎯⎯⎯⎯⎯⎯⎯⎯⎯⎯⎯⎯⎯⎯⎯⎯⎯⎯⎯⎯⎯⎯⎯⎯⎯⎯⎯⎯⎯⎯⎯⎯⎯⎯
[09-03-2019 19:31:02]: ⎯⎯⎯⎯⎯⎯⎯⎯⎯⎯⎯⎯⎯⎯⎯⎯⎯⎯⎯⎯⎯⎯⎯⎯⎯⎯⎯⎯⎯⎯⎯⎯⎯⎯⎯⎯⎯⎯⎯⎯⎯⎯⎯⎯⎯⎯
[09-03-2019 19:31:02]: #00C8FF[Werbung] : #FFFFFFVK Infernus für 250k mit Spoiler und Hydraulik:D
[09-03-2019 19:31:02]: #00C8FFVon : #FFFFFFluca #FFFFFF| #00C8FFHandy : #FFFFFF3503214
[09-03-2019 19:31:02]: ⎯⎯⎯⎯⎯⎯⎯⎯⎯⎯⎯⎯⎯⎯⎯⎯⎯⎯⎯⎯⎯⎯⎯⎯⎯⎯⎯⎯⎯⎯⎯⎯⎯⎯⎯⎯⎯⎯⎯⎯⎯⎯⎯⎯⎯⎯
[09-03-2019 20:36:13]: ⎯⎯⎯⎯⎯⎯⎯⎯⎯⎯⎯⎯⎯⎯⎯⎯⎯⎯⎯⎯⎯⎯⎯⎯⎯⎯⎯⎯⎯⎯⎯⎯⎯⎯⎯⎯⎯⎯⎯⎯⎯⎯⎯⎯⎯⎯
[09-03-2019 20:36:13]: #00C8FF[Werbung] : #FFFFFFBraucht ihr schutz dann meldet euch bei mir.
[09-03-2019 20:36:13]: #00C8FFVon : #FFFFFFDark #FFFFFF| #00C8FFHandy : #FFFFFF4226861
[09-03-2019 20:36:13]: ⎯⎯⎯⎯⎯⎯⎯⎯⎯⎯⎯⎯⎯⎯⎯⎯⎯⎯⎯⎯⎯⎯⎯⎯⎯⎯⎯⎯⎯⎯⎯⎯⎯⎯⎯⎯⎯⎯⎯⎯⎯⎯⎯⎯⎯⎯
[09-03-2019 20:51:58]: ⎯⎯⎯⎯⎯⎯⎯⎯⎯⎯⎯⎯⎯⎯⎯⎯⎯⎯⎯⎯⎯⎯⎯⎯⎯⎯⎯⎯⎯⎯⎯⎯⎯⎯⎯⎯⎯⎯⎯⎯⎯⎯⎯⎯⎯⎯
[09-03-2019 20:51:58]: #00C8FF[Werbung] : #FFFFFFVK Infernus 250k:D
[09-03-2019 20:51:58]: #00C8FFVon : #FFFFFFluca #FFFFFF| #00C8FFHandy : #FFFFFF3503214
[09-03-2019 20:51:58]: ⎯⎯⎯⎯⎯⎯⎯⎯⎯⎯⎯⎯⎯⎯⎯⎯⎯⎯⎯⎯⎯⎯⎯⎯⎯⎯⎯⎯⎯⎯⎯⎯⎯⎯⎯⎯⎯⎯⎯⎯⎯⎯⎯⎯⎯⎯
[09-03-2019 23:57:19]: ⎯⎯⎯⎯⎯⎯⎯⎯⎯⎯⎯⎯⎯⎯⎯⎯⎯⎯⎯⎯⎯⎯⎯⎯⎯⎯⎯⎯⎯⎯⎯⎯⎯⎯⎯⎯⎯⎯⎯⎯⎯⎯⎯⎯⎯⎯
[09-03-2019 23:57:19]: #00C8FF[Werbung] : #FFFFFFVatos Locos suchen aktive Member
[09-03-2019 23:57:19]: #00C8FFVon : #FFFFFFSonGoku #FFFFFF| #00C8FFHandy : #FFFFFF7289803
[09-03-2019 23:57:19]: ⎯⎯⎯⎯⎯⎯⎯⎯⎯⎯⎯⎯⎯⎯⎯⎯⎯⎯⎯⎯⎯⎯⎯⎯⎯⎯⎯⎯⎯⎯⎯⎯⎯⎯⎯⎯⎯⎯⎯⎯⎯⎯⎯⎯⎯⎯
[10-03-2019 00:27:15]: ⎯⎯⎯⎯⎯⎯⎯⎯⎯⎯⎯⎯⎯⎯⎯⎯⎯⎯⎯⎯⎯⎯⎯⎯⎯⎯⎯⎯⎯⎯⎯⎯⎯⎯⎯⎯⎯⎯⎯⎯⎯⎯⎯⎯⎯⎯
[10-03-2019 00:27:15]: #00C8FF[Werbung] : #FFFFFFNora gib mal mich dein nummer lan
[10-03-2019 00:27:15]: #00C8FFVon : #FFFFFFrayoN- #FFFFFF| #00C8FFHandy : #FFFFFF666606
[10-03-2019 00:27:15]: ⎯⎯⎯⎯⎯⎯⎯⎯⎯⎯⎯⎯⎯⎯⎯⎯⎯⎯⎯⎯⎯⎯⎯⎯⎯⎯⎯⎯⎯⎯⎯⎯⎯⎯⎯⎯⎯⎯⎯⎯⎯⎯⎯⎯⎯⎯
[10-03-2019 01:03:52]: ⎯⎯⎯⎯⎯⎯⎯⎯⎯⎯⎯⎯⎯⎯⎯⎯⎯⎯⎯⎯⎯⎯⎯⎯⎯⎯⎯⎯⎯⎯⎯⎯⎯⎯⎯⎯⎯⎯⎯⎯⎯⎯⎯⎯⎯⎯
[10-03-2019 01:03:52]: #00C8FF[Werbung] : #FFFFFFVatos Locos suchen aktive Member
[10-03-2019 01:03:52]: #00C8FFVon : #FFFFFFSonGoku #FFFFFF| #00C8FFHandy : #FFFFFF7289803
[10-03-2019 01:03:52]: ⎯⎯⎯⎯⎯⎯⎯⎯⎯⎯⎯⎯⎯⎯⎯⎯⎯⎯⎯⎯⎯⎯⎯⎯⎯⎯⎯⎯⎯⎯⎯⎯⎯⎯⎯⎯⎯⎯⎯⎯⎯⎯⎯⎯⎯⎯
[10-03-2019 03:37:25]: ⎯⎯⎯⎯⎯⎯⎯⎯⎯⎯⎯⎯⎯⎯⎯⎯⎯⎯⎯⎯⎯⎯⎯⎯⎯⎯⎯⎯⎯⎯⎯⎯⎯⎯⎯⎯⎯⎯⎯⎯⎯⎯⎯⎯⎯⎯
[10-03-2019 03:37:25]: #00C8FF[Werbung] : #FFFFFFwir haben mit allen krieg
[10-03-2019 03:37:25]: #00C8FFVon : #FFFFFFBlu3Xo #FFFFFF| #00C8FFHandy : #FFFFFF1237804
[10-03-2019 03:37:25]: ⎯⎯⎯⎯⎯⎯⎯⎯⎯⎯⎯⎯⎯⎯⎯⎯⎯⎯⎯⎯⎯⎯⎯⎯⎯⎯⎯⎯⎯⎯⎯⎯⎯⎯⎯⎯⎯⎯⎯⎯⎯⎯⎯⎯⎯⎯
[10-03-2019 05:11:20]: ⎯⎯⎯⎯⎯⎯⎯⎯⎯⎯⎯⎯⎯⎯⎯⎯⎯⎯⎯⎯⎯⎯⎯⎯⎯⎯⎯⎯⎯⎯⎯⎯⎯⎯⎯⎯⎯⎯⎯⎯⎯⎯⎯⎯⎯⎯
[10-03-2019 05:11:20]: #00C8FF[Werbung] : #FFFFFFsei bitte leise
[10-03-2019 05:11:20]: #00C8FFVon : #FFFFFF-Maxwell #FFFFFF| #00C8FFHandy : #FFFFFF1870535
[10-03-2019 05:11:20]: ⎯⎯⎯⎯⎯⎯⎯⎯⎯⎯⎯⎯⎯⎯⎯⎯⎯⎯⎯⎯⎯⎯⎯⎯⎯⎯⎯⎯⎯⎯⎯⎯⎯⎯⎯⎯⎯⎯⎯⎯⎯⎯⎯⎯⎯⎯
[10-03-2019 05:11:51]: ⎯⎯⎯⎯⎯⎯⎯⎯⎯⎯⎯⎯⎯⎯⎯⎯⎯⎯⎯⎯⎯⎯⎯⎯⎯⎯⎯⎯⎯⎯⎯⎯⎯⎯⎯⎯⎯⎯⎯⎯⎯⎯⎯⎯⎯⎯
[10-03-2019 05:11:51]: #00C8FF[Werbung] : #FFFFFFkannst mir ein blasen du hund
[10-03-2019 05:11:51]: #00C8FFVon : #FFFFFF-Maxwell #FFFFFF| #00C8FFHandy : #FFFFFF1870535
[10-03-2019 05:11:51]: ⎯⎯⎯⎯⎯⎯⎯⎯⎯⎯⎯⎯⎯⎯⎯⎯⎯⎯⎯⎯⎯⎯⎯⎯⎯⎯⎯⎯⎯⎯⎯⎯⎯⎯⎯⎯⎯⎯⎯⎯⎯⎯⎯⎯⎯⎯
[10-03-2019 05:12:33]: ⎯⎯⎯⎯⎯⎯⎯⎯⎯⎯⎯⎯⎯⎯⎯⎯⎯⎯⎯⎯⎯⎯⎯⎯⎯⎯⎯⎯⎯⎯⎯⎯⎯⎯⎯⎯⎯⎯⎯⎯⎯⎯⎯⎯⎯⎯
[10-03-2019 05:12:33]: #00C8FF[Werbung] : #FFFFFFhaha wahrscheinlich ist das nh beleidigung
[10-03-2019 05:12:33]: #00C8FFVon : #FFFFFF-Maxwell #FFFFFF| #00C8FFHandy : #FFFFFF1870535
[10-03-2019 05:12:33]: ⎯⎯⎯⎯⎯⎯⎯⎯⎯⎯⎯⎯⎯⎯⎯⎯⎯⎯⎯⎯⎯⎯⎯⎯⎯⎯⎯⎯⎯⎯⎯⎯⎯⎯⎯⎯⎯⎯⎯⎯⎯⎯⎯⎯⎯⎯
[10-03-2019 05:13:26]: ⎯⎯⎯⎯⎯⎯⎯⎯⎯⎯⎯⎯⎯⎯⎯⎯⎯⎯⎯⎯⎯⎯⎯⎯⎯⎯⎯⎯⎯⎯⎯⎯⎯⎯⎯⎯⎯⎯⎯⎯⎯⎯⎯⎯⎯⎯
[10-03-2019 05:13:26]: #00C8FF[Werbung] : #FFFFFFhdf
[10-03-2019 05:13:26]: #00C8FFVon : #FFFFFF-Maxwell #FFFFFF| #00C8FFHandy : #FFFFFF1870535
[10-03-2019 05:13:26]: ⎯⎯⎯⎯⎯⎯⎯⎯⎯⎯⎯⎯⎯⎯⎯⎯⎯⎯⎯⎯⎯⎯⎯⎯⎯⎯⎯⎯⎯⎯⎯⎯⎯⎯⎯⎯⎯⎯⎯⎯⎯⎯⎯⎯⎯⎯
[10-03-2019 12:08:21]: ⎯⎯⎯⎯⎯⎯⎯⎯⎯⎯⎯⎯⎯⎯⎯⎯⎯⎯⎯⎯⎯⎯⎯⎯⎯⎯⎯⎯⎯⎯⎯⎯⎯⎯⎯⎯⎯⎯⎯⎯⎯⎯⎯⎯⎯⎯
[10-03-2019 12:08:21]: #00C8FF[Werbung] : #FFFFFFwo kann man comets kaufen?
[10-03-2019 12:08:21]: #00C8FFVon : #FFFFFFRoyaL #FFFFFF| #00C8FFHandy : #FFFFFF4526660
[10-03-2019 12:08:21]: ⎯⎯⎯⎯⎯⎯⎯⎯⎯⎯⎯⎯⎯⎯⎯⎯⎯⎯⎯⎯⎯⎯⎯⎯⎯⎯⎯⎯⎯⎯⎯⎯⎯⎯⎯⎯⎯⎯⎯⎯⎯⎯⎯⎯⎯⎯
[10-03-2019 12:34:17]: ⎯⎯⎯⎯⎯⎯⎯⎯⎯⎯⎯⎯⎯⎯⎯⎯⎯⎯⎯⎯⎯⎯⎯⎯⎯⎯⎯⎯⎯⎯⎯⎯⎯⎯⎯⎯⎯⎯⎯⎯⎯⎯⎯⎯⎯⎯
[10-03-2019 12:34:17]: #00C8FF[Werbung] : #FFFFFFVk Euros Sportmotor 1 usw
[10-03-2019 12:34:17]: #00C8FFVon : #FFFFFFLateSpot #FFFFFF| #00C8FFHandy : #FFFFFF5420076
[10-03-2019 12:34:17]: ⎯⎯⎯⎯⎯⎯⎯⎯⎯⎯⎯⎯⎯⎯⎯⎯⎯⎯⎯⎯⎯⎯⎯⎯⎯⎯⎯⎯⎯⎯⎯⎯⎯⎯⎯⎯⎯⎯⎯⎯⎯⎯⎯⎯⎯⎯
[10-03-2019 13:25:04]: ⎯⎯⎯⎯⎯⎯⎯⎯⎯⎯⎯⎯⎯⎯⎯⎯⎯⎯⎯⎯⎯⎯⎯⎯⎯⎯⎯⎯⎯⎯⎯⎯⎯⎯⎯⎯⎯⎯⎯⎯⎯⎯⎯⎯⎯⎯
[10-03-2019 13:25:04]: #00C8FF[Werbung] : #FFFFFFIhr braucht eine Motor Optimierung? Meldet euch!
[10-03-2019 13:25:04]: #00C8FFVon : #FFFFFFLuca_Jordan #FFFFFF| #00C8FFHandy : #FFFFFF2585812
[10-03-2019 13:25:04]: ⎯⎯⎯⎯⎯⎯⎯⎯⎯⎯⎯⎯⎯⎯⎯⎯⎯⎯⎯⎯⎯⎯⎯⎯⎯⎯⎯⎯⎯⎯⎯⎯⎯⎯⎯⎯⎯⎯⎯⎯⎯⎯⎯⎯⎯⎯
[10-03-2019 13:58:48]: ⎯⎯⎯⎯⎯⎯⎯⎯⎯⎯⎯⎯⎯⎯⎯⎯⎯⎯⎯⎯⎯⎯⎯⎯⎯⎯⎯⎯⎯⎯⎯⎯⎯⎯⎯⎯⎯⎯⎯⎯⎯⎯⎯⎯⎯⎯
[10-03-2019 13:58:48]: #00C8FF[Werbung] : #FFFFFFich hänge im login
[10-03-2019 13:58:48]: #00C8FFVon : #FFFFFFemreboyXD #FFFFFF| #00C8FFHandy : #FFFFFF2642021
[10-03-2019 13:58:48]: ⎯⎯⎯⎯⎯⎯⎯⎯⎯⎯⎯⎯⎯⎯⎯⎯⎯⎯⎯⎯⎯⎯⎯⎯⎯⎯⎯⎯⎯⎯⎯⎯⎯⎯⎯⎯⎯⎯⎯⎯⎯⎯⎯⎯⎯⎯
[10-03-2019 16:43:21]: ⎯⎯⎯⎯⎯⎯⎯⎯⎯⎯⎯⎯⎯⎯⎯⎯⎯⎯⎯⎯⎯⎯⎯⎯⎯⎯⎯⎯⎯⎯⎯⎯⎯⎯⎯⎯⎯⎯⎯⎯⎯⎯⎯⎯⎯⎯
[10-03-2019 16:43:21]: #00C8FF[Werbung] : #FFFFFFVk Euros .. Sport Motor 1 + Tunings
[10-03-2019 16:43:21]: #00C8FFVon : #FFFFFFLateSpot #FFFFFF| #00C8FFHandy : #FFFFFF5420076
[10-03-2019 16:43:21]: ⎯⎯⎯⎯⎯⎯⎯⎯⎯⎯⎯⎯⎯⎯⎯⎯⎯⎯⎯⎯⎯⎯⎯⎯⎯⎯⎯⎯⎯⎯⎯⎯⎯⎯⎯⎯⎯⎯⎯⎯⎯⎯⎯⎯⎯⎯
[10-03-2019 18:04:46]: ⎯⎯⎯⎯⎯⎯⎯⎯⎯⎯⎯⎯⎯⎯⎯⎯⎯⎯⎯⎯⎯⎯⎯⎯⎯⎯⎯⎯⎯⎯⎯⎯⎯⎯⎯⎯⎯⎯⎯⎯⎯⎯⎯⎯⎯⎯
[10-03-2019 18:04:46]: #00C8FF[Werbung] : #FFFFFFVK Euros + Tunings ...
[10-03-2019 18:04:46]: #00C8FFVon : #FFFFFFLateSpot #FFFFFF| #00C8FFHandy : #FFFFFF5420076
[10-03-2019 18:04:46]: ⎯⎯⎯⎯⎯⎯⎯⎯⎯⎯⎯⎯⎯⎯⎯⎯⎯⎯⎯⎯⎯⎯⎯⎯⎯⎯⎯⎯⎯⎯⎯⎯⎯⎯⎯⎯⎯⎯⎯⎯⎯⎯⎯⎯⎯⎯
[10-03-2019 18:08:58]: ⎯⎯⎯⎯⎯⎯⎯⎯⎯⎯⎯⎯⎯⎯⎯⎯⎯⎯⎯⎯⎯⎯⎯⎯⎯⎯⎯⎯⎯⎯⎯⎯⎯⎯⎯⎯⎯⎯⎯⎯⎯⎯⎯⎯⎯⎯
[10-03-2019 18:08:58]: #00C8FF[Werbung] : #FFFFFFIhr braucht ein Motortuning ? Dann kommt zu mir
[10-03-2019 18:08:58]: #00C8FFVon : #FFFFFFLuca_Jordan #FFFFFF| #00C8FFHandy : #FFFFFF2585812
[10-03-2019 18:08:58]: ⎯⎯⎯⎯⎯⎯⎯⎯⎯⎯⎯⎯⎯⎯⎯⎯⎯⎯⎯⎯⎯⎯⎯⎯⎯⎯⎯⎯⎯⎯⎯⎯⎯⎯⎯⎯⎯⎯⎯⎯⎯⎯⎯⎯⎯⎯
[10-03-2019 18:36:06]: ⎯⎯⎯⎯⎯⎯⎯⎯⎯⎯⎯⎯⎯⎯⎯⎯⎯⎯⎯⎯⎯⎯⎯⎯⎯⎯⎯⎯⎯⎯⎯⎯⎯⎯⎯⎯⎯⎯⎯⎯⎯⎯⎯⎯⎯⎯
[10-03-2019 18:36:06]: #00C8FF[Werbung] : #FFFFFFIhr braucht eine Motor Optimierung ? Meldet Euch!
[10-03-2019 18:36:06]: #00C8FFVon : #FFFFFFLuca_Jordan #FFFFFF| #00C8FFHandy : #FFFFFF2585812
[10-03-2019 18:36:06]: ⎯⎯⎯⎯⎯⎯⎯⎯⎯⎯⎯⎯⎯⎯⎯⎯⎯⎯⎯⎯⎯⎯⎯⎯⎯⎯⎯⎯⎯⎯⎯⎯⎯⎯⎯⎯⎯⎯⎯⎯⎯⎯⎯⎯⎯⎯
[10-03-2019 19:17:05]: ⎯⎯⎯⎯⎯⎯⎯⎯⎯⎯⎯⎯⎯⎯⎯⎯⎯⎯⎯⎯⎯⎯⎯⎯⎯⎯⎯⎯⎯⎯⎯⎯⎯⎯⎯⎯⎯⎯⎯⎯⎯⎯⎯⎯⎯⎯
[10-03-2019 19:17:05]: #00C8FF[Werbung] : #FFFFFFVerkaufe Hotknife mit Motor 2 und Allrad 320k VB!
[10-03-2019 19:17:05]: #00C8FFVon : #FFFFFFLuca_Jordan #FFFFFF| #00C8FFHandy : #FFFFFF2585812
[10-03-2019 19:17:05]: ⎯⎯⎯⎯⎯⎯⎯⎯⎯⎯⎯⎯⎯⎯⎯⎯⎯⎯⎯⎯⎯⎯⎯⎯⎯⎯⎯⎯⎯⎯⎯⎯⎯⎯⎯⎯⎯⎯⎯⎯⎯⎯⎯⎯⎯⎯
[10-03-2019 19:17:39]: ⎯⎯⎯⎯⎯⎯⎯⎯⎯⎯⎯⎯⎯⎯⎯⎯⎯⎯⎯⎯⎯⎯⎯⎯⎯⎯⎯⎯⎯⎯⎯⎯⎯⎯⎯⎯⎯⎯⎯⎯⎯⎯⎯⎯⎯⎯
[10-03-2019 19:17:39]: #00C8FF[Werbung] : #FFFFFFWer verkauft Günstig ein Infi ?
[10-03-2019 19:17:39]: #00C8FFVon : #FFFFFFCapo #FFFFFF| #00C8FFHandy : #FFFFFF4447624
[10-03-2019 19:17:39]: ⎯⎯⎯⎯⎯⎯⎯⎯⎯⎯⎯⎯⎯⎯⎯⎯⎯⎯⎯⎯⎯⎯⎯⎯⎯⎯⎯⎯⎯⎯⎯⎯⎯⎯⎯⎯⎯⎯⎯⎯⎯⎯⎯⎯⎯⎯
[10-03-2019 19:19:55]: ⎯⎯⎯⎯⎯⎯⎯⎯⎯⎯⎯⎯⎯⎯⎯⎯⎯⎯⎯⎯⎯⎯⎯⎯⎯⎯⎯⎯⎯⎯⎯⎯⎯⎯⎯⎯⎯⎯⎯⎯⎯⎯⎯⎯⎯⎯
[10-03-2019 19:19:55]: #00C8FF[Werbung] : #FFFFFFWer hat bock auf Grove?! Der soll sich bei mir melden!!!
[10-03-2019 19:19:55]: #00C8FFVon : #FFFFFFLelek #FFFFFF| #00C8FFHandy : #FFFFFF5260754
[10-03-2019 19:19:55]: ⎯⎯⎯⎯⎯⎯⎯⎯⎯⎯⎯⎯⎯⎯⎯⎯⎯⎯⎯⎯⎯⎯⎯⎯⎯⎯⎯⎯⎯⎯⎯⎯⎯⎯⎯⎯⎯⎯⎯⎯⎯⎯⎯⎯⎯⎯
[10-03-2019 19:39:06]: ⎯⎯⎯⎯⎯⎯⎯⎯⎯⎯⎯⎯⎯⎯⎯⎯⎯⎯⎯⎯⎯⎯⎯⎯⎯⎯⎯⎯⎯⎯⎯⎯⎯⎯⎯⎯⎯⎯⎯⎯⎯⎯⎯⎯⎯⎯
[10-03-2019 19:39:06]: #00C8FF[Werbung] : #FFFFFFFür Motor Optimierungen Melden :)
[10-03-2019 19:39:06]: #00C8FFVon : #FFFFFFLateSpot #FFFFFF| #00C8FFHandy : #FFFFFF5420076
[10-03-2019 19:39:06]: ⎯⎯⎯⎯⎯⎯⎯⎯⎯⎯⎯⎯⎯⎯⎯⎯⎯⎯⎯⎯⎯⎯⎯⎯⎯⎯⎯⎯⎯⎯⎯⎯⎯⎯⎯⎯⎯⎯⎯⎯⎯⎯⎯⎯⎯⎯
[10-03-2019 19:53:41]: ⎯⎯⎯⎯⎯⎯⎯⎯⎯⎯⎯⎯⎯⎯⎯⎯⎯⎯⎯⎯⎯⎯⎯⎯⎯⎯⎯⎯⎯⎯⎯⎯⎯⎯⎯⎯⎯⎯⎯⎯⎯⎯⎯⎯⎯⎯
[10-03-2019 19:53:41]: #00C8FF[Werbung] : #FFFFFFVk Euros Motor 1 + weitere Tunings
[10-03-2019 19:53:41]: #00C8FFVon : #FFFFFFLateSpot #FFFFFF| #00C8FFHandy : #FFFFFF5420076
[10-03-2019 19:53:41]: ⎯⎯⎯⎯⎯⎯⎯⎯⎯⎯⎯⎯⎯⎯⎯⎯⎯⎯⎯⎯⎯⎯⎯⎯⎯⎯⎯⎯⎯⎯⎯⎯⎯⎯⎯⎯⎯⎯⎯⎯⎯⎯⎯⎯⎯⎯
[10-03-2019 20:01:11]: ⎯⎯⎯⎯⎯⎯⎯⎯⎯⎯⎯⎯⎯⎯⎯⎯⎯⎯⎯⎯⎯⎯⎯⎯⎯⎯⎯⎯⎯⎯⎯⎯⎯⎯⎯⎯⎯⎯⎯⎯⎯⎯⎯⎯⎯⎯
[10-03-2019 20:01:11]: #00C8FF[Werbung] : #FFFFFFAngels of Death suchen noch Mitglieder / Bewerbung im Forum!
[10-03-2019 20:01:11]: #00C8FFVon : #FFFFFFJan1308 #FFFFFF| #00C8FFHandy : #FFFFFF713842
[10-03-2019 20:01:11]: ⎯⎯⎯⎯⎯⎯⎯⎯⎯⎯⎯⎯⎯⎯⎯⎯⎯⎯⎯⎯⎯⎯⎯⎯⎯⎯⎯⎯⎯⎯⎯⎯⎯⎯⎯⎯⎯⎯⎯⎯⎯⎯⎯⎯⎯⎯
[10-03-2019 20:02:05]: ⎯⎯⎯⎯⎯⎯⎯⎯⎯⎯⎯⎯⎯⎯⎯⎯⎯⎯⎯⎯⎯⎯⎯⎯⎯⎯⎯⎯⎯⎯⎯⎯⎯⎯⎯⎯⎯⎯⎯⎯⎯⎯⎯⎯⎯⎯
[10-03-2019 20:02:05]: #00C8FF[Werbung] : #FFFFFFvk sniper
[10-03-2019 20:02:05]: #00C8FFVon : #FFFFFFcrusher #FFFFFF| #00C8FFHandy : #FFFFFF4681088
[10-03-2019 20:02:05]: ⎯⎯⎯⎯⎯⎯⎯⎯⎯⎯⎯⎯⎯⎯⎯⎯⎯⎯⎯⎯⎯⎯⎯⎯⎯⎯⎯⎯⎯⎯⎯⎯⎯⎯⎯⎯⎯⎯⎯⎯⎯⎯⎯⎯⎯⎯
[10-03-2019 20:15:13]: ⎯⎯⎯⎯⎯⎯⎯⎯⎯⎯⎯⎯⎯⎯⎯⎯⎯⎯⎯⎯⎯⎯⎯⎯⎯⎯⎯⎯⎯⎯⎯⎯⎯⎯⎯⎯⎯⎯⎯⎯⎯⎯⎯⎯⎯⎯
[10-03-2019 20:15:13]: #00C8FF[Werbung] : #FFFFFFfür Motor Optimierungen melden
[10-03-2019 20:15:13]: #00C8FFVon : #FFFFFFLateSpot #FFFFFF| #00C8FFHandy : #FFFFFF5420076
[10-03-2019 20:15:13]: ⎯⎯⎯⎯⎯⎯⎯⎯⎯⎯⎯⎯⎯⎯⎯⎯⎯⎯⎯⎯⎯⎯⎯⎯⎯⎯⎯⎯⎯⎯⎯⎯⎯⎯⎯⎯⎯⎯⎯⎯⎯⎯⎯⎯⎯⎯
[10-03-2019 20:26:57]: ⎯⎯⎯⎯⎯⎯⎯⎯⎯⎯⎯⎯⎯⎯⎯⎯⎯⎯⎯⎯⎯⎯⎯⎯⎯⎯⎯⎯⎯⎯⎯⎯⎯⎯⎯⎯⎯⎯⎯⎯⎯⎯⎯⎯⎯⎯
[10-03-2019 20:26:57]: #00C8FF[Werbung] : #FFFFFFFür Motor Optimierungen / Tunings bei mir melden
[10-03-2019 20:26:57]: #00C8FFVon : #FFFFFFLateSpot #FFFFFF| #00C8FFHandy : #FFFFFF5420076
[10-03-2019 20:26:57]: ⎯⎯⎯⎯⎯⎯⎯⎯⎯⎯⎯⎯⎯⎯⎯⎯⎯⎯⎯⎯⎯⎯⎯⎯⎯⎯⎯⎯⎯⎯⎯⎯⎯⎯⎯⎯⎯⎯⎯⎯⎯⎯⎯⎯⎯⎯
[10-03-2019 20:43:05]: ⎯⎯⎯⎯⎯⎯⎯⎯⎯⎯⎯⎯⎯⎯⎯⎯⎯⎯⎯⎯⎯⎯⎯⎯⎯⎯⎯⎯⎯⎯⎯⎯⎯⎯⎯⎯⎯⎯⎯⎯⎯⎯⎯⎯⎯⎯
[10-03-2019 20:43:05]: #00C8FF[Werbung] : #FFFFFFFür Motor Optimierungen / weitere Tunings gerne bei mir melden
[10-03-2019 20:43:05]: #00C8FFVon : #FFFFFFLateSpot #FFFFFF| #00C8FFHandy : #FFFFFF5420076
[10-03-2019 20:43:05]: ⎯⎯⎯⎯⎯⎯⎯⎯⎯⎯⎯⎯⎯⎯⎯⎯⎯⎯⎯⎯⎯⎯⎯⎯⎯⎯⎯⎯⎯⎯⎯⎯⎯⎯⎯⎯⎯⎯⎯⎯⎯⎯⎯⎯⎯⎯
[10-03-2019 20:59:59]: ⎯⎯⎯⎯⎯⎯⎯⎯⎯⎯⎯⎯⎯⎯⎯⎯⎯⎯⎯⎯⎯⎯⎯⎯⎯⎯⎯⎯⎯⎯⎯⎯⎯⎯⎯⎯⎯⎯⎯⎯⎯⎯⎯⎯⎯⎯
[10-03-2019 20:59:59]: #00C8FF[Werbung] : #FFFFFFChiptuning gefällig? Dann meld dich!
[10-03-2019 20:59:59]: #00C8FFVon : #FFFFFFLuca_Jordan #FFFFFF| #00C8FFHandy : #FFFFFF2585812
[10-03-2019 20:59:59]: ⎯⎯⎯⎯⎯⎯⎯⎯⎯⎯⎯⎯⎯⎯⎯⎯⎯⎯⎯⎯⎯⎯⎯⎯⎯⎯⎯⎯⎯⎯⎯⎯⎯⎯⎯⎯⎯⎯⎯⎯⎯⎯⎯⎯⎯⎯
[10-03-2019 21:01:20]: ⎯⎯⎯⎯⎯⎯⎯⎯⎯⎯⎯⎯⎯⎯⎯⎯⎯⎯⎯⎯⎯⎯⎯⎯⎯⎯⎯⎯⎯⎯⎯⎯⎯⎯⎯⎯⎯⎯⎯⎯⎯⎯⎯⎯⎯⎯
[10-03-2019 21:01:20]: #00C8FF[Werbung] : #FFFFFFVK Infi Sportmotor 2 Bremse 1
[10-03-2019 21:01:20]: #00C8FFVon : #FFFFFFiTzSaske #FFFFFF| #00C8FFHandy : #FFFFFF327465
[10-03-2019 21:01:20]: ⎯⎯⎯⎯⎯⎯⎯⎯⎯⎯⎯⎯⎯⎯⎯⎯⎯⎯⎯⎯⎯⎯⎯⎯⎯⎯⎯⎯⎯⎯⎯⎯⎯⎯⎯⎯⎯⎯⎯⎯⎯⎯⎯⎯⎯⎯
[10-03-2019 21:07:04]: ⎯⎯⎯⎯⎯⎯⎯⎯⎯⎯⎯⎯⎯⎯⎯⎯⎯⎯⎯⎯⎯⎯⎯⎯⎯⎯⎯⎯⎯⎯⎯⎯⎯⎯⎯⎯⎯⎯⎯⎯⎯⎯⎯⎯⎯⎯
[10-03-2019 21:07:04]: #00C8FF[Werbung] : #FFFFFFVK Infi Sportmotor 2 Bremse 1
[10-03-2019 21:07:04]: #00C8FFVon : #FFFFFFiTzSaske #FFFFFF| #00C8FFHandy : #FFFFFF327465
[10-03-2019 21:07:04]: ⎯⎯⎯⎯⎯⎯⎯⎯⎯⎯⎯⎯⎯⎯⎯⎯⎯⎯⎯⎯⎯⎯⎯⎯⎯⎯⎯⎯⎯⎯⎯⎯⎯⎯⎯⎯⎯⎯⎯⎯⎯⎯⎯⎯⎯⎯
[10-03-2019 21:15:40]: ⎯⎯⎯⎯⎯⎯⎯⎯⎯⎯⎯⎯⎯⎯⎯⎯⎯⎯⎯⎯⎯⎯⎯⎯⎯⎯⎯⎯⎯⎯⎯⎯⎯⎯⎯⎯⎯⎯⎯⎯⎯⎯⎯⎯⎯⎯
[10-03-2019 21:15:40]: #00C8FF[Werbung] : #FFFFFFDie Grove sucht Member! BW in forum!
[10-03-2019 21:15:40]: #00C8FFVon : #FFFFFFLelek #FFFFFF| #00C8FFHandy : #FFFFFF5260754
[10-03-2019 21:15:40]: ⎯⎯⎯⎯⎯⎯⎯⎯⎯⎯⎯⎯⎯⎯⎯⎯⎯⎯⎯⎯⎯⎯⎯⎯⎯⎯⎯⎯⎯⎯⎯⎯⎯⎯⎯⎯⎯⎯⎯⎯⎯⎯⎯⎯⎯⎯
[10-03-2019 23:00:26]: ⎯⎯⎯⎯⎯⎯⎯⎯⎯⎯⎯⎯⎯⎯⎯⎯⎯⎯⎯⎯⎯⎯⎯⎯⎯⎯⎯⎯⎯⎯⎯⎯⎯⎯⎯⎯⎯⎯⎯⎯⎯⎯⎯⎯⎯⎯
[10-03-2019 23:00:26]: #00C8FF[Werbung] : #FFFFFFTriaden haben nun Bündnis mit Compton Family's
[10-03-2019 23:00:26]: #00C8FFVon : #FFFFFFKeno #FFFFFF| #00C8FFHandy : #FFFFFF4652859
[10-03-2019 23:00:26]: ⎯⎯⎯⎯⎯⎯⎯⎯⎯⎯⎯⎯⎯⎯⎯⎯⎯⎯⎯⎯⎯⎯⎯⎯⎯⎯⎯⎯⎯⎯⎯⎯⎯⎯⎯⎯⎯⎯⎯⎯⎯⎯⎯⎯⎯⎯
[10-03-2019 23:06:22]: ⎯⎯⎯⎯⎯⎯⎯⎯⎯⎯⎯⎯⎯⎯⎯⎯⎯⎯⎯⎯⎯⎯⎯⎯⎯⎯⎯⎯⎯⎯⎯⎯⎯⎯⎯⎯⎯⎯⎯⎯⎯⎯⎯⎯⎯⎯
[10-03-2019 23:06:22]: #00C8FF[Werbung] : #FFFFFFVK 5 CP SHOP COINS!!!!
[10-03-2019 23:06:22]: #00C8FFVon : #FFFFFFR32 #FFFFFF| #00C8FFHandy : #FFFFFF3541854
[10-03-2019 23:06:22]: ⎯⎯⎯⎯⎯⎯⎯⎯⎯⎯⎯⎯⎯⎯⎯⎯⎯⎯⎯⎯⎯⎯⎯⎯⎯⎯⎯⎯⎯⎯⎯⎯⎯⎯⎯⎯⎯⎯⎯⎯⎯⎯⎯⎯⎯⎯
[10-03-2019 23:58:18]: ⎯⎯⎯⎯⎯⎯⎯⎯⎯⎯⎯⎯⎯⎯⎯⎯⎯⎯⎯⎯⎯⎯⎯⎯⎯⎯⎯⎯⎯⎯⎯⎯⎯⎯⎯⎯⎯⎯⎯⎯⎯⎯⎯⎯⎯⎯
[10-03-2019 23:58:18]: #00C8FF[Werbung] : #FFFFFFsuche eine Gute Fraktion
[10-03-2019 23:58:18]: #00C8FFVon : #FFFFFFferhatboy38 #FFFFFF| #00C8FFHandy : #FFFFFF4053573
[10-03-2019 23:58:18]: ⎯⎯⎯⎯⎯⎯⎯⎯⎯⎯⎯⎯⎯⎯⎯⎯⎯⎯⎯⎯⎯⎯⎯⎯⎯⎯⎯⎯⎯⎯⎯⎯⎯⎯⎯⎯⎯⎯⎯⎯⎯⎯⎯⎯⎯⎯
[11-03-2019 09:54:43]: ⎯⎯⎯⎯⎯⎯⎯⎯⎯⎯⎯⎯⎯⎯⎯⎯⎯⎯⎯⎯⎯⎯⎯⎯⎯⎯⎯⎯⎯⎯⎯⎯⎯⎯⎯⎯⎯⎯⎯⎯⎯⎯⎯⎯⎯⎯
[11-03-2019 09:54:43]: #00C8FF[Werbung] : #FFFFFFFür Tunings - Motor Tunings usw Melden
[11-03-2019 09:54:43]: #00C8FFVon : #FFFFFFLateSpot #FFFFFF| #00C8FFHandy : #FFFFFF5420076
[11-03-2019 09:54:43]: ⎯⎯⎯⎯⎯⎯⎯⎯⎯⎯⎯⎯⎯⎯⎯⎯⎯⎯⎯⎯⎯⎯⎯⎯⎯⎯⎯⎯⎯⎯⎯⎯⎯⎯⎯⎯⎯⎯⎯⎯⎯⎯⎯⎯⎯⎯
[11-03-2019 11:27:44]: ⎯⎯⎯⎯⎯⎯⎯⎯⎯⎯⎯⎯⎯⎯⎯⎯⎯⎯⎯⎯⎯⎯⎯⎯⎯⎯⎯⎯⎯⎯⎯⎯⎯⎯⎯⎯⎯⎯⎯⎯⎯⎯⎯⎯⎯⎯
[11-03-2019 11:27:44]: #00C8FF[Werbung] : #FFFFFFFür Motor Optimierungen und weitere Tunings bei mir melden
[11-03-2019 11:27:44]: #00C8FFVon : #FFFFFFLateSpot #FFFFFF| #00C8FFHandy : #FFFFFF5420076
[11-03-2019 11:27:44]: ⎯⎯⎯⎯⎯⎯⎯⎯⎯⎯⎯⎯⎯⎯⎯⎯⎯⎯⎯⎯⎯⎯⎯⎯⎯⎯⎯⎯⎯⎯⎯⎯⎯⎯⎯⎯⎯⎯⎯⎯⎯⎯⎯⎯⎯⎯
[11-03-2019 11:52:32]: ⎯⎯⎯⎯⎯⎯⎯⎯⎯⎯⎯⎯⎯⎯⎯⎯⎯⎯⎯⎯⎯⎯⎯⎯⎯⎯⎯⎯⎯⎯⎯⎯⎯⎯⎯⎯⎯⎯⎯⎯⎯⎯⎯⎯⎯⎯
[11-03-2019 11:52:32]: #00C8FF[Werbung] : #FFFFFFMotor Optimierungen +Tunings bei mir in der Werkstatt
[11-03-2019 11:52:32]: #00C8FFVon : #FFFFFFLateSpot #FFFFFF| #00C8FFHandy : #FFFFFF5420076
[11-03-2019 11:52:32]: ⎯⎯⎯⎯⎯⎯⎯⎯⎯⎯⎯⎯⎯⎯⎯⎯⎯⎯⎯⎯⎯⎯⎯⎯⎯⎯⎯⎯⎯⎯⎯⎯⎯⎯⎯⎯⎯⎯⎯⎯⎯⎯⎯⎯⎯⎯
[11-03-2019 13:42:40]: ⎯⎯⎯⎯⎯⎯⎯⎯⎯⎯⎯⎯⎯⎯⎯⎯⎯⎯⎯⎯⎯⎯⎯⎯⎯⎯⎯⎯⎯⎯⎯⎯⎯⎯⎯⎯⎯⎯⎯⎯⎯⎯⎯⎯⎯⎯
[11-03-2019 13:42:40]: #00C8FF[Werbung] : #FFFFFFMotortuning gefällig ? Ruf an!
[11-03-2019 13:42:40]: #00C8FFVon : #FFFFFFLuca_Jordan #FFFFFF| #00C8FFHandy : #FFFFFF2585812
[11-03-2019 13:42:40]: ⎯⎯⎯⎯⎯⎯⎯⎯⎯⎯⎯⎯⎯⎯⎯⎯⎯⎯⎯⎯⎯⎯⎯⎯⎯⎯⎯⎯⎯⎯⎯⎯⎯⎯⎯⎯⎯⎯⎯⎯⎯⎯⎯⎯⎯⎯
[11-03-2019 14:29:48]: ⎯⎯⎯⎯⎯⎯⎯⎯⎯⎯⎯⎯⎯⎯⎯⎯⎯⎯⎯⎯⎯⎯⎯⎯⎯⎯⎯⎯⎯⎯⎯⎯⎯⎯⎯⎯⎯⎯⎯⎯⎯⎯⎯⎯⎯⎯
[11-03-2019 14:29:48]: #00C8FF[Werbung] : #FFFFFFAls mech xD
[11-03-2019 14:29:48]: #00C8FFVon : #FFFFFFn0pe #FFFFFF| #00C8FFHandy : #FFFFFF7218708
[11-03-2019 14:29:48]: ⎯⎯⎯⎯⎯⎯⎯⎯⎯⎯⎯⎯⎯⎯⎯⎯⎯⎯⎯⎯⎯⎯⎯⎯⎯⎯⎯⎯⎯⎯⎯⎯⎯⎯⎯⎯⎯⎯⎯⎯⎯⎯⎯⎯⎯⎯
[11-03-2019 14:34:23]: ⎯⎯⎯⎯⎯⎯⎯⎯⎯⎯⎯⎯⎯⎯⎯⎯⎯⎯⎯⎯⎯⎯⎯⎯⎯⎯⎯⎯⎯⎯⎯⎯⎯⎯⎯⎯⎯⎯⎯⎯⎯⎯⎯⎯⎯⎯
[11-03-2019 14:34:23]: #00C8FF[Werbung] : #FFFFFFGeh raus wenn du rl willst du nap
[11-03-2019 14:34:23]: #00C8FFVon : #FFFFFFn0pe #FFFFFF| #00C8FFHandy : #FFFFFF7218708
[11-03-2019 14:34:23]: ⎯⎯⎯⎯⎯⎯⎯⎯⎯⎯⎯⎯⎯⎯⎯⎯⎯⎯⎯⎯⎯⎯⎯⎯⎯⎯⎯⎯⎯⎯⎯⎯⎯⎯⎯⎯⎯⎯⎯⎯⎯⎯⎯⎯⎯⎯
[11-03-2019 14:34:57]: ⎯⎯⎯⎯⎯⎯⎯⎯⎯⎯⎯⎯⎯⎯⎯⎯⎯⎯⎯⎯⎯⎯⎯⎯⎯⎯⎯⎯⎯⎯⎯⎯⎯⎯⎯⎯⎯⎯⎯⎯⎯⎯⎯⎯⎯⎯
[11-03-2019 14:34:57]: #00C8FF[Werbung] : #FFFFFFBruder ich bin nicht der 15 jährige der dicke Eier schiebt xD
[11-03-2019 14:34:57]: #00C8FFVon : #FFFFFFn0pe #FFFFFF| #00C8FFHandy : #FFFFFF7218708
[11-03-2019 14:34:57]: ⎯⎯⎯⎯⎯⎯⎯⎯⎯⎯⎯⎯⎯⎯⎯⎯⎯⎯⎯⎯⎯⎯⎯⎯⎯⎯⎯⎯⎯⎯⎯⎯⎯⎯⎯⎯⎯⎯⎯⎯⎯⎯⎯⎯⎯⎯
[11-03-2019 14:35:34]: ⎯⎯⎯⎯⎯⎯⎯⎯⎯⎯⎯⎯⎯⎯⎯⎯⎯⎯⎯⎯⎯⎯⎯⎯⎯⎯⎯⎯⎯⎯⎯⎯⎯⎯⎯⎯⎯⎯⎯⎯⎯⎯⎯⎯⎯⎯
[11-03-2019 14:35:34]: #00C8FF[Werbung] : #FFFFFFsagt er aufm MTA Server hahahahah
[11-03-2019 14:35:34]: #00C8FFVon : #FFFFFFn0pe #FFFFFF| #00C8FFHandy : #FFFFFF7218708
[11-03-2019 14:35:34]: ⎯⎯⎯⎯⎯⎯⎯⎯⎯⎯⎯⎯⎯⎯⎯⎯⎯⎯⎯⎯⎯⎯⎯⎯⎯⎯⎯⎯⎯⎯⎯⎯⎯⎯⎯⎯⎯⎯⎯⎯⎯⎯⎯⎯⎯⎯
[11-03-2019 15:14:20]: ⎯⎯⎯⎯⎯⎯⎯⎯⎯⎯⎯⎯⎯⎯⎯⎯⎯⎯⎯⎯⎯⎯⎯⎯⎯⎯⎯⎯⎯⎯⎯⎯⎯⎯⎯⎯⎯⎯⎯⎯⎯⎯⎯⎯⎯⎯
[11-03-2019 15:14:20]: #00C8FF[Werbung] : #FFFFFFMotortuning gefällig? Meldet euch!
[11-03-2019 15:14:20]: #00C8FFVon : #FFFFFFLuca_Jordan #FFFFFF| #00C8FFHandy : #FFFFFF2585812
[11-03-2019 15:14:20]: ⎯⎯⎯⎯⎯⎯⎯⎯⎯⎯⎯⎯⎯⎯⎯⎯⎯⎯⎯⎯⎯⎯⎯⎯⎯⎯⎯⎯⎯⎯⎯⎯⎯⎯⎯⎯⎯⎯⎯⎯⎯⎯⎯⎯⎯⎯
[11-03-2019 15:15:06]: ⎯⎯⎯⎯⎯⎯⎯⎯⎯⎯⎯⎯⎯⎯⎯⎯⎯⎯⎯⎯⎯⎯⎯⎯⎯⎯⎯⎯⎯⎯⎯⎯⎯⎯⎯⎯⎯⎯⎯⎯⎯⎯⎯⎯⎯⎯
[11-03-2019 15:15:06]: #00C8FF[Werbung] : #FFFFFFTuning gefällig ? Meldet euch !
[11-03-2019 15:15:06]: #00C8FFVon : #FFFFFFLateSpot #FFFFFF| #00C8FFHandy : #FFFFFF5420076
[11-03-2019 15:15:06]: ⎯⎯⎯⎯⎯⎯⎯⎯⎯⎯⎯⎯⎯⎯⎯⎯⎯⎯⎯⎯⎯⎯⎯⎯⎯⎯⎯⎯⎯⎯⎯⎯⎯⎯⎯⎯⎯⎯⎯⎯⎯⎯⎯⎯⎯⎯
[11-03-2019 15:25:09]: ⎯⎯⎯⎯⎯⎯⎯⎯⎯⎯⎯⎯⎯⎯⎯⎯⎯⎯⎯⎯⎯⎯⎯⎯⎯⎯⎯⎯⎯⎯⎯⎯⎯⎯⎯⎯⎯⎯⎯⎯⎯⎯⎯⎯⎯⎯
[11-03-2019 15:25:09]: #00C8FF[Werbung] : #FFFFFFVK Sultan | Sportmotor 3| Bremse 3 | USA - Design |Call me.
[11-03-2019 15:25:09]: #00C8FFVon : #FFFFFFChapo #FFFFFF| #00C8FFHandy : #FFFFFF7273321
[11-03-2019 15:25:09]: ⎯⎯⎯⎯⎯⎯⎯⎯⎯⎯⎯⎯⎯⎯⎯⎯⎯⎯⎯⎯⎯⎯⎯⎯⎯⎯⎯⎯⎯⎯⎯⎯⎯⎯⎯⎯⎯⎯⎯⎯⎯⎯⎯⎯⎯⎯
[11-03-2019 15:31:04]: ⎯⎯⎯⎯⎯⎯⎯⎯⎯⎯⎯⎯⎯⎯⎯⎯⎯⎯⎯⎯⎯⎯⎯⎯⎯⎯⎯⎯⎯⎯⎯⎯⎯⎯⎯⎯⎯⎯⎯⎯⎯⎯⎯⎯⎯⎯
[11-03-2019 15:31:04]: #00C8FF[Werbung] : #FFFFFFVerkaufe Coles von Meliodas_Sin sms mit Gebot an mich!
[11-03-2019 15:31:04]: #00C8FFVon : #FFFFFFn0pe #FFFFFF| #00C8FFHandy : #FFFFFF7218708
[11-03-2019 15:31:04]: ⎯⎯⎯⎯⎯⎯⎯⎯⎯⎯⎯⎯⎯⎯⎯⎯⎯⎯⎯⎯⎯⎯⎯⎯⎯⎯⎯⎯⎯⎯⎯⎯⎯⎯⎯⎯⎯⎯⎯⎯⎯⎯⎯⎯⎯⎯
[11-03-2019 15:40:37]: ⎯⎯⎯⎯⎯⎯⎯⎯⎯⎯⎯⎯⎯⎯⎯⎯⎯⎯⎯⎯⎯⎯⎯⎯⎯⎯⎯⎯⎯⎯⎯⎯⎯⎯⎯⎯⎯⎯⎯⎯⎯⎯⎯⎯⎯⎯
[11-03-2019 15:40:37]: #00C8FF[Werbung] : #FFFFFFVerkaufe Ehre von Meliodas_Sin. Sorry gibt es doch nicht
[11-03-2019 15:40:37]: #00C8FFVon : #FFFFFFn0pe #FFFFFF| #00C8FFHandy : #FFFFFF7218708
[11-03-2019 15:40:37]: ⎯⎯⎯⎯⎯⎯⎯⎯⎯⎯⎯⎯⎯⎯⎯⎯⎯⎯⎯⎯⎯⎯⎯⎯⎯⎯⎯⎯⎯⎯⎯⎯⎯⎯⎯⎯⎯⎯⎯⎯⎯⎯⎯⎯⎯⎯
[11-03-2019 15:41:34]: ⎯⎯⎯⎯⎯⎯⎯⎯⎯⎯⎯⎯⎯⎯⎯⎯⎯⎯⎯⎯⎯⎯⎯⎯⎯⎯⎯⎯⎯⎯⎯⎯⎯⎯⎯⎯⎯⎯⎯⎯⎯⎯⎯⎯⎯⎯
[11-03-2019 15:41:34]: #00C8FF[Werbung] : #FFFFFFDie F.B.I sucht noch kompetente Mitglieder.
[11-03-2019 15:41:34]: #00C8FFVon : #FFFFFFChapo #FFFFFF| #00C8FFHandy : #FFFFFF7273321
[11-03-2019 15:41:34]: ⎯⎯⎯⎯⎯⎯⎯⎯⎯⎯⎯⎯⎯⎯⎯⎯⎯⎯⎯⎯⎯⎯⎯⎯⎯⎯⎯⎯⎯⎯⎯⎯⎯⎯⎯⎯⎯⎯⎯⎯⎯⎯⎯⎯⎯⎯
[11-03-2019 16:01:06]: ⎯⎯⎯⎯⎯⎯⎯⎯⎯⎯⎯⎯⎯⎯⎯⎯⎯⎯⎯⎯⎯⎯⎯⎯⎯⎯⎯⎯⎯⎯⎯⎯⎯⎯⎯⎯⎯⎯⎯⎯⎯⎯⎯⎯⎯⎯
[11-03-2019 16:01:06]: #00C8FF[Werbung] : #FFFFFFTuning nötig? Karre zu Langsam? Meld dich!
[11-03-2019 16:01:06]: #00C8FFVon : #FFFFFFLuca_Jordan #FFFFFF| #00C8FFHandy : #FFFFFF2585812
[11-03-2019 16:01:06]: ⎯⎯⎯⎯⎯⎯⎯⎯⎯⎯⎯⎯⎯⎯⎯⎯⎯⎯⎯⎯⎯⎯⎯⎯⎯⎯⎯⎯⎯⎯⎯⎯⎯⎯⎯⎯⎯⎯⎯⎯⎯⎯⎯⎯⎯⎯
[11-03-2019 16:13:20]: ⎯⎯⎯⎯⎯⎯⎯⎯⎯⎯⎯⎯⎯⎯⎯⎯⎯⎯⎯⎯⎯⎯⎯⎯⎯⎯⎯⎯⎯⎯⎯⎯⎯⎯⎯⎯⎯⎯⎯⎯⎯⎯⎯⎯⎯⎯
[11-03-2019 16:13:20]: #00C8FF[Werbung] : #FFFFFFIhr braucht ein Motor tuning? Ruft an!
[11-03-2019 16:13:20]: #00C8FFVon : #FFFFFFLuca_Jordan #FFFFFF| #00C8FFHandy : #FFFFFF2585812
[11-03-2019 16:13:20]: ⎯⎯⎯⎯⎯⎯⎯⎯⎯⎯⎯⎯⎯⎯⎯⎯⎯⎯⎯⎯⎯⎯⎯⎯⎯⎯⎯⎯⎯⎯⎯⎯⎯⎯⎯⎯⎯⎯⎯⎯⎯⎯⎯⎯⎯⎯
[11-03-2019 17:10:22]: ⎯⎯⎯⎯⎯⎯⎯⎯⎯⎯⎯⎯⎯⎯⎯⎯⎯⎯⎯⎯⎯⎯⎯⎯⎯⎯⎯⎯⎯⎯⎯⎯⎯⎯⎯⎯⎯⎯⎯⎯⎯⎯⎯⎯⎯⎯
[11-03-2019 17:10:22]: #00C8FF[Werbung] : #FFFFFFAngels of Death suchen noch Mitglieder Bewerbung im Forum!
[11-03-2019 17:10:22]: #00C8FFVon : #FFFFFFJan1308 #FFFFFF| #00C8FFHandy : #FFFFFF713842
[11-03-2019 17:10:22]: ⎯⎯⎯⎯⎯⎯⎯⎯⎯⎯⎯⎯⎯⎯⎯⎯⎯⎯⎯⎯⎯⎯⎯⎯⎯⎯⎯⎯⎯⎯⎯⎯⎯⎯⎯⎯⎯⎯⎯⎯⎯⎯⎯⎯⎯⎯
[11-03-2019 17:13:38]: ⎯⎯⎯⎯⎯⎯⎯⎯⎯⎯⎯⎯⎯⎯⎯⎯⎯⎯⎯⎯⎯⎯⎯⎯⎯⎯⎯⎯⎯⎯⎯⎯⎯⎯⎯⎯⎯⎯⎯⎯⎯⎯⎯⎯⎯⎯
[11-03-2019 17:13:38]: #00C8FF[Werbung] : #FFFFFFFür Motor optimierungen oder Tunings Jederzeit verfügbar !
[11-03-2019 17:13:38]: #00C8FFVon : #FFFFFFLateSpot #FFFFFF| #00C8FFHandy : #FFFFFF5420076
[11-03-2019 17:13:38]: ⎯⎯⎯⎯⎯⎯⎯⎯⎯⎯⎯⎯⎯⎯⎯⎯⎯⎯⎯⎯⎯⎯⎯⎯⎯⎯⎯⎯⎯⎯⎯⎯⎯⎯⎯⎯⎯⎯⎯⎯⎯⎯⎯⎯⎯⎯
[11-03-2019 17:18:06]: ⎯⎯⎯⎯⎯⎯⎯⎯⎯⎯⎯⎯⎯⎯⎯⎯⎯⎯⎯⎯⎯⎯⎯⎯⎯⎯⎯⎯⎯⎯⎯⎯⎯⎯⎯⎯⎯⎯⎯⎯⎯⎯⎯⎯⎯⎯
[11-03-2019 17:18:06]: #00C8FF[Werbung] : #FFFFFFFür Motor Optimierung oder Tuning Verfügbar !
[11-03-2019 17:18:06]: #00C8FFVon : #FFFFFFLateSpot #FFFFFF| #00C8FFHandy : #FFFFFF5420076
[11-03-2019 17:18:06]: ⎯⎯⎯⎯⎯⎯⎯⎯⎯⎯⎯⎯⎯⎯⎯⎯⎯⎯⎯⎯⎯⎯⎯⎯⎯⎯⎯⎯⎯⎯⎯⎯⎯⎯⎯⎯⎯⎯⎯⎯⎯⎯⎯⎯⎯⎯
[11-03-2019 17:22:55]: ⎯⎯⎯⎯⎯⎯⎯⎯⎯⎯⎯⎯⎯⎯⎯⎯⎯⎯⎯⎯⎯⎯⎯⎯⎯⎯⎯⎯⎯⎯⎯⎯⎯⎯⎯⎯⎯⎯⎯⎯⎯⎯⎯⎯⎯⎯
[11-03-2019 17:22:55]: #00C8FF[Werbung] : #FFFFFFvk weed
[11-03-2019 17:22:55]: #00C8FFVon : #FFFFFFvinzblack #FFFFFF| #00C8FFHandy : #FFFFFF5583728
[11-03-2019 17:22:55]: ⎯⎯⎯⎯⎯⎯⎯⎯⎯⎯⎯⎯⎯⎯⎯⎯⎯⎯⎯⎯⎯⎯⎯⎯⎯⎯⎯⎯⎯⎯⎯⎯⎯⎯⎯⎯⎯⎯⎯⎯⎯⎯⎯⎯⎯⎯
[11-03-2019 17:29:40]: ⎯⎯⎯⎯⎯⎯⎯⎯⎯⎯⎯⎯⎯⎯⎯⎯⎯⎯⎯⎯⎯⎯⎯⎯⎯⎯⎯⎯⎯⎯⎯⎯⎯⎯⎯⎯⎯⎯⎯⎯⎯⎯⎯⎯⎯⎯
[11-03-2019 17:29:40]: #00C8FF[Werbung] : #FFFFFFkaufe koks
[11-03-2019 17:29:40]: #00C8FFVon : #FFFFFFvinzblack #FFFFFF| #00C8FFHandy : #FFFFFF5583728
[11-03-2019 17:29:40]: ⎯⎯⎯⎯⎯⎯⎯⎯⎯⎯⎯⎯⎯⎯⎯⎯⎯⎯⎯⎯⎯⎯⎯⎯⎯⎯⎯⎯⎯⎯⎯⎯⎯⎯⎯⎯⎯⎯⎯⎯⎯⎯⎯⎯⎯⎯
[11-03-2019 17:30:23]: ⎯⎯⎯⎯⎯⎯⎯⎯⎯⎯⎯⎯⎯⎯⎯⎯⎯⎯⎯⎯⎯⎯⎯⎯⎯⎯⎯⎯⎯⎯⎯⎯⎯⎯⎯⎯⎯⎯⎯⎯⎯⎯⎯⎯⎯⎯
[11-03-2019 17:30:23]: #00C8FF[Werbung] : #FFFFFFverkaufe koks^^
[11-03-2019 17:30:23]: #00C8FFVon : #FFFFFFDark #FFFFFF| #00C8FFHandy : #FFFFFF4226861
[11-03-2019 17:30:23]: ⎯⎯⎯⎯⎯⎯⎯⎯⎯⎯⎯⎯⎯⎯⎯⎯⎯⎯⎯⎯⎯⎯⎯⎯⎯⎯⎯⎯⎯⎯⎯⎯⎯⎯⎯⎯⎯⎯⎯⎯⎯⎯⎯⎯⎯⎯
[11-03-2019 17:39:29]: ⎯⎯⎯⎯⎯⎯⎯⎯⎯⎯⎯⎯⎯⎯⎯⎯⎯⎯⎯⎯⎯⎯⎯⎯⎯⎯⎯⎯⎯⎯⎯⎯⎯⎯⎯⎯⎯⎯⎯⎯⎯⎯⎯⎯⎯⎯
[11-03-2019 17:39:29]: #00C8FF[Werbung] : #FFFFFFVK Sultan Sportmotor 3 Bremse 3 USA Design
[11-03-2019 17:39:29]: #00C8FFVon : #FFFFFFChapo #FFFFFF| #00C8FFHandy : #FFFFFF7273321
[11-03-2019 17:39:29]: ⎯⎯⎯⎯⎯⎯⎯⎯⎯⎯⎯⎯⎯⎯⎯⎯⎯⎯⎯⎯⎯⎯⎯⎯⎯⎯⎯⎯⎯⎯⎯⎯⎯⎯⎯⎯⎯⎯⎯⎯⎯⎯⎯⎯⎯⎯
[11-03-2019 18:11:57]: ⎯⎯⎯⎯⎯⎯⎯⎯⎯⎯⎯⎯⎯⎯⎯⎯⎯⎯⎯⎯⎯⎯⎯⎯⎯⎯⎯⎯⎯⎯⎯⎯⎯⎯⎯⎯⎯⎯⎯⎯⎯⎯⎯⎯⎯⎯
[11-03-2019 18:11:57]: #00C8FF[Werbung] : #FFFFFFMotor Optimierungen + Tunings Verfügbar - call me
[11-03-2019 18:11:57]: #00C8FFVon : #FFFFFFLateSpot #FFFFFF| #00C8FFHandy : #FFFFFF5420076
[11-03-2019 18:11:57]: ⎯⎯⎯⎯⎯⎯⎯⎯⎯⎯⎯⎯⎯⎯⎯⎯⎯⎯⎯⎯⎯⎯⎯⎯⎯⎯⎯⎯⎯⎯⎯⎯⎯⎯⎯⎯⎯⎯⎯⎯⎯⎯⎯⎯⎯⎯
[11-03-2019 18:17:25]: ⎯⎯⎯⎯⎯⎯⎯⎯⎯⎯⎯⎯⎯⎯⎯⎯⎯⎯⎯⎯⎯⎯⎯⎯⎯⎯⎯⎯⎯⎯⎯⎯⎯⎯⎯⎯⎯⎯⎯⎯⎯⎯⎯⎯⎯⎯
[11-03-2019 18:17:25]: #00C8FF[Werbung] : #FFFFFFMotor Tuning und Weiteres Verfügbar ^^
[11-03-2019 18:17:25]: #00C8FFVon : #FFFFFFLateSpot #FFFFFF| #00C8FFHandy : #FFFFFF5420076
[11-03-2019 18:17:25]: ⎯⎯⎯⎯⎯⎯⎯⎯⎯⎯⎯⎯⎯⎯⎯⎯⎯⎯⎯⎯⎯⎯⎯⎯⎯⎯⎯⎯⎯⎯⎯⎯⎯⎯⎯⎯⎯⎯⎯⎯⎯⎯⎯⎯⎯⎯
[11-03-2019 18:20:04]: ⎯⎯⎯⎯⎯⎯⎯⎯⎯⎯⎯⎯⎯⎯⎯⎯⎯⎯⎯⎯⎯⎯⎯⎯⎯⎯⎯⎯⎯⎯⎯⎯⎯⎯⎯⎯⎯⎯⎯⎯⎯⎯⎯⎯⎯⎯
[11-03-2019 18:20:04]: #00C8FF[Werbung] : #FFFFFFFür Motor Optimierungen und weiteren Tunings bitte Melden !
[11-03-2019 18:20:04]: #00C8FFVon : #FFFFFFLateSpot #FFFFFF| #00C8FFHandy : #FFFFFF5420076
[11-03-2019 18:20:04]: ⎯⎯⎯⎯⎯⎯⎯⎯⎯⎯⎯⎯⎯⎯⎯⎯⎯⎯⎯⎯⎯⎯⎯⎯⎯⎯⎯⎯⎯⎯⎯⎯⎯⎯⎯⎯⎯⎯⎯⎯⎯⎯⎯⎯⎯⎯
[11-03-2019 18:40:41]: ⎯⎯⎯⎯⎯⎯⎯⎯⎯⎯⎯⎯⎯⎯⎯⎯⎯⎯⎯⎯⎯⎯⎯⎯⎯⎯⎯⎯⎯⎯⎯⎯⎯⎯⎯⎯⎯⎯⎯⎯⎯⎯⎯⎯⎯⎯
[11-03-2019 18:40:41]: #00C8FF[Werbung] : #FFFFFFVK Sultan |Sportmotor 3 | Bremse 3 | USA - Design
[11-03-2019 18:40:41]: #00C8FFVon : #FFFFFFChapo #FFFFFF| #00C8FFHandy : #FFFFFF7273321
[11-03-2019 18:40:41]: ⎯⎯⎯⎯⎯⎯⎯⎯⎯⎯⎯⎯⎯⎯⎯⎯⎯⎯⎯⎯⎯⎯⎯⎯⎯⎯⎯⎯⎯⎯⎯⎯⎯⎯⎯⎯⎯⎯⎯⎯⎯⎯⎯⎯⎯⎯
[11-03-2019 18:47:32]: ⎯⎯⎯⎯⎯⎯⎯⎯⎯⎯⎯⎯⎯⎯⎯⎯⎯⎯⎯⎯⎯⎯⎯⎯⎯⎯⎯⎯⎯⎯⎯⎯⎯⎯⎯⎯⎯⎯⎯⎯⎯⎯⎯⎯⎯⎯
[11-03-2019 18:47:32]: #00C8FF[Werbung] : #FFFFFFVerkaufe Infernus , Boot und Jester
[11-03-2019 18:47:32]: #00C8FFVon : #FFFFFFSolid_Snake #FFFFFF| #00C8FFHandy : #FFFFFF9627011
[11-03-2019 18:47:32]: ⎯⎯⎯⎯⎯⎯⎯⎯⎯⎯⎯⎯⎯⎯⎯⎯⎯⎯⎯⎯⎯⎯⎯⎯⎯⎯⎯⎯⎯⎯⎯⎯⎯⎯⎯⎯⎯⎯⎯⎯⎯⎯⎯⎯⎯⎯
[11-03-2019 18:48:18]: ⎯⎯⎯⎯⎯⎯⎯⎯⎯⎯⎯⎯⎯⎯⎯⎯⎯⎯⎯⎯⎯⎯⎯⎯⎯⎯⎯⎯⎯⎯⎯⎯⎯⎯⎯⎯⎯⎯⎯⎯⎯⎯⎯⎯⎯⎯
[11-03-2019 18:48:18]: #00C8FF[Werbung] : #FFFFFFFür Motor Optimierungen , Tunings und Reperaturen Melden :)
[11-03-2019 18:48:18]: #00C8FFVon : #FFFFFFLateSpot #FFFFFF| #00C8FFHandy : #FFFFFF5420076
[11-03-2019 18:48:18]: ⎯⎯⎯⎯⎯⎯⎯⎯⎯⎯⎯⎯⎯⎯⎯⎯⎯⎯⎯⎯⎯⎯⎯⎯⎯⎯⎯⎯⎯⎯⎯⎯⎯⎯⎯⎯⎯⎯⎯⎯⎯⎯⎯⎯⎯⎯
[11-03-2019 19:02:55]: ⎯⎯⎯⎯⎯⎯⎯⎯⎯⎯⎯⎯⎯⎯⎯⎯⎯⎯⎯⎯⎯⎯⎯⎯⎯⎯⎯⎯⎯⎯⎯⎯⎯⎯⎯⎯⎯⎯⎯⎯⎯⎯⎯⎯⎯⎯
[11-03-2019 19:02:55]: #00C8FF[Werbung] : #FFFFFFFür Motor Optimierungen oder Tuninge & Reparaturen Melden !
[11-03-2019 19:02:55]: #00C8FFVon : #FFFFFFLateSpot #FFFFFF| #00C8FFHandy : #FFFFFF5420076
[11-03-2019 19:02:55]: ⎯⎯⎯⎯⎯⎯⎯⎯⎯⎯⎯⎯⎯⎯⎯⎯⎯⎯⎯⎯⎯⎯⎯⎯⎯⎯⎯⎯⎯⎯⎯⎯⎯⎯⎯⎯⎯⎯⎯⎯⎯⎯⎯⎯⎯⎯
[11-03-2019 19:21:08]: ⎯⎯⎯⎯⎯⎯⎯⎯⎯⎯⎯⎯⎯⎯⎯⎯⎯⎯⎯⎯⎯⎯⎯⎯⎯⎯⎯⎯⎯⎯⎯⎯⎯⎯⎯⎯⎯⎯⎯⎯⎯⎯⎯⎯⎯⎯
[11-03-2019 19:21:08]: #00C8FF[Werbung] : #FFFFFFkaufe drogen
[11-03-2019 19:21:08]: #00C8FFVon : #FFFFFFFELIX #FFFFFF| #00C8FFHandy : #FFFFFF1327749
[11-03-2019 19:21:08]: ⎯⎯⎯⎯⎯⎯⎯⎯⎯⎯⎯⎯⎯⎯⎯⎯⎯⎯⎯⎯⎯⎯⎯⎯⎯⎯⎯⎯⎯⎯⎯⎯⎯⎯⎯⎯⎯⎯⎯⎯⎯⎯⎯⎯⎯⎯
[11-03-2019 19:25:42]: ⎯⎯⎯⎯⎯⎯⎯⎯⎯⎯⎯⎯⎯⎯⎯⎯⎯⎯⎯⎯⎯⎯⎯⎯⎯⎯⎯⎯⎯⎯⎯⎯⎯⎯⎯⎯⎯⎯⎯⎯⎯⎯⎯⎯⎯⎯
[11-03-2019 19:25:42]: #00C8FF[Werbung] : #FFFFFFVK Sultan | Sportmotor 3 | Bremse 3 | USA- Design
[11-03-2019 19:25:42]: #00C8FFVon : #FFFFFFChapo #FFFFFF| #00C8FFHandy : #FFFFFF7273321
[11-03-2019 19:25:42]: ⎯⎯⎯⎯⎯⎯⎯⎯⎯⎯⎯⎯⎯⎯⎯⎯⎯⎯⎯⎯⎯⎯⎯⎯⎯⎯⎯⎯⎯⎯⎯⎯⎯⎯⎯⎯⎯⎯⎯⎯⎯⎯⎯⎯⎯⎯
[11-03-2019 20:07:46]: ⎯⎯⎯⎯⎯⎯⎯⎯⎯⎯⎯⎯⎯⎯⎯⎯⎯⎯⎯⎯⎯⎯⎯⎯⎯⎯⎯⎯⎯⎯⎯⎯⎯⎯⎯⎯⎯⎯⎯⎯⎯⎯⎯⎯⎯⎯
[11-03-2019 20:07:46]: #00C8FF[Werbung] : #FFFFFFVerkaufe feinstes Weed
[11-03-2019 20:07:46]: #00C8FFVon : #FFFFFFuRAGE #FFFFFF| #00C8FFHandy : #FFFFFF5205450
[11-03-2019 20:07:46]: ⎯⎯⎯⎯⎯⎯⎯⎯⎯⎯⎯⎯⎯⎯⎯⎯⎯⎯⎯⎯⎯⎯⎯⎯⎯⎯⎯⎯⎯⎯⎯⎯⎯⎯⎯⎯⎯⎯⎯⎯⎯⎯⎯⎯⎯⎯
[11-03-2019 20:13:41]: ⎯⎯⎯⎯⎯⎯⎯⎯⎯⎯⎯⎯⎯⎯⎯⎯⎯⎯⎯⎯⎯⎯⎯⎯⎯⎯⎯⎯⎯⎯⎯⎯⎯⎯⎯⎯⎯⎯⎯⎯⎯⎯⎯⎯⎯⎯
[11-03-2019 20:13:41]: #00C8FF[Werbung] : #FFFFFFVK Infi Sportmotor 2 Bremse 1
[11-03-2019 20:13:41]: #00C8FFVon : #FFFFFFiTzSaske #FFFFFF| #00C8FFHandy : #FFFFFF327465
[11-03-2019 20:13:41]: ⎯⎯⎯⎯⎯⎯⎯⎯⎯⎯⎯⎯⎯⎯⎯⎯⎯⎯⎯⎯⎯⎯⎯⎯⎯⎯⎯⎯⎯⎯⎯⎯⎯⎯⎯⎯⎯⎯⎯⎯⎯⎯⎯⎯⎯⎯
[11-03-2019 20:18:57]: ⎯⎯⎯⎯⎯⎯⎯⎯⎯⎯⎯⎯⎯⎯⎯⎯⎯⎯⎯⎯⎯⎯⎯⎯⎯⎯⎯⎯⎯⎯⎯⎯⎯⎯⎯⎯⎯⎯⎯⎯⎯⎯⎯⎯⎯⎯
[11-03-2019 20:18:57]: #00C8FF[Werbung] : #FFFFFFDie Los Aztecas suchen neue Member meldet euch Ts
[11-03-2019 20:18:57]: #00C8FFVon : #FFFFFFMeliodas_Sin #FFFFFF| #00C8FFHandy : #FFFFFF8425215
[11-03-2019 20:18:57]: ⎯⎯⎯⎯⎯⎯⎯⎯⎯⎯⎯⎯⎯⎯⎯⎯⎯⎯⎯⎯⎯⎯⎯⎯⎯⎯⎯⎯⎯⎯⎯⎯⎯⎯⎯⎯⎯⎯⎯⎯⎯⎯⎯⎯⎯⎯
[11-03-2019 20:28:11]: ⎯⎯⎯⎯⎯⎯⎯⎯⎯⎯⎯⎯⎯⎯⎯⎯⎯⎯⎯⎯⎯⎯⎯⎯⎯⎯⎯⎯⎯⎯⎯⎯⎯⎯⎯⎯⎯⎯⎯⎯⎯⎯⎯⎯⎯⎯
[11-03-2019 20:28:11]: #00C8FF[Werbung] : #FFFFFFMotortuning gefällig ? meld dich!
[11-03-2019 20:28:11]: #00C8FFVon : #FFFFFFLuca_Jordan #FFFFFF| #00C8FFHandy : #FFFFFF2585812
[11-03-2019 20:28:11]: ⎯⎯⎯⎯⎯⎯⎯⎯⎯⎯⎯⎯⎯⎯⎯⎯⎯⎯⎯⎯⎯⎯⎯⎯⎯⎯⎯⎯⎯⎯⎯⎯⎯⎯⎯⎯⎯⎯⎯⎯⎯⎯⎯⎯⎯⎯
[11-03-2019 21:09:18]: ⎯⎯⎯⎯⎯⎯⎯⎯⎯⎯⎯⎯⎯⎯⎯⎯⎯⎯⎯⎯⎯⎯⎯⎯⎯⎯⎯⎯⎯⎯⎯⎯⎯⎯⎯⎯⎯⎯⎯⎯⎯⎯⎯⎯⎯⎯
[11-03-2019 21:09:18]: #00C8FF[Werbung] : #FFFFFFJemand Motortuning ? Meldet euch
[11-03-2019 21:09:18]: #00C8FFVon : #FFFFFFLuca_Jordan #FFFFFF| #00C8FFHandy : #FFFFFF2585812
[11-03-2019 21:09:18]: ⎯⎯⎯⎯⎯⎯⎯⎯⎯⎯⎯⎯⎯⎯⎯⎯⎯⎯⎯⎯⎯⎯⎯⎯⎯⎯⎯⎯⎯⎯⎯⎯⎯⎯⎯⎯⎯⎯⎯⎯⎯⎯⎯⎯⎯⎯
[11-03-2019 21:23:27]: ⎯⎯⎯⎯⎯⎯⎯⎯⎯⎯⎯⎯⎯⎯⎯⎯⎯⎯⎯⎯⎯⎯⎯⎯⎯⎯⎯⎯⎯⎯⎯⎯⎯⎯⎯⎯⎯⎯⎯⎯⎯⎯⎯⎯⎯⎯
[11-03-2019 21:23:27]: #00C8FF[Werbung] : #FFFFFFDie Los Aztecas suchen neue Member melde dich im Ts3
[11-03-2019 21:23:27]: #00C8FFVon : #FFFFFFMeliodas_Sin #FFFFFF| #00C8FFHandy : #FFFFFF8425215
[11-03-2019 21:23:27]: ⎯⎯⎯⎯⎯⎯⎯⎯⎯⎯⎯⎯⎯⎯⎯⎯⎯⎯⎯⎯⎯⎯⎯⎯⎯⎯⎯⎯⎯⎯⎯⎯⎯⎯⎯⎯⎯⎯⎯⎯⎯⎯⎯⎯⎯⎯
[12-03-2019 01:59:52]: ⎯⎯⎯⎯⎯⎯⎯⎯⎯⎯⎯⎯⎯⎯⎯⎯⎯⎯⎯⎯⎯⎯⎯⎯⎯⎯⎯⎯⎯⎯⎯⎯⎯⎯⎯⎯⎯⎯⎯⎯⎯⎯⎯⎯⎯⎯
[12-03-2019 01:59:52]: #00C8FF[Werbung] : #FFFFFFin
[12-03-2019 01:59:52]: #00C8FFVon : #FFFFFFRoyal7x #FFFFFF| #00C8FFHandy : #FFFFFF6004151
[12-03-2019 01:59:52]: ⎯⎯⎯⎯⎯⎯⎯⎯⎯⎯⎯⎯⎯⎯⎯⎯⎯⎯⎯⎯⎯⎯⎯⎯⎯⎯⎯⎯⎯⎯⎯⎯⎯⎯⎯⎯⎯⎯⎯⎯⎯⎯⎯⎯⎯⎯
[12-03-2019 12:42:26]: ⎯⎯⎯⎯⎯⎯⎯⎯⎯⎯⎯⎯⎯⎯⎯⎯⎯⎯⎯⎯⎯⎯⎯⎯⎯⎯⎯⎯⎯⎯⎯⎯⎯⎯⎯⎯⎯⎯⎯⎯⎯⎯⎯⎯⎯⎯
[12-03-2019 12:42:26]: #00C8FF[Werbung] : #FFFFFFMotortuning? Meld dich
[12-03-2019 12:42:26]: #00C8FFVon : #FFFFFFLuca_Jordan #FFFFFF| #00C8FFHandy : #FFFFFF2585812
[12-03-2019 12:42:26]: ⎯⎯⎯⎯⎯⎯⎯⎯⎯⎯⎯⎯⎯⎯⎯⎯⎯⎯⎯⎯⎯⎯⎯⎯⎯⎯⎯⎯⎯⎯⎯⎯⎯⎯⎯⎯⎯⎯⎯⎯⎯⎯⎯⎯⎯⎯
[12-03-2019 14:03:43]: ⎯⎯⎯⎯⎯⎯⎯⎯⎯⎯⎯⎯⎯⎯⎯⎯⎯⎯⎯⎯⎯⎯⎯⎯⎯⎯⎯⎯⎯⎯⎯⎯⎯⎯⎯⎯⎯⎯⎯⎯⎯⎯⎯⎯⎯⎯
[12-03-2019 14:03:43]: #00C8FF[Werbung] : #FFFFFFCHiptuning Nötig? Call me Maybe
[12-03-2019 14:03:43]: #00C8FFVon : #FFFFFFLuca_Jordan #FFFFFF| #00C8FFHandy : #FFFFFF2585812
[12-03-2019 14:03:43]: ⎯⎯⎯⎯⎯⎯⎯⎯⎯⎯⎯⎯⎯⎯⎯⎯⎯⎯⎯⎯⎯⎯⎯⎯⎯⎯⎯⎯⎯⎯⎯⎯⎯⎯⎯⎯⎯⎯⎯⎯⎯⎯⎯⎯⎯⎯
[12-03-2019 15:52:14]: ⎯⎯⎯⎯⎯⎯⎯⎯⎯⎯⎯⎯⎯⎯⎯⎯⎯⎯⎯⎯⎯⎯⎯⎯⎯⎯⎯⎯⎯⎯⎯⎯⎯⎯⎯⎯⎯⎯⎯⎯⎯⎯⎯⎯⎯⎯
[12-03-2019 15:52:14]: #00C8FF[Werbung] : #FFFFFFChiptuning Gefällig? Meld dich!
[12-03-2019 15:52:14]: #00C8FFVon : #FFFFFFLuca_Jordan #FFFFFF| #00C8FFHandy : #FFFFFF2585812
[12-03-2019 15:52:14]: ⎯⎯⎯⎯⎯⎯⎯⎯⎯⎯⎯⎯⎯⎯⎯⎯⎯⎯⎯⎯⎯⎯⎯⎯⎯⎯⎯⎯⎯⎯⎯⎯⎯⎯⎯⎯⎯⎯⎯⎯⎯⎯⎯⎯⎯⎯
[12-03-2019 16:39:28]: ⎯⎯⎯⎯⎯⎯⎯⎯⎯⎯⎯⎯⎯⎯⎯⎯⎯⎯⎯⎯⎯⎯⎯⎯⎯⎯⎯⎯⎯⎯⎯⎯⎯⎯⎯⎯⎯⎯⎯⎯⎯⎯⎯⎯⎯⎯
[12-03-2019 16:39:28]: #00C8FF[Werbung] : #FFFFFFWir haben offiziel Krieg mit Compton Family
[12-03-2019 16:39:28]: #00C8FFVon : #FFFFFFKeno #FFFFFF| #00C8FFHandy : #FFFFFF4652859
[12-03-2019 16:39:28]: ⎯⎯⎯⎯⎯⎯⎯⎯⎯⎯⎯⎯⎯⎯⎯⎯⎯⎯⎯⎯⎯⎯⎯⎯⎯⎯⎯⎯⎯⎯⎯⎯⎯⎯⎯⎯⎯⎯⎯⎯⎯⎯⎯⎯⎯⎯
[12-03-2019 17:43:27]: ⎯⎯⎯⎯⎯⎯⎯⎯⎯⎯⎯⎯⎯⎯⎯⎯⎯⎯⎯⎯⎯⎯⎯⎯⎯⎯⎯⎯⎯⎯⎯⎯⎯⎯⎯⎯⎯⎯⎯⎯⎯⎯⎯⎯⎯⎯
[12-03-2019 17:43:27]: #00C8FF[Werbung] : #FFFFFFAngels of Death sucht noch Mitglieder / Bewerbung im Forum
[12-03-2019 17:43:27]: #00C8FFVon : #FFFFFFJan1308 #FFFFFF| #00C8FFHandy : #FFFFFF713842
[12-03-2019 17:43:27]: ⎯⎯⎯⎯⎯⎯⎯⎯⎯⎯⎯⎯⎯⎯⎯⎯⎯⎯⎯⎯⎯⎯⎯⎯⎯⎯⎯⎯⎯⎯⎯⎯⎯⎯⎯⎯⎯⎯⎯⎯⎯⎯⎯⎯⎯⎯
[12-03-2019 17:55:34]: ⎯⎯⎯⎯⎯⎯⎯⎯⎯⎯⎯⎯⎯⎯⎯⎯⎯⎯⎯⎯⎯⎯⎯⎯⎯⎯⎯⎯⎯⎯⎯⎯⎯⎯⎯⎯⎯⎯⎯⎯⎯⎯⎯⎯⎯⎯
[12-03-2019 17:55:34]: #00C8FF[Werbung] : #FFFFFFMotortuning nötig? Call me!
[12-03-2019 17:55:34]: #00C8FFVon : #FFFFFFLuca_Jordan #FFFFFF| #00C8FFHandy : #FFFFFF2585812
[12-03-2019 17:55:34]: ⎯⎯⎯⎯⎯⎯⎯⎯⎯⎯⎯⎯⎯⎯⎯⎯⎯⎯⎯⎯⎯⎯⎯⎯⎯⎯⎯⎯⎯⎯⎯⎯⎯⎯⎯⎯⎯⎯⎯⎯⎯⎯⎯⎯⎯⎯
[12-03-2019 20:11:53]: ⎯⎯⎯⎯⎯⎯⎯⎯⎯⎯⎯⎯⎯⎯⎯⎯⎯⎯⎯⎯⎯⎯⎯⎯⎯⎯⎯⎯⎯⎯⎯⎯⎯⎯⎯⎯⎯⎯⎯⎯⎯⎯⎯⎯⎯⎯
[12-03-2019 20:11:53]: #00C8FF[Werbung] : #FFFFFFMotortuning? komm zu mir!
[12-03-2019 20:11:53]: #00C8FFVon : #FFFFFFLuca_Jordan #FFFFFF| #00C8FFHandy : #FFFFFF2585812
[12-03-2019 20:11:53]: ⎯⎯⎯⎯⎯⎯⎯⎯⎯⎯⎯⎯⎯⎯⎯⎯⎯⎯⎯⎯⎯⎯⎯⎯⎯⎯⎯⎯⎯⎯⎯⎯⎯⎯⎯⎯⎯⎯⎯⎯⎯⎯⎯⎯⎯⎯
[12-03-2019 20:41:13]: ⎯⎯⎯⎯⎯⎯⎯⎯⎯⎯⎯⎯⎯⎯⎯⎯⎯⎯⎯⎯⎯⎯⎯⎯⎯⎯⎯⎯⎯⎯⎯⎯⎯⎯⎯⎯⎯⎯⎯⎯⎯⎯⎯⎯⎯⎯
[12-03-2019 20:41:13]: #00C8FF[Werbung] : #FFFFFFVK Sultan Sportmotor 3| Bremse 3| USA - Desgin | !
[12-03-2019 20:41:13]: #00C8FFVon : #FFFFFFChapo #FFFFFF| #00C8FFHandy : #FFFFFF7273321
[12-03-2019 20:41:13]: ⎯⎯⎯⎯⎯⎯⎯⎯⎯⎯⎯⎯⎯⎯⎯⎯⎯⎯⎯⎯⎯⎯⎯⎯⎯⎯⎯⎯⎯⎯⎯⎯⎯⎯⎯⎯⎯⎯⎯⎯⎯⎯⎯⎯⎯⎯
[13-03-2019 01:16:47]: ⎯⎯⎯⎯⎯⎯⎯⎯⎯⎯⎯⎯⎯⎯⎯⎯⎯⎯⎯⎯⎯⎯⎯⎯⎯⎯⎯⎯⎯⎯⎯⎯⎯⎯⎯⎯⎯⎯⎯⎯⎯⎯⎯⎯⎯⎯
[13-03-2019 01:16:47]: #00C8FF[Werbung] : #FFFFFFNerv nicht
[13-03-2019 01:16:47]: #00C8FFVon : #FFFFFFCapo #FFFFFF| #00C8FFHandy : #FFFFFF4447624
[13-03-2019 01:16:47]: ⎯⎯⎯⎯⎯⎯⎯⎯⎯⎯⎯⎯⎯⎯⎯⎯⎯⎯⎯⎯⎯⎯⎯⎯⎯⎯⎯⎯⎯⎯⎯⎯⎯⎯⎯⎯⎯⎯⎯⎯⎯⎯⎯⎯⎯⎯
[14-03-2019 15:00:21]: ⎯⎯⎯⎯⎯⎯⎯⎯⎯⎯⎯⎯⎯⎯⎯⎯⎯⎯⎯⎯⎯⎯⎯⎯⎯⎯⎯⎯⎯⎯⎯⎯⎯⎯⎯⎯⎯⎯⎯⎯⎯⎯⎯⎯⎯⎯
[14-03-2019 15:00:21]: #00C8FF[Werbung] : #FFFFFFhundsohn
[14-03-2019 15:00:21]: #00C8FFVon : #FFFFFFKabo #FFFFFF| #00C8FFHandy : #FFFFFF5356907
[14-03-2019 15:00:21]: ⎯⎯⎯⎯⎯⎯⎯⎯⎯⎯⎯⎯⎯⎯⎯⎯⎯⎯⎯⎯⎯⎯⎯⎯⎯⎯⎯⎯⎯⎯⎯⎯⎯⎯⎯⎯⎯⎯⎯⎯⎯⎯⎯⎯⎯⎯
[14-03-2019 18:42:20]: ⎯⎯⎯⎯⎯⎯⎯⎯⎯⎯⎯⎯⎯⎯⎯⎯⎯⎯⎯⎯⎯⎯⎯⎯⎯⎯⎯⎯⎯⎯⎯⎯⎯⎯⎯⎯⎯⎯⎯⎯⎯⎯⎯⎯⎯⎯
[14-03-2019 18:42:20]: #00C8FF[Werbung] : #FFFFFFhi
[14-03-2019 18:42:20]: #00C8FFVon : #FFFFFFKa1ser #FFFFFF| #00C8FFHandy : #FFFFFF5959117
[14-03-2019 18:42:20]: ⎯⎯⎯⎯⎯⎯⎯⎯⎯⎯⎯⎯⎯⎯⎯⎯⎯⎯⎯⎯⎯⎯⎯⎯⎯⎯⎯⎯⎯⎯⎯⎯⎯⎯⎯⎯⎯⎯⎯⎯⎯⎯⎯⎯⎯⎯
[16-03-2019 16:12:07]: ⎯⎯⎯⎯⎯⎯⎯⎯⎯⎯⎯⎯⎯⎯⎯⎯⎯⎯⎯⎯⎯⎯⎯⎯⎯⎯⎯⎯⎯⎯⎯⎯⎯⎯⎯⎯⎯⎯⎯⎯⎯⎯⎯⎯⎯⎯
[16-03-2019 16:12:07]: #00C8FF[Werbung] : #FFFFFFKaufe Koks
[16-03-2019 16:12:07]: #00C8FFVon : #FFFFFFLargePeach #FFFFFF| #00C8FFHandy : #FFFFFF6062693
[16-03-2019 16:12:07]: ⎯⎯⎯⎯⎯⎯⎯⎯⎯⎯⎯⎯⎯⎯⎯⎯⎯⎯⎯⎯⎯⎯⎯⎯⎯⎯⎯⎯⎯⎯⎯⎯⎯⎯⎯⎯⎯⎯⎯⎯⎯⎯⎯⎯⎯⎯
[16-03-2019 16:50:13]: ⎯⎯⎯⎯⎯⎯⎯⎯⎯⎯⎯⎯⎯⎯⎯⎯⎯⎯⎯⎯⎯⎯⎯⎯⎯⎯⎯⎯⎯⎯⎯⎯⎯⎯⎯⎯⎯⎯⎯⎯⎯⎯⎯⎯⎯⎯
[16-03-2019 16:50:13]: #00C8FF[Werbung] : #FFFFFFVerkaufe Koks vom Feinsten
[16-03-2019 16:50:13]: #00C8FFVon : #FFFFFFKeno #FFFFFF| #00C8FFHandy : #FFFFFF1337
[16-03-2019 16:50:13]: ⎯⎯⎯⎯⎯⎯⎯⎯⎯⎯⎯⎯⎯⎯⎯⎯⎯⎯⎯⎯⎯⎯⎯⎯⎯⎯⎯⎯⎯⎯⎯⎯⎯⎯⎯⎯⎯⎯⎯⎯⎯⎯⎯⎯⎯⎯
[17-03-2019 17:55:52]: ⎯⎯⎯⎯⎯⎯⎯⎯⎯⎯⎯⎯⎯⎯⎯⎯⎯⎯⎯⎯⎯⎯⎯⎯⎯⎯⎯⎯⎯⎯⎯⎯⎯⎯⎯⎯⎯⎯⎯⎯⎯⎯⎯⎯⎯⎯
[17-03-2019 17:55:53]: #00C8FF[Werbung] : #FFFFFFVK 5 coins
[17-03-2019 17:55:53]: #00C8FFVon : #FFFFFFR32 #FFFFFF| #00C8FFHandy : #FFFFFF3541854
[17-03-2019 17:55:53]: ⎯⎯⎯⎯⎯⎯⎯⎯⎯⎯⎯⎯⎯⎯⎯⎯⎯⎯⎯⎯⎯⎯⎯⎯⎯⎯⎯⎯⎯⎯⎯⎯⎯⎯⎯⎯⎯⎯⎯⎯⎯⎯⎯⎯⎯⎯
[17-03-2019 20:37:12]: ⎯⎯⎯⎯⎯⎯⎯⎯⎯⎯⎯⎯⎯⎯⎯⎯⎯⎯⎯⎯⎯⎯⎯⎯⎯⎯⎯⎯⎯⎯⎯⎯⎯⎯⎯⎯⎯⎯⎯⎯⎯⎯⎯⎯⎯⎯
[17-03-2019 20:37:12]: #00C8FF[Werbung] : #FFFFFFFür Motor Optimierungen und Tunings Melden
[17-03-2019 20:37:12]: #00C8FFVon : #FFFFFFLateSpot #FFFFFF| #00C8FFHandy : #FFFFFF5420076
[17-03-2019 20:37:12]: ⎯⎯⎯⎯⎯⎯⎯⎯⎯⎯⎯⎯⎯⎯⎯⎯⎯⎯⎯⎯⎯⎯⎯⎯⎯⎯⎯⎯⎯⎯⎯⎯⎯⎯⎯⎯⎯⎯⎯⎯⎯⎯⎯⎯⎯⎯
[20-03-2019 10:08:02]: ⎯⎯⎯⎯⎯⎯⎯⎯⎯⎯⎯⎯⎯⎯⎯⎯⎯⎯⎯⎯⎯⎯⎯⎯⎯⎯⎯⎯⎯⎯⎯⎯⎯⎯⎯⎯⎯⎯⎯⎯⎯⎯⎯⎯⎯⎯
[20-03-2019 10:08:02]: #00C8FF[Werbung] : #FFFFFFSuche Spenden für den Autoschein
[20-03-2019 10:08:02]: #00C8FFVon : #FFFFFFPrinzsessin #FFFFFF| #00C8FFHandy : #FFFFFF8386844
[20-03-2019 10:08:02]: ⎯⎯⎯⎯⎯⎯⎯⎯⎯⎯⎯⎯⎯⎯⎯⎯⎯⎯⎯⎯⎯⎯⎯⎯⎯⎯⎯⎯⎯⎯⎯⎯⎯⎯⎯⎯⎯⎯⎯⎯⎯⎯⎯⎯⎯⎯
